Changed value of parameter FeasibilityTol to 0.001
   Prev: 1e-06  Min: 1e-09  Max: 0.01  Default: 1e-06
Changed value of parameter MIPFocus to 2
   Prev: 0  Min: 0  Max: 3  Default: 0
Changed value of parameter Presolve to 0
   Prev: -1  Min: -1  Max: 2  Default: -1
Optimize a model with 52 rows, 27 columns and 263 nonzeros
Coefficient statistics:
  Matrix range    [1e+00, 2e+01]
  Objective range [1e+02, 4e+03]
  Bounds range    [0e+00, 0e+00]
  RHS range       [1e+00, 2e+01]
Iteration    Objective       Primal Inf.    Dual Inf.      Time
       0    2.3151703e+04   5.675000e+01   0.000000e+00      0s
      13    4.5490034e+03   0.000000e+00   0.000000e+00      0s

Solved in 13 iterations and 0.00 seconds
Optimal objective  4.549003373e+03
Changed value of parameter FeasibilityTol to 0.001
   Prev: 1e-06  Min: 1e-09  Max: 0.01  Default: 1e-06
Changed value of parameter MIPFocus to 2
   Prev: 0  Min: 0  Max: 3  Default: 0
Changed value of parameter Presolve to 0
   Prev: -1  Min: -1  Max: 2  Default: -1
Optimize a model with 52 rows, 32 columns and 325 nonzeros
Coefficient statistics:
  Matrix range    [1e+00, 2e+01]
  Objective range [1e+02, 4e+03]
  Bounds range    [0e+00, 0e+00]
  RHS range       [1e+00, 2e+01]
Iteration    Objective       Primal Inf.    Dual Inf.      Time
       0    2.3151703e+04   5.675000e+01   0.000000e+00      0s
      19    4.5490034e+03   0.000000e+00   0.000000e+00      0s

Solved in 19 iterations and 0.00 seconds
Optimal objective  4.549003373e+03
Changed value of parameter FeasibilityTol to 0.001
   Prev: 1e-06  Min: 1e-09  Max: 0.01  Default: 1e-06
Changed value of parameter MIPFocus to 2
   Prev: 0  Min: 0  Max: 3  Default: 0
Changed value of parameter Presolve to 0
   Prev: -1  Min: -1  Max: 2  Default: -1
Optimize a model with 52 rows, 39 columns and 419 nonzeros
Coefficient statistics:
  Matrix range    [1e+00, 2e+01]
  Objective range [1e+02, 4e+03]
  Bounds range    [0e+00, 0e+00]
  RHS range       [1e+00, 2e+01]
Iteration    Objective       Primal Inf.    Dual Inf.      Time
       0    2.3151703e+04   5.675000e+01   0.000000e+00      0s
      16    4.5490034e+03   0.000000e+00   0.000000e+00      0s

Solved in 16 iterations and 0.00 seconds
Optimal objective  4.549003373e+03
Changed value of parameter FeasibilityTol to 0.001
   Prev: 1e-06  Min: 1e-09  Max: 0.01  Default: 1e-06
Changed value of parameter MIPFocus to 2
   Prev: 0  Min: 0  Max: 3  Default: 0
Changed value of parameter Presolve to 0
   Prev: -1  Min: -1  Max: 2  Default: -1
Optimize a model with 52 rows, 44 columns and 479 nonzeros
Coefficient statistics:
  Matrix range    [1e+00, 2e+01]
  Objective range [1e+02, 4e+03]
  Bounds range    [0e+00, 0e+00]
  RHS range       [1e+00, 2e+01]
Iteration    Objective       Primal Inf.    Dual Inf.      Time
       0    2.3151703e+04   5.675000e+01   0.000000e+00      0s
      35    4.5490034e+03   0.000000e+00   0.000000e+00      0s

Solved in 35 iterations and 0.00 seconds
Optimal objective  4.549003373e+03
Changed value of parameter FeasibilityTol to 0.001
   Prev: 1e-06  Min: 1e-09  Max: 0.01  Default: 1e-06
Changed value of parameter MIPFocus to 2
   Prev: 0  Min: 0  Max: 3  Default: 0
Changed value of parameter Presolve to 0
   Prev: -1  Min: -1  Max: 2  Default: -1
Optimize a model with 52 rows, 49 columns and 546 nonzeros
Coefficient statistics:
  Matrix range    [1e+00, 2e+01]
  Objective range [1e+02, 4e+03]
  Bounds range    [0e+00, 0e+00]
  RHS range       [1e+00, 2e+01]
Iteration    Objective       Primal Inf.    Dual Inf.      Time
       0    2.3151703e+04   5.675000e+01   0.000000e+00      0s
      28    4.5490034e+03   0.000000e+00   0.000000e+00      0s

Solved in 28 iterations and 0.00 seconds
Optimal objective  4.549003373e+03
Changed value of parameter FeasibilityTol to 0.001
   Prev: 1e-06  Min: 1e-09  Max: 0.01  Default: 1e-06
Changed value of parameter MIPFocus to 2
   Prev: 0  Min: 0  Max: 3  Default: 0
Changed value of parameter Presolve to 0
   Prev: -1  Min: -1  Max: 2  Default: -1
Optimize a model with 52 rows, 55 columns and 617 nonzeros
Coefficient statistics:
  Matrix range    [1e+00, 2e+01]
  Objective range [1e+02, 4e+03]
  Bounds range    [0e+00, 0e+00]
  RHS range       [1e+00, 2e+01]
Iteration    Objective       Primal Inf.    Dual Inf.      Time
       0    2.3151703e+04   5.675000e+01   0.000000e+00      0s
      40    4.5490034e+03   0.000000e+00   0.000000e+00      0s

Solved in 40 iterations and 0.00 seconds
Optimal objective  4.549003373e+03
Changed value of parameter FeasibilityTol to 0.001
   Prev: 1e-06  Min: 1e-09  Max: 0.01  Default: 1e-06
Changed value of parameter MIPFocus to 2
   Prev: 0  Min: 0  Max: 3  Default: 0
Changed value of parameter Presolve to 0
   Prev: -1  Min: -1  Max: 2  Default: -1
Optimize a model with 52 rows, 62 columns and 694 nonzeros
Coefficient statistics:
  Matrix range    [1e+00, 2e+01]
  Objective range [9e+01, 4e+03]
  Bounds range    [0e+00, 0e+00]
  RHS range       [1e+00, 2e+01]
Iteration    Objective       Primal Inf.    Dual Inf.      Time
       0    2.3151703e+04   5.675000e+01   0.000000e+00      0s
      61    4.5490034e+03   0.000000e+00   0.000000e+00      0s

Solved in 61 iterations and 0.00 seconds
Optimal objective  4.549003373e+03
Changed value of parameter FeasibilityTol to 0.001
   Prev: 1e-06  Min: 1e-09  Max: 0.01  Default: 1e-06
Changed value of parameter MIPFocus to 2
   Prev: 0  Min: 0  Max: 3  Default: 0
Changed value of parameter Presolve to 0
   Prev: -1  Min: -1  Max: 2  Default: -1
Optimize a model with 52 rows, 69 columns and 773 nonzeros
Coefficient statistics:
  Matrix range    [1e+00, 2e+01]
  Objective range [9e+01, 4e+03]
  Bounds range    [0e+00, 0e+00]
  RHS range       [1e+00, 2e+01]
Iteration    Objective       Primal Inf.    Dual Inf.      Time
       0    2.3151703e+04   5.675000e+01   0.000000e+00      0s
      78    4.5999085e+03   0.000000e+00   0.000000e+00      0s

Solved in 78 iterations and 0.00 seconds
Optimal objective  4.599908472e+03
Changed value of parameter FeasibilityTol to 0.001
   Prev: 1e-06  Min: 1e-09  Max: 0.01  Default: 1e-06
Changed value of parameter MIPFocus to 2
   Prev: 0  Min: 0  Max: 3  Default: 0
Changed value of parameter Presolve to 0
   Prev: -1  Min: -1  Max: 2  Default: -1
Optimize a model with 52 rows, 75 columns and 830 nonzeros
Coefficient statistics:
  Matrix range    [1e+00, 2e+01]
  Objective range [5e+01, 4e+03]
  Bounds range    [0e+00, 0e+00]
  RHS range       [1e+00, 2e+01]
Iteration    Objective       Primal Inf.    Dual Inf.      Time
       0    2.3151703e+04   5.675000e+01   0.000000e+00      0s
      94    4.6634232e+03   0.000000e+00   0.000000e+00      0s

Solved in 94 iterations and 0.00 seconds
Optimal objective  4.663423222e+03
Changed value of parameter FeasibilityTol to 0.001
   Prev: 1e-06  Min: 1e-09  Max: 0.01  Default: 1e-06
Changed value of parameter MIPFocus to 2
   Prev: 0  Min: 0  Max: 3  Default: 0
Changed value of parameter Presolve to 0
   Prev: -1  Min: -1  Max: 2  Default: -1
Optimize a model with 52 rows, 82 columns and 899 nonzeros
Coefficient statistics:
  Matrix range    [1e+00, 2e+01]
  Objective range [5e+01, 4e+03]
  Bounds range    [0e+00, 0e+00]
  RHS range       [1e+00, 2e+01]
Iteration    Objective       Primal Inf.    Dual Inf.      Time
       0    2.3151703e+04   5.675000e+01   0.000000e+00      0s
      93    4.6973439e+03   0.000000e+00   0.000000e+00      0s

Solved in 93 iterations and 0.00 seconds
Optimal objective  4.697343898e+03
Changed value of parameter FeasibilityTol to 0.001
   Prev: 1e-06  Min: 1e-09  Max: 0.01  Default: 1e-06
Changed value of parameter MIPFocus to 2
   Prev: 0  Min: 0  Max: 3  Default: 0
Changed value of parameter Presolve to 0
   Prev: -1  Min: -1  Max: 2  Default: -1
Optimize a model with 52 rows, 89 columns and 973 nonzeros
Coefficient statistics:
  Matrix range    [1e+00, 2e+01]
  Objective range [5e+01, 4e+03]
  Bounds range    [0e+00, 0e+00]
  RHS range       [1e+00, 2e+01]
Iteration    Objective       Primal Inf.    Dual Inf.      Time
       0    2.3151703e+04   5.675000e+01   0.000000e+00      0s
     115    4.7484573e+03   0.000000e+00   0.000000e+00      0s

Solved in 115 iterations and 0.00 seconds
Optimal objective  4.748457339e+03
Changed value of parameter FeasibilityTol to 0.001
   Prev: 1e-06  Min: 1e-09  Max: 0.01  Default: 1e-06
Changed value of parameter MIPFocus to 2
   Prev: 0  Min: 0  Max: 3  Default: 0
Changed value of parameter Presolve to 0
   Prev: -1  Min: -1  Max: 2  Default: -1
Optimize a model with 52 rows, 92 columns and 997 nonzeros
Coefficient statistics:
  Matrix range    [1e+00, 2e+01]
  Objective range [5e+01, 4e+03]
  Bounds range    [0e+00, 0e+00]
  RHS range       [1e+00, 2e+01]
Iteration    Objective       Primal Inf.    Dual Inf.      Time
       0    2.3151703e+04   5.675000e+01   0.000000e+00      0s
     106    4.7676610e+03   0.000000e+00   0.000000e+00      0s

Solved in 106 iterations and 0.00 seconds
Optimal objective  4.767661017e+03
Changed value of parameter FeasibilityTol to 0.001
   Prev: 1e-06  Min: 1e-09  Max: 0.01  Default: 1e-06
Changed value of parameter MIPFocus to 2
   Prev: 0  Min: 0  Max: 3  Default: 0
Changed value of parameter Presolve to 0
   Prev: -1  Min: -1  Max: 2  Default: -1
Optimize a model with 52 rows, 98 columns and 1049 nonzeros
Coefficient statistics:
  Matrix range    [1e+00, 2e+01]
  Objective range [5e+01, 4e+03]
  Bounds range    [0e+00, 0e+00]
  RHS range       [1e+00, 2e+01]
Iteration    Objective       Primal Inf.    Dual Inf.      Time
       0    2.3151703e+04   5.675000e+01   0.000000e+00      0s
     109    4.7952274e+03   0.000000e+00   0.000000e+00      0s

Solved in 109 iterations and 0.00 seconds
Optimal objective  4.795227420e+03
Changed value of parameter FeasibilityTol to 0.001
   Prev: 1e-06  Min: 1e-09  Max: 0.01  Default: 1e-06
Changed value of parameter MIPFocus to 2
   Prev: 0  Min: 0  Max: 3  Default: 0
Changed value of parameter Presolve to 0
   Prev: -1  Min: -1  Max: 2  Default: -1
Optimize a model with 52 rows, 105 columns and 1109 nonzeros
Coefficient statistics:
  Matrix range    [1e+00, 2e+01]
  Objective range [5e+01, 4e+03]
  Bounds range    [0e+00, 0e+00]
  RHS range       [1e+00, 2e+01]
Iteration    Objective       Primal Inf.    Dual Inf.      Time
       0    2.3151703e+04   5.675000e+01   0.000000e+00      0s
     103    4.8258165e+03   0.000000e+00   0.000000e+00      0s

Solved in 103 iterations and 0.00 seconds
Optimal objective  4.825816460e+03
Changed value of parameter FeasibilityTol to 0.001
   Prev: 1e-06  Min: 1e-09  Max: 0.01  Default: 1e-06
Changed value of parameter MIPFocus to 2
   Prev: 0  Min: 0  Max: 3  Default: 0
Changed value of parameter Presolve to 0
   Prev: -1  Min: -1  Max: 2  Default: -1
Optimize a model with 52 rows, 111 columns and 1177 nonzeros
Coefficient statistics:
  Matrix range    [1e+00, 2e+01]
  Objective range [5e+01, 4e+03]
  Bounds range    [0e+00, 0e+00]
  RHS range       [1e+00, 2e+01]
Iteration    Objective       Primal Inf.    Dual Inf.      Time
       0    2.3151703e+04   5.675000e+01   0.000000e+00      0s
     102    4.8400394e+03   0.000000e+00   0.000000e+00      0s

Solved in 102 iterations and 0.00 seconds
Optimal objective  4.840039411e+03
Changed value of parameter FeasibilityTol to 0.001
   Prev: 1e-06  Min: 1e-09  Max: 0.01  Default: 1e-06
Changed value of parameter MIPFocus to 2
   Prev: 0  Min: 0  Max: 3  Default: 0
Changed value of parameter Presolve to 0
   Prev: -1  Min: -1  Max: 2  Default: -1
Optimize a model with 52 rows, 116 columns and 1210 nonzeros
Coefficient statistics:
  Matrix range    [1e+00, 2e+01]
  Objective range [5e+01, 4e+03]
  Bounds range    [0e+00, 0e+00]
  RHS range       [1e+00, 2e+01]
Iteration    Objective       Primal Inf.    Dual Inf.      Time
       0    2.3151703e+04   5.675000e+01   0.000000e+00      0s
     105    4.8669739e+03   0.000000e+00   0.000000e+00      0s

Solved in 105 iterations and 0.00 seconds
Optimal objective  4.866973927e+03
Changed value of parameter FeasibilityTol to 0.001
   Prev: 1e-06  Min: 1e-09  Max: 0.01  Default: 1e-06
Changed value of parameter MIPFocus to 2
   Prev: 0  Min: 0  Max: 3  Default: 0
Changed value of parameter Presolve to 0
   Prev: -1  Min: -1  Max: 2  Default: -1
Optimize a model with 52 rows, 123 columns and 1265 nonzeros
Coefficient statistics:
  Matrix range    [1e+00, 2e+01]
  Objective range [5e+01, 4e+03]
  Bounds range    [0e+00, 0e+00]
  RHS range       [1e+00, 2e+01]
Iteration    Objective       Primal Inf.    Dual Inf.      Time
       0    2.3151703e+04   5.675000e+01   0.000000e+00      0s
     119    4.9341356e+03   0.000000e+00   0.000000e+00      0s

Solved in 119 iterations and 0.00 seconds
Optimal objective  4.934135558e+03
Changed value of parameter FeasibilityTol to 0.001
   Prev: 1e-06  Min: 1e-09  Max: 0.01  Default: 1e-06
Changed value of parameter MIPFocus to 2
   Prev: 0  Min: 0  Max: 3  Default: 0
Changed value of parameter Presolve to 0
   Prev: -1  Min: -1  Max: 2  Default: -1
Optimize a model with 52 rows, 129 columns and 1317 nonzeros
Coefficient statistics:
  Matrix range    [1e+00, 2e+01]
  Objective range [5e+01, 4e+03]
  Bounds range    [0e+00, 0e+00]
  RHS range       [1e+00, 2e+01]
Iteration    Objective       Primal Inf.    Dual Inf.      Time
       0    2.3151703e+04   5.675000e+01   0.000000e+00      0s
     104    4.9739849e+03   0.000000e+00   0.000000e+00      0s

Solved in 104 iterations and 0.00 seconds
Optimal objective  4.973984893e+03
Changed value of parameter FeasibilityTol to 0.001
   Prev: 1e-06  Min: 1e-09  Max: 0.01  Default: 1e-06
Changed value of parameter MIPFocus to 2
   Prev: 0  Min: 0  Max: 3  Default: 0
Changed value of parameter Presolve to 0
   Prev: -1  Min: -1  Max: 2  Default: -1
Optimize a model with 52 rows, 136 columns and 1378 nonzeros
Coefficient statistics:
  Matrix range    [1e+00, 2e+01]
  Objective range [5e+01, 4e+03]
  Bounds range    [0e+00, 0e+00]
  RHS range       [1e+00, 2e+01]
Iteration    Objective       Primal Inf.    Dual Inf.      Time
       0    2.3151703e+04   5.675000e+01   0.000000e+00      0s
     141    5.0130165e+03   0.000000e+00   0.000000e+00      0s

Solved in 141 iterations and 0.00 seconds
Optimal objective  5.013016457e+03
Changed value of parameter FeasibilityTol to 0.001
   Prev: 1e-06  Min: 1e-09  Max: 0.01  Default: 1e-06
Changed value of parameter MIPFocus to 2
   Prev: 0  Min: 0  Max: 3  Default: 0
Changed value of parameter Presolve to 0
   Prev: -1  Min: -1  Max: 2  Default: -1
Optimize a model with 52 rows, 143 columns and 1418 nonzeros
Coefficient statistics:
  Matrix range    [1e+00, 2e+01]
  Objective range [5e+01, 4e+03]
  Bounds range    [0e+00, 0e+00]
  RHS range       [1e+00, 2e+01]
Iteration    Objective       Primal Inf.    Dual Inf.      Time
       0    2.3151703e+04   5.675000e+01   0.000000e+00      0s
     128    5.0643766e+03   0.000000e+00   0.000000e+00      0s

Solved in 128 iterations and 0.00 seconds
Optimal objective  5.064376638e+03
Changed value of parameter FeasibilityTol to 0.001
   Prev: 1e-06  Min: 1e-09  Max: 0.01  Default: 1e-06
Changed value of parameter MIPFocus to 2
   Prev: 0  Min: 0  Max: 3  Default: 0
Changed value of parameter Presolve to 0
   Prev: -1  Min: -1  Max: 2  Default: -1
Optimize a model with 52 rows, 150 columns and 1478 nonzeros
Coefficient statistics:
  Matrix range    [1e+00, 2e+01]
  Objective range [5e+01, 4e+03]
  Bounds range    [0e+00, 0e+00]
  RHS range       [1e+00, 2e+01]
Iteration    Objective       Primal Inf.    Dual Inf.      Time
       0    2.3151703e+04   5.675000e+01   0.000000e+00      0s
     125    5.0835625e+03   0.000000e+00   0.000000e+00      0s

Solved in 125 iterations and 0.00 seconds
Optimal objective  5.083562473e+03
Changed value of parameter FeasibilityTol to 0.001
   Prev: 1e-06  Min: 1e-09  Max: 0.01  Default: 1e-06
Changed value of parameter MIPFocus to 2
   Prev: 0  Min: 0  Max: 3  Default: 0
Changed value of parameter Presolve to 0
   Prev: -1  Min: -1  Max: 2  Default: -1
Optimize a model with 52 rows, 157 columns and 1544 nonzeros
Coefficient statistics:
  Matrix range    [1e+00, 2e+01]
  Objective range [5e+01, 4e+03]
  Bounds range    [0e+00, 0e+00]
  RHS range       [1e+00, 2e+01]
Iteration    Objective       Primal Inf.    Dual Inf.      Time
       0    2.3151703e+04   5.675000e+01   0.000000e+00      0s
     146    5.1389058e+03   0.000000e+00   0.000000e+00      0s

Solved in 146 iterations and 0.00 seconds
Optimal objective  5.138905794e+03
Changed value of parameter FeasibilityTol to 0.001
   Prev: 1e-06  Min: 1e-09  Max: 0.01  Default: 1e-06
Changed value of parameter MIPFocus to 2
   Prev: 0  Min: 0  Max: 3  Default: 0
Changed value of parameter Presolve to 0
   Prev: -1  Min: -1  Max: 2  Default: -1
Optimize a model with 52 rows, 162 columns and 1580 nonzeros
Coefficient statistics:
  Matrix range    [1e+00, 2e+01]
  Objective range [5e+01, 4e+03]
  Bounds range    [0e+00, 0e+00]
  RHS range       [1e+00, 2e+01]
Iteration    Objective       Primal Inf.    Dual Inf.      Time
       0    2.3151703e+04   5.675000e+01   0.000000e+00      0s
     129    5.1615506e+03   0.000000e+00   0.000000e+00      0s

Solved in 129 iterations and 0.00 seconds
Optimal objective  5.161550643e+03
Changed value of parameter FeasibilityTol to 0.001
   Prev: 1e-06  Min: 1e-09  Max: 0.01  Default: 1e-06
Changed value of parameter MIPFocus to 2
   Prev: 0  Min: 0  Max: 3  Default: 0
Changed value of parameter Presolve to 0
   Prev: -1  Min: -1  Max: 2  Default: -1
Optimize a model with 52 rows, 168 columns and 1618 nonzeros
Coefficient statistics:
  Matrix range    [1e+00, 2e+01]
  Objective range [5e+01, 4e+03]
  Bounds range    [0e+00, 0e+00]
  RHS range       [1e+00, 2e+01]
Iteration    Objective       Primal Inf.    Dual Inf.      Time
       0    2.3151703e+04   5.675000e+01   0.000000e+00      0s
     133    5.2370810e+03   0.000000e+00   0.000000e+00      0s

Solved in 133 iterations and 0.00 seconds
Optimal objective  5.237081012e+03
Changed value of parameter FeasibilityTol to 0.001
   Prev: 1e-06  Min: 1e-09  Max: 0.01  Default: 1e-06
Changed value of parameter MIPFocus to 2
   Prev: 0  Min: 0  Max: 3  Default: 0
Changed value of parameter Presolve to 0
   Prev: -1  Min: -1  Max: 2  Default: -1
Optimize a model with 52 rows, 175 columns and 1681 nonzeros
Coefficient statistics:
  Matrix range    [1e+00, 2e+01]
  Objective range [3e+01, 4e+03]
  Bounds range    [0e+00, 0e+00]
  RHS range       [1e+00, 2e+01]
Iteration    Objective       Primal Inf.    Dual Inf.      Time
       0    2.3151703e+04   5.675000e+01   0.000000e+00      0s
     138    5.3246053e+03   0.000000e+00   0.000000e+00      0s

Solved in 138 iterations and 0.00 seconds
Optimal objective  5.324605286e+03
Changed value of parameter FeasibilityTol to 0.001
   Prev: 1e-06  Min: 1e-09  Max: 0.01  Default: 1e-06
Changed value of parameter MIPFocus to 2
   Prev: 0  Min: 0  Max: 3  Default: 0
Changed value of parameter Presolve to 0
   Prev: -1  Min: -1  Max: 2  Default: -1
Optimize a model with 52 rows, 181 columns and 1733 nonzeros
Coefficient statistics:
  Matrix range    [1e+00, 2e+01]
  Objective range [3e+01, 4e+03]
  Bounds range    [0e+00, 0e+00]
  RHS range       [1e+00, 2e+01]
Iteration    Objective       Primal Inf.    Dual Inf.      Time
       0    2.3151703e+04   5.675000e+01   0.000000e+00      0s
     149    5.3715033e+03   0.000000e+00   0.000000e+00      0s

Solved in 149 iterations and 0.00 seconds
Optimal objective  5.371503282e+03
Changed value of parameter FeasibilityTol to 0.001
   Prev: 1e-06  Min: 1e-09  Max: 0.01  Default: 1e-06
Changed value of parameter MIPFocus to 2
   Prev: 0  Min: 0  Max: 3  Default: 0
Changed value of parameter Presolve to 0
   Prev: -1  Min: -1  Max: 2  Default: -1
Optimize a model with 52 rows, 187 columns and 1781 nonzeros
Coefficient statistics:
  Matrix range    [1e+00, 2e+01]
  Objective range [3e+01, 4e+03]
  Bounds range    [0e+00, 0e+00]
  RHS range       [1e+00, 2e+01]
Iteration    Objective       Primal Inf.    Dual Inf.      Time
       0    2.3151703e+04   5.675000e+01   0.000000e+00      0s
     130    5.3918457e+03   0.000000e+00   0.000000e+00      0s

Solved in 130 iterations and 0.00 seconds
Optimal objective  5.391845706e+03
Changed value of parameter FeasibilityTol to 0.001
   Prev: 1e-06  Min: 1e-09  Max: 0.01  Default: 1e-06
Changed value of parameter MIPFocus to 2
   Prev: 0  Min: 0  Max: 3  Default: 0
Changed value of parameter Presolve to 0
   Prev: -1  Min: -1  Max: 2  Default: -1
Optimize a model with 52 rows, 194 columns and 1828 nonzeros
Coefficient statistics:
  Matrix range    [1e+00, 2e+01]
  Objective range [3e+01, 4e+03]
  Bounds range    [0e+00, 0e+00]
  RHS range       [1e+00, 2e+01]
Iteration    Objective       Primal Inf.    Dual Inf.      Time
       0    2.3151703e+04   5.675000e+01   0.000000e+00      0s
     149    5.4055245e+03   0.000000e+00   0.000000e+00      0s

Solved in 149 iterations and 0.00 seconds
Optimal objective  5.405524533e+03
Changed value of parameter FeasibilityTol to 0.001
   Prev: 1e-06  Min: 1e-09  Max: 0.01  Default: 1e-06
Changed value of parameter MIPFocus to 2
   Prev: 0  Min: 0  Max: 3  Default: 0
Changed value of parameter Presolve to 0
   Prev: -1  Min: -1  Max: 2  Default: -1
Optimize a model with 52 rows, 200 columns and 1876 nonzeros
Coefficient statistics:
  Matrix range    [1e+00, 2e+01]
  Objective range [3e+01, 4e+03]
  Bounds range    [0e+00, 0e+00]
  RHS range       [1e+00, 2e+01]
Iteration    Objective       Primal Inf.    Dual Inf.      Time
       0    2.3151703e+04   5.675000e+01   0.000000e+00      0s
     161    5.4390606e+03   0.000000e+00   0.000000e+00      0s

Solved in 161 iterations and 0.00 seconds
Optimal objective  5.439060650e+03
Changed value of parameter FeasibilityTol to 0.001
   Prev: 1e-06  Min: 1e-09  Max: 0.01  Default: 1e-06
Changed value of parameter MIPFocus to 2
   Prev: 0  Min: 0  Max: 3  Default: 0
Changed value of parameter Presolve to 0
   Prev: -1  Min: -1  Max: 2  Default: -1
Optimize a model with 52 rows, 206 columns and 1924 nonzeros
Coefficient statistics:
  Matrix range    [1e+00, 2e+01]
  Objective range [3e+01, 4e+03]
  Bounds range    [0e+00, 0e+00]
  RHS range       [1e+00, 2e+01]
Iteration    Objective       Primal Inf.    Dual Inf.      Time
       0    2.3151703e+04   5.675000e+01   0.000000e+00      0s
     152    5.4525016e+03   0.000000e+00   0.000000e+00      0s

Solved in 152 iterations and 0.00 seconds
Optimal objective  5.452501575e+03
Changed value of parameter FeasibilityTol to 0.001
   Prev: 1e-06  Min: 1e-09  Max: 0.01  Default: 1e-06
Changed value of parameter MIPFocus to 2
   Prev: 0  Min: 0  Max: 3  Default: 0
Changed value of parameter Presolve to 0
   Prev: -1  Min: -1  Max: 2  Default: -1
Optimize a model with 52 rows, 213 columns and 1962 nonzeros
Coefficient statistics:
  Matrix range    [1e+00, 2e+01]
  Objective range [3e+01, 4e+03]
  Bounds range    [0e+00, 0e+00]
  RHS range       [1e+00, 2e+01]
Iteration    Objective       Primal Inf.    Dual Inf.      Time
       0    2.3151703e+04   5.675000e+01   0.000000e+00      0s
     170    5.4924822e+03   0.000000e+00   0.000000e+00      0s

Solved in 170 iterations and 0.00 seconds
Optimal objective  5.492482222e+03
Changed value of parameter FeasibilityTol to 0.001
   Prev: 1e-06  Min: 1e-09  Max: 0.01  Default: 1e-06
Changed value of parameter MIPFocus to 2
   Prev: 0  Min: 0  Max: 3  Default: 0
Changed value of parameter Presolve to 0
   Prev: -1  Min: -1  Max: 2  Default: -1
Optimize a model with 52 rows, 220 columns and 2027 nonzeros
Coefficient statistics:
  Matrix range    [1e+00, 2e+01]
  Objective range [1e+01, 4e+03]
  Bounds range    [0e+00, 0e+00]
  RHS range       [1e+00, 2e+01]
Iteration    Objective       Primal Inf.    Dual Inf.      Time
       0    2.3151703e+04   5.675000e+01   0.000000e+00      0s
     170    5.4996331e+03   0.000000e+00   0.000000e+00      0s

Solved in 170 iterations and 0.00 seconds
Optimal objective  5.499633099e+03
Changed value of parameter FeasibilityTol to 0.001
   Prev: 1e-06  Min: 1e-09  Max: 0.01  Default: 1e-06
Changed value of parameter MIPFocus to 2
   Prev: 0  Min: 0  Max: 3  Default: 0
Changed value of parameter Presolve to 0
   Prev: -1  Min: -1  Max: 2  Default: -1
Optimize a model with 52 rows, 227 columns and 2081 nonzeros
Coefficient statistics:
  Matrix range    [1e+00, 2e+01]
  Objective range [1e+01, 4e+03]
  Bounds range    [0e+00, 0e+00]
  RHS range       [1e+00, 2e+01]
Iteration    Objective       Primal Inf.    Dual Inf.      Time
       0    2.3151703e+04   5.675000e+01   0.000000e+00      0s
     182    5.5157414e+03   0.000000e+00   0.000000e+00      0s

Solved in 182 iterations and 0.00 seconds
Optimal objective  5.515741432e+03
Changed value of parameter FeasibilityTol to 0.001
   Prev: 1e-06  Min: 1e-09  Max: 0.01  Default: 1e-06
Changed value of parameter MIPFocus to 2
   Prev: 0  Min: 0  Max: 3  Default: 0
Changed value of parameter Presolve to 0
   Prev: -1  Min: -1  Max: 2  Default: -1
Optimize a model with 52 rows, 234 columns and 2124 nonzeros
Coefficient statistics:
  Matrix range    [1e+00, 2e+01]
  Objective range [1e+01, 4e+03]
  Bounds range    [0e+00, 0e+00]
  RHS range       [1e+00, 2e+01]
Iteration    Objective       Primal Inf.    Dual Inf.      Time
       0    2.3151703e+04   5.675000e+01   0.000000e+00      0s
     173    5.5329273e+03   0.000000e+00   0.000000e+00      0s

Solved in 173 iterations and 0.00 seconds
Optimal objective  5.532927286e+03
Changed value of parameter FeasibilityTol to 0.001
   Prev: 1e-06  Min: 1e-09  Max: 0.01  Default: 1e-06
Changed value of parameter MIPFocus to 2
   Prev: 0  Min: 0  Max: 3  Default: 0
Changed value of parameter Presolve to 0
   Prev: -1  Min: -1  Max: 2  Default: -1
Optimize a model with 52 rows, 239 columns and 2171 nonzeros
Coefficient statistics:
  Matrix range    [1e+00, 2e+01]
  Objective range [1e+01, 4e+03]
  Bounds range    [0e+00, 0e+00]
  RHS range       [1e+00, 2e+01]
Iteration    Objective       Primal Inf.    Dual Inf.      Time
       0    2.3151703e+04   5.675000e+01   0.000000e+00      0s
     202    5.5507218e+03   0.000000e+00   0.000000e+00      0s

Solved in 202 iterations and 0.00 seconds
Optimal objective  5.550721825e+03
Changed value of parameter FeasibilityTol to 0.001
   Prev: 1e-06  Min: 1e-09  Max: 0.01  Default: 1e-06
Changed value of parameter MIPFocus to 2
   Prev: 0  Min: 0  Max: 3  Default: 0
Changed value of parameter Presolve to 0
   Prev: -1  Min: -1  Max: 2  Default: -1
Optimize a model with 52 rows, 246 columns and 2222 nonzeros
Coefficient statistics:
  Matrix range    [1e+00, 2e+01]
  Objective range [1e+01, 4e+03]
  Bounds range    [0e+00, 0e+00]
  RHS range       [1e+00, 2e+01]
Iteration    Objective       Primal Inf.    Dual Inf.      Time
       0    2.3151703e+04   5.675000e+01   0.000000e+00      0s
     167    5.5635922e+03   0.000000e+00   0.000000e+00      0s

Solved in 167 iterations and 0.00 seconds
Optimal objective  5.563592152e+03
Changed value of parameter FeasibilityTol to 0.001
   Prev: 1e-06  Min: 1e-09  Max: 0.01  Default: 1e-06
Changed value of parameter MIPFocus to 2
   Prev: 0  Min: 0  Max: 3  Default: 0
Changed value of parameter Presolve to 0
   Prev: -1  Min: -1  Max: 2  Default: -1
Optimize a model with 52 rows, 251 columns and 2272 nonzeros
Coefficient statistics:
  Matrix range    [1e+00, 2e+01]
  Objective range [1e+01, 4e+03]
  Bounds range    [0e+00, 0e+00]
  RHS range       [1e+00, 2e+01]
Iteration    Objective       Primal Inf.    Dual Inf.      Time
       0    2.3151703e+04   5.675000e+01   0.000000e+00      0s
     166    5.5678653e+03   0.000000e+00   0.000000e+00      0s

Solved in 166 iterations and 0.00 seconds
Optimal objective  5.567865295e+03
Changed value of parameter FeasibilityTol to 0.001
   Prev: 1e-06  Min: 1e-09  Max: 0.01  Default: 1e-06
Changed value of parameter MIPFocus to 2
   Prev: 0  Min: 0  Max: 3  Default: 0
Changed value of parameter Presolve to 0
   Prev: -1  Min: -1  Max: 2  Default: -1
Optimize a model with 52 rows, 257 columns and 2316 nonzeros
Coefficient statistics:
  Matrix range    [1e+00, 2e+01]
  Objective range [1e+01, 4e+03]
  Bounds range    [0e+00, 0e+00]
  RHS range       [1e+00, 2e+01]
Iteration    Objective       Primal Inf.    Dual Inf.      Time
       0    2.3151703e+04   5.675000e+01   0.000000e+00      0s
     170    5.5723866e+03   0.000000e+00   0.000000e+00      0s

Solved in 170 iterations and 0.00 seconds
Optimal objective  5.572386621e+03
Changed value of parameter FeasibilityTol to 0.001
   Prev: 1e-06  Min: 1e-09  Max: 0.01  Default: 1e-06
Changed value of parameter MIPFocus to 2
   Prev: 0  Min: 0  Max: 3  Default: 0
Changed value of parameter Presolve to 0
   Prev: -1  Min: -1  Max: 2  Default: -1
Optimize a model with 52 rows, 263 columns and 2364 nonzeros
Coefficient statistics:
  Matrix range    [1e+00, 2e+01]
  Objective range [1e+01, 4e+03]
  Bounds range    [0e+00, 0e+00]
  RHS range       [1e+00, 2e+01]
Iteration    Objective       Primal Inf.    Dual Inf.      Time
       0    2.3151703e+04   5.675000e+01   0.000000e+00      0s
     152    5.5987022e+03   0.000000e+00   0.000000e+00      0s

Solved in 152 iterations and 0.00 seconds
Optimal objective  5.598702159e+03
Changed value of parameter FeasibilityTol to 0.001
   Prev: 1e-06  Min: 1e-09  Max: 0.01  Default: 1e-06
Changed value of parameter MIPFocus to 2
   Prev: 0  Min: 0  Max: 3  Default: 0
Changed value of parameter Presolve to 0
   Prev: -1  Min: -1  Max: 2  Default: -1
Optimize a model with 52 rows, 270 columns and 2421 nonzeros
Coefficient statistics:
  Matrix range    [1e+00, 2e+01]
  Objective range [1e+01, 4e+03]
  Bounds range    [0e+00, 0e+00]
  RHS range       [1e+00, 2e+01]
Iteration    Objective       Primal Inf.    Dual Inf.      Time
       0    2.3151703e+04   5.675000e+01   0.000000e+00      0s
     142    5.6071308e+03   0.000000e+00   0.000000e+00      0s

Solved in 142 iterations and 0.00 seconds
Optimal objective  5.607130846e+03
Changed value of parameter FeasibilityTol to 0.001
   Prev: 1e-06  Min: 1e-09  Max: 0.01  Default: 1e-06
Changed value of parameter MIPFocus to 2
   Prev: 0  Min: 0  Max: 3  Default: 0
Changed value of parameter Presolve to 0
   Prev: -1  Min: -1  Max: 2  Default: -1
Optimize a model with 52 rows, 275 columns and 2472 nonzeros
Coefficient statistics:
  Matrix range    [1e+00, 2e+01]
  Objective range [1e+01, 4e+03]
  Bounds range    [0e+00, 0e+00]
  RHS range       [1e+00, 2e+01]
Iteration    Objective       Primal Inf.    Dual Inf.      Time
       0    2.3151703e+04   5.675000e+01   0.000000e+00      0s
     154    5.6112913e+03   0.000000e+00   0.000000e+00      0s

Solved in 154 iterations and 0.00 seconds
Optimal objective  5.611291343e+03
Changed value of parameter FeasibilityTol to 0.001
   Prev: 1e-06  Min: 1e-09  Max: 0.01  Default: 1e-06
Changed value of parameter MIPFocus to 2
   Prev: 0  Min: 0  Max: 3  Default: 0
Changed value of parameter Presolve to 0
   Prev: -1  Min: -1  Max: 2  Default: -1
Optimize a model with 52 rows, 281 columns and 2521 nonzeros
Coefficient statistics:
  Matrix range    [1e+00, 2e+01]
  Objective range [1e+01, 4e+03]
  Bounds range    [0e+00, 0e+00]
  RHS range       [1e+00, 2e+01]
Iteration    Objective       Primal Inf.    Dual Inf.      Time
       0    2.3151703e+04   5.675000e+01   0.000000e+00      0s
     141    5.6115866e+03   0.000000e+00   0.000000e+00      0s

Solved in 141 iterations and 0.00 seconds
Optimal objective  5.611586603e+03
Changed value of parameter FeasibilityTol to 0.001
   Prev: 1e-06  Min: 1e-09  Max: 0.01  Default: 1e-06
Changed value of parameter MIPFocus to 2
   Prev: 0  Min: 0  Max: 3  Default: 0
Changed value of parameter Presolve to 0
   Prev: -1  Min: -1  Max: 2  Default: -1
Optimize a model with 52 rows, 287 columns and 2576 nonzeros
Coefficient statistics:
  Matrix range    [1e+00, 2e+01]
  Objective range [1e+01, 4e+03]
  Bounds range    [0e+00, 0e+00]
  RHS range       [1e+00, 2e+01]
Iteration    Objective       Primal Inf.    Dual Inf.      Time
       0    2.3151703e+04   5.675000e+01   0.000000e+00      0s
     148    5.6144844e+03   0.000000e+00   0.000000e+00      0s

Solved in 148 iterations and 0.00 seconds
Optimal objective  5.614484447e+03
Changed value of parameter FeasibilityTol to 0.001
   Prev: 1e-06  Min: 1e-09  Max: 0.01  Default: 1e-06
Changed value of parameter MIPFocus to 2
   Prev: 0  Min: 0  Max: 3  Default: 0
Changed value of parameter Presolve to 0
   Prev: -1  Min: -1  Max: 2  Default: -1
Optimize a model with 52 rows, 293 columns and 2629 nonzeros
Coefficient statistics:
  Matrix range    [1e+00, 2e+01]
  Objective range [1e+01, 4e+03]
  Bounds range    [0e+00, 0e+00]
  RHS range       [1e+00, 2e+01]
Iteration    Objective       Primal Inf.    Dual Inf.      Time
       0    2.3151703e+04   5.675000e+01   0.000000e+00      0s
     143    5.6147095e+03   0.000000e+00   0.000000e+00      0s

Solved in 143 iterations and 0.00 seconds
Optimal objective  5.614709455e+03
Changed value of parameter FeasibilityTol to 0.001
   Prev: 1e-06  Min: 1e-09  Max: 0.01  Default: 1e-06
Changed value of parameter MIPFocus to 2
   Prev: 0  Min: 0  Max: 3  Default: 0
Changed value of parameter Presolve to 0
   Prev: -1  Min: -1  Max: 2  Default: -1
Optimize a model with 52 rows, 296 columns and 2651 nonzeros
Coefficient statistics:
  Matrix range    [1e+00, 2e+01]
  Objective range [1e+01, 4e+03]
  Bounds range    [0e+00, 0e+00]
  RHS range       [1e+00, 2e+01]
Iteration    Objective       Primal Inf.    Dual Inf.      Time
       0    2.3151703e+04   5.675000e+01   0.000000e+00      0s
     137    5.6312740e+03   0.000000e+00   0.000000e+00      0s

Solved in 137 iterations and 0.00 seconds
Optimal objective  5.631274004e+03
Changed value of parameter FeasibilityTol to 0.001
   Prev: 1e-06  Min: 1e-09  Max: 0.01  Default: 1e-06
Changed value of parameter MIPFocus to 2
   Prev: 0  Min: 0  Max: 3  Default: 0
Changed value of parameter Presolve to 0
   Prev: -1  Min: -1  Max: 2  Default: -1
Optimize a model with 52 rows, 300 columns and 2687 nonzeros
Coefficient statistics:
  Matrix range    [1e+00, 2e+01]
  Objective range [1e+01, 4e+03]
  Bounds range    [0e+00, 0e+00]
  RHS range       [1e+00, 2e+01]
Iteration    Objective       Primal Inf.    Dual Inf.      Time
       0    2.3151703e+04   5.675000e+01   0.000000e+00      0s
     172    5.6312718e+03   0.000000e+00   0.000000e+00      0s

Solved in 172 iterations and 0.00 seconds
Optimal objective  5.631271790e+03
Changed value of parameter FeasibilityTol to 0.001
   Prev: 1e-06  Min: 1e-09  Max: 0.01  Default: 1e-06
Changed value of parameter MIPFocus to 2
   Prev: 0  Min: 0  Max: 3  Default: 0
Changed value of parameter Presolve to 0
   Prev: -1  Min: -1  Max: 2  Default: -1
Optimize a model with 52 rows, 305 columns and 2719 nonzeros
Coefficient statistics:
  Matrix range    [1e+00, 2e+01]
  Objective range [1e+01, 4e+03]
  Bounds range    [0e+00, 0e+00]
  RHS range       [1e+00, 2e+01]
Iteration    Objective       Primal Inf.    Dual Inf.      Time
       0    2.3151703e+04   5.675000e+01   0.000000e+00      0s
     168    5.6321512e+03   0.000000e+00   0.000000e+00      0s

Solved in 168 iterations and 0.01 seconds
Optimal objective  5.632151190e+03
Changed value of parameter FeasibilityTol to 0.001
   Prev: 1e-06  Min: 1e-09  Max: 0.01  Default: 1e-06
Changed value of parameter MIPFocus to 2
   Prev: 0  Min: 0  Max: 3  Default: 0
Changed value of parameter Presolve to 0
   Prev: -1  Min: -1  Max: 2  Default: -1
Optimize a model with 52 rows, 310 columns and 2753 nonzeros
Coefficient statistics:
  Matrix range    [1e+00, 2e+01]
  Objective range [1e+01, 4e+03]
  Bounds range    [0e+00, 0e+00]
  RHS range       [1e+00, 2e+01]
Iteration    Objective       Primal Inf.    Dual Inf.      Time
       0    2.3151703e+04   5.675000e+01   0.000000e+00      0s
     160    5.6324213e+03   0.000000e+00   0.000000e+00      0s

Solved in 160 iterations and 0.00 seconds
Optimal objective  5.632421302e+03
Changed value of parameter FeasibilityTol to 0.001
   Prev: 1e-06  Min: 1e-09  Max: 0.01  Default: 1e-06
Changed value of parameter MIPFocus to 2
   Prev: 0  Min: 0  Max: 3  Default: 0
Changed value of parameter Presolve to 0
   Prev: -1  Min: -1  Max: 2  Default: -1
Optimize a model with 52 rows, 316 columns and 2799 nonzeros
Coefficient statistics:
  Matrix range    [1e+00, 2e+01]
  Objective range [1e+01, 4e+03]
  Bounds range    [0e+00, 0e+00]
  RHS range       [1e+00, 2e+01]
Iteration    Objective       Primal Inf.    Dual Inf.      Time
       0    2.3151703e+04   5.675000e+01   0.000000e+00      0s
     157    5.6352856e+03   0.000000e+00   0.000000e+00      0s

Solved in 157 iterations and 0.00 seconds
Optimal objective  5.635285595e+03
Changed value of parameter FeasibilityTol to 0.001
   Prev: 1e-06  Min: 1e-09  Max: 0.01  Default: 1e-06
Changed value of parameter MIPFocus to 2
   Prev: 0  Min: 0  Max: 3  Default: 0
Changed value of parameter Presolve to 0
   Prev: -1  Min: -1  Max: 2  Default: -1
Optimize a model with 52 rows, 321 columns and 2836 nonzeros
Coefficient statistics:
  Matrix range    [1e+00, 2e+01]
  Objective range [1e+01, 4e+03]
  Bounds range    [0e+00, 0e+00]
  RHS range       [1e+00, 2e+01]
Iteration    Objective       Primal Inf.    Dual Inf.      Time
       0    2.3151703e+04   5.675000e+01   0.000000e+00      0s
     167    5.6385103e+03   0.000000e+00   0.000000e+00      0s

Solved in 167 iterations and 0.00 seconds
Optimal objective  5.638510337e+03
Changed value of parameter FeasibilityTol to 0.001
   Prev: 1e-06  Min: 1e-09  Max: 0.01  Default: 1e-06
Changed value of parameter MIPFocus to 2
   Prev: 0  Min: 0  Max: 3  Default: 0
Changed value of parameter Presolve to 0
   Prev: -1  Min: -1  Max: 2  Default: -1
Optimize a model with 52 rows, 326 columns and 2883 nonzeros
Coefficient statistics:
  Matrix range    [1e+00, 2e+01]
  Objective range [1e+01, 4e+03]
  Bounds range    [0e+00, 0e+00]
  RHS range       [1e+00, 2e+01]
Iteration    Objective       Primal Inf.    Dual Inf.      Time
       0    2.3151703e+04   5.675000e+01   0.000000e+00      0s
     160    5.6385337e+03   0.000000e+00   0.000000e+00      0s

Solved in 160 iterations and 0.00 seconds
Optimal objective  5.638533692e+03
Changed value of parameter FeasibilityTol to 0.001
   Prev: 1e-06  Min: 1e-09  Max: 0.01  Default: 1e-06
Changed value of parameter MIPFocus to 2
   Prev: 0  Min: 0  Max: 3  Default: 0
Changed value of parameter Presolve to 0
   Prev: -1  Min: -1  Max: 2  Default: -1
Optimize a model with 52 rows, 332 columns and 2926 nonzeros
Coefficient statistics:
  Matrix range    [1e+00, 2e+01]
  Objective range [1e+01, 4e+03]
  Bounds range    [0e+00, 0e+00]
  RHS range       [1e+00, 2e+01]
Iteration    Objective       Primal Inf.    Dual Inf.      Time
       0    2.3151703e+04   5.675000e+01   0.000000e+00      0s
     177    5.6469336e+03   0.000000e+00   0.000000e+00      0s

Solved in 177 iterations and 0.00 seconds
Optimal objective  5.646933645e+03
Changed value of parameter FeasibilityTol to 0.001
   Prev: 1e-06  Min: 1e-09  Max: 0.01  Default: 1e-06
Changed value of parameter MIPFocus to 2
   Prev: 0  Min: 0  Max: 3  Default: 0
Changed value of parameter Presolve to 0
   Prev: -1  Min: -1  Max: 2  Default: -1
Optimize a model with 52 rows, 339 columns and 2978 nonzeros
Coefficient statistics:
  Matrix range    [1e+00, 2e+01]
  Objective range [1e+01, 4e+03]
  Bounds range    [0e+00, 0e+00]
  RHS range       [1e+00, 2e+01]
Iteration    Objective       Primal Inf.    Dual Inf.      Time
       0    2.3151703e+04   5.675000e+01   0.000000e+00      0s
     163    5.6526944e+03   0.000000e+00   0.000000e+00      0s

Solved in 163 iterations and 0.01 seconds
Optimal objective  5.652694426e+03
Changed value of parameter FeasibilityTol to 0.001
   Prev: 1e-06  Min: 1e-09  Max: 0.01  Default: 1e-06
Changed value of parameter MIPFocus to 2
   Prev: 0  Min: 0  Max: 3  Default: 0
Changed value of parameter Presolve to 0
   Prev: -1  Min: -1  Max: 2  Default: -1
Optimize a model with 52 rows, 345 columns and 3035 nonzeros
Coefficient statistics:
  Matrix range    [1e+00, 2e+01]
  Objective range [1e+01, 4e+03]
  Bounds range    [0e+00, 0e+00]
  RHS range       [1e+00, 2e+01]
Iteration    Objective       Primal Inf.    Dual Inf.      Time
       0    2.3151703e+04   5.675000e+01   0.000000e+00      0s
     180    5.6527732e+03   0.000000e+00   0.000000e+00      0s

Solved in 180 iterations and 0.00 seconds
Optimal objective  5.652773196e+03
Changed value of parameter FeasibilityTol to 0.001
   Prev: 1e-06  Min: 1e-09  Max: 0.01  Default: 1e-06
Changed value of parameter MIPFocus to 2
   Prev: 0  Min: 0  Max: 3  Default: 0
Changed value of parameter Presolve to 0
   Prev: -1  Min: -1  Max: 2  Default: -1
Optimize a model with 52 rows, 349 columns and 3069 nonzeros
Coefficient statistics:
  Matrix range    [1e+00, 2e+01]
  Objective range [1e+01, 4e+03]
  Bounds range    [0e+00, 0e+00]
  RHS range       [1e+00, 2e+01]
Iteration    Objective       Primal Inf.    Dual Inf.      Time
       0    2.3151703e+04   5.675000e+01   0.000000e+00      0s
     163    5.6573558e+03   0.000000e+00   0.000000e+00      0s

Solved in 163 iterations and 0.00 seconds
Optimal objective  5.657355808e+03
Changed value of parameter FeasibilityTol to 0.001
   Prev: 1e-06  Min: 1e-09  Max: 0.01  Default: 1e-06
Changed value of parameter MIPFocus to 2
   Prev: 0  Min: 0  Max: 3  Default: 0
Changed value of parameter Presolve to 0
   Prev: -1  Min: -1  Max: 2  Default: -1
Optimize a model with 52 rows, 352 columns and 3090 nonzeros
Coefficient statistics:
  Matrix range    [1e+00, 2e+01]
  Objective range [1e+01, 4e+03]
  Bounds range    [0e+00, 0e+00]
  RHS range       [1e+00, 2e+01]
Iteration    Objective       Primal Inf.    Dual Inf.      Time
       0    2.3151703e+04   5.675000e+01   0.000000e+00      0s
     165    5.6577275e+03   0.000000e+00   0.000000e+00      0s

Solved in 165 iterations and 0.00 seconds
Optimal objective  5.657727550e+03
Changed value of parameter FeasibilityTol to 0.001
   Prev: 1e-06  Min: 1e-09  Max: 0.01  Default: 1e-06
Changed value of parameter MIPFocus to 2
   Prev: 0  Min: 0  Max: 3  Default: 0
Changed value of parameter Presolve to 0
   Prev: -1  Min: -1  Max: 2  Default: -1
Optimize a model with 52 rows, 354 columns and 3106 nonzeros
Coefficient statistics:
  Matrix range    [1e+00, 2e+01]
  Objective range [1e+01, 4e+03]
  Bounds range    [0e+00, 0e+00]
  RHS range       [1e+00, 2e+01]
Iteration    Objective       Primal Inf.    Dual Inf.      Time
       0    2.3151703e+04   5.675000e+01   0.000000e+00      0s
     165    5.6579854e+03   0.000000e+00   0.000000e+00      0s

Solved in 165 iterations and 0.00 seconds
Optimal objective  5.657985424e+03
Changed value of parameter FeasibilityTol to 0.001
   Prev: 1e-06  Min: 1e-09  Max: 0.01  Default: 1e-06
Changed value of parameter MIPFocus to 2
   Prev: 0  Min: 0  Max: 3  Default: 0
Changed value of parameter Presolve to 0
   Prev: -1  Min: -1  Max: 2  Default: -1
Optimize a model with 52 rows, 357 columns and 3142 nonzeros
Coefficient statistics:
  Matrix range    [1e+00, 2e+01]
  Objective range [1e+01, 4e+03]
  Bounds range    [0e+00, 0e+00]
  RHS range       [1e+00, 2e+01]
Iteration    Objective       Primal Inf.    Dual Inf.      Time
       0    2.3151703e+04   5.675000e+01   0.000000e+00      0s
     173    5.6599169e+03   0.000000e+00   0.000000e+00      0s

Solved in 173 iterations and 0.00 seconds
Optimal objective  5.659916885e+03
Changed value of parameter FeasibilityTol to 0.001
   Prev: 1e-06  Min: 1e-09  Max: 0.01  Default: 1e-06
Changed value of parameter MIPFocus to 2
   Prev: 0  Min: 0  Max: 3  Default: 0
Changed value of parameter Presolve to 0
   Prev: -1  Min: -1  Max: 2  Default: -1
Optimize a model with 52 rows, 362 columns and 3180 nonzeros
Coefficient statistics:
  Matrix range    [1e+00, 2e+01]
  Objective range [1e+01, 4e+03]
  Bounds range    [0e+00, 0e+00]
  RHS range       [1e+00, 2e+01]
Iteration    Objective       Primal Inf.    Dual Inf.      Time
       0    2.3151703e+04   5.675000e+01   0.000000e+00      0s
     183    5.6813763e+03   0.000000e+00   0.000000e+00      0s

Solved in 183 iterations and 0.00 seconds
Optimal objective  5.681376348e+03
Changed value of parameter FeasibilityTol to 0.001
   Prev: 1e-06  Min: 1e-09  Max: 0.01  Default: 1e-06
Changed value of parameter MIPFocus to 2
   Prev: 0  Min: 0  Max: 3  Default: 0
Changed value of parameter Presolve to 0
   Prev: -1  Min: -1  Max: 2  Default: -1
Optimize a model with 52 rows, 368 columns and 3231 nonzeros
Coefficient statistics:
  Matrix range    [1e+00, 2e+01]
  Objective range [1e+01, 4e+03]
  Bounds range    [0e+00, 0e+00]
  RHS range       [1e+00, 2e+01]
Iteration    Objective       Primal Inf.    Dual Inf.      Time
       0    2.3151703e+04   5.675000e+01   0.000000e+00      0s
     183    5.6979409e+03   0.000000e+00   0.000000e+00      0s

Solved in 183 iterations and 0.00 seconds
Optimal objective  5.697940867e+03
Changed value of parameter FeasibilityTol to 0.001
   Prev: 1e-06  Min: 1e-09  Max: 0.01  Default: 1e-06
Changed value of parameter MIPFocus to 2
   Prev: 0  Min: 0  Max: 3  Default: 0
Changed value of parameter Presolve to 0
   Prev: -1  Min: -1  Max: 2  Default: -1
Optimize a model with 52 rows, 374 columns and 3290 nonzeros
Coefficient statistics:
  Matrix range    [1e+00, 2e+01]
  Objective range [1e+01, 4e+03]
  Bounds range    [0e+00, 0e+00]
  RHS range       [1e+00, 2e+01]
Iteration    Objective       Primal Inf.    Dual Inf.      Time
       0    2.3151703e+04   5.675000e+01   0.000000e+00      0s
     185    5.7302113e+03   0.000000e+00   0.000000e+00      0s

Solved in 185 iterations and 0.00 seconds
Optimal objective  5.730211312e+03
Changed value of parameter FeasibilityTol to 0.001
   Prev: 1e-06  Min: 1e-09  Max: 0.01  Default: 1e-06
Changed value of parameter MIPFocus to 2
   Prev: 0  Min: 0  Max: 3  Default: 0
Changed value of parameter Presolve to 0
   Prev: -1  Min: -1  Max: 2  Default: -1
Optimize a model with 52 rows, 381 columns and 3354 nonzeros
Coefficient statistics:
  Matrix range    [1e+00, 2e+01]
  Objective range [1e+01, 4e+03]
  Bounds range    [0e+00, 0e+00]
  RHS range       [1e+00, 2e+01]
Iteration    Objective       Primal Inf.    Dual Inf.      Time
       0    2.3151703e+04   5.675000e+01   0.000000e+00      0s
     176    5.7415307e+03   0.000000e+00   0.000000e+00      0s

Solved in 176 iterations and 0.00 seconds
Optimal objective  5.741530724e+03
Changed value of parameter FeasibilityTol to 0.001
   Prev: 1e-06  Min: 1e-09  Max: 0.01  Default: 1e-06
Changed value of parameter MIPFocus to 2
   Prev: 0  Min: 0  Max: 3  Default: 0
Changed value of parameter Presolve to 0
   Prev: -1  Min: -1  Max: 2  Default: -1
Optimize a model with 52 rows, 386 columns and 3404 nonzeros
Coefficient statistics:
  Matrix range    [1e+00, 2e+01]
  Objective range [1e+01, 4e+03]
  Bounds range    [0e+00, 0e+00]
  RHS range       [1e+00, 2e+01]
Iteration    Objective       Primal Inf.    Dual Inf.      Time
       0    2.3151703e+04   5.675000e+01   0.000000e+00      0s
     161    5.7436323e+03   0.000000e+00   0.000000e+00      0s

Solved in 161 iterations and 0.00 seconds
Optimal objective  5.743632319e+03
Changed value of parameter FeasibilityTol to 0.001
   Prev: 1e-06  Min: 1e-09  Max: 0.01  Default: 1e-06
Changed value of parameter MIPFocus to 2
   Prev: 0  Min: 0  Max: 3  Default: 0
Changed value of parameter Presolve to 0
   Prev: -1  Min: -1  Max: 2  Default: -1
Optimize a model with 52 rows, 391 columns and 3451 nonzeros
Coefficient statistics:
  Matrix range    [1e+00, 2e+01]
  Objective range [1e+01, 4e+03]
  Bounds range    [0e+00, 0e+00]
  RHS range       [1e+00, 2e+01]
Iteration    Objective       Primal Inf.    Dual Inf.      Time
       0    2.3151703e+04   5.675000e+01   0.000000e+00      0s
     182    5.7464324e+03   0.000000e+00   0.000000e+00      0s

Solved in 182 iterations and 0.01 seconds
Optimal objective  5.746432432e+03
Changed value of parameter FeasibilityTol to 0.001
   Prev: 1e-06  Min: 1e-09  Max: 0.01  Default: 1e-06
Changed value of parameter MIPFocus to 2
   Prev: 0  Min: 0  Max: 3  Default: 0
Changed value of parameter Presolve to 0
   Prev: -1  Min: -1  Max: 2  Default: -1
Optimize a model with 52 rows, 397 columns and 3498 nonzeros
Coefficient statistics:
  Matrix range    [1e+00, 2e+01]
  Objective range [1e+01, 4e+03]
  Bounds range    [0e+00, 0e+00]
  RHS range       [1e+00, 2e+01]
Iteration    Objective       Primal Inf.    Dual Inf.      Time
       0    2.3151703e+04   5.675000e+01   0.000000e+00      0s
     172    5.7559890e+03   0.000000e+00   0.000000e+00      0s

Solved in 172 iterations and 0.00 seconds
Optimal objective  5.755988955e+03
Changed value of parameter FeasibilityTol to 0.001
   Prev: 1e-06  Min: 1e-09  Max: 0.01  Default: 1e-06
Changed value of parameter MIPFocus to 2
   Prev: 0  Min: 0  Max: 3  Default: 0
Changed value of parameter Presolve to 0
   Prev: -1  Min: -1  Max: 2  Default: -1
Optimize a model with 52 rows, 403 columns and 3547 nonzeros
Coefficient statistics:
  Matrix range    [1e+00, 2e+01]
  Objective range [1e+01, 4e+03]
  Bounds range    [0e+00, 0e+00]
  RHS range       [1e+00, 2e+01]
Iteration    Objective       Primal Inf.    Dual Inf.      Time
       0    2.3151703e+04   5.675000e+01   0.000000e+00      0s
     175    5.7602518e+03   0.000000e+00   0.000000e+00      0s

Solved in 175 iterations and 0.00 seconds
Optimal objective  5.760251832e+03
Changed value of parameter FeasibilityTol to 0.001
   Prev: 1e-06  Min: 1e-09  Max: 0.01  Default: 1e-06
Changed value of parameter MIPFocus to 2
   Prev: 0  Min: 0  Max: 3  Default: 0
Changed value of parameter Presolve to 0
   Prev: -1  Min: -1  Max: 2  Default: -1
Optimize a model with 52 rows, 409 columns and 3604 nonzeros
Coefficient statistics:
  Matrix range    [1e+00, 2e+01]
  Objective range [1e+01, 4e+03]
  Bounds range    [0e+00, 0e+00]
  RHS range       [1e+00, 2e+01]
Iteration    Objective       Primal Inf.    Dual Inf.      Time
       0    2.3151703e+04   5.675000e+01   0.000000e+00      0s
     179    5.7642238e+03   0.000000e+00   0.000000e+00      0s

Solved in 179 iterations and 0.00 seconds
Optimal objective  5.764223775e+03
Changed value of parameter FeasibilityTol to 0.001
   Prev: 1e-06  Min: 1e-09  Max: 0.01  Default: 1e-06
Changed value of parameter MIPFocus to 2
   Prev: 0  Min: 0  Max: 3  Default: 0
Changed value of parameter Presolve to 0
   Prev: -1  Min: -1  Max: 2  Default: -1
Optimize a model with 52 rows, 415 columns and 3662 nonzeros
Coefficient statistics:
  Matrix range    [1e+00, 2e+01]
  Objective range [1e+01, 4e+03]
  Bounds range    [0e+00, 0e+00]
  RHS range       [1e+00, 2e+01]
Iteration    Objective       Primal Inf.    Dual Inf.      Time
       0    2.3151703e+04   5.675000e+01   0.000000e+00      0s
     176    5.7657291e+03   0.000000e+00   0.000000e+00      0s

Solved in 176 iterations and 0.00 seconds
Optimal objective  5.765729136e+03
Changed value of parameter FeasibilityTol to 0.001
   Prev: 1e-06  Min: 1e-09  Max: 0.01  Default: 1e-06
Changed value of parameter MIPFocus to 2
   Prev: 0  Min: 0  Max: 3  Default: 0
Changed value of parameter Presolve to 0
   Prev: -1  Min: -1  Max: 2  Default: -1
Optimize a model with 52 rows, 418 columns and 3688 nonzeros
Coefficient statistics:
  Matrix range    [1e+00, 2e+01]
  Objective range [1e+01, 4e+03]
  Bounds range    [0e+00, 0e+00]
  RHS range       [1e+00, 2e+01]
Iteration    Objective       Primal Inf.    Dual Inf.      Time
       0    2.3151703e+04   5.675000e+01   0.000000e+00      0s
     175    5.7657797e+03   0.000000e+00   0.000000e+00      0s

Solved in 175 iterations and 0.00 seconds
Optimal objective  5.765779719e+03
Changed value of parameter FeasibilityTol to 0.001
   Prev: 1e-06  Min: 1e-09  Max: 0.01  Default: 1e-06
Changed value of parameter MIPFocus to 2
   Prev: 0  Min: 0  Max: 3  Default: 0
Changed value of parameter Presolve to 0
   Prev: -1  Min: -1  Max: 2  Default: -1
Optimize a model with 52 rows, 422 columns and 3737 nonzeros
Coefficient statistics:
  Matrix range    [1e+00, 2e+01]
  Objective range [1e+01, 4e+03]
  Bounds range    [0e+00, 0e+00]
  RHS range       [1e+00, 2e+01]
Iteration    Objective       Primal Inf.    Dual Inf.      Time
       0    2.3151703e+04   5.675000e+01   0.000000e+00      0s
     187    5.7657797e+03   0.000000e+00   0.000000e+00      0s

Solved in 187 iterations and 0.01 seconds
Optimal objective  5.765779719e+03
Changed value of parameter FeasibilityTol to 0.001
   Prev: 1e-06  Min: 1e-09  Max: 0.01  Default: 1e-06
Changed value of parameter MIPFocus to 2
   Prev: 0  Min: 0  Max: 3  Default: 0
Changed value of parameter Presolve to 0
   Prev: -1  Min: -1  Max: 2  Default: -1
Optimize a model with 52 rows, 428 columns and 3790 nonzeros
Coefficient statistics:
  Matrix range    [1e+00, 2e+01]
  Objective range [1e+01, 4e+03]
  Bounds range    [0e+00, 0e+00]
  RHS range       [1e+00, 2e+01]
Iteration    Objective       Primal Inf.    Dual Inf.      Time
       0    2.3151703e+04   5.675000e+01   0.000000e+00      0s
     148    5.7839595e+03   0.000000e+00   0.000000e+00      0s

Solved in 148 iterations and 0.00 seconds
Optimal objective  5.783959544e+03
Changed value of parameter FeasibilityTol to 0.001
   Prev: 1e-06  Min: 1e-09  Max: 0.01  Default: 1e-06
Changed value of parameter MIPFocus to 2
   Prev: 0  Min: 0  Max: 3  Default: 0
Changed value of parameter Presolve to 0
   Prev: -1  Min: -1  Max: 2  Default: -1
Optimize a model with 52 rows, 432 columns and 3830 nonzeros
Coefficient statistics:
  Matrix range    [1e+00, 2e+01]
  Objective range [1e+01, 4e+03]
  Bounds range    [0e+00, 0e+00]
  RHS range       [1e+00, 2e+01]
Iteration    Objective       Primal Inf.    Dual Inf.      Time
       0    2.3151703e+04   5.675000e+01   0.000000e+00      0s
     147    5.7839595e+03   0.000000e+00   0.000000e+00      0s

Solved in 147 iterations and 0.00 seconds
Optimal objective  5.783959544e+03
Changed value of parameter FeasibilityTol to 0.001
   Prev: 1e-06  Min: 1e-09  Max: 0.01  Default: 1e-06
Changed value of parameter MIPFocus to 2
   Prev: 0  Min: 0  Max: 3  Default: 0
Changed value of parameter Presolve to 0
   Prev: -1  Min: -1  Max: 2  Default: -1
Optimize a model with 52 rows, 437 columns and 3887 nonzeros
Coefficient statistics:
  Matrix range    [1e+00, 2e+01]
  Objective range [1e+01, 4e+03]
  Bounds range    [0e+00, 0e+00]
  RHS range       [1e+00, 2e+01]
Iteration    Objective       Primal Inf.    Dual Inf.      Time
       0    2.3151703e+04   5.675000e+01   0.000000e+00      0s
     125    5.7839595e+03   0.000000e+00   0.000000e+00      0s

Solved in 125 iterations and 0.00 seconds
Optimal objective  5.783959544e+03
Changed value of parameter FeasibilityTol to 0.001
   Prev: 1e-06  Min: 1e-09  Max: 0.01  Default: 1e-06
Changed value of parameter MIPFocus to 2
   Prev: 0  Min: 0  Max: 3  Default: 0
Changed value of parameter Presolve to 0
   Prev: -1  Min: -1  Max: 2  Default: -1
Optimize a model with 52 rows, 441 columns and 3930 nonzeros
Coefficient statistics:
  Matrix range    [1e+00, 2e+01]
  Objective range [1e+01, 4e+03]
  Bounds range    [0e+00, 0e+00]
  RHS range       [1e+00, 2e+01]
Iteration    Objective       Primal Inf.    Dual Inf.      Time
       0    2.3151703e+04   5.675000e+01   0.000000e+00      0s
     126    5.7839595e+03   0.000000e+00   0.000000e+00      0s

Solved in 126 iterations and 0.00 seconds
Optimal objective  5.783959544e+03
Changed value of parameter FeasibilityTol to 0.001
   Prev: 1e-06  Min: 1e-09  Max: 0.01  Default: 1e-06
Changed value of parameter MIPFocus to 2
   Prev: 0  Min: 0  Max: 3  Default: 0
Changed value of parameter Presolve to 0
   Prev: -1  Min: -1  Max: 2  Default: -1
Optimize a model with 52 rows, 446 columns and 3988 nonzeros
Coefficient statistics:
  Matrix range    [1e+00, 2e+01]
  Objective range [1e+01, 4e+03]
  Bounds range    [0e+00, 0e+00]
  RHS range       [1e+00, 2e+01]
Iteration    Objective       Primal Inf.    Dual Inf.      Time
       0    2.3151703e+04   5.675000e+01   0.000000e+00      0s
     143    5.7839595e+03   0.000000e+00   0.000000e+00      0s

Solved in 143 iterations and 0.00 seconds
Optimal objective  5.783959544e+03
Changed value of parameter FeasibilityTol to 0.001
   Prev: 1e-06  Min: 1e-09  Max: 0.01  Default: 1e-06
Changed value of parameter MIPFocus to 2
   Prev: 0  Min: 0  Max: 3  Default: 0
Changed value of parameter Presolve to 0
   Prev: -1  Min: -1  Max: 2  Default: -1
Optimize a model with 52 rows, 450 columns and 4032 nonzeros
Coefficient statistics:
  Matrix range    [1e+00, 2e+01]
  Objective range [1e+01, 4e+03]
  Bounds range    [0e+00, 0e+00]
  RHS range       [1e+00, 2e+01]
Iteration    Objective       Primal Inf.    Dual Inf.      Time
       0    2.3151703e+04   5.675000e+01   0.000000e+00      0s
     143    5.7839595e+03   0.000000e+00   0.000000e+00      0s

Solved in 143 iterations and 0.00 seconds
Optimal objective  5.783959544e+03
Changed value of parameter FeasibilityTol to 0.001
   Prev: 1e-06  Min: 1e-09  Max: 0.01  Default: 1e-06
Changed value of parameter MIPFocus to 2
   Prev: 0  Min: 0  Max: 3  Default: 0
Changed value of parameter Presolve to 0
   Prev: -1  Min: -1  Max: 2  Default: -1
Optimize a model with 52 rows, 454 columns and 4078 nonzeros
Coefficient statistics:
  Matrix range    [1e+00, 2e+01]
  Objective range [1e+01, 4e+03]
  Bounds range    [0e+00, 0e+00]
  RHS range       [1e+00, 2e+01]
Iteration    Objective       Primal Inf.    Dual Inf.      Time
       0    2.3151703e+04   5.675000e+01   0.000000e+00      0s
     159    5.7839595e+03   0.000000e+00   0.000000e+00      0s

Solved in 159 iterations and 0.00 seconds
Optimal objective  5.783959544e+03
Changed value of parameter FeasibilityTol to 0.001
   Prev: 1e-06  Min: 1e-09  Max: 0.01  Default: 1e-06
Changed value of parameter MIPFocus to 2
   Prev: 0  Min: 0  Max: 3  Default: 0
Changed value of parameter Presolve to 0
   Prev: -1  Min: -1  Max: 2  Default: -1
Optimize a model with 52 rows, 458 columns and 4127 nonzeros
Coefficient statistics:
  Matrix range    [1e+00, 2e+01]
  Objective range [1e+01, 4e+03]
  Bounds range    [0e+00, 0e+00]
  RHS range       [1e+00, 2e+01]
Iteration    Objective       Primal Inf.    Dual Inf.      Time
       0    2.3151703e+04   5.675000e+01   0.000000e+00      0s
     148    5.7839595e+03   0.000000e+00   0.000000e+00      0s

Solved in 148 iterations and 0.00 seconds
Optimal objective  5.783959544e+03
Changed value of parameter FeasibilityTol to 0.001
   Prev: 1e-06  Min: 1e-09  Max: 0.01  Default: 1e-06
Changed value of parameter MIPFocus to 2
   Prev: 0  Min: 0  Max: 3  Default: 0
Changed value of parameter Presolve to 0
   Prev: -1  Min: -1  Max: 2  Default: -1
Optimize a model with 52 rows, 464 columns and 4184 nonzeros
Coefficient statistics:
  Matrix range    [1e+00, 2e+01]
  Objective range [1e+01, 4e+03]
  Bounds range    [0e+00, 0e+00]
  RHS range       [1e+00, 2e+01]
Iteration    Objective       Primal Inf.    Dual Inf.      Time
       0    2.3151703e+04   5.675000e+01   0.000000e+00      0s
     140    5.7839595e+03   0.000000e+00   0.000000e+00      0s

Solved in 140 iterations and 0.00 seconds
Optimal objective  5.783959544e+03
Changed value of parameter FeasibilityTol to 0.001
   Prev: 1e-06  Min: 1e-09  Max: 0.01  Default: 1e-06
Changed value of parameter MIPFocus to 2
   Prev: 0  Min: 0  Max: 3  Default: 0
Changed value of parameter Presolve to 0
   Prev: -1  Min: -1  Max: 2  Default: -1
Optimize a model with 52 rows, 465 columns and 4199 nonzeros
Coefficient statistics:
  Matrix range    [1e+00, 2e+01]
  Objective range [1e+01, 4e+03]
  Bounds range    [0e+00, 0e+00]
  RHS range       [1e+00, 2e+01]
Iteration    Objective       Primal Inf.    Dual Inf.      Time
       0    2.3151703e+04   5.675000e+01   0.000000e+00      0s
     160    5.7839595e+03   0.000000e+00   0.000000e+00      0s

Solved in 160 iterations and 0.00 seconds
Optimal objective  5.783959544e+03
Changed value of parameter FeasibilityTol to 0.001
   Prev: 1e-06  Min: 1e-09  Max: 0.01  Default: 1e-06
Changed value of parameter MIPFocus to 2
   Prev: 0  Min: 0  Max: 3  Default: 0
Changed value of parameter Presolve to 0
   Prev: -1  Min: -1  Max: 2  Default: -1
Optimize a model with 52 rows, 467 columns and 4221 nonzeros
Coefficient statistics:
  Matrix range    [1e+00, 2e+01]
  Objective range [1e+01, 4e+03]
  Bounds range    [0e+00, 0e+00]
  RHS range       [1e+00, 2e+01]
Iteration    Objective       Primal Inf.    Dual Inf.      Time
       0    2.3151703e+04   5.675000e+01   0.000000e+00      0s
     163    5.7839595e+03   0.000000e+00   0.000000e+00      0s

Solved in 163 iterations and 0.00 seconds
Optimal objective  5.783959544e+03
Changed value of parameter FeasibilityTol to 0.001
   Prev: 1e-06  Min: 1e-09  Max: 0.01  Default: 1e-06
Changed value of parameter MIPFocus to 2
   Prev: 0  Min: 0  Max: 3  Default: 0
Changed value of parameter Presolve to 0
   Prev: -1  Min: -1  Max: 2  Default: -1
Optimize a model with 52 rows, 473 columns and 4277 nonzeros
Coefficient statistics:
  Matrix range    [1e+00, 2e+01]
  Objective range [1e+01, 4e+03]
  Bounds range    [0e+00, 0e+00]
  RHS range       [1e+00, 2e+01]
Iteration    Objective       Primal Inf.    Dual Inf.      Time
       0    2.3151703e+04   5.675000e+01   0.000000e+00      0s
     159    5.7839595e+03   0.000000e+00   0.000000e+00      0s

Solved in 159 iterations and 0.01 seconds
Optimal objective  5.783959544e+03
Changed value of parameter FeasibilityTol to 0.001
   Prev: 1e-06  Min: 1e-09  Max: 0.01  Default: 1e-06
Changed value of parameter MIPFocus to 2
   Prev: 0  Min: 0  Max: 3  Default: 0
Changed value of parameter Presolve to 0
   Prev: -1  Min: -1  Max: 2  Default: -1
Optimize a model with 52 rows, 476 columns and 4302 nonzeros
Coefficient statistics:
  Matrix range    [1e+00, 2e+01]
  Objective range [1e+01, 4e+03]
  Bounds range    [0e+00, 0e+00]
  RHS range       [1e+00, 2e+01]
Iteration    Objective       Primal Inf.    Dual Inf.      Time
       0    2.3151703e+04   5.675000e+01   0.000000e+00      0s
     158    5.7839595e+03   0.000000e+00   0.000000e+00      0s

Solved in 158 iterations and 0.00 seconds
Optimal objective  5.783959544e+03
Changed value of parameter FeasibilityTol to 0.001
   Prev: 1e-06  Min: 1e-09  Max: 0.01  Default: 1e-06
Changed value of parameter MIPFocus to 2
   Prev: 0  Min: 0  Max: 3  Default: 0
Changed value of parameter Presolve to 0
   Prev: -1  Min: -1  Max: 2  Default: -1
Optimize a model with 52 rows, 479 columns and 4333 nonzeros
Coefficient statistics:
  Matrix range    [1e+00, 2e+01]
  Objective range [1e+01, 4e+03]
  Bounds range    [0e+00, 0e+00]
  RHS range       [1e+00, 2e+01]
Iteration    Objective       Primal Inf.    Dual Inf.      Time
       0    2.3151703e+04   5.675000e+01   0.000000e+00      0s
     171    5.7839595e+03   0.000000e+00   0.000000e+00      0s

Solved in 171 iterations and 0.00 seconds
Optimal objective  5.783959544e+03
Changed value of parameter FeasibilityTol to 0.001
   Prev: 1e-06  Min: 1e-09  Max: 0.01  Default: 1e-06
Changed value of parameter MIPFocus to 2
   Prev: 0  Min: 0  Max: 3  Default: 0
Changed value of parameter Presolve to 0
   Prev: -1  Min: -1  Max: 2  Default: -1
Optimize a model with 52 rows, 485 columns and 4400 nonzeros
Coefficient statistics:
  Matrix range    [1e+00, 2e+01]
  Objective range [1e+01, 4e+03]
  Bounds range    [0e+00, 0e+00]
  RHS range       [1e+00, 2e+01]
Iteration    Objective       Primal Inf.    Dual Inf.      Time
       0    2.3151703e+04   5.675000e+01   0.000000e+00      0s
     184    5.7881485e+03   0.000000e+00   0.000000e+00      0s

Solved in 184 iterations and 0.01 seconds
Optimal objective  5.788148544e+03
Changed value of parameter FeasibilityTol to 0.001
   Prev: 1e-06  Min: 1e-09  Max: 0.01  Default: 1e-06
Changed value of parameter MIPFocus to 2
   Prev: 0  Min: 0  Max: 3  Default: 0
Changed value of parameter Presolve to 0
   Prev: -1  Min: -1  Max: 2  Default: -1
Optimize a model with 52 rows, 489 columns and 4434 nonzeros
Coefficient statistics:
  Matrix range    [1e+00, 2e+01]
  Objective range [1e+01, 4e+03]
  Bounds range    [0e+00, 0e+00]
  RHS range       [1e+00, 2e+01]
Iteration    Objective       Primal Inf.    Dual Inf.      Time
       0    2.3151703e+04   5.675000e+01   0.000000e+00      0s
     187    5.7881485e+03   0.000000e+00   0.000000e+00      0s

Solved in 187 iterations and 0.01 seconds
Optimal objective  5.788148544e+03
Changed value of parameter FeasibilityTol to 0.001
   Prev: 1e-06  Min: 1e-09  Max: 0.01  Default: 1e-06
Changed value of parameter MIPFocus to 2
   Prev: 0  Min: 0  Max: 3  Default: 0
Changed value of parameter Presolve to 0
   Prev: -1  Min: -1  Max: 2  Default: -1
Optimize a model with 52 rows, 492 columns and 4460 nonzeros
Coefficient statistics:
  Matrix range    [1e+00, 2e+01]
  Objective range [1e+01, 4e+03]
  Bounds range    [0e+00, 0e+00]
  RHS range       [1e+00, 2e+01]
Iteration    Objective       Primal Inf.    Dual Inf.      Time
       0    2.3151703e+04   5.675000e+01   0.000000e+00      0s
     190    5.7881485e+03   0.000000e+00   0.000000e+00      0s

Solved in 190 iterations and 0.01 seconds
Optimal objective  5.788148544e+03
Changed value of parameter FeasibilityTol to 0.001
   Prev: 1e-06  Min: 1e-09  Max: 0.01  Default: 1e-06
Changed value of parameter MIPFocus to 2
   Prev: 0  Min: 0  Max: 3  Default: 0
Changed value of parameter Presolve to 0
   Prev: -1  Min: -1  Max: 2  Default: -1
Optimize a model with 52 rows, 496 columns and 4500 nonzeros
Coefficient statistics:
  Matrix range    [1e+00, 2e+01]
  Objective range [1e+01, 4e+03]
  Bounds range    [0e+00, 0e+00]
  RHS range       [1e+00, 2e+01]
Iteration    Objective       Primal Inf.    Dual Inf.      Time
       0    2.3151703e+04   5.675000e+01   0.000000e+00      0s
     178    5.7881485e+03   0.000000e+00   0.000000e+00      0s

Solved in 178 iterations and 0.01 seconds
Optimal objective  5.788148544e+03
Changed value of parameter FeasibilityTol to 0.001
   Prev: 1e-06  Min: 1e-09  Max: 0.01  Default: 1e-06
Changed value of parameter MIPFocus to 2
   Prev: 0  Min: 0  Max: 3  Default: 0
Changed value of parameter Presolve to 0
   Prev: -1  Min: -1  Max: 2  Default: -1
Optimize a model with 52 rows, 500 columns and 4531 nonzeros
Coefficient statistics:
  Matrix range    [1e+00, 2e+01]
  Objective range [1e+01, 4e+03]
  Bounds range    [0e+00, 0e+00]
  RHS range       [1e+00, 2e+01]
Iteration    Objective       Primal Inf.    Dual Inf.      Time
       0    2.3151703e+04   5.675000e+01   0.000000e+00      0s
     185    5.7881485e+03   0.000000e+00   0.000000e+00      0s

Solved in 185 iterations and 0.01 seconds
Optimal objective  5.788148544e+03
Changed value of parameter FeasibilityTol to 0.001
   Prev: 1e-06  Min: 1e-09  Max: 0.01  Default: 1e-06
Changed value of parameter MIPFocus to 2
   Prev: 0  Min: 0  Max: 3  Default: 0
Changed value of parameter Presolve to 0
   Prev: -1  Min: -1  Max: 2  Default: -1
Optimize a model with 52 rows, 504 columns and 4569 nonzeros
Coefficient statistics:
  Matrix range    [1e+00, 2e+01]
  Objective range [3e+00, 4e+03]
  Bounds range    [0e+00, 0e+00]
  RHS range       [1e+00, 2e+01]
Iteration    Objective       Primal Inf.    Dual Inf.      Time
       0    2.3151703e+04   5.675000e+01   0.000000e+00      0s
     210    5.7881485e+03   0.000000e+00   0.000000e+00      0s

Solved in 210 iterations and 0.01 seconds
Optimal objective  5.788148544e+03
Changed value of parameter FeasibilityTol to 0.001
   Prev: 1e-06  Min: 1e-09  Max: 0.01  Default: 1e-06
Changed value of parameter MIPFocus to 2
   Prev: 0  Min: 0  Max: 3  Default: 0
Changed value of parameter Presolve to 0
   Prev: -1  Min: -1  Max: 2  Default: -1
Optimize a model with 52 rows, 508 columns and 4604 nonzeros
Coefficient statistics:
  Matrix range    [1e+00, 2e+01]
  Objective range [3e+00, 4e+03]
  Bounds range    [0e+00, 0e+00]
  RHS range       [1e+00, 2e+01]
Iteration    Objective       Primal Inf.    Dual Inf.      Time
       0    2.3151703e+04   5.675000e+01   0.000000e+00      0s
     157    5.8093692e+03   0.000000e+00   0.000000e+00      0s

Solved in 157 iterations and 0.01 seconds
Optimal objective  5.809369183e+03
Changed value of parameter FeasibilityTol to 0.001
   Prev: 1e-06  Min: 1e-09  Max: 0.01  Default: 1e-06
Changed value of parameter MIPFocus to 2
   Prev: 0  Min: 0  Max: 3  Default: 0
Changed value of parameter Presolve to 0
   Prev: -1  Min: -1  Max: 2  Default: -1
Optimize a model with 52 rows, 511 columns and 4634 nonzeros
Coefficient statistics:
  Matrix range    [1e+00, 2e+01]
  Objective range [3e+00, 4e+03]
  Bounds range    [0e+00, 0e+00]
  RHS range       [1e+00, 2e+01]
Iteration    Objective       Primal Inf.    Dual Inf.      Time
       0    2.3151703e+04   5.675000e+01   0.000000e+00      0s
     136    5.8093692e+03   0.000000e+00   0.000000e+00      0s

Solved in 136 iterations and 0.00 seconds
Optimal objective  5.809369183e+03
Changed value of parameter FeasibilityTol to 0.001
   Prev: 1e-06  Min: 1e-09  Max: 0.01  Default: 1e-06
Changed value of parameter MIPFocus to 2
   Prev: 0  Min: 0  Max: 3  Default: 0
Changed value of parameter Presolve to 0
   Prev: -1  Min: -1  Max: 2  Default: -1
Optimize a model with 52 rows, 516 columns and 4687 nonzeros
Coefficient statistics:
  Matrix range    [1e+00, 2e+01]
  Objective range [3e+00, 4e+03]
  Bounds range    [0e+00, 0e+00]
  RHS range       [1e+00, 2e+01]
Iteration    Objective       Primal Inf.    Dual Inf.      Time
       0    2.3151703e+04   5.675000e+01   0.000000e+00      0s
     150    5.8093692e+03   0.000000e+00   0.000000e+00      0s

Solved in 150 iterations and 0.00 seconds
Optimal objective  5.809369183e+03
Changed value of parameter FeasibilityTol to 0.001
   Prev: 1e-06  Min: 1e-09  Max: 0.01  Default: 1e-06
Changed value of parameter MIPFocus to 2
   Prev: 0  Min: 0  Max: 3  Default: 0
Changed value of parameter Presolve to 0
   Prev: -1  Min: -1  Max: 2  Default: -1
Optimize a model with 52 rows, 519 columns and 4706 nonzeros
Coefficient statistics:
  Matrix range    [1e+00, 2e+01]
  Objective range [3e+00, 4e+03]
  Bounds range    [0e+00, 0e+00]
  RHS range       [1e+00, 2e+01]
Iteration    Objective       Primal Inf.    Dual Inf.      Time
       0    2.3151703e+04   5.675000e+01   0.000000e+00      0s
     164    5.8093692e+03   0.000000e+00   0.000000e+00      0s

Solved in 164 iterations and 0.01 seconds
Optimal objective  5.809369183e+03
Changed value of parameter FeasibilityTol to 0.001
   Prev: 1e-06  Min: 1e-09  Max: 0.01  Default: 1e-06
Changed value of parameter MIPFocus to 2
   Prev: 0  Min: 0  Max: 3  Default: 0
Changed value of parameter Presolve to 0
   Prev: -1  Min: -1  Max: 2  Default: -1
Optimize a model with 52 rows, 521 columns and 4733 nonzeros
Coefficient statistics:
  Matrix range    [1e+00, 2e+01]
  Objective range [3e+00, 4e+03]
  Bounds range    [0e+00, 0e+00]
  RHS range       [1e+00, 2e+01]
Iteration    Objective       Primal Inf.    Dual Inf.      Time
       0    2.3151703e+04   5.675000e+01   0.000000e+00      0s
     146    5.8093692e+03   0.000000e+00   0.000000e+00      0s

Solved in 146 iterations and 0.00 seconds
Optimal objective  5.809369183e+03
Changed value of parameter FeasibilityTol to 0.001
   Prev: 1e-06  Min: 1e-09  Max: 0.01  Default: 1e-06
Changed value of parameter MIPFocus to 2
   Prev: 0  Min: 0  Max: 3  Default: 0
Changed value of parameter Presolve to 0
   Prev: -1  Min: -1  Max: 2  Default: -1
Optimize a model with 52 rows, 525 columns and 4774 nonzeros
Coefficient statistics:
  Matrix range    [1e+00, 2e+01]
  Objective range [3e+00, 4e+03]
  Bounds range    [0e+00, 0e+00]
  RHS range       [1e+00, 2e+01]
Iteration    Objective       Primal Inf.    Dual Inf.      Time
       0    2.3151703e+04   5.675000e+01   0.000000e+00      0s
     161    5.8093692e+03   0.000000e+00   0.000000e+00      0s

Solved in 161 iterations and 0.01 seconds
Optimal objective  5.809369183e+03
Changed value of parameter FeasibilityTol to 0.001
   Prev: 1e-06  Min: 1e-09  Max: 0.01  Default: 1e-06
Changed value of parameter MIPFocus to 2
   Prev: 0  Min: 0  Max: 3  Default: 0
Changed value of parameter Presolve to 0
   Prev: -1  Min: -1  Max: 2  Default: -1
Optimize a model with 52 rows, 526 columns and 4778 nonzeros
Coefficient statistics:
  Matrix range    [1e+00, 2e+01]
  Objective range [3e+00, 4e+03]
  Bounds range    [0e+00, 0e+00]
  RHS range       [1e+00, 2e+01]
Iteration    Objective       Primal Inf.    Dual Inf.      Time
       0    2.3151703e+04   5.675000e+01   0.000000e+00      0s
     161    5.8093692e+03   0.000000e+00   0.000000e+00      0s

Solved in 161 iterations and 0.01 seconds
Optimal objective  5.809369183e+03
Changed value of parameter FeasibilityTol to 0.001
   Prev: 1e-06  Min: 1e-09  Max: 0.01  Default: 1e-06
Changed value of parameter MIPFocus to 2
   Prev: 0  Min: 0  Max: 3  Default: 0
Changed value of parameter Presolve to 0
   Prev: -1  Min: -1  Max: 2  Default: -1
Optimize a model with 52 rows, 528 columns and 4800 nonzeros
Coefficient statistics:
  Matrix range    [1e+00, 2e+01]
  Objective range [3e+00, 4e+03]
  Bounds range    [0e+00, 0e+00]
  RHS range       [1e+00, 2e+01]
Iteration    Objective       Primal Inf.    Dual Inf.      Time
       0    2.3151703e+04   5.675000e+01   0.000000e+00      0s
     153    5.8093692e+03   0.000000e+00   0.000000e+00      0s

Solved in 153 iterations and 0.00 seconds
Optimal objective  5.809369183e+03
Changed value of parameter FeasibilityTol to 0.001
   Prev: 1e-06  Min: 1e-09  Max: 0.01  Default: 1e-06
Changed value of parameter MIPFocus to 2
   Prev: 0  Min: 0  Max: 3  Default: 0
Changed value of parameter Presolve to 0
   Prev: -1  Min: -1  Max: 2  Default: -1
Optimize a model with 52 rows, 530 columns and 4822 nonzeros
Coefficient statistics:
  Matrix range    [1e+00, 2e+01]
  Objective range [3e+00, 4e+03]
  Bounds range    [0e+00, 0e+00]
  RHS range       [1e+00, 2e+01]
Iteration    Objective       Primal Inf.    Dual Inf.      Time
       0    2.3151703e+04   5.675000e+01   0.000000e+00      0s
     154    5.8093692e+03   0.000000e+00   0.000000e+00      0s

Solved in 154 iterations and 0.01 seconds
Optimal objective  5.809369183e+03
Changed value of parameter FeasibilityTol to 0.001
   Prev: 1e-06  Min: 1e-09  Max: 0.01  Default: 1e-06
Changed value of parameter MIPFocus to 2
   Prev: 0  Min: 0  Max: 3  Default: 0
Changed value of parameter Presolve to 0
   Prev: -1  Min: -1  Max: 2  Default: -1
Optimize a model with 52 rows, 532 columns and 4840 nonzeros
Coefficient statistics:
  Matrix range    [1e+00, 2e+01]
  Objective range [3e+00, 4e+03]
  Bounds range    [0e+00, 0e+00]
  RHS range       [1e+00, 2e+01]
Iteration    Objective       Primal Inf.    Dual Inf.      Time
       0    2.3151703e+04   5.675000e+01   0.000000e+00      0s
     158    5.8093692e+03   0.000000e+00   0.000000e+00      0s

Solved in 158 iterations and 0.00 seconds
Optimal objective  5.809369183e+03
Changed value of parameter FeasibilityTol to 0.001
   Prev: 1e-06  Min: 1e-09  Max: 0.01  Default: 1e-06
Changed value of parameter MIPFocus to 2
   Prev: 0  Min: 0  Max: 3  Default: 0
Changed value of parameter Presolve to 0
   Prev: -1  Min: -1  Max: 2  Default: -1
Optimize a model with 52 rows, 534 columns and 4856 nonzeros
Coefficient statistics:
  Matrix range    [1e+00, 2e+01]
  Objective range [3e+00, 4e+03]
  Bounds range    [0e+00, 0e+00]
  RHS range       [1e+00, 2e+01]
Iteration    Objective       Primal Inf.    Dual Inf.      Time
       0    2.3151703e+04   5.675000e+01   0.000000e+00      0s
     179    5.8093692e+03   0.000000e+00   0.000000e+00      0s

Solved in 179 iterations and 0.01 seconds
Optimal objective  5.809369183e+03
Changed value of parameter FeasibilityTol to 0.001
   Prev: 1e-06  Min: 1e-09  Max: 0.01  Default: 1e-06
Changed value of parameter MIPFocus to 2
   Prev: 0  Min: 0  Max: 3  Default: 0
Changed value of parameter Presolve to 0
   Prev: -1  Min: -1  Max: 2  Default: -1
Optimize a model with 52 rows, 536 columns and 4879 nonzeros
Coefficient statistics:
  Matrix range    [1e+00, 2e+01]
  Objective range [3e+00, 4e+03]
  Bounds range    [0e+00, 0e+00]
  RHS range       [1e+00, 2e+01]
Iteration    Objective       Primal Inf.    Dual Inf.      Time
       0    2.3151703e+04   5.675000e+01   0.000000e+00      0s
     168    5.8093692e+03   0.000000e+00   0.000000e+00      0s

Solved in 168 iterations and 0.01 seconds
Optimal objective  5.809369183e+03
Changed value of parameter FeasibilityTol to 0.001
   Prev: 1e-06  Min: 1e-09  Max: 0.01  Default: 1e-06
Changed value of parameter MIPFocus to 2
   Prev: 0  Min: 0  Max: 3  Default: 0
Changed value of parameter Presolve to 0
   Prev: -1  Min: -1  Max: 2  Default: -1
Optimize a model with 52 rows, 540 columns and 4917 nonzeros
Coefficient statistics:
  Matrix range    [1e+00, 2e+01]
  Objective range [3e+00, 4e+03]
  Bounds range    [0e+00, 0e+00]
  RHS range       [1e+00, 2e+01]
Iteration    Objective       Primal Inf.    Dual Inf.      Time
       0    2.3151703e+04   5.675000e+01   0.000000e+00      0s
     156    5.8093692e+03   0.000000e+00   0.000000e+00      0s

Solved in 156 iterations and 0.00 seconds
Optimal objective  5.809369183e+03
Changed value of parameter FeasibilityTol to 0.001
   Prev: 1e-06  Min: 1e-09  Max: 0.01  Default: 1e-06
Changed value of parameter MIPFocus to 2
   Prev: 0  Min: 0  Max: 3  Default: 0
Changed value of parameter Presolve to 0
   Prev: -1  Min: -1  Max: 2  Default: -1
Optimize a model with 52 rows, 542 columns and 4939 nonzeros
Coefficient statistics:
  Matrix range    [1e+00, 2e+01]
  Objective range [3e+00, 4e+03]
  Bounds range    [0e+00, 0e+00]
  RHS range       [1e+00, 2e+01]
Iteration    Objective       Primal Inf.    Dual Inf.      Time
       0    2.3151703e+04   5.675000e+01   0.000000e+00      0s
     177    5.8093692e+03   0.000000e+00   0.000000e+00      0s

Solved in 177 iterations and 0.01 seconds
Optimal objective  5.809369183e+03
Changed value of parameter FeasibilityTol to 0.001
   Prev: 1e-06  Min: 1e-09  Max: 0.01  Default: 1e-06
Changed value of parameter MIPFocus to 2
   Prev: 0  Min: 0  Max: 3  Default: 0
Changed value of parameter Presolve to 0
   Prev: -1  Min: -1  Max: 2  Default: -1
Optimize a model with 52 rows, 542 columns and 4939 nonzeros
Coefficient statistics:
  Matrix range    [1e+00, 2e+01]
  Objective range [3e+00, 4e+03]
  Bounds range    [0e+00, 0e+00]
  RHS range       [1e+00, 2e+01]
Iteration    Objective       Primal Inf.    Dual Inf.      Time
       0    2.3151703e+04   5.675000e+01   0.000000e+00      0s
     177    5.8093692e+03   0.000000e+00   0.000000e+00      0s

Solved in 177 iterations and 0.01 seconds
Optimal objective  5.809369183e+03
Optimize a model with 52 rows, 542 columns and 4939 nonzeros
Coefficient statistics:
  Matrix range    [1e+00, 2e+01]
  Objective range [3e+00, 4e+03]
  Bounds range    [0e+00, 0e+00]
  RHS range       [1e+00, 2e+01]
Found heuristic solution: objective -1901
Variable types: 0 continuous, 542 integer (0 binary)

Root relaxation: objective 5.809369e+03, 184 iterations, 0.01 seconds

    Nodes    |    Current Node    |     Objective Bounds      |     Work
 Expl Unexpl |  Obj  Depth IntInf | Incumbent    BestBd   Gap | It/Node Time

*    0     0               0    5809.3691835 5809.36918  0.00%     -    0s

Explored 0 nodes (184 simplex iterations) in 0.01 seconds
Thread count was 4 (of 4 available processors)

Optimal solution found (tolerance 1.00e-04)
Best objective 5.809369183500e+03, best bound 5.809369183500e+03, gap 0.0%
