Changed value of parameter FeasibilityTol to 0.001
   Prev: 1e-06  Min: 1e-09  Max: 0.01  Default: 1e-06
Changed value of parameter MIPFocus to 2
   Prev: 0  Min: 0  Max: 3  Default: 0
Changed value of parameter Presolve to 0
   Prev: -1  Min: -1  Max: 2  Default: -1
Optimize a model with 52 rows, 27 columns and 255 nonzeros
Coefficient statistics:
  Matrix range    [1e+00, 2e+01]
  Objective range [1e+02, 4e+03]
  Bounds range    [0e+00, 0e+00]
  RHS range       [1e+00, 2e+01]
Iteration    Objective       Primal Inf.    Dual Inf.      Time
       0    2.2822538e+04   5.237500e+01   0.000000e+00      0s
      12    4.9316452e+03   0.000000e+00   0.000000e+00      0s

Solved in 12 iterations and 0.00 seconds
Optimal objective  4.931645168e+03
Changed value of parameter FeasibilityTol to 0.001
   Prev: 1e-06  Min: 1e-09  Max: 0.01  Default: 1e-06
Changed value of parameter MIPFocus to 2
   Prev: 0  Min: 0  Max: 3  Default: 0
Changed value of parameter Presolve to 0
   Prev: -1  Min: -1  Max: 2  Default: -1
Optimize a model with 52 rows, 34 columns and 361 nonzeros
Coefficient statistics:
  Matrix range    [1e+00, 2e+01]
  Objective range [1e+02, 4e+03]
  Bounds range    [0e+00, 0e+00]
  RHS range       [1e+00, 2e+01]
Iteration    Objective       Primal Inf.    Dual Inf.      Time
       0    2.2822538e+04   5.237500e+01   0.000000e+00      0s
      16    4.9316452e+03   0.000000e+00   0.000000e+00      0s

Solved in 16 iterations and 0.00 seconds
Optimal objective  4.931645168e+03
Changed value of parameter FeasibilityTol to 0.001
   Prev: 1e-06  Min: 1e-09  Max: 0.01  Default: 1e-06
Changed value of parameter MIPFocus to 2
   Prev: 0  Min: 0  Max: 3  Default: 0
Changed value of parameter Presolve to 0
   Prev: -1  Min: -1  Max: 2  Default: -1
Optimize a model with 52 rows, 38 columns and 416 nonzeros
Coefficient statistics:
  Matrix range    [1e+00, 2e+01]
  Objective range [1e+02, 4e+03]
  Bounds range    [0e+00, 0e+00]
  RHS range       [1e+00, 2e+01]
Iteration    Objective       Primal Inf.    Dual Inf.      Time
       0    2.2822538e+04   5.237500e+01   0.000000e+00      0s
      21    4.9316452e+03   0.000000e+00   0.000000e+00      0s

Solved in 21 iterations and 0.00 seconds
Optimal objective  4.931645168e+03
Changed value of parameter FeasibilityTol to 0.001
   Prev: 1e-06  Min: 1e-09  Max: 0.01  Default: 1e-06
Changed value of parameter MIPFocus to 2
   Prev: 0  Min: 0  Max: 3  Default: 0
Changed value of parameter Presolve to 0
   Prev: -1  Min: -1  Max: 2  Default: -1
Optimize a model with 52 rows, 42 columns and 468 nonzeros
Coefficient statistics:
  Matrix range    [1e+00, 2e+01]
  Objective range [1e+02, 4e+03]
  Bounds range    [0e+00, 0e+00]
  RHS range       [1e+00, 2e+01]
Iteration    Objective       Primal Inf.    Dual Inf.      Time
       0    2.2822538e+04   5.237500e+01   0.000000e+00      0s
      32    4.9316452e+03   0.000000e+00   0.000000e+00      0s

Solved in 32 iterations and 0.00 seconds
Optimal objective  4.931645168e+03
Changed value of parameter FeasibilityTol to 0.001
   Prev: 1e-06  Min: 1e-09  Max: 0.01  Default: 1e-06
Changed value of parameter MIPFocus to 2
   Prev: 0  Min: 0  Max: 3  Default: 0
Changed value of parameter Presolve to 0
   Prev: -1  Min: -1  Max: 2  Default: -1
Optimize a model with 52 rows, 49 columns and 538 nonzeros
Coefficient statistics:
  Matrix range    [1e+00, 2e+01]
  Objective range [1e+02, 4e+03]
  Bounds range    [0e+00, 0e+00]
  RHS range       [1e+00, 2e+01]
Iteration    Objective       Primal Inf.    Dual Inf.      Time
       0    2.2822538e+04   5.237500e+01   0.000000e+00      0s
      40    4.9316452e+03   0.000000e+00   0.000000e+00      0s

Solved in 40 iterations and 0.00 seconds
Optimal objective  4.931645168e+03
Changed value of parameter FeasibilityTol to 0.001
   Prev: 1e-06  Min: 1e-09  Max: 0.01  Default: 1e-06
Changed value of parameter MIPFocus to 2
   Prev: 0  Min: 0  Max: 3  Default: 0
Changed value of parameter Presolve to 0
   Prev: -1  Min: -1  Max: 2  Default: -1
Optimize a model with 52 rows, 55 columns and 597 nonzeros
Coefficient statistics:
  Matrix range    [1e+00, 2e+01]
  Objective range [1e+02, 4e+03]
  Bounds range    [0e+00, 0e+00]
  RHS range       [1e+00, 2e+01]
Iteration    Objective       Primal Inf.    Dual Inf.      Time
       0    2.2822538e+04   5.237500e+01   0.000000e+00      0s
      40    4.9316452e+03   0.000000e+00   0.000000e+00      0s

Solved in 40 iterations and 0.00 seconds
Optimal objective  4.931645168e+03
Changed value of parameter FeasibilityTol to 0.001
   Prev: 1e-06  Min: 1e-09  Max: 0.01  Default: 1e-06
Changed value of parameter MIPFocus to 2
   Prev: 0  Min: 0  Max: 3  Default: 0
Changed value of parameter Presolve to 0
   Prev: -1  Min: -1  Max: 2  Default: -1
Optimize a model with 52 rows, 62 columns and 645 nonzeros
Coefficient statistics:
  Matrix range    [1e+00, 2e+01]
  Objective range [1e+02, 4e+03]
  Bounds range    [0e+00, 0e+00]
  RHS range       [1e+00, 2e+01]
Iteration    Objective       Primal Inf.    Dual Inf.      Time
       0    2.2822538e+04   5.237500e+01   0.000000e+00      0s
      58    4.9316452e+03   0.000000e+00   0.000000e+00      0s

Solved in 58 iterations and 0.00 seconds
Optimal objective  4.931645168e+03
Changed value of parameter FeasibilityTol to 0.001
   Prev: 1e-06  Min: 1e-09  Max: 0.01  Default: 1e-06
Changed value of parameter MIPFocus to 2
   Prev: 0  Min: 0  Max: 3  Default: 0
Changed value of parameter Presolve to 0
   Prev: -1  Min: -1  Max: 2  Default: -1
Optimize a model with 52 rows, 68 columns and 682 nonzeros
Coefficient statistics:
  Matrix range    [1e+00, 2e+01]
  Objective range [5e+01, 4e+03]
  Bounds range    [0e+00, 0e+00]
  RHS range       [1e+00, 2e+01]
Iteration    Objective       Primal Inf.    Dual Inf.      Time
       0    2.2822538e+04   5.237500e+01   0.000000e+00      0s
      73    4.9316452e+03   0.000000e+00   0.000000e+00      0s

Solved in 73 iterations and 0.00 seconds
Optimal objective  4.931645168e+03
Changed value of parameter FeasibilityTol to 0.001
   Prev: 1e-06  Min: 1e-09  Max: 0.01  Default: 1e-06
Changed value of parameter MIPFocus to 2
   Prev: 0  Min: 0  Max: 3  Default: 0
Changed value of parameter Presolve to 0
   Prev: -1  Min: -1  Max: 2  Default: -1
Optimize a model with 52 rows, 75 columns and 750 nonzeros
Coefficient statistics:
  Matrix range    [1e+00, 2e+01]
  Objective range [5e+01, 4e+03]
  Bounds range    [0e+00, 0e+00]
  RHS range       [1e+00, 2e+01]
Iteration    Objective       Primal Inf.    Dual Inf.      Time
       0    2.2822538e+04   5.237500e+01   0.000000e+00      0s
      71    5.0226284e+03   0.000000e+00   0.000000e+00      0s

Solved in 71 iterations and 0.00 seconds
Optimal objective  5.022628430e+03
Changed value of parameter FeasibilityTol to 0.001
   Prev: 1e-06  Min: 1e-09  Max: 0.01  Default: 1e-06
Changed value of parameter MIPFocus to 2
   Prev: 0  Min: 0  Max: 3  Default: 0
Changed value of parameter Presolve to 0
   Prev: -1  Min: -1  Max: 2  Default: -1
Optimize a model with 52 rows, 81 columns and 793 nonzeros
Coefficient statistics:
  Matrix range    [1e+00, 2e+01]
  Objective range [5e+01, 4e+03]
  Bounds range    [0e+00, 0e+00]
  RHS range       [1e+00, 2e+01]
Iteration    Objective       Primal Inf.    Dual Inf.      Time
       0    2.2822538e+04   5.237500e+01   0.000000e+00      0s
      80    5.0535608e+03   0.000000e+00   0.000000e+00      0s

Solved in 80 iterations and 0.00 seconds
Optimal objective  5.053560793e+03
Changed value of parameter FeasibilityTol to 0.001
   Prev: 1e-06  Min: 1e-09  Max: 0.01  Default: 1e-06
Changed value of parameter MIPFocus to 2
   Prev: 0  Min: 0  Max: 3  Default: 0
Changed value of parameter Presolve to 0
   Prev: -1  Min: -1  Max: 2  Default: -1
Optimize a model with 52 rows, 87 columns and 839 nonzeros
Coefficient statistics:
  Matrix range    [1e+00, 2e+01]
  Objective range [5e+01, 4e+03]
  Bounds range    [0e+00, 0e+00]
  RHS range       [1e+00, 2e+01]
Iteration    Objective       Primal Inf.    Dual Inf.      Time
       0    2.2822538e+04   5.237500e+01   0.000000e+00      0s
      84    5.0894600e+03   0.000000e+00   0.000000e+00      0s

Solved in 84 iterations and 0.00 seconds
Optimal objective  5.089460026e+03
Changed value of parameter FeasibilityTol to 0.001
   Prev: 1e-06  Min: 1e-09  Max: 0.01  Default: 1e-06
Changed value of parameter MIPFocus to 2
   Prev: 0  Min: 0  Max: 3  Default: 0
Changed value of parameter Presolve to 0
   Prev: -1  Min: -1  Max: 2  Default: -1
Optimize a model with 52 rows, 93 columns and 875 nonzeros
Coefficient statistics:
  Matrix range    [1e+00, 2e+01]
  Objective range [2e+01, 4e+03]
  Bounds range    [0e+00, 0e+00]
  RHS range       [1e+00, 2e+01]
Iteration    Objective       Primal Inf.    Dual Inf.      Time
       0    2.2822538e+04   5.237500e+01   0.000000e+00      0s
     100    5.1287477e+03   0.000000e+00   0.000000e+00      0s

Solved in 100 iterations and 0.00 seconds
Optimal objective  5.128747722e+03
Changed value of parameter FeasibilityTol to 0.001
   Prev: 1e-06  Min: 1e-09  Max: 0.01  Default: 1e-06
Changed value of parameter MIPFocus to 2
   Prev: 0  Min: 0  Max: 3  Default: 0
Changed value of parameter Presolve to 0
   Prev: -1  Min: -1  Max: 2  Default: -1
Optimize a model with 52 rows, 100 columns and 924 nonzeros
Coefficient statistics:
  Matrix range    [1e+00, 2e+01]
  Objective range [2e+01, 4e+03]
  Bounds range    [0e+00, 0e+00]
  RHS range       [1e+00, 2e+01]
Iteration    Objective       Primal Inf.    Dual Inf.      Time
       0    2.2822538e+04   5.237500e+01   0.000000e+00      0s
      90    5.1655383e+03   0.000000e+00   0.000000e+00      0s

Solved in 90 iterations and 0.00 seconds
Optimal objective  5.165538338e+03
Changed value of parameter FeasibilityTol to 0.001
   Prev: 1e-06  Min: 1e-09  Max: 0.01  Default: 1e-06
Changed value of parameter MIPFocus to 2
   Prev: 0  Min: 0  Max: 3  Default: 0
Changed value of parameter Presolve to 0
   Prev: -1  Min: -1  Max: 2  Default: -1
Optimize a model with 52 rows, 107 columns and 975 nonzeros
Coefficient statistics:
  Matrix range    [1e+00, 2e+01]
  Objective range [2e+01, 4e+03]
  Bounds range    [0e+00, 0e+00]
  RHS range       [1e+00, 2e+01]
Iteration    Objective       Primal Inf.    Dual Inf.      Time
       0    2.2822538e+04   5.237500e+01   0.000000e+00      0s
      88    5.1999036e+03   0.000000e+00   0.000000e+00      0s

Solved in 88 iterations and 0.00 seconds
Optimal objective  5.199903635e+03
Changed value of parameter FeasibilityTol to 0.001
   Prev: 1e-06  Min: 1e-09  Max: 0.01  Default: 1e-06
Changed value of parameter MIPFocus to 2
   Prev: 0  Min: 0  Max: 3  Default: 0
Changed value of parameter Presolve to 0
   Prev: -1  Min: -1  Max: 2  Default: -1
Optimize a model with 52 rows, 113 columns and 1022 nonzeros
Coefficient statistics:
  Matrix range    [1e+00, 2e+01]
  Objective range [6e+00, 4e+03]
  Bounds range    [0e+00, 0e+00]
  RHS range       [1e+00, 2e+01]
Iteration    Objective       Primal Inf.    Dual Inf.      Time
       0    2.2822538e+04   5.237500e+01   0.000000e+00      0s
      93    5.2505626e+03   0.000000e+00   0.000000e+00      0s

Solved in 93 iterations and 0.00 seconds
Optimal objective  5.250562635e+03
Changed value of parameter FeasibilityTol to 0.001
   Prev: 1e-06  Min: 1e-09  Max: 0.01  Default: 1e-06
Changed value of parameter MIPFocus to 2
   Prev: 0  Min: 0  Max: 3  Default: 0
Changed value of parameter Presolve to 0
   Prev: -1  Min: -1  Max: 2  Default: -1
Optimize a model with 52 rows, 119 columns and 1066 nonzeros
Coefficient statistics:
  Matrix range    [1e+00, 2e+01]
  Objective range [6e+00, 4e+03]
  Bounds range    [0e+00, 0e+00]
  RHS range       [1e+00, 2e+01]
Iteration    Objective       Primal Inf.    Dual Inf.      Time
       0    2.2822538e+04   5.237500e+01   0.000000e+00      0s
      94    5.2818763e+03   0.000000e+00   0.000000e+00      0s

Solved in 94 iterations and 0.00 seconds
Optimal objective  5.281876258e+03
Changed value of parameter FeasibilityTol to 0.001
   Prev: 1e-06  Min: 1e-09  Max: 0.01  Default: 1e-06
Changed value of parameter MIPFocus to 2
   Prev: 0  Min: 0  Max: 3  Default: 0
Changed value of parameter Presolve to 0
   Prev: -1  Min: -1  Max: 2  Default: -1
Optimize a model with 52 rows, 125 columns and 1112 nonzeros
Coefficient statistics:
  Matrix range    [1e+00, 2e+01]
  Objective range [6e+00, 4e+03]
  Bounds range    [0e+00, 0e+00]
  RHS range       [1e+00, 2e+01]
Iteration    Objective       Primal Inf.    Dual Inf.      Time
       0    2.2822538e+04   5.237500e+01   0.000000e+00      0s
     105    5.3044786e+03   0.000000e+00   0.000000e+00      0s

Solved in 105 iterations and 0.00 seconds
Optimal objective  5.304478630e+03
Changed value of parameter FeasibilityTol to 0.001
   Prev: 1e-06  Min: 1e-09  Max: 0.01  Default: 1e-06
Changed value of parameter MIPFocus to 2
   Prev: 0  Min: 0  Max: 3  Default: 0
Changed value of parameter Presolve to 0
   Prev: -1  Min: -1  Max: 2  Default: -1
Optimize a model with 52 rows, 132 columns and 1162 nonzeros
Coefficient statistics:
  Matrix range    [1e+00, 2e+01]
  Objective range [6e+00, 4e+03]
  Bounds range    [0e+00, 0e+00]
  RHS range       [1e+00, 2e+01]
Iteration    Objective       Primal Inf.    Dual Inf.      Time
       0    2.2822538e+04   5.237500e+01   0.000000e+00      0s
     106    5.3541430e+03   0.000000e+00   0.000000e+00      0s

Solved in 106 iterations and 0.00 seconds
Optimal objective  5.354143042e+03
Changed value of parameter FeasibilityTol to 0.001
   Prev: 1e-06  Min: 1e-09  Max: 0.01  Default: 1e-06
Changed value of parameter MIPFocus to 2
   Prev: 0  Min: 0  Max: 3  Default: 0
Changed value of parameter Presolve to 0
   Prev: -1  Min: -1  Max: 2  Default: -1
Optimize a model with 52 rows, 138 columns and 1226 nonzeros
Coefficient statistics:
  Matrix range    [1e+00, 2e+01]
  Objective range [6e+00, 4e+03]
  Bounds range    [0e+00, 0e+00]
  RHS range       [1e+00, 2e+01]
Iteration    Objective       Primal Inf.    Dual Inf.      Time
       0    2.2822538e+04   5.237500e+01   0.000000e+00      0s
     114    5.3758486e+03   0.000000e+00   0.000000e+00      0s

Solved in 114 iterations and 0.00 seconds
Optimal objective  5.375848588e+03
Changed value of parameter FeasibilityTol to 0.001
   Prev: 1e-06  Min: 1e-09  Max: 0.01  Default: 1e-06
Changed value of parameter MIPFocus to 2
   Prev: 0  Min: 0  Max: 3  Default: 0
Changed value of parameter Presolve to 0
   Prev: -1  Min: -1  Max: 2  Default: -1
Optimize a model with 52 rows, 145 columns and 1285 nonzeros
Coefficient statistics:
  Matrix range    [1e+00, 2e+01]
  Objective range [6e+00, 4e+03]
  Bounds range    [0e+00, 0e+00]
  RHS range       [1e+00, 2e+01]
Iteration    Objective       Primal Inf.    Dual Inf.      Time
       0    2.2822538e+04   5.237500e+01   0.000000e+00      0s
     115    5.3952687e+03   0.000000e+00   0.000000e+00      0s

Solved in 115 iterations and 0.00 seconds
Optimal objective  5.395268748e+03
Changed value of parameter FeasibilityTol to 0.001
   Prev: 1e-06  Min: 1e-09  Max: 0.01  Default: 1e-06
Changed value of parameter MIPFocus to 2
   Prev: 0  Min: 0  Max: 3  Default: 0
Changed value of parameter Presolve to 0
   Prev: -1  Min: -1  Max: 2  Default: -1
Optimize a model with 52 rows, 151 columns and 1319 nonzeros
Coefficient statistics:
  Matrix range    [1e+00, 2e+01]
  Objective range [6e+00, 4e+03]
  Bounds range    [0e+00, 0e+00]
  RHS range       [1e+00, 2e+01]
Iteration    Objective       Primal Inf.    Dual Inf.      Time
       0    2.2822538e+04   5.237500e+01   0.000000e+00      0s
     116    5.4170261e+03   0.000000e+00   0.000000e+00      0s

Solved in 116 iterations and 0.00 seconds
Optimal objective  5.417026110e+03
Changed value of parameter FeasibilityTol to 0.001
   Prev: 1e-06  Min: 1e-09  Max: 0.01  Default: 1e-06
Changed value of parameter MIPFocus to 2
   Prev: 0  Min: 0  Max: 3  Default: 0
Changed value of parameter Presolve to 0
   Prev: -1  Min: -1  Max: 2  Default: -1
Optimize a model with 52 rows, 158 columns and 1369 nonzeros
Coefficient statistics:
  Matrix range    [1e+00, 2e+01]
  Objective range [6e+00, 4e+03]
  Bounds range    [0e+00, 0e+00]
  RHS range       [1e+00, 2e+01]
Iteration    Objective       Primal Inf.    Dual Inf.      Time
       0    2.2822538e+04   5.237500e+01   0.000000e+00      0s
     106    5.4338099e+03   0.000000e+00   0.000000e+00      0s

Solved in 106 iterations and 0.00 seconds
Optimal objective  5.433809921e+03
Changed value of parameter FeasibilityTol to 0.001
   Prev: 1e-06  Min: 1e-09  Max: 0.01  Default: 1e-06
Changed value of parameter MIPFocus to 2
   Prev: 0  Min: 0  Max: 3  Default: 0
Changed value of parameter Presolve to 0
   Prev: -1  Min: -1  Max: 2  Default: -1
Optimize a model with 52 rows, 163 columns and 1406 nonzeros
Coefficient statistics:
  Matrix range    [1e+00, 2e+01]
  Objective range [6e+00, 4e+03]
  Bounds range    [0e+00, 0e+00]
  RHS range       [1e+00, 2e+01]
Iteration    Objective       Primal Inf.    Dual Inf.      Time
       0    2.2822538e+04   5.237500e+01   0.000000e+00      0s
     117    5.4571986e+03   0.000000e+00   0.000000e+00      0s

Solved in 117 iterations and 0.00 seconds
Optimal objective  5.457198571e+03
Changed value of parameter FeasibilityTol to 0.001
   Prev: 1e-06  Min: 1e-09  Max: 0.01  Default: 1e-06
Changed value of parameter MIPFocus to 2
   Prev: 0  Min: 0  Max: 3  Default: 0
Changed value of parameter Presolve to 0
   Prev: -1  Min: -1  Max: 2  Default: -1
Optimize a model with 52 rows, 169 columns and 1461 nonzeros
Coefficient statistics:
  Matrix range    [1e+00, 2e+01]
  Objective range [6e+00, 4e+03]
  Bounds range    [0e+00, 0e+00]
  RHS range       [1e+00, 2e+01]
Iteration    Objective       Primal Inf.    Dual Inf.      Time
       0    2.2822538e+04   5.237500e+01   0.000000e+00      0s
     134    5.4716736e+03   0.000000e+00   0.000000e+00      0s

Solved in 134 iterations and 0.00 seconds
Optimal objective  5.471673568e+03
Changed value of parameter FeasibilityTol to 0.001
   Prev: 1e-06  Min: 1e-09  Max: 0.01  Default: 1e-06
Changed value of parameter MIPFocus to 2
   Prev: 0  Min: 0  Max: 3  Default: 0
Changed value of parameter Presolve to 0
   Prev: -1  Min: -1  Max: 2  Default: -1
Optimize a model with 52 rows, 175 columns and 1503 nonzeros
Coefficient statistics:
  Matrix range    [1e+00, 2e+01]
  Objective range [6e+00, 4e+03]
  Bounds range    [0e+00, 0e+00]
  RHS range       [1e+00, 2e+01]
Iteration    Objective       Primal Inf.    Dual Inf.      Time
       0    2.2822538e+04   5.237500e+01   0.000000e+00      0s
     124    5.4818596e+03   0.000000e+00   0.000000e+00      0s

Solved in 124 iterations and 0.00 seconds
Optimal objective  5.481859556e+03
Changed value of parameter FeasibilityTol to 0.001
   Prev: 1e-06  Min: 1e-09  Max: 0.01  Default: 1e-06
Changed value of parameter MIPFocus to 2
   Prev: 0  Min: 0  Max: 3  Default: 0
Changed value of parameter Presolve to 0
   Prev: -1  Min: -1  Max: 2  Default: -1
Optimize a model with 52 rows, 181 columns and 1549 nonzeros
Coefficient statistics:
  Matrix range    [1e+00, 2e+01]
  Objective range [6e+00, 4e+03]
  Bounds range    [0e+00, 0e+00]
  RHS range       [1e+00, 2e+01]
Iteration    Objective       Primal Inf.    Dual Inf.      Time
       0    2.2822538e+04   5.237500e+01   0.000000e+00      0s
     117    5.4872764e+03   0.000000e+00   0.000000e+00      0s

Solved in 117 iterations and 0.00 seconds
Optimal objective  5.487276449e+03
Changed value of parameter FeasibilityTol to 0.001
   Prev: 1e-06  Min: 1e-09  Max: 0.01  Default: 1e-06
Changed value of parameter MIPFocus to 2
   Prev: 0  Min: 0  Max: 3  Default: 0
Changed value of parameter Presolve to 0
   Prev: -1  Min: -1  Max: 2  Default: -1
Optimize a model with 52 rows, 185 columns and 1575 nonzeros
Coefficient statistics:
  Matrix range    [1e+00, 2e+01]
  Objective range [6e+00, 4e+03]
  Bounds range    [0e+00, 0e+00]
  RHS range       [1e+00, 2e+01]
Iteration    Objective       Primal Inf.    Dual Inf.      Time
       0    2.2822538e+04   5.237500e+01   0.000000e+00      0s
     120    5.4909498e+03   0.000000e+00   0.000000e+00      0s

Solved in 120 iterations and 0.00 seconds
Optimal objective  5.490949768e+03
Changed value of parameter FeasibilityTol to 0.001
   Prev: 1e-06  Min: 1e-09  Max: 0.01  Default: 1e-06
Changed value of parameter MIPFocus to 2
   Prev: 0  Min: 0  Max: 3  Default: 0
Changed value of parameter Presolve to 0
   Prev: -1  Min: -1  Max: 2  Default: -1
Optimize a model with 52 rows, 190 columns and 1616 nonzeros
Coefficient statistics:
  Matrix range    [1e+00, 2e+01]
  Objective range [6e+00, 4e+03]
  Bounds range    [0e+00, 0e+00]
  RHS range       [1e+00, 2e+01]
Iteration    Objective       Primal Inf.    Dual Inf.      Time
       0    2.2822538e+04   5.237500e+01   0.000000e+00      0s
     123    5.4958338e+03   0.000000e+00   0.000000e+00      0s

Solved in 123 iterations and 0.00 seconds
Optimal objective  5.495833774e+03
Changed value of parameter FeasibilityTol to 0.001
   Prev: 1e-06  Min: 1e-09  Max: 0.01  Default: 1e-06
Changed value of parameter MIPFocus to 2
   Prev: 0  Min: 0  Max: 3  Default: 0
Changed value of parameter Presolve to 0
   Prev: -1  Min: -1  Max: 2  Default: -1
Optimize a model with 52 rows, 196 columns and 1652 nonzeros
Coefficient statistics:
  Matrix range    [1e+00, 2e+01]
  Objective range [6e+00, 4e+03]
  Bounds range    [0e+00, 0e+00]
  RHS range       [1e+00, 2e+01]
Iteration    Objective       Primal Inf.    Dual Inf.      Time
       0    2.2822538e+04   5.237500e+01   0.000000e+00      0s
     128    5.5012456e+03   0.000000e+00   0.000000e+00      0s

Solved in 128 iterations and 0.00 seconds
Optimal objective  5.501245612e+03
Changed value of parameter FeasibilityTol to 0.001
   Prev: 1e-06  Min: 1e-09  Max: 0.01  Default: 1e-06
Changed value of parameter MIPFocus to 2
   Prev: 0  Min: 0  Max: 3  Default: 0
Changed value of parameter Presolve to 0
   Prev: -1  Min: -1  Max: 2  Default: -1
Optimize a model with 52 rows, 201 columns and 1693 nonzeros
Coefficient statistics:
  Matrix range    [1e+00, 2e+01]
  Objective range [6e+00, 4e+03]
  Bounds range    [0e+00, 0e+00]
  RHS range       [1e+00, 2e+01]
Iteration    Objective       Primal Inf.    Dual Inf.      Time
       0    2.2822538e+04   5.237500e+01   0.000000e+00      0s
     128    5.5127549e+03   0.000000e+00   0.000000e+00      0s

Solved in 128 iterations and 0.00 seconds
Optimal objective  5.512754925e+03
Changed value of parameter FeasibilityTol to 0.001
   Prev: 1e-06  Min: 1e-09  Max: 0.01  Default: 1e-06
Changed value of parameter MIPFocus to 2
   Prev: 0  Min: 0  Max: 3  Default: 0
Changed value of parameter Presolve to 0
   Prev: -1  Min: -1  Max: 2  Default: -1
Optimize a model with 52 rows, 206 columns and 1731 nonzeros
Coefficient statistics:
  Matrix range    [1e+00, 2e+01]
  Objective range [6e+00, 4e+03]
  Bounds range    [0e+00, 0e+00]
  RHS range       [1e+00, 2e+01]
Iteration    Objective       Primal Inf.    Dual Inf.      Time
       0    2.2822538e+04   5.237500e+01   0.000000e+00      0s
     139    5.5200382e+03   0.000000e+00   0.000000e+00      0s

Solved in 139 iterations and 0.00 seconds
Optimal objective  5.520038231e+03
Changed value of parameter FeasibilityTol to 0.001
   Prev: 1e-06  Min: 1e-09  Max: 0.01  Default: 1e-06
Changed value of parameter MIPFocus to 2
   Prev: 0  Min: 0  Max: 3  Default: 0
Changed value of parameter Presolve to 0
   Prev: -1  Min: -1  Max: 2  Default: -1
Optimize a model with 52 rows, 212 columns and 1781 nonzeros
Coefficient statistics:
  Matrix range    [1e+00, 2e+01]
  Objective range [6e+00, 4e+03]
  Bounds range    [0e+00, 0e+00]
  RHS range       [1e+00, 2e+01]
Iteration    Objective       Primal Inf.    Dual Inf.      Time
       0    2.2822538e+04   5.237500e+01   0.000000e+00      0s
     123    5.5448215e+03   0.000000e+00   0.000000e+00      0s

Solved in 123 iterations and 0.00 seconds
Optimal objective  5.544821460e+03
Changed value of parameter FeasibilityTol to 0.001
   Prev: 1e-06  Min: 1e-09  Max: 0.01  Default: 1e-06
Changed value of parameter MIPFocus to 2
   Prev: 0  Min: 0  Max: 3  Default: 0
Changed value of parameter Presolve to 0
   Prev: -1  Min: -1  Max: 2  Default: -1
Optimize a model with 52 rows, 217 columns and 1819 nonzeros
Coefficient statistics:
  Matrix range    [1e+00, 2e+01]
  Objective range [6e+00, 4e+03]
  Bounds range    [0e+00, 0e+00]
  RHS range       [1e+00, 2e+01]
Iteration    Objective       Primal Inf.    Dual Inf.      Time
       0    2.2822538e+04   5.237500e+01   0.000000e+00      0s
     122    5.5558576e+03   0.000000e+00   0.000000e+00      0s

Solved in 122 iterations and 0.00 seconds
Optimal objective  5.555857644e+03
Changed value of parameter FeasibilityTol to 0.001
   Prev: 1e-06  Min: 1e-09  Max: 0.01  Default: 1e-06
Changed value of parameter MIPFocus to 2
   Prev: 0  Min: 0  Max: 3  Default: 0
Changed value of parameter Presolve to 0
   Prev: -1  Min: -1  Max: 2  Default: -1
Optimize a model with 52 rows, 222 columns and 1850 nonzeros
Coefficient statistics:
  Matrix range    [1e+00, 2e+01]
  Objective range [6e+00, 4e+03]
  Bounds range    [0e+00, 0e+00]
  RHS range       [1e+00, 2e+01]
Iteration    Objective       Primal Inf.    Dual Inf.      Time
       0    2.2822538e+04   5.237500e+01   0.000000e+00      0s
     142    5.6052104e+03   0.000000e+00   0.000000e+00      0s

Solved in 142 iterations and 0.00 seconds
Optimal objective  5.605210405e+03
Changed value of parameter FeasibilityTol to 0.001
   Prev: 1e-06  Min: 1e-09  Max: 0.01  Default: 1e-06
Changed value of parameter MIPFocus to 2
   Prev: 0  Min: 0  Max: 3  Default: 0
Changed value of parameter Presolve to 0
   Prev: -1  Min: -1  Max: 2  Default: -1
Optimize a model with 52 rows, 227 columns and 1883 nonzeros
Coefficient statistics:
  Matrix range    [1e+00, 2e+01]
  Objective range [6e+00, 4e+03]
  Bounds range    [0e+00, 0e+00]
  RHS range       [1e+00, 2e+01]
Iteration    Objective       Primal Inf.    Dual Inf.      Time
       0    2.2822538e+04   5.237500e+01   0.000000e+00      0s
     145    5.6238343e+03   0.000000e+00   0.000000e+00      0s

Solved in 145 iterations and 0.00 seconds
Optimal objective  5.623834342e+03
Changed value of parameter FeasibilityTol to 0.001
   Prev: 1e-06  Min: 1e-09  Max: 0.01  Default: 1e-06
Changed value of parameter MIPFocus to 2
   Prev: 0  Min: 0  Max: 3  Default: 0
Changed value of parameter Presolve to 0
   Prev: -1  Min: -1  Max: 2  Default: -1
Optimize a model with 52 rows, 233 columns and 1932 nonzeros
Coefficient statistics:
  Matrix range    [1e+00, 2e+01]
  Objective range [6e+00, 4e+03]
  Bounds range    [0e+00, 0e+00]
  RHS range       [1e+00, 2e+01]
Iteration    Objective       Primal Inf.    Dual Inf.      Time
       0    2.2822538e+04   5.237500e+01   0.000000e+00      0s
     140    5.6357351e+03   0.000000e+00   0.000000e+00      0s

Solved in 140 iterations and 0.00 seconds
Optimal objective  5.635735136e+03
Changed value of parameter FeasibilityTol to 0.001
   Prev: 1e-06  Min: 1e-09  Max: 0.01  Default: 1e-06
Changed value of parameter MIPFocus to 2
   Prev: 0  Min: 0  Max: 3  Default: 0
Changed value of parameter Presolve to 0
   Prev: -1  Min: -1  Max: 2  Default: -1
Optimize a model with 52 rows, 238 columns and 1968 nonzeros
Coefficient statistics:
  Matrix range    [1e+00, 2e+01]
  Objective range [6e+00, 4e+03]
  Bounds range    [0e+00, 0e+00]
  RHS range       [1e+00, 2e+01]
Iteration    Objective       Primal Inf.    Dual Inf.      Time
       0    2.2822538e+04   5.237500e+01   0.000000e+00      0s
     129    5.6518912e+03   0.000000e+00   0.000000e+00      0s

Solved in 129 iterations and 0.00 seconds
Optimal objective  5.651891192e+03
Changed value of parameter FeasibilityTol to 0.001
   Prev: 1e-06  Min: 1e-09  Max: 0.01  Default: 1e-06
Changed value of parameter MIPFocus to 2
   Prev: 0  Min: 0  Max: 3  Default: 0
Changed value of parameter Presolve to 0
   Prev: -1  Min: -1  Max: 2  Default: -1
Optimize a model with 52 rows, 241 columns and 1988 nonzeros
Coefficient statistics:
  Matrix range    [1e+00, 2e+01]
  Objective range [6e+00, 4e+03]
  Bounds range    [0e+00, 0e+00]
  RHS range       [1e+00, 2e+01]
Iteration    Objective       Primal Inf.    Dual Inf.      Time
       0    2.2822538e+04   5.237500e+01   0.000000e+00      0s
     150    5.6627745e+03   0.000000e+00   0.000000e+00      0s

Solved in 150 iterations and 0.00 seconds
Optimal objective  5.662774476e+03
Changed value of parameter FeasibilityTol to 0.001
   Prev: 1e-06  Min: 1e-09  Max: 0.01  Default: 1e-06
Changed value of parameter MIPFocus to 2
   Prev: 0  Min: 0  Max: 3  Default: 0
Changed value of parameter Presolve to 0
   Prev: -1  Min: -1  Max: 2  Default: -1
Optimize a model with 52 rows, 247 columns and 2038 nonzeros
Coefficient statistics:
  Matrix range    [1e+00, 2e+01]
  Objective range [6e+00, 4e+03]
  Bounds range    [0e+00, 0e+00]
  RHS range       [1e+00, 2e+01]
Iteration    Objective       Primal Inf.    Dual Inf.      Time
       0    2.2822538e+04   5.237500e+01   0.000000e+00      0s
     135    5.6677233e+03   0.000000e+00   0.000000e+00      0s

Solved in 135 iterations and 0.00 seconds
Optimal objective  5.667723328e+03
Changed value of parameter FeasibilityTol to 0.001
   Prev: 1e-06  Min: 1e-09  Max: 0.01  Default: 1e-06
Changed value of parameter MIPFocus to 2
   Prev: 0  Min: 0  Max: 3  Default: 0
Changed value of parameter Presolve to 0
   Prev: -1  Min: -1  Max: 2  Default: -1
Optimize a model with 52 rows, 253 columns and 2074 nonzeros
Coefficient statistics:
  Matrix range    [1e+00, 2e+01]
  Objective range [6e+00, 4e+03]
  Bounds range    [0e+00, 0e+00]
  RHS range       [1e+00, 2e+01]
Iteration    Objective       Primal Inf.    Dual Inf.      Time
       0    2.2822538e+04   5.237500e+01   0.000000e+00      0s
     146    5.6724896e+03   0.000000e+00   0.000000e+00      0s

Solved in 146 iterations and 0.00 seconds
Optimal objective  5.672489560e+03
Changed value of parameter FeasibilityTol to 0.001
   Prev: 1e-06  Min: 1e-09  Max: 0.01  Default: 1e-06
Changed value of parameter MIPFocus to 2
   Prev: 0  Min: 0  Max: 3  Default: 0
Changed value of parameter Presolve to 0
   Prev: -1  Min: -1  Max: 2  Default: -1
Optimize a model with 52 rows, 260 columns and 2118 nonzeros
Coefficient statistics:
  Matrix range    [1e+00, 2e+01]
  Objective range [6e+00, 4e+03]
  Bounds range    [0e+00, 0e+00]
  RHS range       [1e+00, 2e+01]
Iteration    Objective       Primal Inf.    Dual Inf.      Time
       0    2.2822538e+04   5.237500e+01   0.000000e+00      0s
     141    5.6758305e+03   0.000000e+00   0.000000e+00      0s

Solved in 141 iterations and 0.00 seconds
Optimal objective  5.675830500e+03
Changed value of parameter FeasibilityTol to 0.001
   Prev: 1e-06  Min: 1e-09  Max: 0.01  Default: 1e-06
Changed value of parameter MIPFocus to 2
   Prev: 0  Min: 0  Max: 3  Default: 0
Changed value of parameter Presolve to 0
   Prev: -1  Min: -1  Max: 2  Default: -1
Optimize a model with 52 rows, 265 columns and 2163 nonzeros
Coefficient statistics:
  Matrix range    [1e+00, 2e+01]
  Objective range [6e+00, 4e+03]
  Bounds range    [0e+00, 0e+00]
  RHS range       [1e+00, 2e+01]
Iteration    Objective       Primal Inf.    Dual Inf.      Time
       0    2.2822538e+04   5.237500e+01   0.000000e+00      0s
     150    5.6759074e+03   0.000000e+00   0.000000e+00      0s

Solved in 150 iterations and 0.00 seconds
Optimal objective  5.675907427e+03
Changed value of parameter FeasibilityTol to 0.001
   Prev: 1e-06  Min: 1e-09  Max: 0.01  Default: 1e-06
Changed value of parameter MIPFocus to 2
   Prev: 0  Min: 0  Max: 3  Default: 0
Changed value of parameter Presolve to 0
   Prev: -1  Min: -1  Max: 2  Default: -1
Optimize a model with 52 rows, 271 columns and 2207 nonzeros
Coefficient statistics:
  Matrix range    [1e+00, 2e+01]
  Objective range [6e+00, 4e+03]
  Bounds range    [0e+00, 0e+00]
  RHS range       [1e+00, 2e+01]
Iteration    Objective       Primal Inf.    Dual Inf.      Time
       0    2.2822538e+04   5.237500e+01   0.000000e+00      0s
     151    5.6796415e+03   0.000000e+00   0.000000e+00      0s

Solved in 151 iterations and 0.00 seconds
Optimal objective  5.679641492e+03
Changed value of parameter FeasibilityTol to 0.001
   Prev: 1e-06  Min: 1e-09  Max: 0.01  Default: 1e-06
Changed value of parameter MIPFocus to 2
   Prev: 0  Min: 0  Max: 3  Default: 0
Changed value of parameter Presolve to 0
   Prev: -1  Min: -1  Max: 2  Default: -1
Optimize a model with 52 rows, 275 columns and 2236 nonzeros
Coefficient statistics:
  Matrix range    [1e+00, 2e+01]
  Objective range [1e+00, 4e+03]
  Bounds range    [0e+00, 0e+00]
  RHS range       [1e+00, 2e+01]
Iteration    Objective       Primal Inf.    Dual Inf.      Time
       0    2.2822538e+04   5.237500e+01   0.000000e+00      0s
     145    5.6799406e+03   0.000000e+00   0.000000e+00      0s

Solved in 145 iterations and 0.00 seconds
Optimal objective  5.679940555e+03
Changed value of parameter FeasibilityTol to 0.001
   Prev: 1e-06  Min: 1e-09  Max: 0.01  Default: 1e-06
Changed value of parameter MIPFocus to 2
   Prev: 0  Min: 0  Max: 3  Default: 0
Changed value of parameter Presolve to 0
   Prev: -1  Min: -1  Max: 2  Default: -1
Optimize a model with 52 rows, 280 columns and 2278 nonzeros
Coefficient statistics:
  Matrix range    [1e+00, 2e+01]
  Objective range [1e+00, 4e+03]
  Bounds range    [0e+00, 0e+00]
  RHS range       [1e+00, 2e+01]
Iteration    Objective       Primal Inf.    Dual Inf.      Time
       0    2.2822538e+04   5.237500e+01   0.000000e+00      0s
     156    5.6829423e+03   0.000000e+00   0.000000e+00      0s

Solved in 156 iterations and 0.00 seconds
Optimal objective  5.682942270e+03
Changed value of parameter FeasibilityTol to 0.001
   Prev: 1e-06  Min: 1e-09  Max: 0.01  Default: 1e-06
Changed value of parameter MIPFocus to 2
   Prev: 0  Min: 0  Max: 3  Default: 0
Changed value of parameter Presolve to 0
   Prev: -1  Min: -1  Max: 2  Default: -1
Optimize a model with 52 rows, 286 columns and 2324 nonzeros
Coefficient statistics:
  Matrix range    [1e+00, 2e+01]
  Objective range [1e+00, 4e+03]
  Bounds range    [0e+00, 0e+00]
  RHS range       [1e+00, 2e+01]
Iteration    Objective       Primal Inf.    Dual Inf.      Time
       0    2.2822538e+04   5.237500e+01   0.000000e+00      0s
     154    5.6842026e+03   0.000000e+00   0.000000e+00      0s

Solved in 154 iterations and 0.00 seconds
Optimal objective  5.684202617e+03
Changed value of parameter FeasibilityTol to 0.001
   Prev: 1e-06  Min: 1e-09  Max: 0.01  Default: 1e-06
Changed value of parameter MIPFocus to 2
   Prev: 0  Min: 0  Max: 3  Default: 0
Changed value of parameter Presolve to 0
   Prev: -1  Min: -1  Max: 2  Default: -1
Optimize a model with 52 rows, 291 columns and 2359 nonzeros
Coefficient statistics:
  Matrix range    [1e+00, 2e+01]
  Objective range [1e+00, 4e+03]
  Bounds range    [0e+00, 0e+00]
  RHS range       [1e+00, 2e+01]
Iteration    Objective       Primal Inf.    Dual Inf.      Time
       0    2.2822538e+04   5.237500e+01   0.000000e+00      0s
     153    5.6867574e+03   0.000000e+00   0.000000e+00      0s

Solved in 153 iterations and 0.00 seconds
Optimal objective  5.686757418e+03
Changed value of parameter FeasibilityTol to 0.001
   Prev: 1e-06  Min: 1e-09  Max: 0.01  Default: 1e-06
Changed value of parameter MIPFocus to 2
   Prev: 0  Min: 0  Max: 3  Default: 0
Changed value of parameter Presolve to 0
   Prev: -1  Min: -1  Max: 2  Default: -1
Optimize a model with 52 rows, 295 columns and 2382 nonzeros
Coefficient statistics:
  Matrix range    [1e+00, 2e+01]
  Objective range [1e+00, 4e+03]
  Bounds range    [0e+00, 0e+00]
  RHS range       [1e+00, 2e+01]
Iteration    Objective       Primal Inf.    Dual Inf.      Time
       0    2.2822538e+04   5.237500e+01   0.000000e+00      0s
     150    5.6867900e+03   0.000000e+00   0.000000e+00      0s

Solved in 150 iterations and 0.00 seconds
Optimal objective  5.686790005e+03
Changed value of parameter FeasibilityTol to 0.001
   Prev: 1e-06  Min: 1e-09  Max: 0.01  Default: 1e-06
Changed value of parameter MIPFocus to 2
   Prev: 0  Min: 0  Max: 3  Default: 0
Changed value of parameter Presolve to 0
   Prev: -1  Min: -1  Max: 2  Default: -1
Optimize a model with 52 rows, 300 columns and 2411 nonzeros
Coefficient statistics:
  Matrix range    [1e+00, 2e+01]
  Objective range [1e+00, 4e+03]
  Bounds range    [0e+00, 0e+00]
  RHS range       [1e+00, 2e+01]
Iteration    Objective       Primal Inf.    Dual Inf.      Time
       0    2.2822538e+04   5.237500e+01   0.000000e+00      0s
     144    5.6934934e+03   0.000000e+00   0.000000e+00      0s

Solved in 144 iterations and 0.00 seconds
Optimal objective  5.693493444e+03
Changed value of parameter FeasibilityTol to 0.001
   Prev: 1e-06  Min: 1e-09  Max: 0.01  Default: 1e-06
Changed value of parameter MIPFocus to 2
   Prev: 0  Min: 0  Max: 3  Default: 0
Changed value of parameter Presolve to 0
   Prev: -1  Min: -1  Max: 2  Default: -1
Optimize a model with 52 rows, 301 columns and 2419 nonzeros
Coefficient statistics:
  Matrix range    [1e+00, 2e+01]
  Objective range [1e+00, 4e+03]
  Bounds range    [0e+00, 0e+00]
  RHS range       [1e+00, 2e+01]
Iteration    Objective       Primal Inf.    Dual Inf.      Time
       0    2.2822538e+04   5.237500e+01   0.000000e+00      0s
     169    5.6983121e+03   0.000000e+00   0.000000e+00      0s

Solved in 169 iterations and 0.00 seconds
Optimal objective  5.698312133e+03
Changed value of parameter FeasibilityTol to 0.001
   Prev: 1e-06  Min: 1e-09  Max: 0.01  Default: 1e-06
Changed value of parameter MIPFocus to 2
   Prev: 0  Min: 0  Max: 3  Default: 0
Changed value of parameter Presolve to 0
   Prev: -1  Min: -1  Max: 2  Default: -1
Optimize a model with 52 rows, 305 columns and 2443 nonzeros
Coefficient statistics:
  Matrix range    [1e+00, 2e+01]
  Objective range [1e+00, 4e+03]
  Bounds range    [0e+00, 0e+00]
  RHS range       [1e+00, 2e+01]
Iteration    Objective       Primal Inf.    Dual Inf.      Time
       0    2.2822538e+04   5.237500e+01   0.000000e+00      0s
     174    5.6988234e+03   0.000000e+00   0.000000e+00      0s

Solved in 174 iterations and 0.00 seconds
Optimal objective  5.698823365e+03
Changed value of parameter FeasibilityTol to 0.001
   Prev: 1e-06  Min: 1e-09  Max: 0.01  Default: 1e-06
Changed value of parameter MIPFocus to 2
   Prev: 0  Min: 0  Max: 3  Default: 0
Changed value of parameter Presolve to 0
   Prev: -1  Min: -1  Max: 2  Default: -1
Optimize a model with 52 rows, 308 columns and 2456 nonzeros
Coefficient statistics:
  Matrix range    [1e+00, 2e+01]
  Objective range [1e+00, 4e+03]
  Bounds range    [0e+00, 0e+00]
  RHS range       [1e+00, 2e+01]
Iteration    Objective       Primal Inf.    Dual Inf.      Time
       0    2.2822538e+04   5.237500e+01   0.000000e+00      0s
     163    5.7038397e+03   0.000000e+00   0.000000e+00      0s

Solved in 163 iterations and 0.00 seconds
Optimal objective  5.703839683e+03
Changed value of parameter FeasibilityTol to 0.001
   Prev: 1e-06  Min: 1e-09  Max: 0.01  Default: 1e-06
Changed value of parameter MIPFocus to 2
   Prev: 0  Min: 0  Max: 3  Default: 0
Changed value of parameter Presolve to 0
   Prev: -1  Min: -1  Max: 2  Default: -1
Optimize a model with 52 rows, 312 columns and 2475 nonzeros
Coefficient statistics:
  Matrix range    [1e+00, 2e+01]
  Objective range [1e+00, 4e+03]
  Bounds range    [0e+00, 0e+00]
  RHS range       [1e+00, 2e+01]
Iteration    Objective       Primal Inf.    Dual Inf.      Time
       0    2.2822538e+04   5.237500e+01   0.000000e+00      0s
     158    5.7078325e+03   0.000000e+00   0.000000e+00      0s

Solved in 158 iterations and 0.00 seconds
Optimal objective  5.707832491e+03
Changed value of parameter FeasibilityTol to 0.001
   Prev: 1e-06  Min: 1e-09  Max: 0.01  Default: 1e-06
Changed value of parameter MIPFocus to 2
   Prev: 0  Min: 0  Max: 3  Default: 0
Changed value of parameter Presolve to 0
   Prev: -1  Min: -1  Max: 2  Default: -1
Optimize a model with 52 rows, 317 columns and 2499 nonzeros
Coefficient statistics:
  Matrix range    [1e+00, 2e+01]
  Objective range [1e+00, 4e+03]
  Bounds range    [0e+00, 0e+00]
  RHS range       [1e+00, 2e+01]
Iteration    Objective       Primal Inf.    Dual Inf.      Time
       0    2.2822538e+04   5.237500e+01   0.000000e+00      0s
     164    5.7161303e+03   0.000000e+00   0.000000e+00      0s

Solved in 164 iterations and 0.00 seconds
Optimal objective  5.716130301e+03
Changed value of parameter FeasibilityTol to 0.001
   Prev: 1e-06  Min: 1e-09  Max: 0.01  Default: 1e-06
Changed value of parameter MIPFocus to 2
   Prev: 0  Min: 0  Max: 3  Default: 0
Changed value of parameter Presolve to 0
   Prev: -1  Min: -1  Max: 2  Default: -1
Optimize a model with 52 rows, 320 columns and 2521 nonzeros
Coefficient statistics:
  Matrix range    [1e+00, 2e+01]
  Objective range [1e+00, 4e+03]
  Bounds range    [0e+00, 0e+00]
  RHS range       [1e+00, 2e+01]
Iteration    Objective       Primal Inf.    Dual Inf.      Time
       0    2.2822538e+04   5.237500e+01   0.000000e+00      0s
     158    5.7237726e+03   0.000000e+00   0.000000e+00      0s

Solved in 158 iterations and 0.00 seconds
Optimal objective  5.723772633e+03
Changed value of parameter FeasibilityTol to 0.001
   Prev: 1e-06  Min: 1e-09  Max: 0.01  Default: 1e-06
Changed value of parameter MIPFocus to 2
   Prev: 0  Min: 0  Max: 3  Default: 0
Changed value of parameter Presolve to 0
   Prev: -1  Min: -1  Max: 2  Default: -1
Optimize a model with 52 rows, 324 columns and 2548 nonzeros
Coefficient statistics:
  Matrix range    [1e+00, 2e+01]
  Objective range [1e+00, 4e+03]
  Bounds range    [0e+00, 0e+00]
  RHS range       [1e+00, 2e+01]
Iteration    Objective       Primal Inf.    Dual Inf.      Time
       0    2.2822538e+04   5.237500e+01   0.000000e+00      0s
     134    5.7311179e+03   0.000000e+00   0.000000e+00      0s

Solved in 134 iterations and 0.00 seconds
Optimal objective  5.731117877e+03
Changed value of parameter FeasibilityTol to 0.001
   Prev: 1e-06  Min: 1e-09  Max: 0.01  Default: 1e-06
Changed value of parameter MIPFocus to 2
   Prev: 0  Min: 0  Max: 3  Default: 0
Changed value of parameter Presolve to 0
   Prev: -1  Min: -1  Max: 2  Default: -1
Optimize a model with 52 rows, 328 columns and 2576 nonzeros
Coefficient statistics:
  Matrix range    [1e+00, 2e+01]
  Objective range [1e+00, 4e+03]
  Bounds range    [0e+00, 0e+00]
  RHS range       [1e+00, 2e+01]
Iteration    Objective       Primal Inf.    Dual Inf.      Time
       0    2.2822538e+04   5.237500e+01   0.000000e+00      0s
     154    5.7311179e+03   0.000000e+00   0.000000e+00      0s

Solved in 154 iterations and 0.00 seconds
Optimal objective  5.731117877e+03
Changed value of parameter FeasibilityTol to 0.001
   Prev: 1e-06  Min: 1e-09  Max: 0.01  Default: 1e-06
Changed value of parameter MIPFocus to 2
   Prev: 0  Min: 0  Max: 3  Default: 0
Changed value of parameter Presolve to 0
   Prev: -1  Min: -1  Max: 2  Default: -1
Optimize a model with 52 rows, 332 columns and 2605 nonzeros
Coefficient statistics:
  Matrix range    [1e+00, 2e+01]
  Objective range [1e+00, 4e+03]
  Bounds range    [0e+00, 0e+00]
  RHS range       [1e+00, 2e+01]
Iteration    Objective       Primal Inf.    Dual Inf.      Time
       0    2.2822538e+04   5.237500e+01   0.000000e+00      0s
     157    5.7311179e+03   0.000000e+00   0.000000e+00      0s

Solved in 157 iterations and 0.00 seconds
Optimal objective  5.731117877e+03
Changed value of parameter FeasibilityTol to 0.001
   Prev: 1e-06  Min: 1e-09  Max: 0.01  Default: 1e-06
Changed value of parameter MIPFocus to 2
   Prev: 0  Min: 0  Max: 3  Default: 0
Changed value of parameter Presolve to 0
   Prev: -1  Min: -1  Max: 2  Default: -1
Optimize a model with 52 rows, 336 columns and 2638 nonzeros
Coefficient statistics:
  Matrix range    [1e+00, 2e+01]
  Objective range [1e+00, 4e+03]
  Bounds range    [0e+00, 0e+00]
  RHS range       [1e+00, 2e+01]
Iteration    Objective       Primal Inf.    Dual Inf.      Time
       0    2.2822538e+04   5.237500e+01   0.000000e+00      0s
     148    5.7354960e+03   0.000000e+00   0.000000e+00      0s

Solved in 148 iterations and 0.00 seconds
Optimal objective  5.735495963e+03
Changed value of parameter FeasibilityTol to 0.001
   Prev: 1e-06  Min: 1e-09  Max: 0.01  Default: 1e-06
Changed value of parameter MIPFocus to 2
   Prev: 0  Min: 0  Max: 3  Default: 0
Changed value of parameter Presolve to 0
   Prev: -1  Min: -1  Max: 2  Default: -1
Optimize a model with 52 rows, 338 columns and 2648 nonzeros
Coefficient statistics:
  Matrix range    [1e+00, 2e+01]
  Objective range [1e+00, 4e+03]
  Bounds range    [0e+00, 0e+00]
  RHS range       [1e+00, 2e+01]
Iteration    Objective       Primal Inf.    Dual Inf.      Time
       0    2.2822538e+04   5.237500e+01   0.000000e+00      0s
     168    5.7357694e+03   0.000000e+00   0.000000e+00      0s

Solved in 168 iterations and 0.00 seconds
Optimal objective  5.735769382e+03
Changed value of parameter FeasibilityTol to 0.001
   Prev: 1e-06  Min: 1e-09  Max: 0.01  Default: 1e-06
Changed value of parameter MIPFocus to 2
   Prev: 0  Min: 0  Max: 3  Default: 0
Changed value of parameter Presolve to 0
   Prev: -1  Min: -1  Max: 2  Default: -1
Optimize a model with 52 rows, 341 columns and 2669 nonzeros
Coefficient statistics:
  Matrix range    [1e+00, 2e+01]
  Objective range [1e+00, 4e+03]
  Bounds range    [0e+00, 0e+00]
  RHS range       [1e+00, 2e+01]
Iteration    Objective       Primal Inf.    Dual Inf.      Time
       0    2.2822538e+04   5.237500e+01   0.000000e+00      0s
     181    5.7372846e+03   0.000000e+00   0.000000e+00      0s

Solved in 181 iterations and 0.01 seconds
Optimal objective  5.737284567e+03
Changed value of parameter FeasibilityTol to 0.001
   Prev: 1e-06  Min: 1e-09  Max: 0.01  Default: 1e-06
Changed value of parameter MIPFocus to 2
   Prev: 0  Min: 0  Max: 3  Default: 0
Changed value of parameter Presolve to 0
   Prev: -1  Min: -1  Max: 2  Default: -1
Optimize a model with 52 rows, 345 columns and 2693 nonzeros
Coefficient statistics:
  Matrix range    [1e+00, 2e+01]
  Objective range [1e+00, 4e+03]
  Bounds range    [0e+00, 0e+00]
  RHS range       [1e+00, 2e+01]
Iteration    Objective       Primal Inf.    Dual Inf.      Time
       0    2.2822538e+04   5.237500e+01   0.000000e+00      0s
     192    5.7513995e+03   0.000000e+00   0.000000e+00      0s

Solved in 192 iterations and 0.00 seconds
Optimal objective  5.751399529e+03
Changed value of parameter FeasibilityTol to 0.001
   Prev: 1e-06  Min: 1e-09  Max: 0.01  Default: 1e-06
Changed value of parameter MIPFocus to 2
   Prev: 0  Min: 0  Max: 3  Default: 0
Changed value of parameter Presolve to 0
   Prev: -1  Min: -1  Max: 2  Default: -1
Optimize a model with 52 rows, 350 columns and 2721 nonzeros
Coefficient statistics:
  Matrix range    [1e+00, 2e+01]
  Objective range [1e+00, 4e+03]
  Bounds range    [0e+00, 0e+00]
  RHS range       [1e+00, 2e+01]
Iteration    Objective       Primal Inf.    Dual Inf.      Time
       0    2.2822538e+04   5.237500e+01   0.000000e+00      0s
     185    5.7542281e+03   0.000000e+00   0.000000e+00      0s

Solved in 185 iterations and 0.01 seconds
Optimal objective  5.754228062e+03
Changed value of parameter FeasibilityTol to 0.001
   Prev: 1e-06  Min: 1e-09  Max: 0.01  Default: 1e-06
Changed value of parameter MIPFocus to 2
   Prev: 0  Min: 0  Max: 3  Default: 0
Changed value of parameter Presolve to 0
   Prev: -1  Min: -1  Max: 2  Default: -1
Optimize a model with 52 rows, 354 columns and 2741 nonzeros
Coefficient statistics:
  Matrix range    [1e+00, 2e+01]
  Objective range [1e+00, 4e+03]
  Bounds range    [0e+00, 0e+00]
  RHS range       [1e+00, 2e+01]
Iteration    Objective       Primal Inf.    Dual Inf.      Time
       0    2.2822538e+04   5.237500e+01   0.000000e+00      0s
     165    5.7713598e+03   0.000000e+00   0.000000e+00      0s

Solved in 165 iterations and 0.01 seconds
Optimal objective  5.771359812e+03
Changed value of parameter FeasibilityTol to 0.001
   Prev: 1e-06  Min: 1e-09  Max: 0.01  Default: 1e-06
Changed value of parameter MIPFocus to 2
   Prev: 0  Min: 0  Max: 3  Default: 0
Changed value of parameter Presolve to 0
   Prev: -1  Min: -1  Max: 2  Default: -1
Optimize a model with 52 rows, 358 columns and 2769 nonzeros
Coefficient statistics:
  Matrix range    [1e+00, 2e+01]
  Objective range [1e+00, 4e+03]
  Bounds range    [0e+00, 0e+00]
  RHS range       [1e+00, 2e+01]
Iteration    Objective       Primal Inf.    Dual Inf.      Time
       0    2.2822538e+04   5.237500e+01   0.000000e+00      0s
     163    5.7731326e+03   0.000000e+00   0.000000e+00      0s

Solved in 163 iterations and 0.00 seconds
Optimal objective  5.773132560e+03
Changed value of parameter FeasibilityTol to 0.001
   Prev: 1e-06  Min: 1e-09  Max: 0.01  Default: 1e-06
Changed value of parameter MIPFocus to 2
   Prev: 0  Min: 0  Max: 3  Default: 0
Changed value of parameter Presolve to 0
   Prev: -1  Min: -1  Max: 2  Default: -1
Optimize a model with 52 rows, 361 columns and 2792 nonzeros
Coefficient statistics:
  Matrix range    [1e+00, 2e+01]
  Objective range [1e+00, 4e+03]
  Bounds range    [0e+00, 0e+00]
  RHS range       [1e+00, 2e+01]
Iteration    Objective       Primal Inf.    Dual Inf.      Time
       0    2.2822538e+04   5.237500e+01   0.000000e+00      0s
     168    5.7738870e+03   0.000000e+00   0.000000e+00      0s

Solved in 168 iterations and 0.01 seconds
Optimal objective  5.773887032e+03
Changed value of parameter FeasibilityTol to 0.001
   Prev: 1e-06  Min: 1e-09  Max: 0.01  Default: 1e-06
Changed value of parameter MIPFocus to 2
   Prev: 0  Min: 0  Max: 3  Default: 0
Changed value of parameter Presolve to 0
   Prev: -1  Min: -1  Max: 2  Default: -1
Optimize a model with 52 rows, 363 columns and 2804 nonzeros
Coefficient statistics:
  Matrix range    [1e+00, 2e+01]
  Objective range [1e+00, 4e+03]
  Bounds range    [0e+00, 0e+00]
  RHS range       [1e+00, 2e+01]
Iteration    Objective       Primal Inf.    Dual Inf.      Time
       0    2.2822538e+04   5.237500e+01   0.000000e+00      0s
     169    5.7762579e+03   0.000000e+00   0.000000e+00      0s

Solved in 169 iterations and 0.00 seconds
Optimal objective  5.776257902e+03
Changed value of parameter FeasibilityTol to 0.001
   Prev: 1e-06  Min: 1e-09  Max: 0.01  Default: 1e-06
Changed value of parameter MIPFocus to 2
   Prev: 0  Min: 0  Max: 3  Default: 0
Changed value of parameter Presolve to 0
   Prev: -1  Min: -1  Max: 2  Default: -1
Optimize a model with 52 rows, 365 columns and 2821 nonzeros
Coefficient statistics:
  Matrix range    [1e+00, 2e+01]
  Objective range [1e+00, 4e+03]
  Bounds range    [0e+00, 0e+00]
  RHS range       [1e+00, 2e+01]
Iteration    Objective       Primal Inf.    Dual Inf.      Time
       0    2.2822538e+04   5.237500e+01   0.000000e+00      0s
     140    5.7762579e+03   0.000000e+00   0.000000e+00      0s

Solved in 140 iterations and 0.00 seconds
Optimal objective  5.776257902e+03
Changed value of parameter FeasibilityTol to 0.001
   Prev: 1e-06  Min: 1e-09  Max: 0.01  Default: 1e-06
Changed value of parameter MIPFocus to 2
   Prev: 0  Min: 0  Max: 3  Default: 0
Changed value of parameter Presolve to 0
   Prev: -1  Min: -1  Max: 2  Default: -1
Optimize a model with 52 rows, 368 columns and 2837 nonzeros
Coefficient statistics:
  Matrix range    [1e+00, 2e+01]
  Objective range [1e+00, 4e+03]
  Bounds range    [0e+00, 0e+00]
  RHS range       [1e+00, 2e+01]
Iteration    Objective       Primal Inf.    Dual Inf.      Time
       0    2.2822538e+04   5.237500e+01   0.000000e+00      0s
     152    5.7767974e+03   0.000000e+00   0.000000e+00      0s

Solved in 152 iterations and 0.01 seconds
Optimal objective  5.776797396e+03
Changed value of parameter FeasibilityTol to 0.001
   Prev: 1e-06  Min: 1e-09  Max: 0.01  Default: 1e-06
Changed value of parameter MIPFocus to 2
   Prev: 0  Min: 0  Max: 3  Default: 0
Changed value of parameter Presolve to 0
   Prev: -1  Min: -1  Max: 2  Default: -1
Optimize a model with 52 rows, 370 columns and 2852 nonzeros
Coefficient statistics:
  Matrix range    [1e+00, 2e+01]
  Objective range [1e+00, 4e+03]
  Bounds range    [0e+00, 0e+00]
  RHS range       [1e+00, 2e+01]
Iteration    Objective       Primal Inf.    Dual Inf.      Time
       0    2.2822538e+04   5.237500e+01   0.000000e+00      0s
     154    5.7914550e+03   0.000000e+00   0.000000e+00      0s

Solved in 154 iterations and 0.00 seconds
Optimal objective  5.791455039e+03
Changed value of parameter FeasibilityTol to 0.001
   Prev: 1e-06  Min: 1e-09  Max: 0.01  Default: 1e-06
Changed value of parameter MIPFocus to 2
   Prev: 0  Min: 0  Max: 3  Default: 0
Changed value of parameter Presolve to 0
   Prev: -1  Min: -1  Max: 2  Default: -1
Optimize a model with 52 rows, 375 columns and 2888 nonzeros
Coefficient statistics:
  Matrix range    [1e+00, 2e+01]
  Objective range [1e+00, 4e+03]
  Bounds range    [0e+00, 0e+00]
  RHS range       [1e+00, 2e+01]
Iteration    Objective       Primal Inf.    Dual Inf.      Time
       0    2.2822538e+04   5.237500e+01   0.000000e+00      0s
     141    5.7914550e+03   0.000000e+00   0.000000e+00      0s

Solved in 141 iterations and 0.00 seconds
Optimal objective  5.791455039e+03
Changed value of parameter FeasibilityTol to 0.001
   Prev: 1e-06  Min: 1e-09  Max: 0.01  Default: 1e-06
Changed value of parameter MIPFocus to 2
   Prev: 0  Min: 0  Max: 3  Default: 0
Changed value of parameter Presolve to 0
   Prev: -1  Min: -1  Max: 2  Default: -1
Optimize a model with 52 rows, 377 columns and 2901 nonzeros
Coefficient statistics:
  Matrix range    [1e+00, 2e+01]
  Objective range [1e+00, 4e+03]
  Bounds range    [0e+00, 0e+00]
  RHS range       [1e+00, 2e+01]
Iteration    Objective       Primal Inf.    Dual Inf.      Time
       0    2.2822538e+04   5.237500e+01   0.000000e+00      0s
     168    5.8080084e+03   0.000000e+00   0.000000e+00      0s

Solved in 168 iterations and 0.00 seconds
Optimal objective  5.808008359e+03
Changed value of parameter FeasibilityTol to 0.001
   Prev: 1e-06  Min: 1e-09  Max: 0.01  Default: 1e-06
Changed value of parameter MIPFocus to 2
   Prev: 0  Min: 0  Max: 3  Default: 0
Changed value of parameter Presolve to 0
   Prev: -1  Min: -1  Max: 2  Default: -1
Optimize a model with 52 rows, 380 columns and 2925 nonzeros
Coefficient statistics:
  Matrix range    [1e+00, 2e+01]
  Objective range [1e+00, 4e+03]
  Bounds range    [0e+00, 0e+00]
  RHS range       [1e+00, 2e+01]
Iteration    Objective       Primal Inf.    Dual Inf.      Time
       0    2.2822538e+04   5.237500e+01   0.000000e+00      0s
     169    5.8080084e+03   0.000000e+00   0.000000e+00      0s

Solved in 169 iterations and 0.01 seconds
Optimal objective  5.808008359e+03
Changed value of parameter FeasibilityTol to 0.001
   Prev: 1e-06  Min: 1e-09  Max: 0.01  Default: 1e-06
Changed value of parameter MIPFocus to 2
   Prev: 0  Min: 0  Max: 3  Default: 0
Changed value of parameter Presolve to 0
   Prev: -1  Min: -1  Max: 2  Default: -1
Optimize a model with 52 rows, 386 columns and 2968 nonzeros
Coefficient statistics:
  Matrix range    [1e+00, 2e+01]
  Objective range [1e+00, 4e+03]
  Bounds range    [0e+00, 0e+00]
  RHS range       [1e+00, 2e+01]
Iteration    Objective       Primal Inf.    Dual Inf.      Time
       0    2.2822538e+04   5.237500e+01   0.000000e+00      0s
     154    5.8133289e+03   0.000000e+00   0.000000e+00      0s

Solved in 154 iterations and 0.00 seconds
Optimal objective  5.813328938e+03
Changed value of parameter FeasibilityTol to 0.001
   Prev: 1e-06  Min: 1e-09  Max: 0.01  Default: 1e-06
Changed value of parameter MIPFocus to 2
   Prev: 0  Min: 0  Max: 3  Default: 0
Changed value of parameter Presolve to 0
   Prev: -1  Min: -1  Max: 2  Default: -1
Optimize a model with 52 rows, 390 columns and 3000 nonzeros
Coefficient statistics:
  Matrix range    [1e+00, 2e+01]
  Objective range [1e+00, 4e+03]
  Bounds range    [0e+00, 0e+00]
  RHS range       [1e+00, 2e+01]
Iteration    Objective       Primal Inf.    Dual Inf.      Time
       0    2.2822538e+04   5.237500e+01   0.000000e+00      0s
     160    5.8183987e+03   0.000000e+00   0.000000e+00      0s

Solved in 160 iterations and 0.00 seconds
Optimal objective  5.818398732e+03
Changed value of parameter FeasibilityTol to 0.001
   Prev: 1e-06  Min: 1e-09  Max: 0.01  Default: 1e-06
Changed value of parameter MIPFocus to 2
   Prev: 0  Min: 0  Max: 3  Default: 0
Changed value of parameter Presolve to 0
   Prev: -1  Min: -1  Max: 2  Default: -1
Optimize a model with 52 rows, 396 columns and 3043 nonzeros
Coefficient statistics:
  Matrix range    [1e+00, 2e+01]
  Objective range [1e+00, 4e+03]
  Bounds range    [0e+00, 0e+00]
  RHS range       [1e+00, 2e+01]
Iteration    Objective       Primal Inf.    Dual Inf.      Time
       0    2.2822538e+04   5.237500e+01   0.000000e+00      0s
     159    5.8193451e+03   0.000000e+00   0.000000e+00      0s

Solved in 159 iterations and 0.01 seconds
Optimal objective  5.819345098e+03
Changed value of parameter FeasibilityTol to 0.001
   Prev: 1e-06  Min: 1e-09  Max: 0.01  Default: 1e-06
Changed value of parameter MIPFocus to 2
   Prev: 0  Min: 0  Max: 3  Default: 0
Changed value of parameter Presolve to 0
   Prev: -1  Min: -1  Max: 2  Default: -1
Optimize a model with 52 rows, 398 columns and 3060 nonzeros
Coefficient statistics:
  Matrix range    [1e+00, 2e+01]
  Objective range [1e+00, 4e+03]
  Bounds range    [0e+00, 0e+00]
  RHS range       [1e+00, 2e+01]
Iteration    Objective       Primal Inf.    Dual Inf.      Time
       0    2.2822538e+04   5.237500e+01   0.000000e+00      0s
     160    5.8195699e+03   0.000000e+00   0.000000e+00      0s

Solved in 160 iterations and 0.00 seconds
Optimal objective  5.819569920e+03
Changed value of parameter FeasibilityTol to 0.001
   Prev: 1e-06  Min: 1e-09  Max: 0.01  Default: 1e-06
Changed value of parameter MIPFocus to 2
   Prev: 0  Min: 0  Max: 3  Default: 0
Changed value of parameter Presolve to 0
   Prev: -1  Min: -1  Max: 2  Default: -1
Optimize a model with 52 rows, 401 columns and 3084 nonzeros
Coefficient statistics:
  Matrix range    [1e+00, 2e+01]
  Objective range [1e+00, 4e+03]
  Bounds range    [0e+00, 0e+00]
  RHS range       [1e+00, 2e+01]
Iteration    Objective       Primal Inf.    Dual Inf.      Time
       0    2.2822538e+04   5.237500e+01   0.000000e+00      0s
     169    5.8195699e+03   0.000000e+00   0.000000e+00      0s

Solved in 169 iterations and 0.01 seconds
Optimal objective  5.819569920e+03
Changed value of parameter FeasibilityTol to 0.001
   Prev: 1e-06  Min: 1e-09  Max: 0.01  Default: 1e-06
Changed value of parameter MIPFocus to 2
   Prev: 0  Min: 0  Max: 3  Default: 0
Changed value of parameter Presolve to 0
   Prev: -1  Min: -1  Max: 2  Default: -1
Optimize a model with 52 rows, 407 columns and 3135 nonzeros
Coefficient statistics:
  Matrix range    [1e+00, 2e+01]
  Objective range [1e+00, 4e+03]
  Bounds range    [0e+00, 0e+00]
  RHS range       [1e+00, 2e+01]
Iteration    Objective       Primal Inf.    Dual Inf.      Time
       0    2.2822538e+04   5.237500e+01   0.000000e+00      0s
     181    5.8411019e+03   0.000000e+00   0.000000e+00      0s

Solved in 181 iterations and 0.01 seconds
Optimal objective  5.841101891e+03
Changed value of parameter FeasibilityTol to 0.001
   Prev: 1e-06  Min: 1e-09  Max: 0.01  Default: 1e-06
Changed value of parameter MIPFocus to 2
   Prev: 0  Min: 0  Max: 3  Default: 0
Changed value of parameter Presolve to 0
   Prev: -1  Min: -1  Max: 2  Default: -1
Optimize a model with 52 rows, 413 columns and 3172 nonzeros
Coefficient statistics:
  Matrix range    [1e+00, 2e+01]
  Objective range [1e+00, 4e+03]
  Bounds range    [0e+00, 0e+00]
  RHS range       [1e+00, 2e+01]
Iteration    Objective       Primal Inf.    Dual Inf.      Time
       0    2.2822538e+04   5.237500e+01   0.000000e+00      0s
     178    5.8433679e+03   0.000000e+00   0.000000e+00      0s

Solved in 178 iterations and 0.01 seconds
Optimal objective  5.843367910e+03
Changed value of parameter FeasibilityTol to 0.001
   Prev: 1e-06  Min: 1e-09  Max: 0.01  Default: 1e-06
Changed value of parameter MIPFocus to 2
   Prev: 0  Min: 0  Max: 3  Default: 0
Changed value of parameter Presolve to 0
   Prev: -1  Min: -1  Max: 2  Default: -1
Optimize a model with 52 rows, 417 columns and 3203 nonzeros
Coefficient statistics:
  Matrix range    [1e+00, 2e+01]
  Objective range [1e+00, 4e+03]
  Bounds range    [0e+00, 0e+00]
  RHS range       [1e+00, 2e+01]
Iteration    Objective       Primal Inf.    Dual Inf.      Time
       0    2.2822538e+04   5.237500e+01   0.000000e+00      0s
     185    5.8459127e+03   0.000000e+00   0.000000e+00      0s

Solved in 185 iterations and 0.01 seconds
Optimal objective  5.845912734e+03
Changed value of parameter FeasibilityTol to 0.001
   Prev: 1e-06  Min: 1e-09  Max: 0.01  Default: 1e-06
Changed value of parameter MIPFocus to 2
   Prev: 0  Min: 0  Max: 3  Default: 0
Changed value of parameter Presolve to 0
   Prev: -1  Min: -1  Max: 2  Default: -1
Optimize a model with 52 rows, 421 columns and 3235 nonzeros
Coefficient statistics:
  Matrix range    [1e+00, 2e+01]
  Objective range [1e+00, 4e+03]
  Bounds range    [0e+00, 0e+00]
  RHS range       [1e+00, 2e+01]
Iteration    Objective       Primal Inf.    Dual Inf.      Time
       0    2.2822538e+04   5.237500e+01   0.000000e+00      0s
     181    5.8482348e+03   0.000000e+00   0.000000e+00      0s

Solved in 181 iterations and 0.01 seconds
Optimal objective  5.848234847e+03
Changed value of parameter FeasibilityTol to 0.001
   Prev: 1e-06  Min: 1e-09  Max: 0.01  Default: 1e-06
Changed value of parameter MIPFocus to 2
   Prev: 0  Min: 0  Max: 3  Default: 0
Changed value of parameter Presolve to 0
   Prev: -1  Min: -1  Max: 2  Default: -1
Optimize a model with 52 rows, 426 columns and 3267 nonzeros
Coefficient statistics:
  Matrix range    [1e+00, 2e+01]
  Objective range [1e+00, 4e+03]
  Bounds range    [0e+00, 0e+00]
  RHS range       [1e+00, 2e+01]
Iteration    Objective       Primal Inf.    Dual Inf.      Time
       0    2.2822538e+04   5.237500e+01   0.000000e+00      0s
     161    5.8490449e+03   0.000000e+00   0.000000e+00      0s

Solved in 161 iterations and 0.00 seconds
Optimal objective  5.849044863e+03
Changed value of parameter FeasibilityTol to 0.001
   Prev: 1e-06  Min: 1e-09  Max: 0.01  Default: 1e-06
Changed value of parameter MIPFocus to 2
   Prev: 0  Min: 0  Max: 3  Default: 0
Changed value of parameter Presolve to 0
   Prev: -1  Min: -1  Max: 2  Default: -1
Optimize a model with 52 rows, 430 columns and 3298 nonzeros
Coefficient statistics:
  Matrix range    [1e+00, 2e+01]
  Objective range [1e+00, 4e+03]
  Bounds range    [0e+00, 0e+00]
  RHS range       [1e+00, 2e+01]
Iteration    Objective       Primal Inf.    Dual Inf.      Time
       0    2.2822538e+04   5.237500e+01   0.000000e+00      0s
     172    5.8501402e+03   0.000000e+00   0.000000e+00      0s

Solved in 172 iterations and 0.00 seconds
Optimal objective  5.850140166e+03
Changed value of parameter FeasibilityTol to 0.001
   Prev: 1e-06  Min: 1e-09  Max: 0.01  Default: 1e-06
Changed value of parameter MIPFocus to 2
   Prev: 0  Min: 0  Max: 3  Default: 0
Changed value of parameter Presolve to 0
   Prev: -1  Min: -1  Max: 2  Default: -1
Optimize a model with 52 rows, 435 columns and 3340 nonzeros
Coefficient statistics:
  Matrix range    [1e+00, 2e+01]
  Objective range [1e+00, 4e+03]
  Bounds range    [0e+00, 0e+00]
  RHS range       [1e+00, 2e+01]
Iteration    Objective       Primal Inf.    Dual Inf.      Time
       0    2.2822538e+04   5.237500e+01   0.000000e+00      0s
     187    5.8601048e+03   0.000000e+00   0.000000e+00      0s

Solved in 187 iterations and 0.01 seconds
Optimal objective  5.860104763e+03
Changed value of parameter FeasibilityTol to 0.001
   Prev: 1e-06  Min: 1e-09  Max: 0.01  Default: 1e-06
Changed value of parameter MIPFocus to 2
   Prev: 0  Min: 0  Max: 3  Default: 0
Changed value of parameter Presolve to 0
   Prev: -1  Min: -1  Max: 2  Default: -1
Optimize a model with 52 rows, 437 columns and 3355 nonzeros
Coefficient statistics:
  Matrix range    [1e+00, 2e+01]
  Objective range [1e+00, 4e+03]
  Bounds range    [0e+00, 0e+00]
  RHS range       [1e+00, 2e+01]
Iteration    Objective       Primal Inf.    Dual Inf.      Time
       0    2.2822538e+04   5.237500e+01   0.000000e+00      0s
     194    5.8601048e+03   0.000000e+00   0.000000e+00      0s

Solved in 194 iterations and 0.01 seconds
Optimal objective  5.860104763e+03
Changed value of parameter FeasibilityTol to 0.001
   Prev: 1e-06  Min: 1e-09  Max: 0.01  Default: 1e-06
Changed value of parameter MIPFocus to 2
   Prev: 0  Min: 0  Max: 3  Default: 0
Changed value of parameter Presolve to 0
   Prev: -1  Min: -1  Max: 2  Default: -1
Optimize a model with 52 rows, 442 columns and 3389 nonzeros
Coefficient statistics:
  Matrix range    [1e+00, 2e+01]
  Objective range [1e+00, 4e+03]
  Bounds range    [0e+00, 0e+00]
  RHS range       [1e+00, 2e+01]
Iteration    Objective       Primal Inf.    Dual Inf.      Time
       0    2.2822538e+04   5.237500e+01   0.000000e+00      0s
     177    5.8601048e+03   0.000000e+00   0.000000e+00      0s

Solved in 177 iterations and 0.00 seconds
Optimal objective  5.860104763e+03
Changed value of parameter FeasibilityTol to 0.001
   Prev: 1e-06  Min: 1e-09  Max: 0.01  Default: 1e-06
Changed value of parameter MIPFocus to 2
   Prev: 0  Min: 0  Max: 3  Default: 0
Changed value of parameter Presolve to 0
   Prev: -1  Min: -1  Max: 2  Default: -1
Optimize a model with 52 rows, 446 columns and 3415 nonzeros
Coefficient statistics:
  Matrix range    [1e+00, 2e+01]
  Objective range [1e+00, 4e+03]
  Bounds range    [0e+00, 0e+00]
  RHS range       [1e+00, 2e+01]
Iteration    Objective       Primal Inf.    Dual Inf.      Time
       0    2.2822538e+04   5.237500e+01   0.000000e+00      0s
     173    5.8605658e+03   0.000000e+00   0.000000e+00      0s

Solved in 173 iterations and 0.00 seconds
Optimal objective  5.860565766e+03
Changed value of parameter FeasibilityTol to 0.001
   Prev: 1e-06  Min: 1e-09  Max: 0.01  Default: 1e-06
Changed value of parameter MIPFocus to 2
   Prev: 0  Min: 0  Max: 3  Default: 0
Changed value of parameter Presolve to 0
   Prev: -1  Min: -1  Max: 2  Default: -1
Optimize a model with 52 rows, 450 columns and 3444 nonzeros
Coefficient statistics:
  Matrix range    [1e+00, 2e+01]
  Objective range [1e+00, 4e+03]
  Bounds range    [0e+00, 0e+00]
  RHS range       [1e+00, 2e+01]
Iteration    Objective       Primal Inf.    Dual Inf.      Time
       0    2.2822538e+04   5.237500e+01   0.000000e+00      0s
     184    5.8605658e+03   0.000000e+00   0.000000e+00      0s

Solved in 184 iterations and 0.01 seconds
Optimal objective  5.860565766e+03
Changed value of parameter FeasibilityTol to 0.001
   Prev: 1e-06  Min: 1e-09  Max: 0.01  Default: 1e-06
Changed value of parameter MIPFocus to 2
   Prev: 0  Min: 0  Max: 3  Default: 0
Changed value of parameter Presolve to 0
   Prev: -1  Min: -1  Max: 2  Default: -1
Optimize a model with 52 rows, 452 columns and 3456 nonzeros
Coefficient statistics:
  Matrix range    [1e+00, 2e+01]
  Objective range [1e+00, 4e+03]
  Bounds range    [0e+00, 0e+00]
  RHS range       [1e+00, 2e+01]
Iteration    Objective       Primal Inf.    Dual Inf.      Time
       0    2.2822538e+04   5.237500e+01   0.000000e+00      0s
     169    5.8669028e+03   0.000000e+00   0.000000e+00      0s

Solved in 169 iterations and 0.01 seconds
Optimal objective  5.866902829e+03
Changed value of parameter FeasibilityTol to 0.001
   Prev: 1e-06  Min: 1e-09  Max: 0.01  Default: 1e-06
Changed value of parameter MIPFocus to 2
   Prev: 0  Min: 0  Max: 3  Default: 0
Changed value of parameter Presolve to 0
   Prev: -1  Min: -1  Max: 2  Default: -1
Optimize a model with 52 rows, 456 columns and 3489 nonzeros
Coefficient statistics:
  Matrix range    [1e+00, 2e+01]
  Objective range [1e+00, 4e+03]
  Bounds range    [0e+00, 0e+00]
  RHS range       [1e+00, 2e+01]
Iteration    Objective       Primal Inf.    Dual Inf.      Time
       0    2.2822538e+04   5.237500e+01   0.000000e+00      0s
     175    5.8669028e+03   0.000000e+00   0.000000e+00      0s

Solved in 175 iterations and 0.01 seconds
Optimal objective  5.866902829e+03
Changed value of parameter FeasibilityTol to 0.001
   Prev: 1e-06  Min: 1e-09  Max: 0.01  Default: 1e-06
Changed value of parameter MIPFocus to 2
   Prev: 0  Min: 0  Max: 3  Default: 0
Changed value of parameter Presolve to 0
   Prev: -1  Min: -1  Max: 2  Default: -1
Optimize a model with 52 rows, 459 columns and 3512 nonzeros
Coefficient statistics:
  Matrix range    [1e+00, 2e+01]
  Objective range [1e+00, 4e+03]
  Bounds range    [0e+00, 0e+00]
  RHS range       [1e+00, 2e+01]
Iteration    Objective       Primal Inf.    Dual Inf.      Time
       0    2.2822538e+04   5.237500e+01   0.000000e+00      0s
     176    5.8669028e+03   0.000000e+00   0.000000e+00      0s

Solved in 176 iterations and 0.00 seconds
Optimal objective  5.866902829e+03
Changed value of parameter FeasibilityTol to 0.001
   Prev: 1e-06  Min: 1e-09  Max: 0.01  Default: 1e-06
Changed value of parameter MIPFocus to 2
   Prev: 0  Min: 0  Max: 3  Default: 0
Changed value of parameter Presolve to 0
   Prev: -1  Min: -1  Max: 2  Default: -1
Optimize a model with 52 rows, 462 columns and 3538 nonzeros
Coefficient statistics:
  Matrix range    [1e+00, 2e+01]
  Objective range [1e+00, 4e+03]
  Bounds range    [0e+00, 0e+00]
  RHS range       [1e+00, 2e+01]
Iteration    Objective       Primal Inf.    Dual Inf.      Time
       0    2.2822538e+04   5.237500e+01   0.000000e+00      0s
     183    5.8669028e+03   0.000000e+00   0.000000e+00      0s

Solved in 183 iterations and 0.01 seconds
Optimal objective  5.866902829e+03
Changed value of parameter FeasibilityTol to 0.001
   Prev: 1e-06  Min: 1e-09  Max: 0.01  Default: 1e-06
Changed value of parameter MIPFocus to 2
   Prev: 0  Min: 0  Max: 3  Default: 0
Changed value of parameter Presolve to 0
   Prev: -1  Min: -1  Max: 2  Default: -1
Optimize a model with 52 rows, 467 columns and 3575 nonzeros
Coefficient statistics:
  Matrix range    [1e+00, 2e+01]
  Objective range [1e+00, 4e+03]
  Bounds range    [0e+00, 0e+00]
  RHS range       [1e+00, 2e+01]
Iteration    Objective       Primal Inf.    Dual Inf.      Time
       0    2.2822538e+04   5.237500e+01   0.000000e+00      0s
     169    5.8675679e+03   0.000000e+00   0.000000e+00      0s

Solved in 169 iterations and 0.01 seconds
Optimal objective  5.867567919e+03
Changed value of parameter FeasibilityTol to 0.001
   Prev: 1e-06  Min: 1e-09  Max: 0.01  Default: 1e-06
Changed value of parameter MIPFocus to 2
   Prev: 0  Min: 0  Max: 3  Default: 0
Changed value of parameter Presolve to 0
   Prev: -1  Min: -1  Max: 2  Default: -1
Optimize a model with 52 rows, 470 columns and 3591 nonzeros
Coefficient statistics:
  Matrix range    [1e+00, 2e+01]
  Objective range [1e+00, 4e+03]
  Bounds range    [0e+00, 0e+00]
  RHS range       [1e+00, 2e+01]
Iteration    Objective       Primal Inf.    Dual Inf.      Time
       0    2.2822538e+04   5.237500e+01   0.000000e+00      0s
     162    5.8675679e+03   0.000000e+00   0.000000e+00      0s

Solved in 162 iterations and 0.00 seconds
Optimal objective  5.867567919e+03
Changed value of parameter FeasibilityTol to 0.001
   Prev: 1e-06  Min: 1e-09  Max: 0.01  Default: 1e-06
Changed value of parameter MIPFocus to 2
   Prev: 0  Min: 0  Max: 3  Default: 0
Changed value of parameter Presolve to 0
   Prev: -1  Min: -1  Max: 2  Default: -1
Optimize a model with 52 rows, 474 columns and 3621 nonzeros
Coefficient statistics:
  Matrix range    [1e+00, 2e+01]
  Objective range [1e+00, 4e+03]
  Bounds range    [0e+00, 0e+00]
  RHS range       [1e+00, 2e+01]
Iteration    Objective       Primal Inf.    Dual Inf.      Time
       0    2.2822538e+04   5.237500e+01   0.000000e+00      0s
     157    5.8675679e+03   0.000000e+00   0.000000e+00      0s

Solved in 157 iterations and 0.00 seconds
Optimal objective  5.867567919e+03
Changed value of parameter FeasibilityTol to 0.001
   Prev: 1e-06  Min: 1e-09  Max: 0.01  Default: 1e-06
Changed value of parameter MIPFocus to 2
   Prev: 0  Min: 0  Max: 3  Default: 0
Changed value of parameter Presolve to 0
   Prev: -1  Min: -1  Max: 2  Default: -1
Optimize a model with 52 rows, 480 columns and 3679 nonzeros
Coefficient statistics:
  Matrix range    [1e+00, 2e+01]
  Objective range [1e+00, 4e+03]
  Bounds range    [0e+00, 0e+00]
  RHS range       [1e+00, 2e+01]
Iteration    Objective       Primal Inf.    Dual Inf.      Time
       0    2.2822538e+04   5.237500e+01   0.000000e+00      0s
     176    5.8675679e+03   0.000000e+00   0.000000e+00      0s

Solved in 176 iterations and 0.01 seconds
Optimal objective  5.867567919e+03
Changed value of parameter FeasibilityTol to 0.001
   Prev: 1e-06  Min: 1e-09  Max: 0.01  Default: 1e-06
Changed value of parameter MIPFocus to 2
   Prev: 0  Min: 0  Max: 3  Default: 0
Changed value of parameter Presolve to 0
   Prev: -1  Min: -1  Max: 2  Default: -1
Optimize a model with 52 rows, 482 columns and 3693 nonzeros
Coefficient statistics:
  Matrix range    [1e+00, 2e+01]
  Objective range [1e+00, 4e+03]
  Bounds range    [0e+00, 0e+00]
  RHS range       [1e+00, 2e+01]
Iteration    Objective       Primal Inf.    Dual Inf.      Time
       0    2.2822538e+04   5.237500e+01   0.000000e+00      0s
     165    5.8675679e+03   0.000000e+00   0.000000e+00      0s

Solved in 165 iterations and 0.00 seconds
Optimal objective  5.867567919e+03
Changed value of parameter FeasibilityTol to 0.001
   Prev: 1e-06  Min: 1e-09  Max: 0.01  Default: 1e-06
Changed value of parameter MIPFocus to 2
   Prev: 0  Min: 0  Max: 3  Default: 0
Changed value of parameter Presolve to 0
   Prev: -1  Min: -1  Max: 2  Default: -1
Optimize a model with 52 rows, 486 columns and 3721 nonzeros
Coefficient statistics:
  Matrix range    [1e+00, 2e+01]
  Objective range [1e+00, 4e+03]
  Bounds range    [0e+00, 0e+00]
  RHS range       [1e+00, 2e+01]
Iteration    Objective       Primal Inf.    Dual Inf.      Time
       0    2.2822538e+04   5.237500e+01   0.000000e+00      0s
     168    5.8690372e+03   0.000000e+00   0.000000e+00      0s

Solved in 168 iterations and 0.01 seconds
Optimal objective  5.869037227e+03
Changed value of parameter FeasibilityTol to 0.001
   Prev: 1e-06  Min: 1e-09  Max: 0.01  Default: 1e-06
Changed value of parameter MIPFocus to 2
   Prev: 0  Min: 0  Max: 3  Default: 0
Changed value of parameter Presolve to 0
   Prev: -1  Min: -1  Max: 2  Default: -1
Optimize a model with 52 rows, 490 columns and 3755 nonzeros
Coefficient statistics:
  Matrix range    [1e+00, 2e+01]
  Objective range [1e+00, 4e+03]
  Bounds range    [0e+00, 0e+00]
  RHS range       [1e+00, 2e+01]
Iteration    Objective       Primal Inf.    Dual Inf.      Time
       0    2.2822538e+04   5.237500e+01   0.000000e+00      0s
     174    5.8690372e+03   0.000000e+00   0.000000e+00      0s

Solved in 174 iterations and 0.01 seconds
Optimal objective  5.869037227e+03
Changed value of parameter FeasibilityTol to 0.001
   Prev: 1e-06  Min: 1e-09  Max: 0.01  Default: 1e-06
Changed value of parameter MIPFocus to 2
   Prev: 0  Min: 0  Max: 3  Default: 0
Changed value of parameter Presolve to 0
   Prev: -1  Min: -1  Max: 2  Default: -1
Optimize a model with 52 rows, 493 columns and 3778 nonzeros
Coefficient statistics:
  Matrix range    [1e+00, 2e+01]
  Objective range [1e+00, 4e+03]
  Bounds range    [0e+00, 0e+00]
  RHS range       [1e+00, 2e+01]
Iteration    Objective       Primal Inf.    Dual Inf.      Time
       0    2.2822538e+04   5.237500e+01   0.000000e+00      0s
     174    5.8690372e+03   0.000000e+00   0.000000e+00      0s

Solved in 174 iterations and 0.01 seconds
Optimal objective  5.869037227e+03
Changed value of parameter FeasibilityTol to 0.001
   Prev: 1e-06  Min: 1e-09  Max: 0.01  Default: 1e-06
Changed value of parameter MIPFocus to 2
   Prev: 0  Min: 0  Max: 3  Default: 0
Changed value of parameter Presolve to 0
   Prev: -1  Min: -1  Max: 2  Default: -1
Optimize a model with 52 rows, 497 columns and 3809 nonzeros
Coefficient statistics:
  Matrix range    [1e+00, 2e+01]
  Objective range [1e+00, 4e+03]
  Bounds range    [0e+00, 0e+00]
  RHS range       [1e+00, 2e+01]
Iteration    Objective       Primal Inf.    Dual Inf.      Time
       0    2.2822538e+04   5.237500e+01   0.000000e+00      0s
     155    5.8690372e+03   0.000000e+00   0.000000e+00      0s

Solved in 155 iterations and 0.00 seconds
Optimal objective  5.869037227e+03
Changed value of parameter FeasibilityTol to 0.001
   Prev: 1e-06  Min: 1e-09  Max: 0.01  Default: 1e-06
Changed value of parameter MIPFocus to 2
   Prev: 0  Min: 0  Max: 3  Default: 0
Changed value of parameter Presolve to 0
   Prev: -1  Min: -1  Max: 2  Default: -1
Optimize a model with 52 rows, 498 columns and 3815 nonzeros
Coefficient statistics:
  Matrix range    [1e+00, 2e+01]
  Objective range [1e+00, 4e+03]
  Bounds range    [0e+00, 0e+00]
  RHS range       [1e+00, 2e+01]
Iteration    Objective       Primal Inf.    Dual Inf.      Time
       0    2.2822538e+04   5.237500e+01   0.000000e+00      0s
     154    5.8690372e+03   0.000000e+00   0.000000e+00      0s

Solved in 154 iterations and 0.00 seconds
Optimal objective  5.869037227e+03
Changed value of parameter FeasibilityTol to 0.001
   Prev: 1e-06  Min: 1e-09  Max: 0.01  Default: 1e-06
Changed value of parameter MIPFocus to 2
   Prev: 0  Min: 0  Max: 3  Default: 0
Changed value of parameter Presolve to 0
   Prev: -1  Min: -1  Max: 2  Default: -1
Optimize a model with 52 rows, 501 columns and 3841 nonzeros
Coefficient statistics:
  Matrix range    [1e+00, 2e+01]
  Objective range [1e+00, 4e+03]
  Bounds range    [0e+00, 0e+00]
  RHS range       [1e+00, 2e+01]
Iteration    Objective       Primal Inf.    Dual Inf.      Time
       0    2.2822538e+04   5.237500e+01   0.000000e+00      0s
     152    5.8699238e+03   0.000000e+00   0.000000e+00      0s

Solved in 152 iterations and 0.00 seconds
Optimal objective  5.869923780e+03
Changed value of parameter FeasibilityTol to 0.001
   Prev: 1e-06  Min: 1e-09  Max: 0.01  Default: 1e-06
Changed value of parameter MIPFocus to 2
   Prev: 0  Min: 0  Max: 3  Default: 0
Changed value of parameter Presolve to 0
   Prev: -1  Min: -1  Max: 2  Default: -1
Optimize a model with 52 rows, 505 columns and 3868 nonzeros
Coefficient statistics:
  Matrix range    [1e+00, 2e+01]
  Objective range [1e+00, 4e+03]
  Bounds range    [0e+00, 0e+00]
  RHS range       [1e+00, 2e+01]
Iteration    Objective       Primal Inf.    Dual Inf.      Time
       0    2.2822538e+04   5.237500e+01   0.000000e+00      0s
     187    5.8699238e+03   0.000000e+00   0.000000e+00      0s

Solved in 187 iterations and 0.01 seconds
Optimal objective  5.869923780e+03
Changed value of parameter FeasibilityTol to 0.001
   Prev: 1e-06  Min: 1e-09  Max: 0.01  Default: 1e-06
Changed value of parameter MIPFocus to 2
   Prev: 0  Min: 0  Max: 3  Default: 0
Changed value of parameter Presolve to 0
   Prev: -1  Min: -1  Max: 2  Default: -1
Optimize a model with 52 rows, 508 columns and 3893 nonzeros
Coefficient statistics:
  Matrix range    [1e+00, 2e+01]
  Objective range [1e+00, 4e+03]
  Bounds range    [0e+00, 0e+00]
  RHS range       [1e+00, 2e+01]
Iteration    Objective       Primal Inf.    Dual Inf.      Time
       0    2.2822538e+04   5.237500e+01   0.000000e+00      0s
     155    5.8699238e+03   0.000000e+00   0.000000e+00      0s

Solved in 155 iterations and 0.01 seconds
Optimal objective  5.869923780e+03
Changed value of parameter FeasibilityTol to 0.001
   Prev: 1e-06  Min: 1e-09  Max: 0.01  Default: 1e-06
Changed value of parameter MIPFocus to 2
   Prev: 0  Min: 0  Max: 3  Default: 0
Changed value of parameter Presolve to 0
   Prev: -1  Min: -1  Max: 2  Default: -1
Optimize a model with 52 rows, 510 columns and 3905 nonzeros
Coefficient statistics:
  Matrix range    [1e+00, 2e+01]
  Objective range [1e+00, 4e+03]
  Bounds range    [0e+00, 0e+00]
  RHS range       [1e+00, 2e+01]
Iteration    Objective       Primal Inf.    Dual Inf.      Time
       0    2.2822538e+04   5.237500e+01   0.000000e+00      0s
     160    5.8699238e+03   0.000000e+00   0.000000e+00      0s

Solved in 160 iterations and 0.00 seconds
Optimal objective  5.869923780e+03
Changed value of parameter FeasibilityTol to 0.001
   Prev: 1e-06  Min: 1e-09  Max: 0.01  Default: 1e-06
Changed value of parameter MIPFocus to 2
   Prev: 0  Min: 0  Max: 3  Default: 0
Changed value of parameter Presolve to 0
   Prev: -1  Min: -1  Max: 2  Default: -1
Optimize a model with 52 rows, 512 columns and 3918 nonzeros
Coefficient statistics:
  Matrix range    [1e+00, 2e+01]
  Objective range [1e+00, 4e+03]
  Bounds range    [0e+00, 0e+00]
  RHS range       [1e+00, 2e+01]
Iteration    Objective       Primal Inf.    Dual Inf.      Time
       0    2.2822538e+04   5.237500e+01   0.000000e+00      0s
     159    5.8699238e+03   0.000000e+00   0.000000e+00      0s

Solved in 159 iterations and 0.00 seconds
Optimal objective  5.869923780e+03
Changed value of parameter FeasibilityTol to 0.001
   Prev: 1e-06  Min: 1e-09  Max: 0.01  Default: 1e-06
Changed value of parameter MIPFocus to 2
   Prev: 0  Min: 0  Max: 3  Default: 0
Changed value of parameter Presolve to 0
   Prev: -1  Min: -1  Max: 2  Default: -1
Optimize a model with 52 rows, 513 columns and 3923 nonzeros
Coefficient statistics:
  Matrix range    [1e+00, 2e+01]
  Objective range [1e+00, 4e+03]
  Bounds range    [0e+00, 0e+00]
  RHS range       [1e+00, 2e+01]
Iteration    Objective       Primal Inf.    Dual Inf.      Time
       0    2.2822538e+04   5.237500e+01   0.000000e+00      0s
     160    5.8699238e+03   0.000000e+00   0.000000e+00      0s

Solved in 160 iterations and 0.00 seconds
Optimal objective  5.869923780e+03
Changed value of parameter FeasibilityTol to 0.001
   Prev: 1e-06  Min: 1e-09  Max: 0.01  Default: 1e-06
Changed value of parameter MIPFocus to 2
   Prev: 0  Min: 0  Max: 3  Default: 0
Changed value of parameter Presolve to 0
   Prev: -1  Min: -1  Max: 2  Default: -1
Optimize a model with 52 rows, 515 columns and 3939 nonzeros
Coefficient statistics:
  Matrix range    [1e+00, 2e+01]
  Objective range [1e+00, 4e+03]
  Bounds range    [0e+00, 0e+00]
  RHS range       [1e+00, 2e+01]
Iteration    Objective       Primal Inf.    Dual Inf.      Time
       0    2.2822538e+04   5.237500e+01   0.000000e+00      0s
     176    5.8699238e+03   0.000000e+00   0.000000e+00      0s

Solved in 176 iterations and 0.01 seconds
Optimal objective  5.869923780e+03
Changed value of parameter FeasibilityTol to 0.001
   Prev: 1e-06  Min: 1e-09  Max: 0.01  Default: 1e-06
Changed value of parameter MIPFocus to 2
   Prev: 0  Min: 0  Max: 3  Default: 0
Changed value of parameter Presolve to 0
   Prev: -1  Min: -1  Max: 2  Default: -1
Optimize a model with 52 rows, 517 columns and 3953 nonzeros
Coefficient statistics:
  Matrix range    [1e+00, 2e+01]
  Objective range [1e+00, 4e+03]
  Bounds range    [0e+00, 0e+00]
  RHS range       [1e+00, 2e+01]
Iteration    Objective       Primal Inf.    Dual Inf.      Time
       0    2.2822538e+04   5.237500e+01   0.000000e+00      0s
     174    5.8699238e+03   0.000000e+00   0.000000e+00      0s

Solved in 174 iterations and 0.01 seconds
Optimal objective  5.869923780e+03
Changed value of parameter FeasibilityTol to 0.001
   Prev: 1e-06  Min: 1e-09  Max: 0.01  Default: 1e-06
Changed value of parameter MIPFocus to 2
   Prev: 0  Min: 0  Max: 3  Default: 0
Changed value of parameter Presolve to 0
   Prev: -1  Min: -1  Max: 2  Default: -1
Optimize a model with 52 rows, 520 columns and 3982 nonzeros
Coefficient statistics:
  Matrix range    [1e+00, 2e+01]
  Objective range [1e+00, 4e+03]
  Bounds range    [0e+00, 0e+00]
  RHS range       [1e+00, 2e+01]
Iteration    Objective       Primal Inf.    Dual Inf.      Time
       0    2.2822538e+04   5.237500e+01   0.000000e+00      0s
     167    5.8699238e+03   0.000000e+00   0.000000e+00      0s

Solved in 167 iterations and 0.01 seconds
Optimal objective  5.869923780e+03
Changed value of parameter FeasibilityTol to 0.001
   Prev: 1e-06  Min: 1e-09  Max: 0.01  Default: 1e-06
Changed value of parameter MIPFocus to 2
   Prev: 0  Min: 0  Max: 3  Default: 0
Changed value of parameter Presolve to 0
   Prev: -1  Min: -1  Max: 2  Default: -1
Optimize a model with 52 rows, 521 columns and 3989 nonzeros
Coefficient statistics:
  Matrix range    [1e+00, 2e+01]
  Objective range [1e+00, 4e+03]
  Bounds range    [0e+00, 0e+00]
  RHS range       [1e+00, 2e+01]
Iteration    Objective       Primal Inf.    Dual Inf.      Time
       0    2.2822538e+04   5.237500e+01   0.000000e+00      0s
     168    5.8699238e+03   0.000000e+00   0.000000e+00      0s

Solved in 168 iterations and 0.00 seconds
Optimal objective  5.869923780e+03
Changed value of parameter FeasibilityTol to 0.001
   Prev: 1e-06  Min: 1e-09  Max: 0.01  Default: 1e-06
Changed value of parameter MIPFocus to 2
   Prev: 0  Min: 0  Max: 3  Default: 0
Changed value of parameter Presolve to 0
   Prev: -1  Min: -1  Max: 2  Default: -1
Optimize a model with 52 rows, 523 columns and 4006 nonzeros
Coefficient statistics:
  Matrix range    [1e+00, 2e+01]
  Objective range [1e+00, 4e+03]
  Bounds range    [0e+00, 0e+00]
  RHS range       [1e+00, 2e+01]
Iteration    Objective       Primal Inf.    Dual Inf.      Time
       0    2.2822538e+04   5.237500e+01   0.000000e+00      0s
     167    5.8699238e+03   0.000000e+00   0.000000e+00      0s

Solved in 167 iterations and 0.01 seconds
Optimal objective  5.869923780e+03
Changed value of parameter FeasibilityTol to 0.001
   Prev: 1e-06  Min: 1e-09  Max: 0.01  Default: 1e-06
Changed value of parameter MIPFocus to 2
   Prev: 0  Min: 0  Max: 3  Default: 0
Changed value of parameter Presolve to 0
   Prev: -1  Min: -1  Max: 2  Default: -1
Optimize a model with 52 rows, 527 columns and 4042 nonzeros
Coefficient statistics:
  Matrix range    [1e+00, 2e+01]
  Objective range [1e+00, 4e+03]
  Bounds range    [0e+00, 0e+00]
  RHS range       [1e+00, 2e+01]
Iteration    Objective       Primal Inf.    Dual Inf.      Time
       0    2.2822538e+04   5.237500e+01   0.000000e+00      0s
     176    5.8699238e+03   0.000000e+00   0.000000e+00      0s

Solved in 176 iterations and 0.01 seconds
Optimal objective  5.869923780e+03
Changed value of parameter FeasibilityTol to 0.001
   Prev: 1e-06  Min: 1e-09  Max: 0.01  Default: 1e-06
Changed value of parameter MIPFocus to 2
   Prev: 0  Min: 0  Max: 3  Default: 0
Changed value of parameter Presolve to 0
   Prev: -1  Min: -1  Max: 2  Default: -1
Optimize a model with 52 rows, 529 columns and 4060 nonzeros
Coefficient statistics:
  Matrix range    [1e+00, 2e+01]
  Objective range [1e+00, 4e+03]
  Bounds range    [0e+00, 0e+00]
  RHS range       [1e+00, 2e+01]
Iteration    Objective       Primal Inf.    Dual Inf.      Time
       0    2.2822538e+04   5.237500e+01   0.000000e+00      0s
     175    5.8699238e+03   0.000000e+00   0.000000e+00      0s

Solved in 175 iterations and 0.01 seconds
Optimal objective  5.869923780e+03
Changed value of parameter FeasibilityTol to 0.001
   Prev: 1e-06  Min: 1e-09  Max: 0.01  Default: 1e-06
Changed value of parameter MIPFocus to 2
   Prev: 0  Min: 0  Max: 3  Default: 0
Changed value of parameter Presolve to 0
   Prev: -1  Min: -1  Max: 2  Default: -1
Optimize a model with 52 rows, 532 columns and 4076 nonzeros
Coefficient statistics:
  Matrix range    [1e+00, 2e+01]
  Objective range [1e+00, 4e+03]
  Bounds range    [0e+00, 0e+00]
  RHS range       [1e+00, 2e+01]
Iteration    Objective       Primal Inf.    Dual Inf.      Time
       0    2.2822538e+04   5.237500e+01   0.000000e+00      0s
     155    5.8773749e+03   0.000000e+00   0.000000e+00      0s

Solved in 155 iterations and 0.00 seconds
Optimal objective  5.877374922e+03
Changed value of parameter FeasibilityTol to 0.001
   Prev: 1e-06  Min: 1e-09  Max: 0.01  Default: 1e-06
Changed value of parameter MIPFocus to 2
   Prev: 0  Min: 0  Max: 3  Default: 0
Changed value of parameter Presolve to 0
   Prev: -1  Min: -1  Max: 2  Default: -1
Optimize a model with 52 rows, 534 columns and 4089 nonzeros
Coefficient statistics:
  Matrix range    [1e+00, 2e+01]
  Objective range [1e+00, 4e+03]
  Bounds range    [0e+00, 0e+00]
  RHS range       [1e+00, 2e+01]
Iteration    Objective       Primal Inf.    Dual Inf.      Time
       0    2.2822538e+04   5.237500e+01   0.000000e+00      0s
     162    5.8780814e+03   0.000000e+00   0.000000e+00      0s

Solved in 162 iterations and 0.01 seconds
Optimal objective  5.878081379e+03
Changed value of parameter FeasibilityTol to 0.001
   Prev: 1e-06  Min: 1e-09  Max: 0.01  Default: 1e-06
Changed value of parameter MIPFocus to 2
   Prev: 0  Min: 0  Max: 3  Default: 0
Changed value of parameter Presolve to 0
   Prev: -1  Min: -1  Max: 2  Default: -1
Optimize a model with 52 rows, 536 columns and 4099 nonzeros
Coefficient statistics:
  Matrix range    [1e+00, 2e+01]
  Objective range [1e+00, 4e+03]
  Bounds range    [0e+00, 0e+00]
  RHS range       [1e+00, 2e+01]
Iteration    Objective       Primal Inf.    Dual Inf.      Time
       0    2.2822538e+04   5.237500e+01   0.000000e+00      0s
     160    5.8780814e+03   0.000000e+00   0.000000e+00      0s

Solved in 160 iterations and 0.01 seconds
Optimal objective  5.878081379e+03
Changed value of parameter FeasibilityTol to 0.001
   Prev: 1e-06  Min: 1e-09  Max: 0.01  Default: 1e-06
Changed value of parameter MIPFocus to 2
   Prev: 0  Min: 0  Max: 3  Default: 0
Changed value of parameter Presolve to 0
   Prev: -1  Min: -1  Max: 2  Default: -1
Optimize a model with 52 rows, 538 columns and 4119 nonzeros
Coefficient statistics:
  Matrix range    [1e+00, 2e+01]
  Objective range [1e+00, 4e+03]
  Bounds range    [0e+00, 0e+00]
  RHS range       [1e+00, 2e+01]
Iteration    Objective       Primal Inf.    Dual Inf.      Time
       0    2.2822538e+04   5.237500e+01   0.000000e+00      0s
     149    5.8780814e+03   0.000000e+00   0.000000e+00      0s

Solved in 149 iterations and 0.00 seconds
Optimal objective  5.878081379e+03
Changed value of parameter FeasibilityTol to 0.001
   Prev: 1e-06  Min: 1e-09  Max: 0.01  Default: 1e-06
Changed value of parameter MIPFocus to 2
   Prev: 0  Min: 0  Max: 3  Default: 0
Changed value of parameter Presolve to 0
   Prev: -1  Min: -1  Max: 2  Default: -1
Optimize a model with 52 rows, 539 columns and 4127 nonzeros
Coefficient statistics:
  Matrix range    [1e+00, 2e+01]
  Objective range [1e+00, 4e+03]
  Bounds range    [0e+00, 0e+00]
  RHS range       [1e+00, 2e+01]
Iteration    Objective       Primal Inf.    Dual Inf.      Time
       0    2.2822538e+04   5.237500e+01   0.000000e+00      0s
     150    5.8780814e+03   0.000000e+00   0.000000e+00      0s

Solved in 150 iterations and 0.01 seconds
Optimal objective  5.878081379e+03
Changed value of parameter FeasibilityTol to 0.001
   Prev: 1e-06  Min: 1e-09  Max: 0.01  Default: 1e-06
Changed value of parameter MIPFocus to 2
   Prev: 0  Min: 0  Max: 3  Default: 0
Changed value of parameter Presolve to 0
   Prev: -1  Min: -1  Max: 2  Default: -1
Optimize a model with 52 rows, 540 columns and 4138 nonzeros
Coefficient statistics:
  Matrix range    [1e+00, 2e+01]
  Objective range [1e+00, 4e+03]
  Bounds range    [0e+00, 0e+00]
  RHS range       [1e+00, 2e+01]
Iteration    Objective       Primal Inf.    Dual Inf.      Time
       0    2.2822538e+04   5.237500e+01   0.000000e+00      0s
     151    5.8780814e+03   0.000000e+00   0.000000e+00      0s

Solved in 151 iterations and 0.01 seconds
Optimal objective  5.878081379e+03
Changed value of parameter FeasibilityTol to 0.001
   Prev: 1e-06  Min: 1e-09  Max: 0.01  Default: 1e-06
Changed value of parameter MIPFocus to 2
   Prev: 0  Min: 0  Max: 3  Default: 0
Changed value of parameter Presolve to 0
   Prev: -1  Min: -1  Max: 2  Default: -1
Optimize a model with 52 rows, 543 columns and 4173 nonzeros
Coefficient statistics:
  Matrix range    [1e+00, 2e+01]
  Objective range [1e+00, 4e+03]
  Bounds range    [0e+00, 0e+00]
  RHS range       [1e+00, 2e+01]
Iteration    Objective       Primal Inf.    Dual Inf.      Time
       0    2.2822538e+04   5.237500e+01   0.000000e+00      0s
     160    5.8780814e+03   0.000000e+00   0.000000e+00      0s

Solved in 160 iterations and 0.01 seconds
Optimal objective  5.878081379e+03
Changed value of parameter FeasibilityTol to 0.001
   Prev: 1e-06  Min: 1e-09  Max: 0.01  Default: 1e-06
Changed value of parameter MIPFocus to 2
   Prev: 0  Min: 0  Max: 3  Default: 0
Changed value of parameter Presolve to 0
   Prev: -1  Min: -1  Max: 2  Default: -1
Optimize a model with 52 rows, 545 columns and 4193 nonzeros
Coefficient statistics:
  Matrix range    [1e+00, 2e+01]
  Objective range [1e+00, 4e+03]
  Bounds range    [0e+00, 0e+00]
  RHS range       [1e+00, 2e+01]
Iteration    Objective       Primal Inf.    Dual Inf.      Time
       0    2.2822538e+04   5.237500e+01   0.000000e+00      0s
     165    5.8780814e+03   0.000000e+00   0.000000e+00      0s

Solved in 165 iterations and 0.00 seconds
Optimal objective  5.878081379e+03
Changed value of parameter FeasibilityTol to 0.001
   Prev: 1e-06  Min: 1e-09  Max: 0.01  Default: 1e-06
Changed value of parameter MIPFocus to 2
   Prev: 0  Min: 0  Max: 3  Default: 0
Changed value of parameter Presolve to 0
   Prev: -1  Min: -1  Max: 2  Default: -1
Optimize a model with 52 rows, 548 columns and 4217 nonzeros
Coefficient statistics:
  Matrix range    [1e+00, 2e+01]
  Objective range [1e+00, 4e+03]
  Bounds range    [0e+00, 0e+00]
  RHS range       [1e+00, 2e+01]
Iteration    Objective       Primal Inf.    Dual Inf.      Time
       0    2.2822538e+04   5.237500e+01   0.000000e+00      0s
     154    5.8780814e+03   0.000000e+00   0.000000e+00      0s

Solved in 154 iterations and 0.00 seconds
Optimal objective  5.878081379e+03
Changed value of parameter FeasibilityTol to 0.001
   Prev: 1e-06  Min: 1e-09  Max: 0.01  Default: 1e-06
Changed value of parameter MIPFocus to 2
   Prev: 0  Min: 0  Max: 3  Default: 0
Changed value of parameter Presolve to 0
   Prev: -1  Min: -1  Max: 2  Default: -1
Optimize a model with 52 rows, 548 columns and 4217 nonzeros
Coefficient statistics:
  Matrix range    [1e+00, 2e+01]
  Objective range [1e+00, 4e+03]
  Bounds range    [0e+00, 0e+00]
  RHS range       [1e+00, 2e+01]
Iteration    Objective       Primal Inf.    Dual Inf.      Time
       0    2.2822538e+04   5.237500e+01   0.000000e+00      0s
     154    5.8780814e+03   0.000000e+00   0.000000e+00      0s

Solved in 154 iterations and 0.00 seconds
Optimal objective  5.878081379e+03
Optimize a model with 52 rows, 548 columns and 4217 nonzeros
Coefficient statistics:
  Matrix range    [1e+00, 2e+01]
  Objective range [1e+00, 4e+03]
  Bounds range    [0e+00, 0e+00]
  RHS range       [1e+00, 2e+01]
Found heuristic solution: objective -1466
Variable types: 0 continuous, 548 integer (0 binary)

Root relaxation: objective 5.878081e+03, 208 iterations, 0.01 seconds

    Nodes    |    Current Node    |     Objective Bounds      |     Work
 Expl Unexpl |  Obj  Depth IntInf | Incumbent    BestBd   Gap | It/Node Time

     0     0 5878.08138    0    5 -1465.9962 5878.08138   501%     -    0s
H    0     0                    5808.9646167 5878.08138  1.19%     -    0s
     0     0 5844.43858    0   33 5808.96462 5844.43858  0.61%     -    0s
     0     0 5809.77022    0   21 5808.96462 5809.77022  0.01%     -    0s

Cutting planes:
  Gomory: 2
  MIR: 4

Explored 0 nodes (340 simplex iterations) in 0.06 seconds
Thread count was 4 (of 4 available processors)

Optimal solution found (tolerance 1.00e-04)
Best objective 5.808964616652e+03, best bound 5.808964616652e+03, gap 0.0%
