Changed value of parameter FeasibilityTol to 0.001
   Prev: 1e-06  Min: 1e-09  Max: 0.01  Default: 1e-06
Changed value of parameter MIPFocus to 2
   Prev: 0  Min: 0  Max: 3  Default: 0
Changed value of parameter Presolve to 0
   Prev: -1  Min: -1  Max: 2  Default: -1
Optimize a model with 52 rows, 27 columns and 253 nonzeros
Coefficient statistics:
  Matrix range    [1e+00, 2e+01]
  Objective range [8e+01, 4e+03]
  Bounds range    [0e+00, 0e+00]
  RHS range       [1e+00, 2e+01]
Iteration    Objective       Primal Inf.    Dual Inf.      Time
       0    2.3743563e+04   5.693750e+01   0.000000e+00      0s
      13    5.3815849e+03   0.000000e+00   0.000000e+00      0s

Solved in 13 iterations and 0.00 seconds
Optimal objective  5.381584890e+03
Changed value of parameter FeasibilityTol to 0.001
   Prev: 1e-06  Min: 1e-09  Max: 0.01  Default: 1e-06
Changed value of parameter MIPFocus to 2
   Prev: 0  Min: 0  Max: 3  Default: 0
Changed value of parameter Presolve to 0
   Prev: -1  Min: -1  Max: 2  Default: -1
Optimize a model with 52 rows, 30 columns and 282 nonzeros
Coefficient statistics:
  Matrix range    [1e+00, 2e+01]
  Objective range [8e+01, 4e+03]
  Bounds range    [0e+00, 0e+00]
  RHS range       [1e+00, 2e+01]
Iteration    Objective       Primal Inf.    Dual Inf.      Time
       0    2.3743563e+04   5.693750e+01   0.000000e+00      0s
      19    5.4173310e+03   0.000000e+00   0.000000e+00      0s

Solved in 19 iterations and 0.00 seconds
Optimal objective  5.417330970e+03
Changed value of parameter FeasibilityTol to 0.001
   Prev: 1e-06  Min: 1e-09  Max: 0.01  Default: 1e-06
Changed value of parameter MIPFocus to 2
   Prev: 0  Min: 0  Max: 3  Default: 0
Changed value of parameter Presolve to 0
   Prev: -1  Min: -1  Max: 2  Default: -1
Optimize a model with 52 rows, 37 columns and 391 nonzeros
Coefficient statistics:
  Matrix range    [1e+00, 2e+01]
  Objective range [8e+01, 4e+03]
  Bounds range    [0e+00, 0e+00]
  RHS range       [1e+00, 2e+01]
Iteration    Objective       Primal Inf.    Dual Inf.      Time
       0    2.3743563e+04   5.693750e+01   0.000000e+00      0s
      18    5.4173310e+03   0.000000e+00   0.000000e+00      0s

Solved in 18 iterations and 0.00 seconds
Optimal objective  5.417330970e+03
Changed value of parameter FeasibilityTol to 0.001
   Prev: 1e-06  Min: 1e-09  Max: 0.01  Default: 1e-06
Changed value of parameter MIPFocus to 2
   Prev: 0  Min: 0  Max: 3  Default: 0
Changed value of parameter Presolve to 0
   Prev: -1  Min: -1  Max: 2  Default: -1
Optimize a model with 52 rows, 43 columns and 467 nonzeros
Coefficient statistics:
  Matrix range    [1e+00, 2e+01]
  Objective range [8e+01, 4e+03]
  Bounds range    [0e+00, 0e+00]
  RHS range       [1e+00, 2e+01]
Iteration    Objective       Primal Inf.    Dual Inf.      Time
       0    2.3743563e+04   5.693750e+01   0.000000e+00      0s
      27    5.4173310e+03   0.000000e+00   0.000000e+00      0s

Solved in 27 iterations and 0.00 seconds
Optimal objective  5.417330970e+03
Changed value of parameter FeasibilityTol to 0.001
   Prev: 1e-06  Min: 1e-09  Max: 0.01  Default: 1e-06
Changed value of parameter MIPFocus to 2
   Prev: 0  Min: 0  Max: 3  Default: 0
Changed value of parameter Presolve to 0
   Prev: -1  Min: -1  Max: 2  Default: -1
Optimize a model with 52 rows, 50 columns and 557 nonzeros
Coefficient statistics:
  Matrix range    [1e+00, 2e+01]
  Objective range [8e+01, 4e+03]
  Bounds range    [0e+00, 0e+00]
  RHS range       [1e+00, 2e+01]
Iteration    Objective       Primal Inf.    Dual Inf.      Time
       0    2.3743563e+04   5.693750e+01   0.000000e+00      0s
      31    5.4173310e+03   0.000000e+00   0.000000e+00      0s

Solved in 31 iterations and 0.00 seconds
Optimal objective  5.417330970e+03
Changed value of parameter FeasibilityTol to 0.001
   Prev: 1e-06  Min: 1e-09  Max: 0.01  Default: 1e-06
Changed value of parameter MIPFocus to 2
   Prev: 0  Min: 0  Max: 3  Default: 0
Changed value of parameter Presolve to 0
   Prev: -1  Min: -1  Max: 2  Default: -1
Optimize a model with 52 rows, 56 columns and 634 nonzeros
Coefficient statistics:
  Matrix range    [1e+00, 2e+01]
  Objective range [8e+01, 4e+03]
  Bounds range    [0e+00, 0e+00]
  RHS range       [1e+00, 2e+01]
Iteration    Objective       Primal Inf.    Dual Inf.      Time
       0    2.3743563e+04   5.693750e+01   0.000000e+00      0s
      45    5.4173310e+03   0.000000e+00   0.000000e+00      0s

Solved in 45 iterations and 0.00 seconds
Optimal objective  5.417330970e+03
Changed value of parameter FeasibilityTol to 0.001
   Prev: 1e-06  Min: 1e-09  Max: 0.01  Default: 1e-06
Changed value of parameter MIPFocus to 2
   Prev: 0  Min: 0  Max: 3  Default: 0
Changed value of parameter Presolve to 0
   Prev: -1  Min: -1  Max: 2  Default: -1
Optimize a model with 52 rows, 63 columns and 705 nonzeros
Coefficient statistics:
  Matrix range    [1e+00, 2e+01]
  Objective range [8e+01, 4e+03]
  Bounds range    [0e+00, 0e+00]
  RHS range       [1e+00, 2e+01]
Iteration    Objective       Primal Inf.    Dual Inf.      Time
       0    2.3743563e+04   5.693750e+01   0.000000e+00      0s
      42    5.4173310e+03   0.000000e+00   0.000000e+00      0s

Solved in 42 iterations and 0.00 seconds
Optimal objective  5.417330970e+03
Changed value of parameter FeasibilityTol to 0.001
   Prev: 1e-06  Min: 1e-09  Max: 0.01  Default: 1e-06
Changed value of parameter MIPFocus to 2
   Prev: 0  Min: 0  Max: 3  Default: 0
Changed value of parameter Presolve to 0
   Prev: -1  Min: -1  Max: 2  Default: -1
Optimize a model with 52 rows, 69 columns and 764 nonzeros
Coefficient statistics:
  Matrix range    [1e+00, 2e+01]
  Objective range [8e+01, 4e+03]
  Bounds range    [0e+00, 0e+00]
  RHS range       [1e+00, 2e+01]
Iteration    Objective       Primal Inf.    Dual Inf.      Time
       0    2.3743563e+04   5.693750e+01   0.000000e+00      0s
      62    5.4173310e+03   0.000000e+00   0.000000e+00      0s

Solved in 62 iterations and 0.00 seconds
Optimal objective  5.417330970e+03
Changed value of parameter FeasibilityTol to 0.001
   Prev: 1e-06  Min: 1e-09  Max: 0.01  Default: 1e-06
Changed value of parameter MIPFocus to 2
   Prev: 0  Min: 0  Max: 3  Default: 0
Changed value of parameter Presolve to 0
   Prev: -1  Min: -1  Max: 2  Default: -1
Optimize a model with 52 rows, 74 columns and 813 nonzeros
Coefficient statistics:
  Matrix range    [1e+00, 2e+01]
  Objective range [8e+01, 4e+03]
  Bounds range    [0e+00, 0e+00]
  RHS range       [1e+00, 2e+01]
Iteration    Objective       Primal Inf.    Dual Inf.      Time
       0    2.3743563e+04   5.693750e+01   0.000000e+00      0s
      60    5.4173310e+03   0.000000e+00   0.000000e+00      0s

Solved in 60 iterations and 0.00 seconds
Optimal objective  5.417330970e+03
Changed value of parameter FeasibilityTol to 0.001
   Prev: 1e-06  Min: 1e-09  Max: 0.01  Default: 1e-06
Changed value of parameter MIPFocus to 2
   Prev: 0  Min: 0  Max: 3  Default: 0
Changed value of parameter Presolve to 0
   Prev: -1  Min: -1  Max: 2  Default: -1
Optimize a model with 52 rows, 78 columns and 837 nonzeros
Coefficient statistics:
  Matrix range    [1e+00, 2e+01]
  Objective range [8e+01, 4e+03]
  Bounds range    [0e+00, 0e+00]
  RHS range       [1e+00, 2e+01]
Iteration    Objective       Primal Inf.    Dual Inf.      Time
       0    2.3743563e+04   5.693750e+01   0.000000e+00      0s
      68    5.4173310e+03   0.000000e+00   0.000000e+00      0s

Solved in 68 iterations and 0.00 seconds
Optimal objective  5.417330970e+03
Changed value of parameter FeasibilityTol to 0.001
   Prev: 1e-06  Min: 1e-09  Max: 0.01  Default: 1e-06
Changed value of parameter MIPFocus to 2
   Prev: 0  Min: 0  Max: 3  Default: 0
Changed value of parameter Presolve to 0
   Prev: -1  Min: -1  Max: 2  Default: -1
Optimize a model with 52 rows, 84 columns and 876 nonzeros
Coefficient statistics:
  Matrix range    [1e+00, 2e+01]
  Objective range [5e+01, 4e+03]
  Bounds range    [0e+00, 0e+00]
  RHS range       [1e+00, 2e+01]
Iteration    Objective       Primal Inf.    Dual Inf.      Time
       0    2.3743563e+04   5.693750e+01   0.000000e+00      0s
      79    5.4173310e+03   0.000000e+00   0.000000e+00      0s

Solved in 79 iterations and 0.00 seconds
Optimal objective  5.417330970e+03
Changed value of parameter FeasibilityTol to 0.001
   Prev: 1e-06  Min: 1e-09  Max: 0.01  Default: 1e-06
Changed value of parameter MIPFocus to 2
   Prev: 0  Min: 0  Max: 3  Default: 0
Changed value of parameter Presolve to 0
   Prev: -1  Min: -1  Max: 2  Default: -1
Optimize a model with 52 rows, 91 columns and 932 nonzeros
Coefficient statistics:
  Matrix range    [1e+00, 2e+01]
  Objective range [5e+00, 4e+03]
  Bounds range    [0e+00, 0e+00]
  RHS range       [1e+00, 2e+01]
Iteration    Objective       Primal Inf.    Dual Inf.      Time
       0    2.3743563e+04   5.693750e+01   0.000000e+00      0s
      91    5.4344265e+03   0.000000e+00   0.000000e+00      0s

Solved in 91 iterations and 0.00 seconds
Optimal objective  5.434426487e+03
Changed value of parameter FeasibilityTol to 0.001
   Prev: 1e-06  Min: 1e-09  Max: 0.01  Default: 1e-06
Changed value of parameter MIPFocus to 2
   Prev: 0  Min: 0  Max: 3  Default: 0
Changed value of parameter Presolve to 0
   Prev: -1  Min: -1  Max: 2  Default: -1
Optimize a model with 52 rows, 97 columns and 984 nonzeros
Coefficient statistics:
  Matrix range    [1e+00, 2e+01]
  Objective range [5e+00, 4e+03]
  Bounds range    [0e+00, 0e+00]
  RHS range       [1e+00, 2e+01]
Iteration    Objective       Primal Inf.    Dual Inf.      Time
       0    2.3743563e+04   5.693750e+01   0.000000e+00      0s
      92    5.4654961e+03   0.000000e+00   0.000000e+00      0s

Solved in 92 iterations and 0.00 seconds
Optimal objective  5.465496084e+03
Changed value of parameter FeasibilityTol to 0.001
   Prev: 1e-06  Min: 1e-09  Max: 0.01  Default: 1e-06
Changed value of parameter MIPFocus to 2
   Prev: 0  Min: 0  Max: 3  Default: 0
Changed value of parameter Presolve to 0
   Prev: -1  Min: -1  Max: 2  Default: -1
Optimize a model with 52 rows, 104 columns and 1057 nonzeros
Coefficient statistics:
  Matrix range    [1e+00, 2e+01]
  Objective range [5e+00, 4e+03]
  Bounds range    [0e+00, 0e+00]
  RHS range       [1e+00, 2e+01]
Iteration    Objective       Primal Inf.    Dual Inf.      Time
       0    2.3743563e+04   5.693750e+01   0.000000e+00      0s
      96    5.4974419e+03   0.000000e+00   0.000000e+00      0s

Solved in 96 iterations and 0.00 seconds
Optimal objective  5.497441922e+03
Changed value of parameter FeasibilityTol to 0.001
   Prev: 1e-06  Min: 1e-09  Max: 0.01  Default: 1e-06
Changed value of parameter MIPFocus to 2
   Prev: 0  Min: 0  Max: 3  Default: 0
Changed value of parameter Presolve to 0
   Prev: -1  Min: -1  Max: 2  Default: -1
Optimize a model with 52 rows, 111 columns and 1124 nonzeros
Coefficient statistics:
  Matrix range    [1e+00, 2e+01]
  Objective range [5e+00, 4e+03]
  Bounds range    [0e+00, 0e+00]
  RHS range       [1e+00, 2e+01]
Iteration    Objective       Primal Inf.    Dual Inf.      Time
       0    2.3743563e+04   5.693750e+01   0.000000e+00      0s
      96    5.5099034e+03   0.000000e+00   0.000000e+00      0s

Solved in 96 iterations and 0.00 seconds
Optimal objective  5.509903429e+03
Changed value of parameter FeasibilityTol to 0.001
   Prev: 1e-06  Min: 1e-09  Max: 0.01  Default: 1e-06
Changed value of parameter MIPFocus to 2
   Prev: 0  Min: 0  Max: 3  Default: 0
Changed value of parameter Presolve to 0
   Prev: -1  Min: -1  Max: 2  Default: -1
Optimize a model with 52 rows, 118 columns and 1188 nonzeros
Coefficient statistics:
  Matrix range    [1e+00, 2e+01]
  Objective range [5e+00, 4e+03]
  Bounds range    [0e+00, 0e+00]
  RHS range       [1e+00, 2e+01]
Iteration    Objective       Primal Inf.    Dual Inf.      Time
       0    2.3743563e+04   5.693750e+01   0.000000e+00      0s
     105    5.5148394e+03   0.000000e+00   0.000000e+00      0s

Solved in 105 iterations and 0.00 seconds
Optimal objective  5.514839365e+03
Changed value of parameter FeasibilityTol to 0.001
   Prev: 1e-06  Min: 1e-09  Max: 0.01  Default: 1e-06
Changed value of parameter MIPFocus to 2
   Prev: 0  Min: 0  Max: 3  Default: 0
Changed value of parameter Presolve to 0
   Prev: -1  Min: -1  Max: 2  Default: -1
Optimize a model with 52 rows, 123 columns and 1231 nonzeros
Coefficient statistics:
  Matrix range    [1e+00, 2e+01]
  Objective range [5e+00, 4e+03]
  Bounds range    [0e+00, 0e+00]
  RHS range       [1e+00, 2e+01]
Iteration    Objective       Primal Inf.    Dual Inf.      Time
       0    2.3743563e+04   5.693750e+01   0.000000e+00      0s
     118    5.5342368e+03   0.000000e+00   0.000000e+00      0s

Solved in 118 iterations and 0.00 seconds
Optimal objective  5.534236758e+03
Changed value of parameter FeasibilityTol to 0.001
   Prev: 1e-06  Min: 1e-09  Max: 0.01  Default: 1e-06
Changed value of parameter MIPFocus to 2
   Prev: 0  Min: 0  Max: 3  Default: 0
Changed value of parameter Presolve to 0
   Prev: -1  Min: -1  Max: 2  Default: -1
Optimize a model with 52 rows, 130 columns and 1275 nonzeros
Coefficient statistics:
  Matrix range    [1e+00, 2e+01]
  Objective range [5e+00, 4e+03]
  Bounds range    [0e+00, 0e+00]
  RHS range       [1e+00, 2e+01]
Iteration    Objective       Primal Inf.    Dual Inf.      Time
       0    2.3743563e+04   5.693750e+01   0.000000e+00      0s
     115    5.5675844e+03   0.000000e+00   0.000000e+00      0s

Solved in 115 iterations and 0.00 seconds
Optimal objective  5.567584433e+03
Changed value of parameter FeasibilityTol to 0.001
   Prev: 1e-06  Min: 1e-09  Max: 0.01  Default: 1e-06
Changed value of parameter MIPFocus to 2
   Prev: 0  Min: 0  Max: 3  Default: 0
Changed value of parameter Presolve to 0
   Prev: -1  Min: -1  Max: 2  Default: -1
Optimize a model with 52 rows, 135 columns and 1324 nonzeros
Coefficient statistics:
  Matrix range    [1e+00, 2e+01]
  Objective range [5e+00, 4e+03]
  Bounds range    [0e+00, 0e+00]
  RHS range       [1e+00, 2e+01]
Iteration    Objective       Primal Inf.    Dual Inf.      Time
       0    2.3743563e+04   5.693750e+01   0.000000e+00      0s
     109    5.5825362e+03   0.000000e+00   0.000000e+00      0s

Solved in 109 iterations and 0.00 seconds
Optimal objective  5.582536238e+03
Changed value of parameter FeasibilityTol to 0.001
   Prev: 1e-06  Min: 1e-09  Max: 0.01  Default: 1e-06
Changed value of parameter MIPFocus to 2
   Prev: 0  Min: 0  Max: 3  Default: 0
Changed value of parameter Presolve to 0
   Prev: -1  Min: -1  Max: 2  Default: -1
Optimize a model with 52 rows, 141 columns and 1369 nonzeros
Coefficient statistics:
  Matrix range    [1e+00, 2e+01]
  Objective range [5e+00, 4e+03]
  Bounds range    [0e+00, 0e+00]
  RHS range       [1e+00, 2e+01]
Iteration    Objective       Primal Inf.    Dual Inf.      Time
       0    2.3743563e+04   5.693750e+01   0.000000e+00      0s
     114    5.5931203e+03   0.000000e+00   0.000000e+00      0s

Solved in 114 iterations and 0.00 seconds
Optimal objective  5.593120304e+03
Changed value of parameter FeasibilityTol to 0.001
   Prev: 1e-06  Min: 1e-09  Max: 0.01  Default: 1e-06
Changed value of parameter MIPFocus to 2
   Prev: 0  Min: 0  Max: 3  Default: 0
Changed value of parameter Presolve to 0
   Prev: -1  Min: -1  Max: 2  Default: -1
Optimize a model with 52 rows, 148 columns and 1449 nonzeros
Coefficient statistics:
  Matrix range    [1e+00, 2e+01]
  Objective range [5e+00, 4e+03]
  Bounds range    [0e+00, 0e+00]
  RHS range       [1e+00, 2e+01]
Iteration    Objective       Primal Inf.    Dual Inf.      Time
       0    2.3743563e+04   5.693750e+01   0.000000e+00      0s
     122    5.5979062e+03   0.000000e+00   0.000000e+00      0s

Solved in 122 iterations and 0.00 seconds
Optimal objective  5.597906212e+03
Changed value of parameter FeasibilityTol to 0.001
   Prev: 1e-06  Min: 1e-09  Max: 0.01  Default: 1e-06
Changed value of parameter MIPFocus to 2
   Prev: 0  Min: 0  Max: 3  Default: 0
Changed value of parameter Presolve to 0
   Prev: -1  Min: -1  Max: 2  Default: -1
Optimize a model with 52 rows, 155 columns and 1501 nonzeros
Coefficient statistics:
  Matrix range    [1e+00, 2e+01]
  Objective range [5e+00, 4e+03]
  Bounds range    [0e+00, 0e+00]
  RHS range       [1e+00, 2e+01]
Iteration    Objective       Primal Inf.    Dual Inf.      Time
       0    2.3743563e+04   5.693750e+01   0.000000e+00      0s
     119    5.6067034e+03   0.000000e+00   0.000000e+00      0s

Solved in 119 iterations and 0.00 seconds
Optimal objective  5.606703450e+03
Changed value of parameter FeasibilityTol to 0.001
   Prev: 1e-06  Min: 1e-09  Max: 0.01  Default: 1e-06
Changed value of parameter MIPFocus to 2
   Prev: 0  Min: 0  Max: 3  Default: 0
Changed value of parameter Presolve to 0
   Prev: -1  Min: -1  Max: 2  Default: -1
Optimize a model with 52 rows, 162 columns and 1546 nonzeros
Coefficient statistics:
  Matrix range    [1e+00, 2e+01]
  Objective range [5e+00, 4e+03]
  Bounds range    [0e+00, 0e+00]
  RHS range       [1e+00, 2e+01]
Iteration    Objective       Primal Inf.    Dual Inf.      Time
       0    2.3743563e+04   5.693750e+01   0.000000e+00      0s
     134    5.6171712e+03   0.000000e+00   0.000000e+00      0s

Solved in 134 iterations and 0.00 seconds
Optimal objective  5.617171236e+03
Changed value of parameter FeasibilityTol to 0.001
   Prev: 1e-06  Min: 1e-09  Max: 0.01  Default: 1e-06
Changed value of parameter MIPFocus to 2
   Prev: 0  Min: 0  Max: 3  Default: 0
Changed value of parameter Presolve to 0
   Prev: -1  Min: -1  Max: 2  Default: -1
Optimize a model with 52 rows, 169 columns and 1611 nonzeros
Coefficient statistics:
  Matrix range    [1e+00, 2e+01]
  Objective range [5e+00, 4e+03]
  Bounds range    [0e+00, 0e+00]
  RHS range       [1e+00, 2e+01]
Iteration    Objective       Primal Inf.    Dual Inf.      Time
       0    2.3743563e+04   5.693750e+01   0.000000e+00      0s
     136    5.6559281e+03   0.000000e+00   0.000000e+00      0s

Solved in 136 iterations and 0.00 seconds
Optimal objective  5.655928104e+03
Changed value of parameter FeasibilityTol to 0.001
   Prev: 1e-06  Min: 1e-09  Max: 0.01  Default: 1e-06
Changed value of parameter MIPFocus to 2
   Prev: 0  Min: 0  Max: 3  Default: 0
Changed value of parameter Presolve to 0
   Prev: -1  Min: -1  Max: 2  Default: -1
Optimize a model with 52 rows, 176 columns and 1653 nonzeros
Coefficient statistics:
  Matrix range    [1e+00, 2e+01]
  Objective range [1e+00, 4e+03]
  Bounds range    [0e+00, 0e+00]
  RHS range       [1e+00, 2e+01]
Iteration    Objective       Primal Inf.    Dual Inf.      Time
       0    2.3743563e+04   5.693750e+01   0.000000e+00      0s
     140    5.6703184e+03   0.000000e+00   0.000000e+00      0s

Solved in 140 iterations and 0.00 seconds
Optimal objective  5.670318409e+03
Changed value of parameter FeasibilityTol to 0.001
   Prev: 1e-06  Min: 1e-09  Max: 0.01  Default: 1e-06
Changed value of parameter MIPFocus to 2
   Prev: 0  Min: 0  Max: 3  Default: 0
Changed value of parameter Presolve to 0
   Prev: -1  Min: -1  Max: 2  Default: -1
Optimize a model with 52 rows, 180 columns and 1681 nonzeros
Coefficient statistics:
  Matrix range    [1e+00, 2e+01]
  Objective range [1e+00, 4e+03]
  Bounds range    [0e+00, 0e+00]
  RHS range       [1e+00, 2e+01]
Iteration    Objective       Primal Inf.    Dual Inf.      Time
       0    2.3743563e+04   5.693750e+01   0.000000e+00      0s
     147    5.6785527e+03   0.000000e+00   0.000000e+00      0s

Solved in 147 iterations and 0.00 seconds
Optimal objective  5.678552730e+03
Changed value of parameter FeasibilityTol to 0.001
   Prev: 1e-06  Min: 1e-09  Max: 0.01  Default: 1e-06
Changed value of parameter MIPFocus to 2
   Prev: 0  Min: 0  Max: 3  Default: 0
Changed value of parameter Presolve to 0
   Prev: -1  Min: -1  Max: 2  Default: -1
Optimize a model with 52 rows, 186 columns and 1711 nonzeros
Coefficient statistics:
  Matrix range    [1e+00, 2e+01]
  Objective range [1e+00, 4e+03]
  Bounds range    [0e+00, 0e+00]
  RHS range       [1e+00, 2e+01]
Iteration    Objective       Primal Inf.    Dual Inf.      Time
       0    2.3743563e+04   5.693750e+01   0.000000e+00      0s
     130    5.6958960e+03   0.000000e+00   0.000000e+00      0s

Solved in 130 iterations and 0.00 seconds
Optimal objective  5.695896026e+03
Changed value of parameter FeasibilityTol to 0.001
   Prev: 1e-06  Min: 1e-09  Max: 0.01  Default: 1e-06
Changed value of parameter MIPFocus to 2
   Prev: 0  Min: 0  Max: 3  Default: 0
Changed value of parameter Presolve to 0
   Prev: -1  Min: -1  Max: 2  Default: -1
Optimize a model with 52 rows, 193 columns and 1753 nonzeros
Coefficient statistics:
  Matrix range    [1e+00, 2e+01]
  Objective range [1e+00, 4e+03]
  Bounds range    [0e+00, 0e+00]
  RHS range       [1e+00, 2e+01]
Iteration    Objective       Primal Inf.    Dual Inf.      Time
       0    2.3743563e+04   5.693750e+01   0.000000e+00      0s
     130    5.7042270e+03   0.000000e+00   0.000000e+00      0s

Solved in 130 iterations and 0.00 seconds
Optimal objective  5.704227031e+03
Changed value of parameter FeasibilityTol to 0.001
   Prev: 1e-06  Min: 1e-09  Max: 0.01  Default: 1e-06
Changed value of parameter MIPFocus to 2
   Prev: 0  Min: 0  Max: 3  Default: 0
Changed value of parameter Presolve to 0
   Prev: -1  Min: -1  Max: 2  Default: -1
Optimize a model with 52 rows, 200 columns and 1789 nonzeros
Coefficient statistics:
  Matrix range    [1e+00, 2e+01]
  Objective range [1e+00, 4e+03]
  Bounds range    [0e+00, 0e+00]
  RHS range       [1e+00, 2e+01]
Iteration    Objective       Primal Inf.    Dual Inf.      Time
       0    2.3743563e+04   5.693750e+01   0.000000e+00      0s
     126    5.7134387e+03   0.000000e+00   0.000000e+00      0s

Solved in 126 iterations and 0.00 seconds
Optimal objective  5.713438689e+03
Changed value of parameter FeasibilityTol to 0.001
   Prev: 1e-06  Min: 1e-09  Max: 0.01  Default: 1e-06
Changed value of parameter MIPFocus to 2
   Prev: 0  Min: 0  Max: 3  Default: 0
Changed value of parameter Presolve to 0
   Prev: -1  Min: -1  Max: 2  Default: -1
Optimize a model with 52 rows, 206 columns and 1831 nonzeros
Coefficient statistics:
  Matrix range    [1e+00, 2e+01]
  Objective range [1e+00, 4e+03]
  Bounds range    [0e+00, 0e+00]
  RHS range       [1e+00, 2e+01]
Iteration    Objective       Primal Inf.    Dual Inf.      Time
       0    2.3743563e+04   5.693750e+01   0.000000e+00      0s
     149    5.7170413e+03   0.000000e+00   0.000000e+00      0s

Solved in 149 iterations and 0.00 seconds
Optimal objective  5.717041264e+03
Changed value of parameter FeasibilityTol to 0.001
   Prev: 1e-06  Min: 1e-09  Max: 0.01  Default: 1e-06
Changed value of parameter MIPFocus to 2
   Prev: 0  Min: 0  Max: 3  Default: 0
Changed value of parameter Presolve to 0
   Prev: -1  Min: -1  Max: 2  Default: -1
Optimize a model with 52 rows, 212 columns and 1873 nonzeros
Coefficient statistics:
  Matrix range    [1e+00, 2e+01]
  Objective range [1e+00, 4e+03]
  Bounds range    [0e+00, 0e+00]
  RHS range       [1e+00, 2e+01]
Iteration    Objective       Primal Inf.    Dual Inf.      Time
       0    2.3743563e+04   5.693750e+01   0.000000e+00      0s
     151    5.7212180e+03   0.000000e+00   0.000000e+00      0s

Solved in 151 iterations and 0.00 seconds
Optimal objective  5.721217971e+03
Changed value of parameter FeasibilityTol to 0.001
   Prev: 1e-06  Min: 1e-09  Max: 0.01  Default: 1e-06
Changed value of parameter MIPFocus to 2
   Prev: 0  Min: 0  Max: 3  Default: 0
Changed value of parameter Presolve to 0
   Prev: -1  Min: -1  Max: 2  Default: -1
Optimize a model with 52 rows, 219 columns and 1918 nonzeros
Coefficient statistics:
  Matrix range    [1e+00, 2e+01]
  Objective range [1e+00, 4e+03]
  Bounds range    [0e+00, 0e+00]
  RHS range       [1e+00, 2e+01]
Iteration    Objective       Primal Inf.    Dual Inf.      Time
       0    2.3743563e+04   5.693750e+01   0.000000e+00      0s
     154    5.7334217e+03   0.000000e+00   0.000000e+00      0s

Solved in 154 iterations and 0.00 seconds
Optimal objective  5.733421700e+03
Changed value of parameter FeasibilityTol to 0.001
   Prev: 1e-06  Min: 1e-09  Max: 0.01  Default: 1e-06
Changed value of parameter MIPFocus to 2
   Prev: 0  Min: 0  Max: 3  Default: 0
Changed value of parameter Presolve to 0
   Prev: -1  Min: -1  Max: 2  Default: -1
Optimize a model with 52 rows, 223 columns and 1955 nonzeros
Coefficient statistics:
  Matrix range    [1e+00, 2e+01]
  Objective range [1e+00, 4e+03]
  Bounds range    [0e+00, 0e+00]
  RHS range       [1e+00, 2e+01]
Iteration    Objective       Primal Inf.    Dual Inf.      Time
       0    2.3743563e+04   5.693750e+01   0.000000e+00      0s
     151    5.7523625e+03   0.000000e+00   0.000000e+00      0s

Solved in 151 iterations and 0.00 seconds
Optimal objective  5.752362500e+03
Changed value of parameter FeasibilityTol to 0.001
   Prev: 1e-06  Min: 1e-09  Max: 0.01  Default: 1e-06
Changed value of parameter MIPFocus to 2
   Prev: 0  Min: 0  Max: 3  Default: 0
Changed value of parameter Presolve to 0
   Prev: -1  Min: -1  Max: 2  Default: -1
Optimize a model with 52 rows, 230 columns and 2017 nonzeros
Coefficient statistics:
  Matrix range    [1e+00, 2e+01]
  Objective range [1e+00, 4e+03]
  Bounds range    [0e+00, 0e+00]
  RHS range       [1e+00, 2e+01]
Iteration    Objective       Primal Inf.    Dual Inf.      Time
       0    2.3743563e+04   5.693750e+01   0.000000e+00      0s
     131    5.7706271e+03   0.000000e+00   0.000000e+00      0s

Solved in 131 iterations and 0.00 seconds
Optimal objective  5.770627084e+03
Changed value of parameter FeasibilityTol to 0.001
   Prev: 1e-06  Min: 1e-09  Max: 0.01  Default: 1e-06
Changed value of parameter MIPFocus to 2
   Prev: 0  Min: 0  Max: 3  Default: 0
Changed value of parameter Presolve to 0
   Prev: -1  Min: -1  Max: 2  Default: -1
Optimize a model with 52 rows, 236 columns and 2060 nonzeros
Coefficient statistics:
  Matrix range    [1e+00, 2e+01]
  Objective range [1e+00, 4e+03]
  Bounds range    [0e+00, 0e+00]
  RHS range       [1e+00, 2e+01]
Iteration    Objective       Primal Inf.    Dual Inf.      Time
       0    2.3743563e+04   5.693750e+01   0.000000e+00      0s
     136    5.7827600e+03   0.000000e+00   0.000000e+00      0s

Solved in 136 iterations and 0.00 seconds
Optimal objective  5.782760018e+03
Changed value of parameter FeasibilityTol to 0.001
   Prev: 1e-06  Min: 1e-09  Max: 0.01  Default: 1e-06
Changed value of parameter MIPFocus to 2
   Prev: 0  Min: 0  Max: 3  Default: 0
Changed value of parameter Presolve to 0
   Prev: -1  Min: -1  Max: 2  Default: -1
Optimize a model with 52 rows, 240 columns and 2079 nonzeros
Coefficient statistics:
  Matrix range    [1e+00, 2e+01]
  Objective range [1e+00, 4e+03]
  Bounds range    [0e+00, 0e+00]
  RHS range       [1e+00, 2e+01]
Iteration    Objective       Primal Inf.    Dual Inf.      Time
       0    2.3743563e+04   5.693750e+01   0.000000e+00      0s
     173    5.7835787e+03   0.000000e+00   0.000000e+00      0s

Solved in 173 iterations and 0.00 seconds
Optimal objective  5.783578681e+03
Changed value of parameter FeasibilityTol to 0.001
   Prev: 1e-06  Min: 1e-09  Max: 0.01  Default: 1e-06
Changed value of parameter MIPFocus to 2
   Prev: 0  Min: 0  Max: 3  Default: 0
Changed value of parameter Presolve to 0
   Prev: -1  Min: -1  Max: 2  Default: -1
Optimize a model with 52 rows, 245 columns and 2123 nonzeros
Coefficient statistics:
  Matrix range    [1e+00, 2e+01]
  Objective range [1e+00, 4e+03]
  Bounds range    [0e+00, 0e+00]
  RHS range       [1e+00, 2e+01]
Iteration    Objective       Primal Inf.    Dual Inf.      Time
       0    2.3743563e+04   5.693750e+01   0.000000e+00      0s
     162    5.7856099e+03   0.000000e+00   0.000000e+00      0s

Solved in 162 iterations and 0.00 seconds
Optimal objective  5.785609871e+03
Changed value of parameter FeasibilityTol to 0.001
   Prev: 1e-06  Min: 1e-09  Max: 0.01  Default: 1e-06
Changed value of parameter MIPFocus to 2
   Prev: 0  Min: 0  Max: 3  Default: 0
Changed value of parameter Presolve to 0
   Prev: -1  Min: -1  Max: 2  Default: -1
Optimize a model with 52 rows, 249 columns and 2147 nonzeros
Coefficient statistics:
  Matrix range    [1e+00, 2e+01]
  Objective range [1e+00, 4e+03]
  Bounds range    [0e+00, 0e+00]
  RHS range       [1e+00, 2e+01]
Iteration    Objective       Primal Inf.    Dual Inf.      Time
       0    2.3743563e+04   5.693750e+01   0.000000e+00      0s
     162    5.7872982e+03   0.000000e+00   0.000000e+00      0s

Solved in 162 iterations and 0.00 seconds
Optimal objective  5.787298232e+03
Changed value of parameter FeasibilityTol to 0.001
   Prev: 1e-06  Min: 1e-09  Max: 0.01  Default: 1e-06
Changed value of parameter MIPFocus to 2
   Prev: 0  Min: 0  Max: 3  Default: 0
Changed value of parameter Presolve to 0
   Prev: -1  Min: -1  Max: 2  Default: -1
Optimize a model with 52 rows, 252 columns and 2175 nonzeros
Coefficient statistics:
  Matrix range    [1e+00, 2e+01]
  Objective range [1e+00, 4e+03]
  Bounds range    [0e+00, 0e+00]
  RHS range       [1e+00, 2e+01]
Iteration    Objective       Primal Inf.    Dual Inf.      Time
       0    2.3743563e+04   5.693750e+01   0.000000e+00      0s
     141    5.7912455e+03   0.000000e+00   0.000000e+00      0s

Solved in 141 iterations and 0.00 seconds
Optimal objective  5.791245451e+03
Changed value of parameter FeasibilityTol to 0.001
   Prev: 1e-06  Min: 1e-09  Max: 0.01  Default: 1e-06
Changed value of parameter MIPFocus to 2
   Prev: 0  Min: 0  Max: 3  Default: 0
Changed value of parameter Presolve to 0
   Prev: -1  Min: -1  Max: 2  Default: -1
Optimize a model with 52 rows, 257 columns and 2218 nonzeros
Coefficient statistics:
  Matrix range    [1e+00, 2e+01]
  Objective range [1e+00, 4e+03]
  Bounds range    [0e+00, 0e+00]
  RHS range       [1e+00, 2e+01]
Iteration    Objective       Primal Inf.    Dual Inf.      Time
       0    2.3743563e+04   5.693750e+01   0.000000e+00      0s
     153    5.8025201e+03   0.000000e+00   0.000000e+00      0s

Solved in 153 iterations and 0.00 seconds
Optimal objective  5.802520132e+03
Changed value of parameter FeasibilityTol to 0.001
   Prev: 1e-06  Min: 1e-09  Max: 0.01  Default: 1e-06
Changed value of parameter MIPFocus to 2
   Prev: 0  Min: 0  Max: 3  Default: 0
Changed value of parameter Presolve to 0
   Prev: -1  Min: -1  Max: 2  Default: -1
Optimize a model with 52 rows, 264 columns and 2267 nonzeros
Coefficient statistics:
  Matrix range    [1e+00, 2e+01]
  Objective range [1e+00, 4e+03]
  Bounds range    [0e+00, 0e+00]
  RHS range       [1e+00, 2e+01]
Iteration    Objective       Primal Inf.    Dual Inf.      Time
       0    2.3743563e+04   5.693750e+01   0.000000e+00      0s
     165    5.8169638e+03   0.000000e+00   0.000000e+00      0s

Solved in 165 iterations and 0.00 seconds
Optimal objective  5.816963844e+03
Changed value of parameter FeasibilityTol to 0.001
   Prev: 1e-06  Min: 1e-09  Max: 0.01  Default: 1e-06
Changed value of parameter MIPFocus to 2
   Prev: 0  Min: 0  Max: 3  Default: 0
Changed value of parameter Presolve to 0
   Prev: -1  Min: -1  Max: 2  Default: -1
Optimize a model with 52 rows, 268 columns and 2307 nonzeros
Coefficient statistics:
  Matrix range    [1e+00, 2e+01]
  Objective range [1e+00, 4e+03]
  Bounds range    [0e+00, 0e+00]
  RHS range       [1e+00, 2e+01]
Iteration    Objective       Primal Inf.    Dual Inf.      Time
       0    2.3743563e+04   5.693750e+01   0.000000e+00      0s
     166    5.8179025e+03   0.000000e+00   0.000000e+00      0s

Solved in 166 iterations and 0.01 seconds
Optimal objective  5.817902538e+03
Changed value of parameter FeasibilityTol to 0.001
   Prev: 1e-06  Min: 1e-09  Max: 0.01  Default: 1e-06
Changed value of parameter MIPFocus to 2
   Prev: 0  Min: 0  Max: 3  Default: 0
Changed value of parameter Presolve to 0
   Prev: -1  Min: -1  Max: 2  Default: -1
Optimize a model with 52 rows, 272 columns and 2338 nonzeros
Coefficient statistics:
  Matrix range    [1e+00, 2e+01]
  Objective range [1e+00, 4e+03]
  Bounds range    [0e+00, 0e+00]
  RHS range       [1e+00, 2e+01]
Iteration    Objective       Primal Inf.    Dual Inf.      Time
       0    2.3743563e+04   5.693750e+01   0.000000e+00      0s
     155    5.8242627e+03   0.000000e+00   0.000000e+00      0s

Solved in 155 iterations and 0.00 seconds
Optimal objective  5.824262673e+03
Changed value of parameter FeasibilityTol to 0.001
   Prev: 1e-06  Min: 1e-09  Max: 0.01  Default: 1e-06
Changed value of parameter MIPFocus to 2
   Prev: 0  Min: 0  Max: 3  Default: 0
Changed value of parameter Presolve to 0
   Prev: -1  Min: -1  Max: 2  Default: -1
Optimize a model with 52 rows, 275 columns and 2359 nonzeros
Coefficient statistics:
  Matrix range    [1e+00, 2e+01]
  Objective range [1e+00, 4e+03]
  Bounds range    [0e+00, 0e+00]
  RHS range       [1e+00, 2e+01]
Iteration    Objective       Primal Inf.    Dual Inf.      Time
       0    2.3743563e+04   5.693750e+01   0.000000e+00      0s
     138    5.8265578e+03   0.000000e+00   0.000000e+00      0s

Solved in 138 iterations and 0.00 seconds
Optimal objective  5.826557846e+03
Changed value of parameter FeasibilityTol to 0.001
   Prev: 1e-06  Min: 1e-09  Max: 0.01  Default: 1e-06
Changed value of parameter MIPFocus to 2
   Prev: 0  Min: 0  Max: 3  Default: 0
Changed value of parameter Presolve to 0
   Prev: -1  Min: -1  Max: 2  Default: -1
Optimize a model with 52 rows, 279 columns and 2408 nonzeros
Coefficient statistics:
  Matrix range    [1e+00, 2e+01]
  Objective range [1e+00, 4e+03]
  Bounds range    [0e+00, 0e+00]
  RHS range       [1e+00, 2e+01]
Iteration    Objective       Primal Inf.    Dual Inf.      Time
       0    2.3743563e+04   5.693750e+01   0.000000e+00      0s
     161    5.8276553e+03   0.000000e+00   0.000000e+00      0s

Solved in 161 iterations and 0.01 seconds
Optimal objective  5.827655333e+03
Changed value of parameter FeasibilityTol to 0.001
   Prev: 1e-06  Min: 1e-09  Max: 0.01  Default: 1e-06
Changed value of parameter MIPFocus to 2
   Prev: 0  Min: 0  Max: 3  Default: 0
Changed value of parameter Presolve to 0
   Prev: -1  Min: -1  Max: 2  Default: -1
Optimize a model with 52 rows, 283 columns and 2435 nonzeros
Coefficient statistics:
  Matrix range    [1e+00, 2e+01]
  Objective range [1e+00, 4e+03]
  Bounds range    [0e+00, 0e+00]
  RHS range       [1e+00, 2e+01]
Iteration    Objective       Primal Inf.    Dual Inf.      Time
       0    2.3743563e+04   5.693750e+01   0.000000e+00      0s
     138    5.8352448e+03   0.000000e+00   0.000000e+00      0s

Solved in 138 iterations and 0.01 seconds
Optimal objective  5.835244793e+03
Changed value of parameter FeasibilityTol to 0.001
   Prev: 1e-06  Min: 1e-09  Max: 0.01  Default: 1e-06
Changed value of parameter MIPFocus to 2
   Prev: 0  Min: 0  Max: 3  Default: 0
Changed value of parameter Presolve to 0
   Prev: -1  Min: -1  Max: 2  Default: -1
Optimize a model with 52 rows, 285 columns and 2452 nonzeros
Coefficient statistics:
  Matrix range    [1e+00, 2e+01]
  Objective range [1e+00, 4e+03]
  Bounds range    [0e+00, 0e+00]
  RHS range       [1e+00, 2e+01]
Iteration    Objective       Primal Inf.    Dual Inf.      Time
       0    2.3743563e+04   5.693750e+01   0.000000e+00      0s
     155    5.8361720e+03   0.000000e+00   0.000000e+00      0s

Solved in 155 iterations and 0.00 seconds
Optimal objective  5.836171965e+03
Changed value of parameter FeasibilityTol to 0.001
   Prev: 1e-06  Min: 1e-09  Max: 0.01  Default: 1e-06
Changed value of parameter MIPFocus to 2
   Prev: 0  Min: 0  Max: 3  Default: 0
Changed value of parameter Presolve to 0
   Prev: -1  Min: -1  Max: 2  Default: -1
Optimize a model with 52 rows, 290 columns and 2486 nonzeros
Coefficient statistics:
  Matrix range    [1e+00, 2e+01]
  Objective range [1e+00, 4e+03]
  Bounds range    [0e+00, 0e+00]
  RHS range       [1e+00, 2e+01]
Iteration    Objective       Primal Inf.    Dual Inf.      Time
       0    2.3743563e+04   5.693750e+01   0.000000e+00      0s
     143    5.8381574e+03   0.000000e+00   0.000000e+00      0s

Solved in 143 iterations and 0.00 seconds
Optimal objective  5.838157445e+03
Changed value of parameter FeasibilityTol to 0.001
   Prev: 1e-06  Min: 1e-09  Max: 0.01  Default: 1e-06
Changed value of parameter MIPFocus to 2
   Prev: 0  Min: 0  Max: 3  Default: 0
Changed value of parameter Presolve to 0
   Prev: -1  Min: -1  Max: 2  Default: -1
Optimize a model with 52 rows, 292 columns and 2499 nonzeros
Coefficient statistics:
  Matrix range    [1e+00, 2e+01]
  Objective range [1e+00, 4e+03]
  Bounds range    [0e+00, 0e+00]
  RHS range       [1e+00, 2e+01]
Iteration    Objective       Primal Inf.    Dual Inf.      Time
       0    2.3743563e+04   5.693750e+01   0.000000e+00      0s
     140    5.8393675e+03   0.000000e+00   0.000000e+00      0s

Solved in 140 iterations and 0.00 seconds
Optimal objective  5.839367519e+03
Changed value of parameter FeasibilityTol to 0.001
   Prev: 1e-06  Min: 1e-09  Max: 0.01  Default: 1e-06
Changed value of parameter MIPFocus to 2
   Prev: 0  Min: 0  Max: 3  Default: 0
Changed value of parameter Presolve to 0
   Prev: -1  Min: -1  Max: 2  Default: -1
Optimize a model with 52 rows, 295 columns and 2528 nonzeros
Coefficient statistics:
  Matrix range    [1e+00, 2e+01]
  Objective range [1e+00, 4e+03]
  Bounds range    [0e+00, 0e+00]
  RHS range       [1e+00, 2e+01]
Iteration    Objective       Primal Inf.    Dual Inf.      Time
       0    2.3743563e+04   5.693750e+01   0.000000e+00      0s
     143    5.8422118e+03   0.000000e+00   0.000000e+00      0s

Solved in 143 iterations and 0.00 seconds
Optimal objective  5.842211809e+03
Changed value of parameter FeasibilityTol to 0.001
   Prev: 1e-06  Min: 1e-09  Max: 0.01  Default: 1e-06
Changed value of parameter MIPFocus to 2
   Prev: 0  Min: 0  Max: 3  Default: 0
Changed value of parameter Presolve to 0
   Prev: -1  Min: -1  Max: 2  Default: -1
Optimize a model with 52 rows, 298 columns and 2548 nonzeros
Coefficient statistics:
  Matrix range    [1e+00, 2e+01]
  Objective range [1e+00, 4e+03]
  Bounds range    [0e+00, 0e+00]
  RHS range       [1e+00, 2e+01]
Iteration    Objective       Primal Inf.    Dual Inf.      Time
       0    2.3743563e+04   5.693750e+01   0.000000e+00      0s
     156    5.8438614e+03   0.000000e+00   0.000000e+00      0s

Solved in 156 iterations and 0.00 seconds
Optimal objective  5.843861437e+03
Changed value of parameter FeasibilityTol to 0.001
   Prev: 1e-06  Min: 1e-09  Max: 0.01  Default: 1e-06
Changed value of parameter MIPFocus to 2
   Prev: 0  Min: 0  Max: 3  Default: 0
Changed value of parameter Presolve to 0
   Prev: -1  Min: -1  Max: 2  Default: -1
Optimize a model with 52 rows, 302 columns and 2572 nonzeros
Coefficient statistics:
  Matrix range    [1e+00, 2e+01]
  Objective range [1e+00, 4e+03]
  Bounds range    [0e+00, 0e+00]
  RHS range       [1e+00, 2e+01]
Iteration    Objective       Primal Inf.    Dual Inf.      Time
       0    2.3743563e+04   5.693750e+01   0.000000e+00      0s
     147    5.8463713e+03   0.000000e+00   0.000000e+00      0s

Solved in 147 iterations and 0.00 seconds
Optimal objective  5.846371300e+03
Changed value of parameter FeasibilityTol to 0.001
   Prev: 1e-06  Min: 1e-09  Max: 0.01  Default: 1e-06
Changed value of parameter MIPFocus to 2
   Prev: 0  Min: 0  Max: 3  Default: 0
Changed value of parameter Presolve to 0
   Prev: -1  Min: -1  Max: 2  Default: -1
Optimize a model with 52 rows, 307 columns and 2604 nonzeros
Coefficient statistics:
  Matrix range    [1e+00, 2e+01]
  Objective range [1e+00, 4e+03]
  Bounds range    [0e+00, 0e+00]
  RHS range       [1e+00, 2e+01]
Iteration    Objective       Primal Inf.    Dual Inf.      Time
       0    2.3743563e+04   5.693750e+01   0.000000e+00      0s
     148    5.8482688e+03   0.000000e+00   0.000000e+00      0s

Solved in 148 iterations and 0.00 seconds
Optimal objective  5.848268824e+03
Changed value of parameter FeasibilityTol to 0.001
   Prev: 1e-06  Min: 1e-09  Max: 0.01  Default: 1e-06
Changed value of parameter MIPFocus to 2
   Prev: 0  Min: 0  Max: 3  Default: 0
Changed value of parameter Presolve to 0
   Prev: -1  Min: -1  Max: 2  Default: -1
Optimize a model with 52 rows, 311 columns and 2630 nonzeros
Coefficient statistics:
  Matrix range    [1e+00, 2e+01]
  Objective range [1e+00, 4e+03]
  Bounds range    [0e+00, 0e+00]
  RHS range       [1e+00, 2e+01]
Iteration    Objective       Primal Inf.    Dual Inf.      Time
       0    2.3743563e+04   5.693750e+01   0.000000e+00      0s
     169    5.8492268e+03   0.000000e+00   0.000000e+00      0s

Solved in 169 iterations and 0.01 seconds
Optimal objective  5.849226813e+03
Changed value of parameter FeasibilityTol to 0.001
   Prev: 1e-06  Min: 1e-09  Max: 0.01  Default: 1e-06
Changed value of parameter MIPFocus to 2
   Prev: 0  Min: 0  Max: 3  Default: 0
Changed value of parameter Presolve to 0
   Prev: -1  Min: -1  Max: 2  Default: -1
Optimize a model with 52 rows, 315 columns and 2660 nonzeros
Coefficient statistics:
  Matrix range    [1e+00, 2e+01]
  Objective range [1e+00, 4e+03]
  Bounds range    [0e+00, 0e+00]
  RHS range       [1e+00, 2e+01]
Iteration    Objective       Primal Inf.    Dual Inf.      Time
       0    2.3743563e+04   5.693750e+01   0.000000e+00      0s
     170    5.8524110e+03   0.000000e+00   0.000000e+00      0s

Solved in 170 iterations and 0.01 seconds
Optimal objective  5.852411015e+03
Changed value of parameter FeasibilityTol to 0.001
   Prev: 1e-06  Min: 1e-09  Max: 0.01  Default: 1e-06
Changed value of parameter MIPFocus to 2
   Prev: 0  Min: 0  Max: 3  Default: 0
Changed value of parameter Presolve to 0
   Prev: -1  Min: -1  Max: 2  Default: -1
Optimize a model with 52 rows, 318 columns and 2682 nonzeros
Coefficient statistics:
  Matrix range    [1e+00, 2e+01]
  Objective range [1e+00, 4e+03]
  Bounds range    [0e+00, 0e+00]
  RHS range       [1e+00, 2e+01]
Iteration    Objective       Primal Inf.    Dual Inf.      Time
       0    2.3743563e+04   5.693750e+01   0.000000e+00      0s
     173    5.8533470e+03   0.000000e+00   0.000000e+00      0s

Solved in 173 iterations and 0.00 seconds
Optimal objective  5.853347017e+03
Changed value of parameter FeasibilityTol to 0.001
   Prev: 1e-06  Min: 1e-09  Max: 0.01  Default: 1e-06
Changed value of parameter MIPFocus to 2
   Prev: 0  Min: 0  Max: 3  Default: 0
Changed value of parameter Presolve to 0
   Prev: -1  Min: -1  Max: 2  Default: -1
Optimize a model with 52 rows, 321 columns and 2703 nonzeros
Coefficient statistics:
  Matrix range    [1e+00, 2e+01]
  Objective range [1e+00, 4e+03]
  Bounds range    [0e+00, 0e+00]
  RHS range       [1e+00, 2e+01]
Iteration    Objective       Primal Inf.    Dual Inf.      Time
       0    2.3743563e+04   5.693750e+01   0.000000e+00      0s
     181    5.8566130e+03   0.000000e+00   0.000000e+00      0s

Solved in 181 iterations and 0.01 seconds
Optimal objective  5.856612987e+03
Changed value of parameter FeasibilityTol to 0.001
   Prev: 1e-06  Min: 1e-09  Max: 0.01  Default: 1e-06
Changed value of parameter MIPFocus to 2
   Prev: 0  Min: 0  Max: 3  Default: 0
Changed value of parameter Presolve to 0
   Prev: -1  Min: -1  Max: 2  Default: -1
Optimize a model with 52 rows, 325 columns and 2724 nonzeros
Coefficient statistics:
  Matrix range    [1e+00, 2e+01]
  Objective range [1e+00, 4e+03]
  Bounds range    [0e+00, 0e+00]
  RHS range       [1e+00, 2e+01]
Iteration    Objective       Primal Inf.    Dual Inf.      Time
       0    2.3743563e+04   5.693750e+01   0.000000e+00      0s
     180    5.8566336e+03   0.000000e+00   0.000000e+00      0s

Solved in 180 iterations and 0.01 seconds
Optimal objective  5.856633557e+03
Changed value of parameter FeasibilityTol to 0.001
   Prev: 1e-06  Min: 1e-09  Max: 0.01  Default: 1e-06
Changed value of parameter MIPFocus to 2
   Prev: 0  Min: 0  Max: 3  Default: 0
Changed value of parameter Presolve to 0
   Prev: -1  Min: -1  Max: 2  Default: -1
Optimize a model with 52 rows, 329 columns and 2750 nonzeros
Coefficient statistics:
  Matrix range    [1e+00, 2e+01]
  Objective range [1e+00, 4e+03]
  Bounds range    [0e+00, 0e+00]
  RHS range       [1e+00, 2e+01]
Iteration    Objective       Primal Inf.    Dual Inf.      Time
       0    2.3743563e+04   5.693750e+01   0.000000e+00      0s
     167    5.8569513e+03   0.000000e+00   0.000000e+00      0s

Solved in 167 iterations and 0.01 seconds
Optimal objective  5.856951279e+03
Changed value of parameter FeasibilityTol to 0.001
   Prev: 1e-06  Min: 1e-09  Max: 0.01  Default: 1e-06
Changed value of parameter MIPFocus to 2
   Prev: 0  Min: 0  Max: 3  Default: 0
Changed value of parameter Presolve to 0
   Prev: -1  Min: -1  Max: 2  Default: -1
Optimize a model with 52 rows, 334 columns and 2778 nonzeros
Coefficient statistics:
  Matrix range    [1e+00, 2e+01]
  Objective range [1e+00, 4e+03]
  Bounds range    [0e+00, 0e+00]
  RHS range       [1e+00, 2e+01]
Iteration    Objective       Primal Inf.    Dual Inf.      Time
       0    2.3743563e+04   5.693750e+01   0.000000e+00      0s
     161    5.8658345e+03   0.000000e+00   0.000000e+00      0s

Solved in 161 iterations and 0.00 seconds
Optimal objective  5.865834517e+03
Changed value of parameter FeasibilityTol to 0.001
   Prev: 1e-06  Min: 1e-09  Max: 0.01  Default: 1e-06
Changed value of parameter MIPFocus to 2
   Prev: 0  Min: 0  Max: 3  Default: 0
Changed value of parameter Presolve to 0
   Prev: -1  Min: -1  Max: 2  Default: -1
Optimize a model with 52 rows, 338 columns and 2819 nonzeros
Coefficient statistics:
  Matrix range    [1e+00, 2e+01]
  Objective range [1e+00, 4e+03]
  Bounds range    [0e+00, 0e+00]
  RHS range       [1e+00, 2e+01]
Iteration    Objective       Primal Inf.    Dual Inf.      Time
       0    2.3743563e+04   5.693750e+01   0.000000e+00      0s
     159    5.8714243e+03   0.000000e+00   0.000000e+00      0s

Solved in 159 iterations and 0.00 seconds
Optimal objective  5.871424278e+03
Changed value of parameter FeasibilityTol to 0.001
   Prev: 1e-06  Min: 1e-09  Max: 0.01  Default: 1e-06
Changed value of parameter MIPFocus to 2
   Prev: 0  Min: 0  Max: 3  Default: 0
Changed value of parameter Presolve to 0
   Prev: -1  Min: -1  Max: 2  Default: -1
Optimize a model with 52 rows, 342 columns and 2843 nonzeros
Coefficient statistics:
  Matrix range    [1e+00, 2e+01]
  Objective range [1e+00, 4e+03]
  Bounds range    [0e+00, 0e+00]
  RHS range       [1e+00, 2e+01]
Iteration    Objective       Primal Inf.    Dual Inf.      Time
       0    2.3743563e+04   5.693750e+01   0.000000e+00      0s
     157    5.8722397e+03   0.000000e+00   0.000000e+00      0s

Solved in 157 iterations and 0.00 seconds
Optimal objective  5.872239743e+03
Changed value of parameter FeasibilityTol to 0.001
   Prev: 1e-06  Min: 1e-09  Max: 0.01  Default: 1e-06
Changed value of parameter MIPFocus to 2
   Prev: 0  Min: 0  Max: 3  Default: 0
Changed value of parameter Presolve to 0
   Prev: -1  Min: -1  Max: 2  Default: -1
Optimize a model with 52 rows, 346 columns and 2885 nonzeros
Coefficient statistics:
  Matrix range    [1e+00, 2e+01]
  Objective range [1e+00, 4e+03]
  Bounds range    [0e+00, 0e+00]
  RHS range       [1e+00, 2e+01]
Iteration    Objective       Primal Inf.    Dual Inf.      Time
       0    2.3743563e+04   5.693750e+01   0.000000e+00      0s
     163    5.8739543e+03   0.000000e+00   0.000000e+00      0s

Solved in 163 iterations and 0.01 seconds
Optimal objective  5.873954303e+03
Changed value of parameter FeasibilityTol to 0.001
   Prev: 1e-06  Min: 1e-09  Max: 0.01  Default: 1e-06
Changed value of parameter MIPFocus to 2
   Prev: 0  Min: 0  Max: 3  Default: 0
Changed value of parameter Presolve to 0
   Prev: -1  Min: -1  Max: 2  Default: -1
Optimize a model with 52 rows, 349 columns and 2915 nonzeros
Coefficient statistics:
  Matrix range    [1e+00, 2e+01]
  Objective range [1e+00, 4e+03]
  Bounds range    [0e+00, 0e+00]
  RHS range       [1e+00, 2e+01]
Iteration    Objective       Primal Inf.    Dual Inf.      Time
       0    2.3743563e+04   5.693750e+01   0.000000e+00      0s
     164    5.8760387e+03   0.000000e+00   0.000000e+00      0s

Solved in 164 iterations and 0.01 seconds
Optimal objective  5.876038732e+03
Changed value of parameter FeasibilityTol to 0.001
   Prev: 1e-06  Min: 1e-09  Max: 0.01  Default: 1e-06
Changed value of parameter MIPFocus to 2
   Prev: 0  Min: 0  Max: 3  Default: 0
Changed value of parameter Presolve to 0
   Prev: -1  Min: -1  Max: 2  Default: -1
Optimize a model with 52 rows, 353 columns and 2942 nonzeros
Coefficient statistics:
  Matrix range    [1e+00, 2e+01]
  Objective range [1e+00, 4e+03]
  Bounds range    [0e+00, 0e+00]
  RHS range       [1e+00, 2e+01]
Iteration    Objective       Primal Inf.    Dual Inf.      Time
       0    2.3743563e+04   5.693750e+01   0.000000e+00      0s
     180    5.8779495e+03   0.000000e+00   0.000000e+00      0s

Solved in 180 iterations and 0.01 seconds
Optimal objective  5.877949486e+03
Changed value of parameter FeasibilityTol to 0.001
   Prev: 1e-06  Min: 1e-09  Max: 0.01  Default: 1e-06
Changed value of parameter MIPFocus to 2
   Prev: 0  Min: 0  Max: 3  Default: 0
Changed value of parameter Presolve to 0
   Prev: -1  Min: -1  Max: 2  Default: -1
Optimize a model with 52 rows, 357 columns and 2976 nonzeros
Coefficient statistics:
  Matrix range    [1e+00, 2e+01]
  Objective range [1e+00, 4e+03]
  Bounds range    [0e+00, 0e+00]
  RHS range       [1e+00, 2e+01]
Iteration    Objective       Primal Inf.    Dual Inf.      Time
       0    2.3743563e+04   5.693750e+01   0.000000e+00      0s
     179    5.8787232e+03   0.000000e+00   0.000000e+00      0s

Solved in 179 iterations and 0.01 seconds
Optimal objective  5.878723187e+03
Changed value of parameter FeasibilityTol to 0.001
   Prev: 1e-06  Min: 1e-09  Max: 0.01  Default: 1e-06
Changed value of parameter MIPFocus to 2
   Prev: 0  Min: 0  Max: 3  Default: 0
Changed value of parameter Presolve to 0
   Prev: -1  Min: -1  Max: 2  Default: -1
Optimize a model with 52 rows, 360 columns and 3001 nonzeros
Coefficient statistics:
  Matrix range    [1e+00, 2e+01]
  Objective range [1e+00, 4e+03]
  Bounds range    [0e+00, 0e+00]
  RHS range       [1e+00, 2e+01]
Iteration    Objective       Primal Inf.    Dual Inf.      Time
       0    2.3743563e+04   5.693750e+01   0.000000e+00      0s
     145    5.8793328e+03   0.000000e+00   0.000000e+00      0s

Solved in 145 iterations and 0.00 seconds
Optimal objective  5.879332780e+03
Changed value of parameter FeasibilityTol to 0.001
   Prev: 1e-06  Min: 1e-09  Max: 0.01  Default: 1e-06
Changed value of parameter MIPFocus to 2
   Prev: 0  Min: 0  Max: 3  Default: 0
Changed value of parameter Presolve to 0
   Prev: -1  Min: -1  Max: 2  Default: -1
Optimize a model with 52 rows, 363 columns and 3022 nonzeros
Coefficient statistics:
  Matrix range    [1e+00, 2e+01]
  Objective range [1e+00, 4e+03]
  Bounds range    [0e+00, 0e+00]
  RHS range       [1e+00, 2e+01]
Iteration    Objective       Primal Inf.    Dual Inf.      Time
       0    2.3743563e+04   5.693750e+01   0.000000e+00      0s
     150    5.8820850e+03   0.000000e+00   0.000000e+00      0s

Solved in 150 iterations and 0.00 seconds
Optimal objective  5.882084967e+03
Changed value of parameter FeasibilityTol to 0.001
   Prev: 1e-06  Min: 1e-09  Max: 0.01  Default: 1e-06
Changed value of parameter MIPFocus to 2
   Prev: 0  Min: 0  Max: 3  Default: 0
Changed value of parameter Presolve to 0
   Prev: -1  Min: -1  Max: 2  Default: -1
Optimize a model with 52 rows, 366 columns and 3049 nonzeros
Coefficient statistics:
  Matrix range    [1e+00, 2e+01]
  Objective range [1e+00, 4e+03]
  Bounds range    [0e+00, 0e+00]
  RHS range       [1e+00, 2e+01]
Iteration    Objective       Primal Inf.    Dual Inf.      Time
       0    2.3743563e+04   5.693750e+01   0.000000e+00      0s
     152    5.8824821e+03   0.000000e+00   0.000000e+00      0s

Solved in 152 iterations and 0.00 seconds
Optimal objective  5.882482105e+03
Changed value of parameter FeasibilityTol to 0.001
   Prev: 1e-06  Min: 1e-09  Max: 0.01  Default: 1e-06
Changed value of parameter MIPFocus to 2
   Prev: 0  Min: 0  Max: 3  Default: 0
Changed value of parameter Presolve to 0
   Prev: -1  Min: -1  Max: 2  Default: -1
Optimize a model with 52 rows, 368 columns and 3061 nonzeros
Coefficient statistics:
  Matrix range    [1e+00, 2e+01]
  Objective range [1e+00, 4e+03]
  Bounds range    [0e+00, 0e+00]
  RHS range       [1e+00, 2e+01]
Iteration    Objective       Primal Inf.    Dual Inf.      Time
       0    2.3743563e+04   5.693750e+01   0.000000e+00      0s
     152    5.8827101e+03   0.000000e+00   0.000000e+00      0s

Solved in 152 iterations and 0.00 seconds
Optimal objective  5.882710116e+03
Changed value of parameter FeasibilityTol to 0.001
   Prev: 1e-06  Min: 1e-09  Max: 0.01  Default: 1e-06
Changed value of parameter MIPFocus to 2
   Prev: 0  Min: 0  Max: 3  Default: 0
Changed value of parameter Presolve to 0
   Prev: -1  Min: -1  Max: 2  Default: -1
Optimize a model with 52 rows, 369 columns and 3072 nonzeros
Coefficient statistics:
  Matrix range    [1e+00, 2e+01]
  Objective range [1e+00, 4e+03]
  Bounds range    [0e+00, 0e+00]
  RHS range       [1e+00, 2e+01]
Iteration    Objective       Primal Inf.    Dual Inf.      Time
       0    2.3743563e+04   5.693750e+01   0.000000e+00      0s
     167    5.8858156e+03   0.000000e+00   0.000000e+00      0s

Solved in 167 iterations and 0.01 seconds
Optimal objective  5.885815561e+03
Changed value of parameter FeasibilityTol to 0.001
   Prev: 1e-06  Min: 1e-09  Max: 0.01  Default: 1e-06
Changed value of parameter MIPFocus to 2
   Prev: 0  Min: 0  Max: 3  Default: 0
Changed value of parameter Presolve to 0
   Prev: -1  Min: -1  Max: 2  Default: -1
Optimize a model with 52 rows, 371 columns and 3086 nonzeros
Coefficient statistics:
  Matrix range    [1e+00, 2e+01]
  Objective range [1e+00, 4e+03]
  Bounds range    [0e+00, 0e+00]
  RHS range       [1e+00, 2e+01]
Iteration    Objective       Primal Inf.    Dual Inf.      Time
       0    2.3743563e+04   5.693750e+01   0.000000e+00      0s
     167    5.8892922e+03   0.000000e+00   0.000000e+00      0s

Solved in 167 iterations and 0.01 seconds
Optimal objective  5.889292242e+03
Changed value of parameter FeasibilityTol to 0.001
   Prev: 1e-06  Min: 1e-09  Max: 0.01  Default: 1e-06
Changed value of parameter MIPFocus to 2
   Prev: 0  Min: 0  Max: 3  Default: 0
Changed value of parameter Presolve to 0
   Prev: -1  Min: -1  Max: 2  Default: -1
Optimize a model with 52 rows, 373 columns and 3098 nonzeros
Coefficient statistics:
  Matrix range    [1e+00, 2e+01]
  Objective range [1e+00, 4e+03]
  Bounds range    [0e+00, 0e+00]
  RHS range       [1e+00, 2e+01]
Iteration    Objective       Primal Inf.    Dual Inf.      Time
       0    2.3743563e+04   5.693750e+01   0.000000e+00      0s
     173    5.8904506e+03   0.000000e+00   0.000000e+00      0s

Solved in 173 iterations and 0.00 seconds
Optimal objective  5.890450561e+03
Changed value of parameter FeasibilityTol to 0.001
   Prev: 1e-06  Min: 1e-09  Max: 0.01  Default: 1e-06
Changed value of parameter MIPFocus to 2
   Prev: 0  Min: 0  Max: 3  Default: 0
Changed value of parameter Presolve to 0
   Prev: -1  Min: -1  Max: 2  Default: -1
Optimize a model with 52 rows, 376 columns and 3119 nonzeros
Coefficient statistics:
  Matrix range    [1e+00, 2e+01]
  Objective range [1e+00, 4e+03]
  Bounds range    [0e+00, 0e+00]
  RHS range       [1e+00, 2e+01]
Iteration    Objective       Primal Inf.    Dual Inf.      Time
       0    2.3743563e+04   5.693750e+01   0.000000e+00      0s
     161    5.8969904e+03   0.000000e+00   0.000000e+00      0s

Solved in 161 iterations and 0.00 seconds
Optimal objective  5.896990374e+03
Changed value of parameter FeasibilityTol to 0.001
   Prev: 1e-06  Min: 1e-09  Max: 0.01  Default: 1e-06
Changed value of parameter MIPFocus to 2
   Prev: 0  Min: 0  Max: 3  Default: 0
Changed value of parameter Presolve to 0
   Prev: -1  Min: -1  Max: 2  Default: -1
Optimize a model with 52 rows, 379 columns and 3149 nonzeros
Coefficient statistics:
  Matrix range    [1e+00, 2e+01]
  Objective range [1e+00, 4e+03]
  Bounds range    [0e+00, 0e+00]
  RHS range       [1e+00, 2e+01]
Iteration    Objective       Primal Inf.    Dual Inf.      Time
       0    2.3743563e+04   5.693750e+01   0.000000e+00      0s
     157    5.8980056e+03   0.000000e+00   0.000000e+00      0s

Solved in 157 iterations and 0.00 seconds
Optimal objective  5.898005610e+03
Changed value of parameter FeasibilityTol to 0.001
   Prev: 1e-06  Min: 1e-09  Max: 0.01  Default: 1e-06
Changed value of parameter MIPFocus to 2
   Prev: 0  Min: 0  Max: 3  Default: 0
Changed value of parameter Presolve to 0
   Prev: -1  Min: -1  Max: 2  Default: -1
Optimize a model with 52 rows, 382 columns and 3182 nonzeros
Coefficient statistics:
  Matrix range    [1e+00, 2e+01]
  Objective range [1e+00, 4e+03]
  Bounds range    [0e+00, 0e+00]
  RHS range       [1e+00, 2e+01]
Iteration    Objective       Primal Inf.    Dual Inf.      Time
       0    2.3743563e+04   5.693750e+01   0.000000e+00      0s
     164    5.8987924e+03   0.000000e+00   0.000000e+00      0s

Solved in 164 iterations and 0.00 seconds
Optimal objective  5.898792439e+03
Changed value of parameter FeasibilityTol to 0.001
   Prev: 1e-06  Min: 1e-09  Max: 0.01  Default: 1e-06
Changed value of parameter MIPFocus to 2
   Prev: 0  Min: 0  Max: 3  Default: 0
Changed value of parameter Presolve to 0
   Prev: -1  Min: -1  Max: 2  Default: -1
Optimize a model with 52 rows, 387 columns and 3226 nonzeros
Coefficient statistics:
  Matrix range    [1e+00, 2e+01]
  Objective range [1e+00, 4e+03]
  Bounds range    [0e+00, 0e+00]
  RHS range       [1e+00, 2e+01]
Iteration    Objective       Primal Inf.    Dual Inf.      Time
       0    2.3743563e+04   5.693750e+01   0.000000e+00      0s
     153    5.9001717e+03   0.000000e+00   0.000000e+00      0s

Solved in 153 iterations and 0.00 seconds
Optimal objective  5.900171686e+03
Changed value of parameter FeasibilityTol to 0.001
   Prev: 1e-06  Min: 1e-09  Max: 0.01  Default: 1e-06
Changed value of parameter MIPFocus to 2
   Prev: 0  Min: 0  Max: 3  Default: 0
Changed value of parameter Presolve to 0
   Prev: -1  Min: -1  Max: 2  Default: -1
Optimize a model with 52 rows, 390 columns and 3251 nonzeros
Coefficient statistics:
  Matrix range    [1e+00, 2e+01]
  Objective range [1e+00, 4e+03]
  Bounds range    [0e+00, 0e+00]
  RHS range       [1e+00, 2e+01]
Iteration    Objective       Primal Inf.    Dual Inf.      Time
       0    2.3743563e+04   5.693750e+01   0.000000e+00      0s
     159    5.9073188e+03   0.000000e+00   0.000000e+00      0s

Solved in 159 iterations and 0.00 seconds
Optimal objective  5.907318754e+03
Changed value of parameter FeasibilityTol to 0.001
   Prev: 1e-06  Min: 1e-09  Max: 0.01  Default: 1e-06
Changed value of parameter MIPFocus to 2
   Prev: 0  Min: 0  Max: 3  Default: 0
Changed value of parameter Presolve to 0
   Prev: -1  Min: -1  Max: 2  Default: -1
Optimize a model with 52 rows, 393 columns and 3270 nonzeros
Coefficient statistics:
  Matrix range    [1e+00, 2e+01]
  Objective range [1e+00, 4e+03]
  Bounds range    [0e+00, 0e+00]
  RHS range       [1e+00, 2e+01]
Iteration    Objective       Primal Inf.    Dual Inf.      Time
       0    2.3743563e+04   5.693750e+01   0.000000e+00      0s
     147    5.9109266e+03   0.000000e+00   0.000000e+00      0s

Solved in 147 iterations and 0.00 seconds
Optimal objective  5.910926553e+03
Changed value of parameter FeasibilityTol to 0.001
   Prev: 1e-06  Min: 1e-09  Max: 0.01  Default: 1e-06
Changed value of parameter MIPFocus to 2
   Prev: 0  Min: 0  Max: 3  Default: 0
Changed value of parameter Presolve to 0
   Prev: -1  Min: -1  Max: 2  Default: -1
Optimize a model with 52 rows, 395 columns and 3282 nonzeros
Coefficient statistics:
  Matrix range    [1e+00, 2e+01]
  Objective range [1e+00, 4e+03]
  Bounds range    [0e+00, 0e+00]
  RHS range       [1e+00, 2e+01]
Iteration    Objective       Primal Inf.    Dual Inf.      Time
       0    2.3743563e+04   5.693750e+01   0.000000e+00      0s
     155    5.9119924e+03   0.000000e+00   0.000000e+00      0s

Solved in 155 iterations and 0.00 seconds
Optimal objective  5.911992356e+03
Changed value of parameter FeasibilityTol to 0.001
   Prev: 1e-06  Min: 1e-09  Max: 0.01  Default: 1e-06
Changed value of parameter MIPFocus to 2
   Prev: 0  Min: 0  Max: 3  Default: 0
Changed value of parameter Presolve to 0
   Prev: -1  Min: -1  Max: 2  Default: -1
Optimize a model with 52 rows, 395 columns and 3282 nonzeros
Coefficient statistics:
  Matrix range    [1e+00, 2e+01]
  Objective range [1e+00, 4e+03]
  Bounds range    [0e+00, 0e+00]
  RHS range       [1e+00, 2e+01]
Iteration    Objective       Primal Inf.    Dual Inf.      Time
       0    2.3743563e+04   5.693750e+01   0.000000e+00      0s
     155    5.9119924e+03   0.000000e+00   0.000000e+00      0s

Solved in 155 iterations and 0.00 seconds
Optimal objective  5.911992356e+03
Optimize a model with 52 rows, 395 columns and 3282 nonzeros
Coefficient statistics:
  Matrix range    [1e+00, 2e+01]
  Objective range [1e+00, 4e+03]
  Bounds range    [0e+00, 0e+00]
  RHS range       [1e+00, 2e+01]
Found heuristic solution: objective -1031
Variable types: 0 continuous, 395 integer (0 binary)

Root relaxation: objective 5.911993e+03, 208 iterations, 0.01 seconds

    Nodes    |    Current Node    |     Objective Bounds      |     Work
 Expl Unexpl |  Obj  Depth IntInf | Incumbent    BestBd   Gap | It/Node Time

     0     0 5911.99260    0   38 -1030.9962 5911.99260   673%     -    0s
H    0     0                    3483.0434491 5911.99260  69.7%     -    0s
H    0     0                    5211.7740278 5911.99260  13.4%     -    0s
H    0     0                    5589.5089940 5911.99260  5.77%     -    0s
     0     0 5830.91217    0   46 5589.50899 5830.91217  4.32%     -    0s
H    0     0                    5630.5913528 5830.91217  3.56%     -    0s
     0     0 5819.29615    0   53 5630.59135 5819.29615  3.35%     -    0s
     0     0 5818.99653    0   49 5630.59135 5818.99653  3.35%     -    0s
     0     0 5807.37019    0   52 5630.59135 5807.37019  3.14%     -    0s
H    0     0                    5637.6550008 5807.37019  3.01%     -    0s
     0     0 5805.63775    0   53 5637.65500 5805.63775  2.98%     -    0s
     0     0 5802.60219    0   52 5637.65500 5802.60219  2.93%     -    0s
     0     0 5801.87476    0   51 5637.65500 5801.87476  2.91%     -    0s
     0     0 5800.65577    0   53 5637.65500 5800.65577  2.89%     -    0s
H    0     0                    5754.1273167 5800.65577  0.81%     -    0s
     0     2 5800.65577    0   53 5754.12732 5800.65577  0.81%     -    0s

Cutting planes:
  Gomory: 11
  MIR: 33

Explored 43 nodes (1277 simplex iterations) in 0.47 seconds
Thread count was 4 (of 4 available processors)

Optimal solution found (tolerance 1.00e-04)
Best objective 5.754127316748e+03, best bound 5.754127316748e+03, gap 0.0%
