
Gurobi 6.5.0 (mac64) logging started Sat Apr 29 09:05:05 2017

Changed value of parameter FeasibilityTol to 0.001
   Prev: 1e-06  Min: 1e-09  Max: 0.01  Default: 1e-06
Changed value of parameter MIPFocus to 2
   Prev: 0  Min: 0  Max: 3  Default: 0
Changed value of parameter Presolve to 0
   Prev: -1  Min: -1  Max: 2  Default: -1
Optimize a model with 42 rows, 25 columns and 210 nonzeros
Coefficient statistics:
  Matrix range    [1e+00, 2e+01]
  Objective range [1e+02, 4e+03]
  Bounds range    [0e+00, 0e+00]
  RHS range       [1e+00, 2e+01]
Iteration    Objective       Primal Inf.    Dual Inf.      Time
       0    2.4446601e+04   4.818750e+01   0.000000e+00      0s
      14    4.6342286e+03   0.000000e+00   0.000000e+00      0s

Solved in 14 iterations and 0.00 seconds
Optimal objective  4.634228610e+03
Changed value of parameter FeasibilityTol to 0.001
   Prev: 1e-06  Min: 1e-09  Max: 0.01  Default: 1e-06
Changed value of parameter MIPFocus to 2
   Prev: 0  Min: 0  Max: 3  Default: 0
Changed value of parameter Presolve to 0
   Prev: -1  Min: -1  Max: 2  Default: -1
Optimize a model with 42 rows, 32 columns and 307 nonzeros
Coefficient statistics:
  Matrix range    [1e+00, 2e+01]
  Objective range [1e+02, 4e+03]
  Bounds range    [0e+00, 0e+00]
  RHS range       [1e+00, 2e+01]
Iteration    Objective       Primal Inf.    Dual Inf.      Time
       0    2.4446601e+04   4.818750e+01   0.000000e+00      0s
      16    4.6342286e+03   0.000000e+00   0.000000e+00      0s

Solved in 16 iterations and 0.00 seconds
Optimal objective  4.634228610e+03
Changed value of parameter FeasibilityTol to 0.001
   Prev: 1e-06  Min: 1e-09  Max: 0.01  Default: 1e-06
Changed value of parameter MIPFocus to 2
   Prev: 0  Min: 0  Max: 3  Default: 0
Changed value of parameter Presolve to 0
   Prev: -1  Min: -1  Max: 2  Default: -1
Optimize a model with 42 rows, 37 columns and 365 nonzeros
Coefficient statistics:
  Matrix range    [1e+00, 2e+01]
  Objective range [1e+02, 4e+03]
  Bounds range    [0e+00, 0e+00]
  RHS range       [1e+00, 2e+01]
Iteration    Objective       Primal Inf.    Dual Inf.      Time
       0    2.4446601e+04   4.818750e+01   0.000000e+00      0s
      25    4.6342286e+03   0.000000e+00   0.000000e+00      0s

Solved in 25 iterations and 0.00 seconds
Optimal objective  4.634228610e+03
Changed value of parameter FeasibilityTol to 0.001
   Prev: 1e-06  Min: 1e-09  Max: 0.01  Default: 1e-06
Changed value of parameter MIPFocus to 2
   Prev: 0  Min: 0  Max: 3  Default: 0
Changed value of parameter Presolve to 0
   Prev: -1  Min: -1  Max: 2  Default: -1
Optimize a model with 42 rows, 41 columns and 400 nonzeros
Coefficient statistics:
  Matrix range    [1e+00, 2e+01]
  Objective range [1e+02, 4e+03]
  Bounds range    [0e+00, 0e+00]
  RHS range       [1e+00, 2e+01]
Iteration    Objective       Primal Inf.    Dual Inf.      Time
       0    2.4446601e+04   4.818750e+01   0.000000e+00      0s
      26    4.6342286e+03   0.000000e+00   0.000000e+00      0s

Solved in 26 iterations and 0.00 seconds
Optimal objective  4.634228610e+03
Changed value of parameter FeasibilityTol to 0.001
   Prev: 1e-06  Min: 1e-09  Max: 0.01  Default: 1e-06
Changed value of parameter MIPFocus to 2
   Prev: 0  Min: 0  Max: 3  Default: 0
Changed value of parameter Presolve to 0
   Prev: -1  Min: -1  Max: 2  Default: -1
Optimize a model with 42 rows, 48 columns and 472 nonzeros
Coefficient statistics:
  Matrix range    [1e+00, 2e+01]
  Objective range [1e+02, 4e+03]
  Bounds range    [0e+00, 0e+00]
  RHS range       [1e+00, 2e+01]
Iteration    Objective       Primal Inf.    Dual Inf.      Time
       0    2.4446601e+04   4.818750e+01   0.000000e+00      0s
      38    4.6342286e+03   0.000000e+00   0.000000e+00      0s

Solved in 38 iterations and 0.00 seconds
Optimal objective  4.634228610e+03
Changed value of parameter FeasibilityTol to 0.001
   Prev: 1e-06  Min: 1e-09  Max: 0.01  Default: 1e-06
Changed value of parameter MIPFocus to 2
   Prev: 0  Min: 0  Max: 3  Default: 0
Changed value of parameter Presolve to 0
   Prev: -1  Min: -1  Max: 2  Default: -1
Optimize a model with 42 rows, 53 columns and 516 nonzeros
Coefficient statistics:
  Matrix range    [1e+00, 2e+01]
  Objective range [5e+01, 4e+03]
  Bounds range    [0e+00, 0e+00]
  RHS range       [1e+00, 2e+01]
Iteration    Objective       Primal Inf.    Dual Inf.      Time
       0    2.4446601e+04   4.818750e+01   0.000000e+00      0s
      50    4.6342286e+03   0.000000e+00   0.000000e+00      0s

Solved in 50 iterations and 0.00 seconds
Optimal objective  4.634228610e+03
Changed value of parameter FeasibilityTol to 0.001
   Prev: 1e-06  Min: 1e-09  Max: 0.01  Default: 1e-06
Changed value of parameter MIPFocus to 2
   Prev: 0  Min: 0  Max: 3  Default: 0
Changed value of parameter Presolve to 0
   Prev: -1  Min: -1  Max: 2  Default: -1
Optimize a model with 42 rows, 58 columns and 543 nonzeros
Coefficient statistics:
  Matrix range    [1e+00, 2e+01]
  Objective range [5e+01, 4e+03]
  Bounds range    [0e+00, 0e+00]
  RHS range       [1e+00, 2e+01]
Iteration    Objective       Primal Inf.    Dual Inf.      Time
       0    2.4446601e+04   4.818750e+01   0.000000e+00      0s
      54    4.7108799e+03   0.000000e+00   0.000000e+00      0s

Solved in 54 iterations and 0.00 seconds
Optimal objective  4.710879907e+03
Changed value of parameter FeasibilityTol to 0.001
   Prev: 1e-06  Min: 1e-09  Max: 0.01  Default: 1e-06
Changed value of parameter MIPFocus to 2
   Prev: 0  Min: 0  Max: 3  Default: 0
Changed value of parameter Presolve to 0
   Prev: -1  Min: -1  Max: 2  Default: -1
Optimize a model with 42 rows, 63 columns and 591 nonzeros
Coefficient statistics:
  Matrix range    [1e+00, 2e+01]
  Objective range [5e+01, 4e+03]
  Bounds range    [0e+00, 0e+00]
  RHS range       [1e+00, 2e+01]
Iteration    Objective       Primal Inf.    Dual Inf.      Time
       0    2.4446601e+04   4.818750e+01   0.000000e+00      0s
      58    4.7755060e+03   0.000000e+00   0.000000e+00      0s

Solved in 58 iterations and 0.00 seconds
Optimal objective  4.775506033e+03
Changed value of parameter FeasibilityTol to 0.001
   Prev: 1e-06  Min: 1e-09  Max: 0.01  Default: 1e-06
Changed value of parameter MIPFocus to 2
   Prev: 0  Min: 0  Max: 3  Default: 0
Changed value of parameter Presolve to 0
   Prev: -1  Min: -1  Max: 2  Default: -1
Optimize a model with 42 rows, 69 columns and 628 nonzeros
Coefficient statistics:
  Matrix range    [1e+00, 2e+01]
  Objective range [5e+01, 4e+03]
  Bounds range    [0e+00, 0e+00]
  RHS range       [1e+00, 2e+01]
Iteration    Objective       Primal Inf.    Dual Inf.      Time
       0    2.4446601e+04   4.818750e+01   0.000000e+00      0s
      58    4.8100825e+03   0.000000e+00   0.000000e+00      0s

Solved in 58 iterations and 0.00 seconds
Optimal objective  4.810082474e+03
Changed value of parameter FeasibilityTol to 0.001
   Prev: 1e-06  Min: 1e-09  Max: 0.01  Default: 1e-06
Changed value of parameter MIPFocus to 2
   Prev: 0  Min: 0  Max: 3  Default: 0
Changed value of parameter Presolve to 0
   Prev: -1  Min: -1  Max: 2  Default: -1
Optimize a model with 42 rows, 74 columns and 650 nonzeros
Coefficient statistics:
  Matrix range    [1e+00, 2e+01]
  Objective range [5e+01, 4e+03]
  Bounds range    [0e+00, 0e+00]
  RHS range       [1e+00, 2e+01]
Iteration    Objective       Primal Inf.    Dual Inf.      Time
       0    2.4446601e+04   4.818750e+01   0.000000e+00      0s
      65    4.8919425e+03   0.000000e+00   0.000000e+00      0s

Solved in 65 iterations and 0.00 seconds
Optimal objective  4.891942520e+03
Changed value of parameter FeasibilityTol to 0.001
   Prev: 1e-06  Min: 1e-09  Max: 0.01  Default: 1e-06
Changed value of parameter MIPFocus to 2
   Prev: 0  Min: 0  Max: 3  Default: 0
Changed value of parameter Presolve to 0
   Prev: -1  Min: -1  Max: 2  Default: -1
Optimize a model with 42 rows, 80 columns and 694 nonzeros
Coefficient statistics:
  Matrix range    [1e+00, 2e+01]
  Objective range [5e+01, 4e+03]
  Bounds range    [0e+00, 0e+00]
  RHS range       [1e+00, 2e+01]
Iteration    Objective       Primal Inf.    Dual Inf.      Time
       0    2.4446601e+04   4.818750e+01   0.000000e+00      0s
      75    4.9255406e+03   0.000000e+00   0.000000e+00      0s

Solved in 75 iterations and 0.00 seconds
Optimal objective  4.925540616e+03
Changed value of parameter FeasibilityTol to 0.001
   Prev: 1e-06  Min: 1e-09  Max: 0.01  Default: 1e-06
Changed value of parameter MIPFocus to 2
   Prev: 0  Min: 0  Max: 3  Default: 0
Changed value of parameter Presolve to 0
   Prev: -1  Min: -1  Max: 2  Default: -1
Optimize a model with 42 rows, 87 columns and 752 nonzeros
Coefficient statistics:
  Matrix range    [1e+00, 2e+01]
  Objective range [5e+01, 4e+03]
  Bounds range    [0e+00, 0e+00]
  RHS range       [1e+00, 2e+01]
Iteration    Objective       Primal Inf.    Dual Inf.      Time
       0    2.4446601e+04   4.818750e+01   0.000000e+00      0s
      82    4.9958274e+03   0.000000e+00   0.000000e+00      0s

Solved in 82 iterations and 0.00 seconds
Optimal objective  4.995827381e+03
Changed value of parameter FeasibilityTol to 0.001
   Prev: 1e-06  Min: 1e-09  Max: 0.01  Default: 1e-06
Changed value of parameter MIPFocus to 2
   Prev: 0  Min: 0  Max: 3  Default: 0
Changed value of parameter Presolve to 0
   Prev: -1  Min: -1  Max: 2  Default: -1
Optimize a model with 42 rows, 93 columns and 786 nonzeros
Coefficient statistics:
  Matrix range    [1e+00, 2e+01]
  Objective range [5e+01, 4e+03]
  Bounds range    [0e+00, 0e+00]
  RHS range       [1e+00, 2e+01]
Iteration    Objective       Primal Inf.    Dual Inf.      Time
       0    2.4446601e+04   4.818750e+01   0.000000e+00      0s
     100    5.0467697e+03   0.000000e+00   0.000000e+00      0s

Solved in 100 iterations and 0.00 seconds
Optimal objective  5.046769688e+03
Changed value of parameter FeasibilityTol to 0.001
   Prev: 1e-06  Min: 1e-09  Max: 0.01  Default: 1e-06
Changed value of parameter MIPFocus to 2
   Prev: 0  Min: 0  Max: 3  Default: 0
Changed value of parameter Presolve to 0
   Prev: -1  Min: -1  Max: 2  Default: -1
Optimize a model with 42 rows, 99 columns and 810 nonzeros
Coefficient statistics:
  Matrix range    [1e+00, 2e+01]
  Objective range [5e+01, 4e+03]
  Bounds range    [0e+00, 0e+00]
  RHS range       [1e+00, 2e+01]
Iteration    Objective       Primal Inf.    Dual Inf.      Time
       0    2.4446601e+04   4.818750e+01   0.000000e+00      0s
      96    5.1031054e+03   0.000000e+00   0.000000e+00      0s

Solved in 96 iterations and 0.00 seconds
Optimal objective  5.103105367e+03
Changed value of parameter FeasibilityTol to 0.001
   Prev: 1e-06  Min: 1e-09  Max: 0.01  Default: 1e-06
Changed value of parameter MIPFocus to 2
   Prev: 0  Min: 0  Max: 3  Default: 0
Changed value of parameter Presolve to 0
   Prev: -1  Min: -1  Max: 2  Default: -1
Optimize a model with 42 rows, 105 columns and 840 nonzeros
Coefficient statistics:
  Matrix range    [1e+00, 2e+01]
  Objective range [5e+01, 4e+03]
  Bounds range    [0e+00, 0e+00]
  RHS range       [1e+00, 2e+01]
Iteration    Objective       Primal Inf.    Dual Inf.      Time
       0    2.4446601e+04   4.818750e+01   0.000000e+00      0s
      86    5.1230924e+03   0.000000e+00   0.000000e+00      0s

Solved in 86 iterations and 0.00 seconds
Optimal objective  5.123092433e+03
Changed value of parameter FeasibilityTol to 0.001
   Prev: 1e-06  Min: 1e-09  Max: 0.01  Default: 1e-06
Changed value of parameter MIPFocus to 2
   Prev: 0  Min: 0  Max: 3  Default: 0
Changed value of parameter Presolve to 0
   Prev: -1  Min: -1  Max: 2  Default: -1
Optimize a model with 42 rows, 108 columns and 865 nonzeros
Coefficient statistics:
  Matrix range    [1e+00, 2e+01]
  Objective range [5e+01, 4e+03]
  Bounds range    [0e+00, 0e+00]
  RHS range       [1e+00, 2e+01]
Iteration    Objective       Primal Inf.    Dual Inf.      Time
       0    2.4446601e+04   4.818750e+01   0.000000e+00      0s
      85    5.1857825e+03   0.000000e+00   0.000000e+00      0s

Solved in 85 iterations and 0.00 seconds
Optimal objective  5.185782507e+03
Changed value of parameter FeasibilityTol to 0.001
   Prev: 1e-06  Min: 1e-09  Max: 0.01  Default: 1e-06
Changed value of parameter MIPFocus to 2
   Prev: 0  Min: 0  Max: 3  Default: 0
Changed value of parameter Presolve to 0
   Prev: -1  Min: -1  Max: 2  Default: -1
Optimize a model with 42 rows, 115 columns and 905 nonzeros
Coefficient statistics:
  Matrix range    [1e+00, 2e+01]
  Objective range [5e+01, 4e+03]
  Bounds range    [0e+00, 0e+00]
  RHS range       [1e+00, 2e+01]
Iteration    Objective       Primal Inf.    Dual Inf.      Time
       0    2.4446601e+04   4.818750e+01   0.000000e+00      0s
      82    5.2148900e+03   0.000000e+00   0.000000e+00      0s

Solved in 82 iterations and 0.00 seconds
Optimal objective  5.214889979e+03
Changed value of parameter FeasibilityTol to 0.001
   Prev: 1e-06  Min: 1e-09  Max: 0.01  Default: 1e-06
Changed value of parameter MIPFocus to 2
   Prev: 0  Min: 0  Max: 3  Default: 0
Changed value of parameter Presolve to 0
   Prev: -1  Min: -1  Max: 2  Default: -1
Optimize a model with 42 rows, 120 columns and 938 nonzeros
Coefficient statistics:
  Matrix range    [1e+00, 2e+01]
  Objective range [5e+01, 4e+03]
  Bounds range    [0e+00, 0e+00]
  RHS range       [1e+00, 2e+01]
Iteration    Objective       Primal Inf.    Dual Inf.      Time
       0    2.4446601e+04   4.818750e+01   0.000000e+00      0s
      80    5.2320281e+03   0.000000e+00   0.000000e+00      0s

Solved in 80 iterations and 0.00 seconds
Optimal objective  5.232028138e+03
Changed value of parameter FeasibilityTol to 0.001
   Prev: 1e-06  Min: 1e-09  Max: 0.01  Default: 1e-06
Changed value of parameter MIPFocus to 2
   Prev: 0  Min: 0  Max: 3  Default: 0
Changed value of parameter Presolve to 0
   Prev: -1  Min: -1  Max: 2  Default: -1
Optimize a model with 42 rows, 126 columns and 969 nonzeros
Coefficient statistics:
  Matrix range    [1e+00, 2e+01]
  Objective range [2e+01, 4e+03]
  Bounds range    [0e+00, 0e+00]
  RHS range       [1e+00, 2e+01]
Iteration    Objective       Primal Inf.    Dual Inf.      Time
       0    2.4446601e+04   4.818750e+01   0.000000e+00      0s
      90    5.2510700e+03   0.000000e+00   0.000000e+00      0s

Solved in 90 iterations and 0.00 seconds
Optimal objective  5.251070002e+03
Changed value of parameter FeasibilityTol to 0.001
   Prev: 1e-06  Min: 1e-09  Max: 0.01  Default: 1e-06
Changed value of parameter MIPFocus to 2
   Prev: 0  Min: 0  Max: 3  Default: 0
Changed value of parameter Presolve to 0
   Prev: -1  Min: -1  Max: 2  Default: -1
Optimize a model with 42 rows, 133 columns and 1017 nonzeros
Coefficient statistics:
  Matrix range    [1e+00, 2e+01]
  Objective range [1e+01, 4e+03]
  Bounds range    [0e+00, 0e+00]
  RHS range       [1e+00, 2e+01]
Iteration    Objective       Primal Inf.    Dual Inf.      Time
       0    2.4446601e+04   4.818750e+01   0.000000e+00      0s
      94    5.2745541e+03   0.000000e+00   0.000000e+00      0s

Solved in 94 iterations and 0.00 seconds
Optimal objective  5.274554128e+03
Changed value of parameter FeasibilityTol to 0.001
   Prev: 1e-06  Min: 1e-09  Max: 0.01  Default: 1e-06
Changed value of parameter MIPFocus to 2
   Prev: 0  Min: 0  Max: 3  Default: 0
Changed value of parameter Presolve to 0
   Prev: -1  Min: -1  Max: 2  Default: -1
Optimize a model with 42 rows, 138 columns and 1043 nonzeros
Coefficient statistics:
  Matrix range    [1e+00, 2e+01]
  Objective range [1e+01, 4e+03]
  Bounds range    [0e+00, 0e+00]
  RHS range       [1e+00, 2e+01]
Iteration    Objective       Primal Inf.    Dual Inf.      Time
       0    2.4446601e+04   4.818750e+01   0.000000e+00      0s
     100    5.2995097e+03   0.000000e+00   0.000000e+00      0s

Solved in 100 iterations and 0.00 seconds
Optimal objective  5.299509666e+03
Changed value of parameter FeasibilityTol to 0.001
   Prev: 1e-06  Min: 1e-09  Max: 0.01  Default: 1e-06
Changed value of parameter MIPFocus to 2
   Prev: 0  Min: 0  Max: 3  Default: 0
Changed value of parameter Presolve to 0
   Prev: -1  Min: -1  Max: 2  Default: -1
Optimize a model with 42 rows, 143 columns and 1064 nonzeros
Coefficient statistics:
  Matrix range    [1e+00, 2e+01]
  Objective range [1e+01, 4e+03]
  Bounds range    [0e+00, 0e+00]
  RHS range       [1e+00, 2e+01]
Iteration    Objective       Primal Inf.    Dual Inf.      Time
       0    2.4446601e+04   4.818750e+01   0.000000e+00      0s
     100    5.3282969e+03   0.000000e+00   0.000000e+00      0s

Solved in 100 iterations and 0.00 seconds
Optimal objective  5.328296863e+03
Changed value of parameter FeasibilityTol to 0.001
   Prev: 1e-06  Min: 1e-09  Max: 0.01  Default: 1e-06
Changed value of parameter MIPFocus to 2
   Prev: 0  Min: 0  Max: 3  Default: 0
Changed value of parameter Presolve to 0
   Prev: -1  Min: -1  Max: 2  Default: -1
Optimize a model with 42 rows, 149 columns and 1091 nonzeros
Coefficient statistics:
  Matrix range    [1e+00, 2e+01]
  Objective range [1e+01, 4e+03]
  Bounds range    [0e+00, 0e+00]
  RHS range       [1e+00, 2e+01]
Iteration    Objective       Primal Inf.    Dual Inf.      Time
       0    2.4446601e+04   4.818750e+01   0.000000e+00      0s
      93    5.3428785e+03   0.000000e+00   0.000000e+00      0s

Solved in 93 iterations and 0.00 seconds
Optimal objective  5.342878507e+03
Changed value of parameter FeasibilityTol to 0.001
   Prev: 1e-06  Min: 1e-09  Max: 0.01  Default: 1e-06
Changed value of parameter MIPFocus to 2
   Prev: 0  Min: 0  Max: 3  Default: 0
Changed value of parameter Presolve to 0
   Prev: -1  Min: -1  Max: 2  Default: -1
Optimize a model with 42 rows, 156 columns and 1127 nonzeros
Coefficient statistics:
  Matrix range    [1e+00, 2e+01]
  Objective range [1e+01, 4e+03]
  Bounds range    [0e+00, 0e+00]
  RHS range       [1e+00, 2e+01]
Iteration    Objective       Primal Inf.    Dual Inf.      Time
       0    2.4446601e+04   4.818750e+01   0.000000e+00      0s
      91    5.3536358e+03   0.000000e+00   0.000000e+00      0s

Solved in 91 iterations and 0.00 seconds
Optimal objective  5.353635760e+03
Changed value of parameter FeasibilityTol to 0.001
   Prev: 1e-06  Min: 1e-09  Max: 0.01  Default: 1e-06
Changed value of parameter MIPFocus to 2
   Prev: 0  Min: 0  Max: 3  Default: 0
Changed value of parameter Presolve to 0
   Prev: -1  Min: -1  Max: 2  Default: -1
Optimize a model with 42 rows, 161 columns and 1159 nonzeros
Coefficient statistics:
  Matrix range    [1e+00, 2e+01]
  Objective range [1e+01, 4e+03]
  Bounds range    [0e+00, 0e+00]
  RHS range       [1e+00, 2e+01]
Iteration    Objective       Primal Inf.    Dual Inf.      Time
       0    2.4446601e+04   4.818750e+01   0.000000e+00      0s
      98    5.3634726e+03   0.000000e+00   0.000000e+00      0s

Solved in 98 iterations and 0.00 seconds
Optimal objective  5.363472587e+03
Changed value of parameter FeasibilityTol to 0.001
   Prev: 1e-06  Min: 1e-09  Max: 0.01  Default: 1e-06
Changed value of parameter MIPFocus to 2
   Prev: 0  Min: 0  Max: 3  Default: 0
Changed value of parameter Presolve to 0
   Prev: -1  Min: -1  Max: 2  Default: -1
Optimize a model with 42 rows, 167 columns and 1201 nonzeros
Coefficient statistics:
  Matrix range    [1e+00, 2e+01]
  Objective range [1e+01, 4e+03]
  Bounds range    [0e+00, 0e+00]
  RHS range       [1e+00, 2e+01]
Iteration    Objective       Primal Inf.    Dual Inf.      Time
       0    2.4446601e+04   4.818750e+01   0.000000e+00      0s
     115    5.4350802e+03   0.000000e+00   0.000000e+00      0s

Solved in 115 iterations and 0.00 seconds
Optimal objective  5.435080233e+03
Changed value of parameter FeasibilityTol to 0.001
   Prev: 1e-06  Min: 1e-09  Max: 0.01  Default: 1e-06
Changed value of parameter MIPFocus to 2
   Prev: 0  Min: 0  Max: 3  Default: 0
Changed value of parameter Presolve to 0
   Prev: -1  Min: -1  Max: 2  Default: -1
Optimize a model with 42 rows, 171 columns and 1232 nonzeros
Coefficient statistics:
  Matrix range    [1e+00, 2e+01]
  Objective range [1e+01, 4e+03]
  Bounds range    [0e+00, 0e+00]
  RHS range       [1e+00, 2e+01]
Iteration    Objective       Primal Inf.    Dual Inf.      Time
       0    2.4446601e+04   4.818750e+01   0.000000e+00      0s
     108    5.4460470e+03   0.000000e+00   0.000000e+00      0s

Solved in 108 iterations and 0.00 seconds
Optimal objective  5.446047025e+03
Changed value of parameter FeasibilityTol to 0.001
   Prev: 1e-06  Min: 1e-09  Max: 0.01  Default: 1e-06
Changed value of parameter MIPFocus to 2
   Prev: 0  Min: 0  Max: 3  Default: 0
Changed value of parameter Presolve to 0
   Prev: -1  Min: -1  Max: 2  Default: -1
Optimize a model with 42 rows, 177 columns and 1273 nonzeros
Coefficient statistics:
  Matrix range    [1e+00, 2e+01]
  Objective range [1e+01, 4e+03]
  Bounds range    [0e+00, 0e+00]
  RHS range       [1e+00, 2e+01]
Iteration    Objective       Primal Inf.    Dual Inf.      Time
       0    2.4446601e+04   4.818750e+01   0.000000e+00      0s
     129    5.4530797e+03   0.000000e+00   0.000000e+00      0s

Solved in 129 iterations and 0.01 seconds
Optimal objective  5.453079683e+03
Changed value of parameter FeasibilityTol to 0.001
   Prev: 1e-06  Min: 1e-09  Max: 0.01  Default: 1e-06
Changed value of parameter MIPFocus to 2
   Prev: 0  Min: 0  Max: 3  Default: 0
Changed value of parameter Presolve to 0
   Prev: -1  Min: -1  Max: 2  Default: -1
Optimize a model with 42 rows, 182 columns and 1300 nonzeros
Coefficient statistics:
  Matrix range    [1e+00, 2e+01]
  Objective range [4e-01, 4e+03]
  Bounds range    [0e+00, 0e+00]
  RHS range       [1e+00, 2e+01]
Iteration    Objective       Primal Inf.    Dual Inf.      Time
       0    2.4446601e+04   4.818750e+01   0.000000e+00      0s
     108    5.4895752e+03   0.000000e+00   0.000000e+00      0s

Solved in 108 iterations and 0.00 seconds
Optimal objective  5.489575193e+03
Changed value of parameter FeasibilityTol to 0.001
   Prev: 1e-06  Min: 1e-09  Max: 0.01  Default: 1e-06
Changed value of parameter MIPFocus to 2
   Prev: 0  Min: 0  Max: 3  Default: 0
Changed value of parameter Presolve to 0
   Prev: -1  Min: -1  Max: 2  Default: -1
Optimize a model with 42 rows, 185 columns and 1322 nonzeros
Coefficient statistics:
  Matrix range    [1e+00, 2e+01]
  Objective range [4e-01, 4e+03]
  Bounds range    [0e+00, 0e+00]
  RHS range       [1e+00, 2e+01]
Iteration    Objective       Primal Inf.    Dual Inf.      Time
       0    2.4446601e+04   4.818750e+01   0.000000e+00      0s
     110    5.5006476e+03   0.000000e+00   0.000000e+00      0s

Solved in 110 iterations and 0.00 seconds
Optimal objective  5.500647620e+03
Changed value of parameter FeasibilityTol to 0.001
   Prev: 1e-06  Min: 1e-09  Max: 0.01  Default: 1e-06
Changed value of parameter MIPFocus to 2
   Prev: 0  Min: 0  Max: 3  Default: 0
Changed value of parameter Presolve to 0
   Prev: -1  Min: -1  Max: 2  Default: -1
Optimize a model with 42 rows, 189 columns and 1348 nonzeros
Coefficient statistics:
  Matrix range    [1e+00, 2e+01]
  Objective range [4e-01, 4e+03]
  Bounds range    [0e+00, 0e+00]
  RHS range       [1e+00, 2e+01]
Iteration    Objective       Primal Inf.    Dual Inf.      Time
       0    2.4446601e+04   4.818750e+01   0.000000e+00      0s
     119    5.5085173e+03   0.000000e+00   0.000000e+00      0s

Solved in 119 iterations and 0.00 seconds
Optimal objective  5.508517327e+03
Changed value of parameter FeasibilityTol to 0.001
   Prev: 1e-06  Min: 1e-09  Max: 0.01  Default: 1e-06
Changed value of parameter MIPFocus to 2
   Prev: 0  Min: 0  Max: 3  Default: 0
Changed value of parameter Presolve to 0
   Prev: -1  Min: -1  Max: 2  Default: -1
Optimize a model with 42 rows, 195 columns and 1385 nonzeros
Coefficient statistics:
  Matrix range    [1e+00, 2e+01]
  Objective range [4e-01, 4e+03]
  Bounds range    [0e+00, 0e+00]
  RHS range       [1e+00, 2e+01]
Iteration    Objective       Primal Inf.    Dual Inf.      Time
       0    2.4446601e+04   4.818750e+01   0.000000e+00      0s
     105    5.5138420e+03   0.000000e+00   0.000000e+00      0s

Solved in 105 iterations and 0.00 seconds
Optimal objective  5.513842041e+03
Changed value of parameter FeasibilityTol to 0.001
   Prev: 1e-06  Min: 1e-09  Max: 0.01  Default: 1e-06
Changed value of parameter MIPFocus to 2
   Prev: 0  Min: 0  Max: 3  Default: 0
Changed value of parameter Presolve to 0
   Prev: -1  Min: -1  Max: 2  Default: -1
Optimize a model with 42 rows, 199 columns and 1410 nonzeros
Coefficient statistics:
  Matrix range    [1e+00, 2e+01]
  Objective range [4e-01, 4e+03]
  Bounds range    [0e+00, 0e+00]
  RHS range       [1e+00, 2e+01]
Iteration    Objective       Primal Inf.    Dual Inf.      Time
       0    2.4446601e+04   4.818750e+01   0.000000e+00      0s
     104    5.5209590e+03   0.000000e+00   0.000000e+00      0s

Solved in 104 iterations and 0.00 seconds
Optimal objective  5.520959034e+03
Changed value of parameter FeasibilityTol to 0.001
   Prev: 1e-06  Min: 1e-09  Max: 0.01  Default: 1e-06
Changed value of parameter MIPFocus to 2
   Prev: 0  Min: 0  Max: 3  Default: 0
Changed value of parameter Presolve to 0
   Prev: -1  Min: -1  Max: 2  Default: -1
Optimize a model with 42 rows, 203 columns and 1447 nonzeros
Coefficient statistics:
  Matrix range    [1e+00, 2e+01]
  Objective range [4e-01, 4e+03]
  Bounds range    [0e+00, 0e+00]
  RHS range       [1e+00, 2e+01]
Iteration    Objective       Primal Inf.    Dual Inf.      Time
       0    2.4446601e+04   4.818750e+01   0.000000e+00      0s
     119    5.5251359e+03   0.000000e+00   0.000000e+00      0s

Solved in 119 iterations and 0.00 seconds
Optimal objective  5.525135876e+03
Changed value of parameter FeasibilityTol to 0.001
   Prev: 1e-06  Min: 1e-09  Max: 0.01  Default: 1e-06
Changed value of parameter MIPFocus to 2
   Prev: 0  Min: 0  Max: 3  Default: 0
Changed value of parameter Presolve to 0
   Prev: -1  Min: -1  Max: 2  Default: -1
Optimize a model with 42 rows, 207 columns and 1473 nonzeros
Coefficient statistics:
  Matrix range    [1e+00, 2e+01]
  Objective range [4e-01, 4e+03]
  Bounds range    [0e+00, 0e+00]
  RHS range       [1e+00, 2e+01]
Iteration    Objective       Primal Inf.    Dual Inf.      Time
       0    2.4446601e+04   4.818750e+01   0.000000e+00      0s
     132    5.5329832e+03   0.000000e+00   0.000000e+00      0s

Solved in 132 iterations and 0.00 seconds
Optimal objective  5.532983187e+03
Changed value of parameter FeasibilityTol to 0.001
   Prev: 1e-06  Min: 1e-09  Max: 0.01  Default: 1e-06
Changed value of parameter MIPFocus to 2
   Prev: 0  Min: 0  Max: 3  Default: 0
Changed value of parameter Presolve to 0
   Prev: -1  Min: -1  Max: 2  Default: -1
Optimize a model with 42 rows, 214 columns and 1509 nonzeros
Coefficient statistics:
  Matrix range    [1e+00, 2e+01]
  Objective range [4e-01, 4e+03]
  Bounds range    [0e+00, 0e+00]
  RHS range       [1e+00, 2e+01]
Iteration    Objective       Primal Inf.    Dual Inf.      Time
       0    2.4446601e+04   4.818750e+01   0.000000e+00      0s
     126    5.5416950e+03   0.000000e+00   0.000000e+00      0s

Solved in 126 iterations and 0.00 seconds
Optimal objective  5.541695004e+03
Changed value of parameter FeasibilityTol to 0.001
   Prev: 1e-06  Min: 1e-09  Max: 0.01  Default: 1e-06
Changed value of parameter MIPFocus to 2
   Prev: 0  Min: 0  Max: 3  Default: 0
Changed value of parameter Presolve to 0
   Prev: -1  Min: -1  Max: 2  Default: -1
Optimize a model with 42 rows, 216 columns and 1528 nonzeros
Coefficient statistics:
  Matrix range    [1e+00, 2e+01]
  Objective range [4e-01, 4e+03]
  Bounds range    [0e+00, 0e+00]
  RHS range       [1e+00, 2e+01]
Iteration    Objective       Primal Inf.    Dual Inf.      Time
       0    2.4446601e+04   4.818750e+01   0.000000e+00      0s
     122    5.5501734e+03   0.000000e+00   0.000000e+00      0s

Solved in 122 iterations and 0.00 seconds
Optimal objective  5.550173354e+03
Changed value of parameter FeasibilityTol to 0.001
   Prev: 1e-06  Min: 1e-09  Max: 0.01  Default: 1e-06
Changed value of parameter MIPFocus to 2
   Prev: 0  Min: 0  Max: 3  Default: 0
Changed value of parameter Presolve to 0
   Prev: -1  Min: -1  Max: 2  Default: -1
Optimize a model with 42 rows, 219 columns and 1558 nonzeros
Coefficient statistics:
  Matrix range    [1e+00, 2e+01]
  Objective range [4e-01, 4e+03]
  Bounds range    [0e+00, 0e+00]
  RHS range       [1e+00, 2e+01]
Iteration    Objective       Primal Inf.    Dual Inf.      Time
       0    2.4446601e+04   4.818750e+01   0.000000e+00      0s
     120    5.5522571e+03   0.000000e+00   0.000000e+00      0s

Solved in 120 iterations and 0.00 seconds
Optimal objective  5.552257091e+03
Changed value of parameter FeasibilityTol to 0.001
   Prev: 1e-06  Min: 1e-09  Max: 0.01  Default: 1e-06
Changed value of parameter MIPFocus to 2
   Prev: 0  Min: 0  Max: 3  Default: 0
Changed value of parameter Presolve to 0
   Prev: -1  Min: -1  Max: 2  Default: -1
Optimize a model with 42 rows, 223 columns and 1577 nonzeros
Coefficient statistics:
  Matrix range    [1e+00, 2e+01]
  Objective range [4e-01, 4e+03]
  Bounds range    [0e+00, 0e+00]
  RHS range       [1e+00, 2e+01]
Iteration    Objective       Primal Inf.    Dual Inf.      Time
       0    2.4446601e+04   4.818750e+01   0.000000e+00      0s
     122    5.5566553e+03   0.000000e+00   0.000000e+00      0s

Solved in 122 iterations and 0.00 seconds
Optimal objective  5.556655290e+03
Changed value of parameter FeasibilityTol to 0.001
   Prev: 1e-06  Min: 1e-09  Max: 0.01  Default: 1e-06
Changed value of parameter MIPFocus to 2
   Prev: 0  Min: 0  Max: 3  Default: 0
Changed value of parameter Presolve to 0
   Prev: -1  Min: -1  Max: 2  Default: -1
Optimize a model with 42 rows, 227 columns and 1595 nonzeros
Coefficient statistics:
  Matrix range    [1e+00, 2e+01]
  Objective range [4e-01, 4e+03]
  Bounds range    [0e+00, 0e+00]
  RHS range       [1e+00, 2e+01]
Iteration    Objective       Primal Inf.    Dual Inf.      Time
       0    2.4446601e+04   4.818750e+01   0.000000e+00      0s
     125    5.5574870e+03   0.000000e+00   0.000000e+00      0s

Solved in 125 iterations and 0.00 seconds
Optimal objective  5.557486957e+03
Changed value of parameter FeasibilityTol to 0.001
   Prev: 1e-06  Min: 1e-09  Max: 0.01  Default: 1e-06
Changed value of parameter MIPFocus to 2
   Prev: 0  Min: 0  Max: 3  Default: 0
Changed value of parameter Presolve to 0
   Prev: -1  Min: -1  Max: 2  Default: -1
Optimize a model with 42 rows, 232 columns and 1634 nonzeros
Coefficient statistics:
  Matrix range    [1e+00, 2e+01]
  Objective range [4e-01, 4e+03]
  Bounds range    [0e+00, 0e+00]
  RHS range       [1e+00, 2e+01]
Iteration    Objective       Primal Inf.    Dual Inf.      Time
       0    2.4446601e+04   4.818750e+01   0.000000e+00      0s
     123    5.5600113e+03   0.000000e+00   0.000000e+00      0s

Solved in 123 iterations and 0.00 seconds
Optimal objective  5.560011265e+03
Changed value of parameter FeasibilityTol to 0.001
   Prev: 1e-06  Min: 1e-09  Max: 0.01  Default: 1e-06
Changed value of parameter MIPFocus to 2
   Prev: 0  Min: 0  Max: 3  Default: 0
Changed value of parameter Presolve to 0
   Prev: -1  Min: -1  Max: 2  Default: -1
Optimize a model with 42 rows, 235 columns and 1657 nonzeros
Coefficient statistics:
  Matrix range    [1e+00, 2e+01]
  Objective range [4e-01, 4e+03]
  Bounds range    [0e+00, 0e+00]
  RHS range       [1e+00, 2e+01]
Iteration    Objective       Primal Inf.    Dual Inf.      Time
       0    2.4446601e+04   4.818750e+01   0.000000e+00      0s
     123    5.5623235e+03   0.000000e+00   0.000000e+00      0s

Solved in 123 iterations and 0.00 seconds
Optimal objective  5.562323544e+03
Changed value of parameter FeasibilityTol to 0.001
   Prev: 1e-06  Min: 1e-09  Max: 0.01  Default: 1e-06
Changed value of parameter MIPFocus to 2
   Prev: 0  Min: 0  Max: 3  Default: 0
Changed value of parameter Presolve to 0
   Prev: -1  Min: -1  Max: 2  Default: -1
Optimize a model with 42 rows, 236 columns and 1672 nonzeros
Coefficient statistics:
  Matrix range    [1e+00, 2e+01]
  Objective range [4e-01, 4e+03]
  Bounds range    [0e+00, 0e+00]
  RHS range       [1e+00, 2e+01]
Iteration    Objective       Primal Inf.    Dual Inf.      Time
       0    2.4446601e+04   4.818750e+01   0.000000e+00      0s
     123    5.5625798e+03   0.000000e+00   0.000000e+00      0s

Solved in 123 iterations and 0.00 seconds
Optimal objective  5.562579801e+03
Changed value of parameter FeasibilityTol to 0.001
   Prev: 1e-06  Min: 1e-09  Max: 0.01  Default: 1e-06
Changed value of parameter MIPFocus to 2
   Prev: 0  Min: 0  Max: 3  Default: 0
Changed value of parameter Presolve to 0
   Prev: -1  Min: -1  Max: 2  Default: -1
Optimize a model with 42 rows, 239 columns and 1691 nonzeros
Coefficient statistics:
  Matrix range    [1e+00, 2e+01]
  Objective range [4e-01, 4e+03]
  Bounds range    [0e+00, 0e+00]
  RHS range       [1e+00, 2e+01]
Iteration    Objective       Primal Inf.    Dual Inf.      Time
       0    2.4446601e+04   4.818750e+01   0.000000e+00      0s
     131    5.5636869e+03   0.000000e+00   0.000000e+00      0s

Solved in 131 iterations and 0.00 seconds
Optimal objective  5.563686897e+03
Changed value of parameter FeasibilityTol to 0.001
   Prev: 1e-06  Min: 1e-09  Max: 0.01  Default: 1e-06
Changed value of parameter MIPFocus to 2
   Prev: 0  Min: 0  Max: 3  Default: 0
Changed value of parameter Presolve to 0
   Prev: -1  Min: -1  Max: 2  Default: -1
Optimize a model with 42 rows, 241 columns and 1705 nonzeros
Coefficient statistics:
  Matrix range    [1e+00, 2e+01]
  Objective range [4e-01, 4e+03]
  Bounds range    [0e+00, 0e+00]
  RHS range       [1e+00, 2e+01]
Iteration    Objective       Primal Inf.    Dual Inf.      Time
       0    2.4446601e+04   4.818750e+01   0.000000e+00      0s
     126    5.5648773e+03   0.000000e+00   0.000000e+00      0s

Solved in 126 iterations and 0.03 seconds
Optimal objective  5.564877290e+03
Changed value of parameter FeasibilityTol to 0.001
   Prev: 1e-06  Min: 1e-09  Max: 0.01  Default: 1e-06
Changed value of parameter MIPFocus to 2
   Prev: 0  Min: 0  Max: 3  Default: 0
Changed value of parameter Presolve to 0
   Prev: -1  Min: -1  Max: 2  Default: -1
Optimize a model with 42 rows, 243 columns and 1724 nonzeros
Coefficient statistics:
  Matrix range    [1e+00, 2e+01]
  Objective range [4e-01, 4e+03]
  Bounds range    [0e+00, 0e+00]
  RHS range       [1e+00, 2e+01]
Iteration    Objective       Primal Inf.    Dual Inf.      Time
       0    2.4446601e+04   4.818750e+01   0.000000e+00      0s
     130    5.5703099e+03   0.000000e+00   0.000000e+00      0s

Solved in 130 iterations and 0.00 seconds
Optimal objective  5.570309875e+03
Changed value of parameter FeasibilityTol to 0.001
   Prev: 1e-06  Min: 1e-09  Max: 0.01  Default: 1e-06
Changed value of parameter MIPFocus to 2
   Prev: 0  Min: 0  Max: 3  Default: 0
Changed value of parameter Presolve to 0
   Prev: -1  Min: -1  Max: 2  Default: -1
Optimize a model with 42 rows, 249 columns and 1772 nonzeros
Coefficient statistics:
  Matrix range    [1e+00, 2e+01]
  Objective range [4e-01, 4e+03]
  Bounds range    [0e+00, 0e+00]
  RHS range       [1e+00, 2e+01]
Iteration    Objective       Primal Inf.    Dual Inf.      Time
       0    2.4446601e+04   4.818750e+01   0.000000e+00      0s
     134    5.5722659e+03   0.000000e+00   0.000000e+00      0s

Solved in 134 iterations and 0.01 seconds
Optimal objective  5.572265948e+03
Changed value of parameter FeasibilityTol to 0.001
   Prev: 1e-06  Min: 1e-09  Max: 0.01  Default: 1e-06
Changed value of parameter MIPFocus to 2
   Prev: 0  Min: 0  Max: 3  Default: 0
Changed value of parameter Presolve to 0
   Prev: -1  Min: -1  Max: 2  Default: -1
Optimize a model with 42 rows, 250 columns and 1776 nonzeros
Coefficient statistics:
  Matrix range    [1e+00, 2e+01]
  Objective range [4e-01, 4e+03]
  Bounds range    [0e+00, 0e+00]
  RHS range       [1e+00, 2e+01]
Iteration    Objective       Primal Inf.    Dual Inf.      Time
       0    2.4446601e+04   4.818750e+01   0.000000e+00      0s
     133    5.5905609e+03   0.000000e+00   0.000000e+00      0s

Solved in 133 iterations and 0.00 seconds
Optimal objective  5.590560918e+03
Changed value of parameter FeasibilityTol to 0.001
   Prev: 1e-06  Min: 1e-09  Max: 0.01  Default: 1e-06
Changed value of parameter MIPFocus to 2
   Prev: 0  Min: 0  Max: 3  Default: 0
Changed value of parameter Presolve to 0
   Prev: -1  Min: -1  Max: 2  Default: -1
Optimize a model with 42 rows, 251 columns and 1778 nonzeros
Coefficient statistics:
  Matrix range    [1e+00, 2e+01]
  Objective range [4e-01, 4e+03]
  Bounds range    [0e+00, 0e+00]
  RHS range       [1e+00, 2e+01]
Iteration    Objective       Primal Inf.    Dual Inf.      Time
       0    2.4446601e+04   4.818750e+01   0.000000e+00      0s
     130    5.5905609e+03   0.000000e+00   0.000000e+00      0s

Solved in 130 iterations and 0.01 seconds
Optimal objective  5.590560918e+03
Changed value of parameter FeasibilityTol to 0.001
   Prev: 1e-06  Min: 1e-09  Max: 0.01  Default: 1e-06
Changed value of parameter MIPFocus to 2
   Prev: 0  Min: 0  Max: 3  Default: 0
Changed value of parameter Presolve to 0
   Prev: -1  Min: -1  Max: 2  Default: -1
Optimize a model with 42 rows, 255 columns and 1799 nonzeros
Coefficient statistics:
  Matrix range    [1e+00, 2e+01]
  Objective range [4e-01, 4e+03]
  Bounds range    [0e+00, 0e+00]
  RHS range       [1e+00, 2e+01]
Iteration    Objective       Primal Inf.    Dual Inf.      Time
       0    2.4446601e+04   4.818750e+01   0.000000e+00      0s
     123    5.6189684e+03   0.000000e+00   0.000000e+00      0s

Solved in 123 iterations and 0.00 seconds
Optimal objective  5.618968409e+03
Changed value of parameter FeasibilityTol to 0.001
   Prev: 1e-06  Min: 1e-09  Max: 0.01  Default: 1e-06
Changed value of parameter MIPFocus to 2
   Prev: 0  Min: 0  Max: 3  Default: 0
Changed value of parameter Presolve to 0
   Prev: -1  Min: -1  Max: 2  Default: -1
Optimize a model with 42 rows, 257 columns and 1814 nonzeros
Coefficient statistics:
  Matrix range    [1e+00, 2e+01]
  Objective range [4e-01, 4e+03]
  Bounds range    [0e+00, 0e+00]
  RHS range       [1e+00, 2e+01]
Iteration    Objective       Primal Inf.    Dual Inf.      Time
       0    2.4446601e+04   4.818750e+01   0.000000e+00      0s
     114    5.6193774e+03   0.000000e+00   0.000000e+00      0s

Solved in 114 iterations and 0.00 seconds
Optimal objective  5.619377433e+03
Changed value of parameter FeasibilityTol to 0.001
   Prev: 1e-06  Min: 1e-09  Max: 0.01  Default: 1e-06
Changed value of parameter MIPFocus to 2
   Prev: 0  Min: 0  Max: 3  Default: 0
Changed value of parameter Presolve to 0
   Prev: -1  Min: -1  Max: 2  Default: -1
Optimize a model with 42 rows, 262 columns and 1849 nonzeros
Coefficient statistics:
  Matrix range    [1e+00, 2e+01]
  Objective range [4e-01, 4e+03]
  Bounds range    [0e+00, 0e+00]
  RHS range       [1e+00, 2e+01]
Iteration    Objective       Primal Inf.    Dual Inf.      Time
       0    2.4446601e+04   4.818750e+01   0.000000e+00      0s
     112    5.6288004e+03   0.000000e+00   0.000000e+00      0s

Solved in 112 iterations and 0.00 seconds
Optimal objective  5.628800444e+03
Changed value of parameter FeasibilityTol to 0.001
   Prev: 1e-06  Min: 1e-09  Max: 0.01  Default: 1e-06
Changed value of parameter MIPFocus to 2
   Prev: 0  Min: 0  Max: 3  Default: 0
Changed value of parameter Presolve to 0
   Prev: -1  Min: -1  Max: 2  Default: -1
Optimize a model with 42 rows, 268 columns and 1886 nonzeros
Coefficient statistics:
  Matrix range    [1e+00, 2e+01]
  Objective range [4e-01, 4e+03]
  Bounds range    [0e+00, 0e+00]
  RHS range       [1e+00, 2e+01]
Iteration    Objective       Primal Inf.    Dual Inf.      Time
       0    2.4446601e+04   4.818750e+01   0.000000e+00      0s
     109    5.6499977e+03   0.000000e+00   0.000000e+00      0s

Solved in 109 iterations and 0.00 seconds
Optimal objective  5.649997676e+03
Changed value of parameter FeasibilityTol to 0.001
   Prev: 1e-06  Min: 1e-09  Max: 0.01  Default: 1e-06
Changed value of parameter MIPFocus to 2
   Prev: 0  Min: 0  Max: 3  Default: 0
Changed value of parameter Presolve to 0
   Prev: -1  Min: -1  Max: 2  Default: -1
Optimize a model with 42 rows, 270 columns and 1907 nonzeros
Coefficient statistics:
  Matrix range    [1e+00, 2e+01]
  Objective range [4e-01, 4e+03]
  Bounds range    [0e+00, 0e+00]
  RHS range       [1e+00, 2e+01]
Iteration    Objective       Primal Inf.    Dual Inf.      Time
       0    2.4446601e+04   4.818750e+01   0.000000e+00      0s
     109    5.6499852e+03   0.000000e+00   0.000000e+00      0s

Solved in 109 iterations and 0.00 seconds
Optimal objective  5.649985169e+03
Changed value of parameter FeasibilityTol to 0.001
   Prev: 1e-06  Min: 1e-09  Max: 0.01  Default: 1e-06
Changed value of parameter MIPFocus to 2
   Prev: 0  Min: 0  Max: 3  Default: 0
Changed value of parameter Presolve to 0
   Prev: -1  Min: -1  Max: 2  Default: -1
Optimize a model with 42 rows, 275 columns and 1955 nonzeros
Coefficient statistics:
  Matrix range    [1e+00, 2e+01]
  Objective range [4e-01, 4e+03]
  Bounds range    [0e+00, 0e+00]
  RHS range       [1e+00, 2e+01]
Iteration    Objective       Primal Inf.    Dual Inf.      Time
       0    2.4446601e+04   4.818750e+01   0.000000e+00      0s
     119    5.6746241e+03   0.000000e+00   0.000000e+00      0s

Solved in 119 iterations and 0.00 seconds
Optimal objective  5.674624141e+03
Changed value of parameter FeasibilityTol to 0.001
   Prev: 1e-06  Min: 1e-09  Max: 0.01  Default: 1e-06
Changed value of parameter MIPFocus to 2
   Prev: 0  Min: 0  Max: 3  Default: 0
Changed value of parameter Presolve to 0
   Prev: -1  Min: -1  Max: 2  Default: -1
Optimize a model with 42 rows, 279 columns and 1985 nonzeros
Coefficient statistics:
  Matrix range    [1e+00, 2e+01]
  Objective range [4e-01, 4e+03]
  Bounds range    [0e+00, 0e+00]
  RHS range       [1e+00, 2e+01]
Iteration    Objective       Primal Inf.    Dual Inf.      Time
       0    2.4446601e+04   4.818750e+01   0.000000e+00      0s
     109    5.6781435e+03   0.000000e+00   0.000000e+00      0s

Solved in 109 iterations and 0.00 seconds
Optimal objective  5.678143545e+03
Changed value of parameter FeasibilityTol to 0.001
   Prev: 1e-06  Min: 1e-09  Max: 0.01  Default: 1e-06
Changed value of parameter MIPFocus to 2
   Prev: 0  Min: 0  Max: 3  Default: 0
Changed value of parameter Presolve to 0
   Prev: -1  Min: -1  Max: 2  Default: -1
Optimize a model with 42 rows, 283 columns and 2019 nonzeros
Coefficient statistics:
  Matrix range    [1e+00, 2e+01]
  Objective range [4e-01, 4e+03]
  Bounds range    [0e+00, 0e+00]
  RHS range       [1e+00, 2e+01]
Iteration    Objective       Primal Inf.    Dual Inf.      Time
       0    2.4446601e+04   4.818750e+01   0.000000e+00      0s
     114    5.6886283e+03   0.000000e+00   0.000000e+00      0s

Solved in 114 iterations and 0.00 seconds
Optimal objective  5.688628278e+03
Changed value of parameter FeasibilityTol to 0.001
   Prev: 1e-06  Min: 1e-09  Max: 0.01  Default: 1e-06
Changed value of parameter MIPFocus to 2
   Prev: 0  Min: 0  Max: 3  Default: 0
Changed value of parameter Presolve to 0
   Prev: -1  Min: -1  Max: 2  Default: -1
Optimize a model with 42 rows, 287 columns and 2043 nonzeros
Coefficient statistics:
  Matrix range    [1e+00, 2e+01]
  Objective range [4e-01, 4e+03]
  Bounds range    [0e+00, 0e+00]
  RHS range       [1e+00, 2e+01]
Iteration    Objective       Primal Inf.    Dual Inf.      Time
       0    2.4446601e+04   4.818750e+01   0.000000e+00      0s
     128    5.6926315e+03   0.000000e+00   0.000000e+00      0s

Solved in 128 iterations and 0.01 seconds
Optimal objective  5.692631488e+03
Changed value of parameter FeasibilityTol to 0.001
   Prev: 1e-06  Min: 1e-09  Max: 0.01  Default: 1e-06
Changed value of parameter MIPFocus to 2
   Prev: 0  Min: 0  Max: 3  Default: 0
Changed value of parameter Presolve to 0
   Prev: -1  Min: -1  Max: 2  Default: -1
Optimize a model with 42 rows, 293 columns and 2086 nonzeros
Coefficient statistics:
  Matrix range    [1e+00, 2e+01]
  Objective range [4e-01, 4e+03]
  Bounds range    [0e+00, 0e+00]
  RHS range       [1e+00, 2e+01]
Iteration    Objective       Primal Inf.    Dual Inf.      Time
       0    2.4446601e+04   4.818750e+01   0.000000e+00      0s
     138    5.7023482e+03   0.000000e+00   0.000000e+00      0s

Solved in 138 iterations and 0.00 seconds
Optimal objective  5.702348150e+03
Changed value of parameter FeasibilityTol to 0.001
   Prev: 1e-06  Min: 1e-09  Max: 0.01  Default: 1e-06
Changed value of parameter MIPFocus to 2
   Prev: 0  Min: 0  Max: 3  Default: 0
Changed value of parameter Presolve to 0
   Prev: -1  Min: -1  Max: 2  Default: -1
Optimize a model with 42 rows, 296 columns and 2110 nonzeros
Coefficient statistics:
  Matrix range    [1e+00, 2e+01]
  Objective range [4e-01, 4e+03]
  Bounds range    [0e+00, 0e+00]
  RHS range       [1e+00, 2e+01]
Iteration    Objective       Primal Inf.    Dual Inf.      Time
       0    2.4446601e+04   4.818750e+01   0.000000e+00      0s
     135    5.7044842e+03   0.000000e+00   0.000000e+00      0s

Solved in 135 iterations and 0.01 seconds
Optimal objective  5.704484240e+03
Changed value of parameter FeasibilityTol to 0.001
   Prev: 1e-06  Min: 1e-09  Max: 0.01  Default: 1e-06
Changed value of parameter MIPFocus to 2
   Prev: 0  Min: 0  Max: 3  Default: 0
Changed value of parameter Presolve to 0
   Prev: -1  Min: -1  Max: 2  Default: -1
Optimize a model with 42 rows, 300 columns and 2138 nonzeros
Coefficient statistics:
  Matrix range    [1e+00, 2e+01]
  Objective range [4e-01, 4e+03]
  Bounds range    [0e+00, 0e+00]
  RHS range       [1e+00, 2e+01]
Iteration    Objective       Primal Inf.    Dual Inf.      Time
       0    2.4446601e+04   4.818750e+01   0.000000e+00      0s
     131    5.7124353e+03   0.000000e+00   0.000000e+00      0s

Solved in 131 iterations and 0.00 seconds
Optimal objective  5.712435289e+03
Changed value of parameter FeasibilityTol to 0.001
   Prev: 1e-06  Min: 1e-09  Max: 0.01  Default: 1e-06
Changed value of parameter MIPFocus to 2
   Prev: 0  Min: 0  Max: 3  Default: 0
Changed value of parameter Presolve to 0
   Prev: -1  Min: -1  Max: 2  Default: -1
Optimize a model with 42 rows, 302 columns and 2160 nonzeros
Coefficient statistics:
  Matrix range    [1e+00, 2e+01]
  Objective range [4e-01, 4e+03]
  Bounds range    [0e+00, 0e+00]
  RHS range       [1e+00, 2e+01]
Iteration    Objective       Primal Inf.    Dual Inf.      Time
       0    2.4446601e+04   4.818750e+01   0.000000e+00      0s
     120    5.7403353e+03   0.000000e+00   0.000000e+00      0s

Solved in 120 iterations and 0.00 seconds
Optimal objective  5.740335314e+03
Changed value of parameter FeasibilityTol to 0.001
   Prev: 1e-06  Min: 1e-09  Max: 0.01  Default: 1e-06
Changed value of parameter MIPFocus to 2
   Prev: 0  Min: 0  Max: 3  Default: 0
Changed value of parameter Presolve to 0
   Prev: -1  Min: -1  Max: 2  Default: -1
Optimize a model with 42 rows, 306 columns and 2189 nonzeros
Coefficient statistics:
  Matrix range    [1e+00, 2e+01]
  Objective range [4e-01, 4e+03]
  Bounds range    [0e+00, 0e+00]
  RHS range       [1e+00, 2e+01]
Iteration    Objective       Primal Inf.    Dual Inf.      Time
       0    2.4446601e+04   4.818750e+01   0.000000e+00      0s
     108    5.7458986e+03   0.000000e+00   0.000000e+00      0s

Solved in 108 iterations and 0.00 seconds
Optimal objective  5.745898623e+03
Changed value of parameter FeasibilityTol to 0.001
   Prev: 1e-06  Min: 1e-09  Max: 0.01  Default: 1e-06
Changed value of parameter MIPFocus to 2
   Prev: 0  Min: 0  Max: 3  Default: 0
Changed value of parameter Presolve to 0
   Prev: -1  Min: -1  Max: 2  Default: -1
Optimize a model with 42 rows, 310 columns and 2218 nonzeros
Coefficient statistics:
  Matrix range    [1e+00, 2e+01]
  Objective range [4e-01, 4e+03]
  Bounds range    [0e+00, 0e+00]
  RHS range       [1e+00, 2e+01]
Iteration    Objective       Primal Inf.    Dual Inf.      Time
       0    2.4446601e+04   4.818750e+01   0.000000e+00      0s
     126    5.7477116e+03   0.000000e+00   0.000000e+00      0s

Solved in 126 iterations and 0.00 seconds
Optimal objective  5.747711592e+03
Changed value of parameter FeasibilityTol to 0.001
   Prev: 1e-06  Min: 1e-09  Max: 0.01  Default: 1e-06
Changed value of parameter MIPFocus to 2
   Prev: 0  Min: 0  Max: 3  Default: 0
Changed value of parameter Presolve to 0
   Prev: -1  Min: -1  Max: 2  Default: -1
Optimize a model with 42 rows, 316 columns and 2262 nonzeros
Coefficient statistics:
  Matrix range    [1e+00, 2e+01]
  Objective range [4e-01, 4e+03]
  Bounds range    [0e+00, 0e+00]
  RHS range       [1e+00, 2e+01]
Iteration    Objective       Primal Inf.    Dual Inf.      Time
       0    2.4446601e+04   4.818750e+01   0.000000e+00      0s
     114    5.7522936e+03   0.000000e+00   0.000000e+00      0s

Solved in 114 iterations and 0.00 seconds
Optimal objective  5.752293623e+03
Changed value of parameter FeasibilityTol to 0.001
   Prev: 1e-06  Min: 1e-09  Max: 0.01  Default: 1e-06
Changed value of parameter MIPFocus to 2
   Prev: 0  Min: 0  Max: 3  Default: 0
Changed value of parameter Presolve to 0
   Prev: -1  Min: -1  Max: 2  Default: -1
Optimize a model with 42 rows, 320 columns and 2301 nonzeros
Coefficient statistics:
  Matrix range    [1e+00, 2e+01]
  Objective range [4e-01, 4e+03]
  Bounds range    [0e+00, 0e+00]
  RHS range       [1e+00, 2e+01]
Iteration    Objective       Primal Inf.    Dual Inf.      Time
       0    2.4446601e+04   4.818750e+01   0.000000e+00      0s
     119    5.7524242e+03   0.000000e+00   0.000000e+00      0s

Solved in 119 iterations and 0.00 seconds
Optimal objective  5.752424185e+03
Changed value of parameter FeasibilityTol to 0.001
   Prev: 1e-06  Min: 1e-09  Max: 0.01  Default: 1e-06
Changed value of parameter MIPFocus to 2
   Prev: 0  Min: 0  Max: 3  Default: 0
Changed value of parameter Presolve to 0
   Prev: -1  Min: -1  Max: 2  Default: -1
Optimize a model with 42 rows, 322 columns and 2320 nonzeros
Coefficient statistics:
  Matrix range    [1e+00, 2e+01]
  Objective range [4e-01, 4e+03]
  Bounds range    [0e+00, 0e+00]
  RHS range       [1e+00, 2e+01]
Iteration    Objective       Primal Inf.    Dual Inf.      Time
       0    2.4446601e+04   4.818750e+01   0.000000e+00      0s
     131    5.7537011e+03   0.000000e+00   0.000000e+00      0s

Solved in 131 iterations and 0.00 seconds
Optimal objective  5.753701064e+03
Changed value of parameter FeasibilityTol to 0.001
   Prev: 1e-06  Min: 1e-09  Max: 0.01  Default: 1e-06
Changed value of parameter MIPFocus to 2
   Prev: 0  Min: 0  Max: 3  Default: 0
Changed value of parameter Presolve to 0
   Prev: -1  Min: -1  Max: 2  Default: -1
Optimize a model with 42 rows, 326 columns and 2348 nonzeros
Coefficient statistics:
  Matrix range    [1e+00, 2e+01]
  Objective range [4e-01, 4e+03]
  Bounds range    [0e+00, 0e+00]
  RHS range       [1e+00, 2e+01]
Iteration    Objective       Primal Inf.    Dual Inf.      Time
       0    2.4446601e+04   4.818750e+01   0.000000e+00      0s
     139    5.7538637e+03   0.000000e+00   0.000000e+00      0s

Solved in 139 iterations and 0.00 seconds
Optimal objective  5.753863669e+03
Changed value of parameter FeasibilityTol to 0.001
   Prev: 1e-06  Min: 1e-09  Max: 0.01  Default: 1e-06
Changed value of parameter MIPFocus to 2
   Prev: 0  Min: 0  Max: 3  Default: 0
Changed value of parameter Presolve to 0
   Prev: -1  Min: -1  Max: 2  Default: -1
Optimize a model with 42 rows, 330 columns and 2367 nonzeros
Coefficient statistics:
  Matrix range    [1e+00, 2e+01]
  Objective range [4e-01, 4e+03]
  Bounds range    [0e+00, 0e+00]
  RHS range       [1e+00, 2e+01]
Iteration    Objective       Primal Inf.    Dual Inf.      Time
       0    2.4446601e+04   4.818750e+01   0.000000e+00      0s
     137    5.7544685e+03   0.000000e+00   0.000000e+00      0s

Solved in 137 iterations and 0.00 seconds
Optimal objective  5.754468532e+03
Changed value of parameter FeasibilityTol to 0.001
   Prev: 1e-06  Min: 1e-09  Max: 0.01  Default: 1e-06
Changed value of parameter MIPFocus to 2
   Prev: 0  Min: 0  Max: 3  Default: 0
Changed value of parameter Presolve to 0
   Prev: -1  Min: -1  Max: 2  Default: -1
Optimize a model with 42 rows, 331 columns and 2370 nonzeros
Coefficient statistics:
  Matrix range    [1e+00, 2e+01]
  Objective range [4e-01, 4e+03]
  Bounds range    [0e+00, 0e+00]
  RHS range       [1e+00, 2e+01]
Iteration    Objective       Primal Inf.    Dual Inf.      Time
       0    2.4446601e+04   4.818750e+01   0.000000e+00      0s
     136    5.7552025e+03   0.000000e+00   0.000000e+00      0s

Solved in 136 iterations and 0.00 seconds
Optimal objective  5.755202494e+03
Changed value of parameter FeasibilityTol to 0.001
   Prev: 1e-06  Min: 1e-09  Max: 0.01  Default: 1e-06
Changed value of parameter MIPFocus to 2
   Prev: 0  Min: 0  Max: 3  Default: 0
Changed value of parameter Presolve to 0
   Prev: -1  Min: -1  Max: 2  Default: -1
Optimize a model with 42 rows, 332 columns and 2376 nonzeros
Coefficient statistics:
  Matrix range    [1e+00, 2e+01]
  Objective range [4e-01, 4e+03]
  Bounds range    [0e+00, 0e+00]
  RHS range       [1e+00, 2e+01]
Iteration    Objective       Primal Inf.    Dual Inf.      Time
       0    2.4446601e+04   4.818750e+01   0.000000e+00      0s
     127    5.7552025e+03   0.000000e+00   0.000000e+00      0s

Solved in 127 iterations and 0.00 seconds
Optimal objective  5.755202494e+03
Changed value of parameter FeasibilityTol to 0.001
   Prev: 1e-06  Min: 1e-09  Max: 0.01  Default: 1e-06
Changed value of parameter MIPFocus to 2
   Prev: 0  Min: 0  Max: 3  Default: 0
Changed value of parameter Presolve to 0
   Prev: -1  Min: -1  Max: 2  Default: -1
Optimize a model with 42 rows, 335 columns and 2400 nonzeros
Coefficient statistics:
  Matrix range    [1e+00, 2e+01]
  Objective range [4e-01, 4e+03]
  Bounds range    [0e+00, 0e+00]
  RHS range       [1e+00, 2e+01]
Iteration    Objective       Primal Inf.    Dual Inf.      Time
       0    2.4446601e+04   4.818750e+01   0.000000e+00      0s
     137    5.7612501e+03   0.000000e+00   0.000000e+00      0s

Solved in 137 iterations and 0.00 seconds
Optimal objective  5.761250126e+03
Changed value of parameter FeasibilityTol to 0.001
   Prev: 1e-06  Min: 1e-09  Max: 0.01  Default: 1e-06
Changed value of parameter MIPFocus to 2
   Prev: 0  Min: 0  Max: 3  Default: 0
Changed value of parameter Presolve to 0
   Prev: -1  Min: -1  Max: 2  Default: -1
Optimize a model with 42 rows, 337 columns and 2410 nonzeros
Coefficient statistics:
  Matrix range    [1e+00, 2e+01]
  Objective range [4e-01, 4e+03]
  Bounds range    [0e+00, 0e+00]
  RHS range       [1e+00, 2e+01]
Iteration    Objective       Primal Inf.    Dual Inf.      Time
       0    2.4446601e+04   4.818750e+01   0.000000e+00      0s
     121    5.7629114e+03   0.000000e+00   0.000000e+00      0s

Solved in 121 iterations and 0.00 seconds
Optimal objective  5.762911355e+03
Changed value of parameter FeasibilityTol to 0.001
   Prev: 1e-06  Min: 1e-09  Max: 0.01  Default: 1e-06
Changed value of parameter MIPFocus to 2
   Prev: 0  Min: 0  Max: 3  Default: 0
Changed value of parameter Presolve to 0
   Prev: -1  Min: -1  Max: 2  Default: -1
Optimize a model with 42 rows, 340 columns and 2434 nonzeros
Coefficient statistics:
  Matrix range    [1e+00, 2e+01]
  Objective range [4e-01, 4e+03]
  Bounds range    [0e+00, 0e+00]
  RHS range       [1e+00, 2e+01]
Iteration    Objective       Primal Inf.    Dual Inf.      Time
       0    2.4446601e+04   4.818750e+01   0.000000e+00      0s
     129    5.7640051e+03   0.000000e+00   0.000000e+00      0s

Solved in 129 iterations and 0.00 seconds
Optimal objective  5.764005108e+03
Changed value of parameter FeasibilityTol to 0.001
   Prev: 1e-06  Min: 1e-09  Max: 0.01  Default: 1e-06
Changed value of parameter MIPFocus to 2
   Prev: 0  Min: 0  Max: 3  Default: 0
Changed value of parameter Presolve to 0
   Prev: -1  Min: -1  Max: 2  Default: -1
Optimize a model with 42 rows, 344 columns and 2463 nonzeros
Coefficient statistics:
  Matrix range    [1e+00, 2e+01]
  Objective range [4e-01, 4e+03]
  Bounds range    [0e+00, 0e+00]
  RHS range       [1e+00, 2e+01]
Iteration    Objective       Primal Inf.    Dual Inf.      Time
       0    2.4446601e+04   4.818750e+01   0.000000e+00      0s
     136    5.7670152e+03   0.000000e+00   0.000000e+00      0s

Solved in 136 iterations and 0.00 seconds
Optimal objective  5.767015186e+03
Changed value of parameter FeasibilityTol to 0.001
   Prev: 1e-06  Min: 1e-09  Max: 0.01  Default: 1e-06
Changed value of parameter MIPFocus to 2
   Prev: 0  Min: 0  Max: 3  Default: 0
Changed value of parameter Presolve to 0
   Prev: -1  Min: -1  Max: 2  Default: -1
Optimize a model with 42 rows, 349 columns and 2498 nonzeros
Coefficient statistics:
  Matrix range    [1e+00, 2e+01]
  Objective range [4e-01, 4e+03]
  Bounds range    [0e+00, 0e+00]
  RHS range       [1e+00, 2e+01]
Iteration    Objective       Primal Inf.    Dual Inf.      Time
       0    2.4446601e+04   4.818750e+01   0.000000e+00      0s
     145    5.7814289e+03   0.000000e+00   0.000000e+00      0s

Solved in 145 iterations and 0.00 seconds
Optimal objective  5.781428937e+03
Changed value of parameter FeasibilityTol to 0.001
   Prev: 1e-06  Min: 1e-09  Max: 0.01  Default: 1e-06
Changed value of parameter MIPFocus to 2
   Prev: 0  Min: 0  Max: 3  Default: 0
Changed value of parameter Presolve to 0
   Prev: -1  Min: -1  Max: 2  Default: -1
Optimize a model with 42 rows, 353 columns and 2534 nonzeros
Coefficient statistics:
  Matrix range    [1e+00, 2e+01]
  Objective range [4e-01, 4e+03]
  Bounds range    [0e+00, 0e+00]
  RHS range       [1e+00, 2e+01]
Iteration    Objective       Primal Inf.    Dual Inf.      Time
       0    2.4446601e+04   4.818750e+01   0.000000e+00      0s
     106    5.7833039e+03   0.000000e+00   0.000000e+00      0s

Solved in 106 iterations and 0.00 seconds
Optimal objective  5.783303859e+03
Changed value of parameter FeasibilityTol to 0.001
   Prev: 1e-06  Min: 1e-09  Max: 0.01  Default: 1e-06
Changed value of parameter MIPFocus to 2
   Prev: 0  Min: 0  Max: 3  Default: 0
Changed value of parameter Presolve to 0
   Prev: -1  Min: -1  Max: 2  Default: -1
Optimize a model with 42 rows, 356 columns and 2558 nonzeros
Coefficient statistics:
  Matrix range    [1e+00, 2e+01]
  Objective range [4e-01, 4e+03]
  Bounds range    [0e+00, 0e+00]
  RHS range       [1e+00, 2e+01]
Iteration    Objective       Primal Inf.    Dual Inf.      Time
       0    2.4446601e+04   4.818750e+01   0.000000e+00      0s
     120    5.7839909e+03   0.000000e+00   0.000000e+00      0s

Solved in 120 iterations and 0.00 seconds
Optimal objective  5.783990853e+03
Changed value of parameter FeasibilityTol to 0.001
   Prev: 1e-06  Min: 1e-09  Max: 0.01  Default: 1e-06
Changed value of parameter MIPFocus to 2
   Prev: 0  Min: 0  Max: 3  Default: 0
Changed value of parameter Presolve to 0
   Prev: -1  Min: -1  Max: 2  Default: -1
Optimize a model with 42 rows, 358 columns and 2574 nonzeros
Coefficient statistics:
  Matrix range    [1e+00, 2e+01]
  Objective range [4e-01, 4e+03]
  Bounds range    [0e+00, 0e+00]
  RHS range       [1e+00, 2e+01]
Iteration    Objective       Primal Inf.    Dual Inf.      Time
       0    2.4446601e+04   4.818750e+01   0.000000e+00      0s
     119    5.7843199e+03   0.000000e+00   0.000000e+00      0s

Solved in 119 iterations and 0.00 seconds
Optimal objective  5.784319942e+03
Changed value of parameter FeasibilityTol to 0.001
   Prev: 1e-06  Min: 1e-09  Max: 0.01  Default: 1e-06
Changed value of parameter MIPFocus to 2
   Prev: 0  Min: 0  Max: 3  Default: 0
Changed value of parameter Presolve to 0
   Prev: -1  Min: -1  Max: 2  Default: -1
Optimize a model with 42 rows, 361 columns and 2599 nonzeros
Coefficient statistics:
  Matrix range    [1e+00, 2e+01]
  Objective range [4e-01, 4e+03]
  Bounds range    [0e+00, 0e+00]
  RHS range       [1e+00, 2e+01]
Iteration    Objective       Primal Inf.    Dual Inf.      Time
       0    2.4446601e+04   4.818750e+01   0.000000e+00      0s
     117    5.7851507e+03   0.000000e+00   0.000000e+00      0s

Solved in 117 iterations and 0.03 seconds
Optimal objective  5.785150694e+03
Changed value of parameter FeasibilityTol to 0.001
   Prev: 1e-06  Min: 1e-09  Max: 0.01  Default: 1e-06
Changed value of parameter MIPFocus to 2
   Prev: 0  Min: 0  Max: 3  Default: 0
Changed value of parameter Presolve to 0
   Prev: -1  Min: -1  Max: 2  Default: -1
Optimize a model with 42 rows, 364 columns and 2619 nonzeros
Coefficient statistics:
  Matrix range    [1e+00, 2e+01]
  Objective range [4e-01, 4e+03]
  Bounds range    [0e+00, 0e+00]
  RHS range       [1e+00, 2e+01]
Iteration    Objective       Primal Inf.    Dual Inf.      Time
       0    2.4446601e+04   4.818750e+01   0.000000e+00      0s
     106    5.7852036e+03   0.000000e+00   0.000000e+00      0s

Solved in 106 iterations and 0.00 seconds
Optimal objective  5.785203590e+03
Changed value of parameter FeasibilityTol to 0.001
   Prev: 1e-06  Min: 1e-09  Max: 0.01  Default: 1e-06
Changed value of parameter MIPFocus to 2
   Prev: 0  Min: 0  Max: 3  Default: 0
Changed value of parameter Presolve to 0
   Prev: -1  Min: -1  Max: 2  Default: -1
Optimize a model with 42 rows, 369 columns and 2663 nonzeros
Coefficient statistics:
  Matrix range    [1e+00, 2e+01]
  Objective range [4e-01, 4e+03]
  Bounds range    [0e+00, 0e+00]
  RHS range       [1e+00, 2e+01]
Iteration    Objective       Primal Inf.    Dual Inf.      Time
       0    2.4446601e+04   4.818750e+01   0.000000e+00      0s
     114    5.7855923e+03   0.000000e+00   0.000000e+00      0s

Solved in 114 iterations and 0.01 seconds
Optimal objective  5.785592317e+03
Changed value of parameter FeasibilityTol to 0.001
   Prev: 1e-06  Min: 1e-09  Max: 0.01  Default: 1e-06
Changed value of parameter MIPFocus to 2
   Prev: 0  Min: 0  Max: 3  Default: 0
Changed value of parameter Presolve to 0
   Prev: -1  Min: -1  Max: 2  Default: -1
Optimize a model with 42 rows, 371 columns and 2679 nonzeros
Coefficient statistics:
  Matrix range    [1e+00, 2e+01]
  Objective range [4e-01, 4e+03]
  Bounds range    [0e+00, 0e+00]
  RHS range       [1e+00, 2e+01]
Iteration    Objective       Primal Inf.    Dual Inf.      Time
       0    2.4446601e+04   4.818750e+01   0.000000e+00      0s
     119    5.7858534e+03   0.000000e+00   0.000000e+00      0s

Solved in 119 iterations and 0.00 seconds
Optimal objective  5.785853388e+03
Changed value of parameter FeasibilityTol to 0.001
   Prev: 1e-06  Min: 1e-09  Max: 0.01  Default: 1e-06
Changed value of parameter MIPFocus to 2
   Prev: 0  Min: 0  Max: 3  Default: 0
Changed value of parameter Presolve to 0
   Prev: -1  Min: -1  Max: 2  Default: -1
Optimize a model with 42 rows, 373 columns and 2692 nonzeros
Coefficient statistics:
  Matrix range    [1e+00, 2e+01]
  Objective range [4e-01, 4e+03]
  Bounds range    [0e+00, 0e+00]
  RHS range       [1e+00, 2e+01]
Iteration    Objective       Primal Inf.    Dual Inf.      Time
       0    2.4446601e+04   4.818750e+01   0.000000e+00      0s
     119    5.7868123e+03   0.000000e+00   0.000000e+00      0s

Solved in 119 iterations and 0.01 seconds
Optimal objective  5.786812258e+03
Changed value of parameter FeasibilityTol to 0.001
   Prev: 1e-06  Min: 1e-09  Max: 0.01  Default: 1e-06
Changed value of parameter MIPFocus to 2
   Prev: 0  Min: 0  Max: 3  Default: 0
Changed value of parameter Presolve to 0
   Prev: -1  Min: -1  Max: 2  Default: -1
Optimize a model with 42 rows, 374 columns and 2704 nonzeros
Coefficient statistics:
  Matrix range    [1e+00, 2e+01]
  Objective range [4e-01, 4e+03]
  Bounds range    [0e+00, 0e+00]
  RHS range       [1e+00, 2e+01]
Iteration    Objective       Primal Inf.    Dual Inf.      Time
       0    2.4446601e+04   4.818750e+01   0.000000e+00      0s
     111    5.7873468e+03   0.000000e+00   0.000000e+00      0s

Solved in 111 iterations and 0.00 seconds
Optimal objective  5.787346777e+03
Changed value of parameter FeasibilityTol to 0.001
   Prev: 1e-06  Min: 1e-09  Max: 0.01  Default: 1e-06
Changed value of parameter MIPFocus to 2
   Prev: 0  Min: 0  Max: 3  Default: 0
Changed value of parameter Presolve to 0
   Prev: -1  Min: -1  Max: 2  Default: -1
Optimize a model with 42 rows, 377 columns and 2729 nonzeros
Coefficient statistics:
  Matrix range    [1e+00, 2e+01]
  Objective range [4e-01, 4e+03]
  Bounds range    [0e+00, 0e+00]
  RHS range       [1e+00, 2e+01]
Iteration    Objective       Primal Inf.    Dual Inf.      Time
       0    2.4446601e+04   4.818750e+01   0.000000e+00      0s
     112    5.7968804e+03   0.000000e+00   0.000000e+00      0s

Solved in 112 iterations and 0.00 seconds
Optimal objective  5.796880418e+03
Changed value of parameter FeasibilityTol to 0.001
   Prev: 1e-06  Min: 1e-09  Max: 0.01  Default: 1e-06
Changed value of parameter MIPFocus to 2
   Prev: 0  Min: 0  Max: 3  Default: 0
Changed value of parameter Presolve to 0
   Prev: -1  Min: -1  Max: 2  Default: -1
Optimize a model with 42 rows, 380 columns and 2758 nonzeros
Coefficient statistics:
  Matrix range    [1e+00, 2e+01]
  Objective range [4e-01, 4e+03]
  Bounds range    [0e+00, 0e+00]
  RHS range       [1e+00, 2e+01]
Iteration    Objective       Primal Inf.    Dual Inf.      Time
       0    2.4446601e+04   4.818750e+01   0.000000e+00      0s
     122    5.8020570e+03   0.000000e+00   0.000000e+00      0s

Solved in 122 iterations and 0.00 seconds
Optimal objective  5.802056979e+03
Changed value of parameter FeasibilityTol to 0.001
   Prev: 1e-06  Min: 1e-09  Max: 0.01  Default: 1e-06
Changed value of parameter MIPFocus to 2
   Prev: 0  Min: 0  Max: 3  Default: 0
Changed value of parameter Presolve to 0
   Prev: -1  Min: -1  Max: 2  Default: -1
Optimize a model with 42 rows, 384 columns and 2792 nonzeros
Coefficient statistics:
  Matrix range    [1e+00, 2e+01]
  Objective range [4e-01, 4e+03]
  Bounds range    [0e+00, 0e+00]
  RHS range       [1e+00, 2e+01]
Iteration    Objective       Primal Inf.    Dual Inf.      Time
       0    2.4446601e+04   4.818750e+01   0.000000e+00      0s
     115    5.8023874e+03   0.000000e+00   0.000000e+00      0s

Solved in 115 iterations and 0.00 seconds
Optimal objective  5.802387403e+03
Changed value of parameter FeasibilityTol to 0.001
   Prev: 1e-06  Min: 1e-09  Max: 0.01  Default: 1e-06
Changed value of parameter MIPFocus to 2
   Prev: 0  Min: 0  Max: 3  Default: 0
Changed value of parameter Presolve to 0
   Prev: -1  Min: -1  Max: 2  Default: -1
Optimize a model with 42 rows, 387 columns and 2821 nonzeros
Coefficient statistics:
  Matrix range    [1e+00, 2e+01]
  Objective range [4e-01, 4e+03]
  Bounds range    [0e+00, 0e+00]
  RHS range       [1e+00, 2e+01]
Iteration    Objective       Primal Inf.    Dual Inf.      Time
       0    2.4446601e+04   4.818750e+01   0.000000e+00      0s
     122    5.8025899e+03   0.000000e+00   0.000000e+00      0s

Solved in 122 iterations and 0.00 seconds
Optimal objective  5.802589897e+03
Changed value of parameter FeasibilityTol to 0.001
   Prev: 1e-06  Min: 1e-09  Max: 0.01  Default: 1e-06
Changed value of parameter MIPFocus to 2
   Prev: 0  Min: 0  Max: 3  Default: 0
Changed value of parameter Presolve to 0
   Prev: -1  Min: -1  Max: 2  Default: -1
Optimize a model with 42 rows, 389 columns and 2840 nonzeros
Coefficient statistics:
  Matrix range    [1e+00, 2e+01]
  Objective range [4e-01, 4e+03]
  Bounds range    [0e+00, 0e+00]
  RHS range       [1e+00, 2e+01]
Iteration    Objective       Primal Inf.    Dual Inf.      Time
       0    2.4446601e+04   4.818750e+01   0.000000e+00      0s
     109    5.8025868e+03   0.000000e+00   0.000000e+00      0s

Solved in 109 iterations and 0.00 seconds
Optimal objective  5.802586845e+03
Changed value of parameter FeasibilityTol to 0.001
   Prev: 1e-06  Min: 1e-09  Max: 0.01  Default: 1e-06
Changed value of parameter MIPFocus to 2
   Prev: 0  Min: 0  Max: 3  Default: 0
Changed value of parameter Presolve to 0
   Prev: -1  Min: -1  Max: 2  Default: -1
Optimize a model with 42 rows, 391 columns and 2861 nonzeros
Coefficient statistics:
  Matrix range    [1e+00, 2e+01]
  Objective range [4e-01, 4e+03]
  Bounds range    [0e+00, 0e+00]
  RHS range       [1e+00, 2e+01]
Iteration    Objective       Primal Inf.    Dual Inf.      Time
       0    2.4446601e+04   4.818750e+01   0.000000e+00      0s
     113    5.8025868e+03   0.000000e+00   0.000000e+00      0s

Solved in 113 iterations and 0.00 seconds
Optimal objective  5.802586845e+03
Changed value of parameter FeasibilityTol to 0.001
   Prev: 1e-06  Min: 1e-09  Max: 0.01  Default: 1e-06
Changed value of parameter MIPFocus to 2
   Prev: 0  Min: 0  Max: 3  Default: 0
Changed value of parameter Presolve to 0
   Prev: -1  Min: -1  Max: 2  Default: -1
Optimize a model with 42 rows, 393 columns and 2880 nonzeros
Coefficient statistics:
  Matrix range    [1e+00, 2e+01]
  Objective range [4e-01, 4e+03]
  Bounds range    [0e+00, 0e+00]
  RHS range       [1e+00, 2e+01]
Iteration    Objective       Primal Inf.    Dual Inf.      Time
       0    2.4446601e+04   4.818750e+01   0.000000e+00      0s
     126    5.8026724e+03   0.000000e+00   0.000000e+00      0s

Solved in 126 iterations and 0.00 seconds
Optimal objective  5.802672419e+03
Changed value of parameter FeasibilityTol to 0.001
   Prev: 1e-06  Min: 1e-09  Max: 0.01  Default: 1e-06
Changed value of parameter MIPFocus to 2
   Prev: 0  Min: 0  Max: 3  Default: 0
Changed value of parameter Presolve to 0
   Prev: -1  Min: -1  Max: 2  Default: -1
Optimize a model with 42 rows, 397 columns and 2915 nonzeros
Coefficient statistics:
  Matrix range    [1e+00, 2e+01]
  Objective range [4e-01, 4e+03]
  Bounds range    [0e+00, 0e+00]
  RHS range       [1e+00, 2e+01]
Iteration    Objective       Primal Inf.    Dual Inf.      Time
       0    2.4446601e+04   4.818750e+01   0.000000e+00      0s
     115    5.8032139e+03   0.000000e+00   0.000000e+00      0s

Solved in 115 iterations and 0.01 seconds
Optimal objective  5.803213862e+03
Changed value of parameter FeasibilityTol to 0.001
   Prev: 1e-06  Min: 1e-09  Max: 0.01  Default: 1e-06
Changed value of parameter MIPFocus to 2
   Prev: 0  Min: 0  Max: 3  Default: 0
Changed value of parameter Presolve to 0
   Prev: -1  Min: -1  Max: 2  Default: -1
Optimize a model with 42 rows, 400 columns and 2947 nonzeros
Coefficient statistics:
  Matrix range    [1e+00, 2e+01]
  Objective range [4e-01, 4e+03]
  Bounds range    [0e+00, 0e+00]
  RHS range       [1e+00, 2e+01]
Iteration    Objective       Primal Inf.    Dual Inf.      Time
       0    2.4446601e+04   4.818750e+01   0.000000e+00      0s
     114    5.8038928e+03   0.000000e+00   0.000000e+00      0s

Solved in 114 iterations and 0.00 seconds
Optimal objective  5.803892750e+03
Changed value of parameter FeasibilityTol to 0.001
   Prev: 1e-06  Min: 1e-09  Max: 0.01  Default: 1e-06
Changed value of parameter MIPFocus to 2
   Prev: 0  Min: 0  Max: 3  Default: 0
Changed value of parameter Presolve to 0
   Prev: -1  Min: -1  Max: 2  Default: -1
Optimize a model with 42 rows, 402 columns and 2965 nonzeros
Coefficient statistics:
  Matrix range    [1e+00, 2e+01]
  Objective range [4e-01, 4e+03]
  Bounds range    [0e+00, 0e+00]
  RHS range       [1e+00, 2e+01]
Iteration    Objective       Primal Inf.    Dual Inf.      Time
       0    2.4446601e+04   4.818750e+01   0.000000e+00      0s
     110    5.8046935e+03   0.000000e+00   0.000000e+00      0s

Solved in 110 iterations and 0.00 seconds
Optimal objective  5.804693504e+03
Changed value of parameter FeasibilityTol to 0.001
   Prev: 1e-06  Min: 1e-09  Max: 0.01  Default: 1e-06
Changed value of parameter MIPFocus to 2
   Prev: 0  Min: 0  Max: 3  Default: 0
Changed value of parameter Presolve to 0
   Prev: -1  Min: -1  Max: 2  Default: -1
Optimize a model with 42 rows, 404 columns and 2978 nonzeros
Coefficient statistics:
  Matrix range    [1e+00, 2e+01]
  Objective range [4e-01, 4e+03]
  Bounds range    [0e+00, 0e+00]
  RHS range       [1e+00, 2e+01]
Iteration    Objective       Primal Inf.    Dual Inf.      Time
       0    2.4446601e+04   4.818750e+01   0.000000e+00      0s
     111    5.8048581e+03   0.000000e+00   0.000000e+00      0s

Solved in 111 iterations and 0.01 seconds
Optimal objective  5.804858136e+03
Changed value of parameter FeasibilityTol to 0.001
   Prev: 1e-06  Min: 1e-09  Max: 0.01  Default: 1e-06
Changed value of parameter MIPFocus to 2
   Prev: 0  Min: 0  Max: 3  Default: 0
Changed value of parameter Presolve to 0
   Prev: -1  Min: -1  Max: 2  Default: -1
Optimize a model with 42 rows, 407 columns and 3004 nonzeros
Coefficient statistics:
  Matrix range    [1e+00, 2e+01]
  Objective range [4e-01, 4e+03]
  Bounds range    [0e+00, 0e+00]
  RHS range       [1e+00, 2e+01]
Iteration    Objective       Primal Inf.    Dual Inf.      Time
       0    2.4446601e+04   4.818750e+01   0.000000e+00      0s
     126    5.8051156e+03   0.000000e+00   0.000000e+00      0s

Solved in 126 iterations and 0.00 seconds
Optimal objective  5.805115564e+03
Changed value of parameter FeasibilityTol to 0.001
   Prev: 1e-06  Min: 1e-09  Max: 0.01  Default: 1e-06
Changed value of parameter MIPFocus to 2
   Prev: 0  Min: 0  Max: 3  Default: 0
Changed value of parameter Presolve to 0
   Prev: -1  Min: -1  Max: 2  Default: -1
Optimize a model with 42 rows, 409 columns and 3016 nonzeros
Coefficient statistics:
  Matrix range    [1e+00, 2e+01]
  Objective range [4e-01, 4e+03]
  Bounds range    [0e+00, 0e+00]
  RHS range       [1e+00, 2e+01]
Iteration    Objective       Primal Inf.    Dual Inf.      Time
       0    2.4446601e+04   4.818750e+01   0.000000e+00      0s
     127    5.8051156e+03   0.000000e+00   0.000000e+00      0s

Solved in 127 iterations and 0.00 seconds
Optimal objective  5.805115564e+03
Changed value of parameter FeasibilityTol to 0.001
   Prev: 1e-06  Min: 1e-09  Max: 0.01  Default: 1e-06
Changed value of parameter MIPFocus to 2
   Prev: 0  Min: 0  Max: 3  Default: 0
Changed value of parameter Presolve to 0
   Prev: -1  Min: -1  Max: 2  Default: -1
Optimize a model with 42 rows, 411 columns and 3033 nonzeros
Coefficient statistics:
  Matrix range    [1e+00, 2e+01]
  Objective range [4e-01, 4e+03]
  Bounds range    [0e+00, 0e+00]
  RHS range       [1e+00, 2e+01]
Iteration    Objective       Primal Inf.    Dual Inf.      Time
       0    2.4446601e+04   4.818750e+01   0.000000e+00      0s
     130    5.8052674e+03   0.000000e+00   0.000000e+00      0s

Solved in 130 iterations and 0.01 seconds
Optimal objective  5.805267436e+03
Changed value of parameter FeasibilityTol to 0.001
   Prev: 1e-06  Min: 1e-09  Max: 0.01  Default: 1e-06
Changed value of parameter MIPFocus to 2
   Prev: 0  Min: 0  Max: 3  Default: 0
Changed value of parameter Presolve to 0
   Prev: -1  Min: -1  Max: 2  Default: -1
Optimize a model with 42 rows, 414 columns and 3049 nonzeros
Coefficient statistics:
  Matrix range    [1e+00, 2e+01]
  Objective range [4e-01, 4e+03]
  Bounds range    [0e+00, 0e+00]
  RHS range       [1e+00, 2e+01]
Iteration    Objective       Primal Inf.    Dual Inf.      Time
       0    2.4446601e+04   4.818750e+01   0.000000e+00      0s
     135    5.8122014e+03   0.000000e+00   0.000000e+00      0s

Solved in 135 iterations and 0.01 seconds
Optimal objective  5.812201440e+03
Changed value of parameter FeasibilityTol to 0.001
   Prev: 1e-06  Min: 1e-09  Max: 0.01  Default: 1e-06
Changed value of parameter MIPFocus to 2
   Prev: 0  Min: 0  Max: 3  Default: 0
Changed value of parameter Presolve to 0
   Prev: -1  Min: -1  Max: 2  Default: -1
Optimize a model with 42 rows, 416 columns and 3069 nonzeros
Coefficient statistics:
  Matrix range    [1e+00, 2e+01]
  Objective range [4e-01, 4e+03]
  Bounds range    [0e+00, 0e+00]
  RHS range       [1e+00, 2e+01]
Iteration    Objective       Primal Inf.    Dual Inf.      Time
       0    2.4446601e+04   4.818750e+01   0.000000e+00      0s
     132    5.8123356e+03   0.000000e+00   0.000000e+00      0s

Solved in 132 iterations and 0.00 seconds
Optimal objective  5.812335565e+03
Changed value of parameter FeasibilityTol to 0.001
   Prev: 1e-06  Min: 1e-09  Max: 0.01  Default: 1e-06
Changed value of parameter MIPFocus to 2
   Prev: 0  Min: 0  Max: 3  Default: 0
Changed value of parameter Presolve to 0
   Prev: -1  Min: -1  Max: 2  Default: -1
Optimize a model with 42 rows, 420 columns and 3105 nonzeros
Coefficient statistics:
  Matrix range    [1e+00, 2e+01]
  Objective range [4e-01, 4e+03]
  Bounds range    [0e+00, 0e+00]
  RHS range       [1e+00, 2e+01]
Iteration    Objective       Primal Inf.    Dual Inf.      Time
       0    2.4446601e+04   4.818750e+01   0.000000e+00      0s
     119    5.8197189e+03   0.000000e+00   0.000000e+00      0s

Solved in 119 iterations and 0.00 seconds
Optimal objective  5.819718881e+03
Changed value of parameter FeasibilityTol to 0.001
   Prev: 1e-06  Min: 1e-09  Max: 0.01  Default: 1e-06
Changed value of parameter MIPFocus to 2
   Prev: 0  Min: 0  Max: 3  Default: 0
Changed value of parameter Presolve to 0
   Prev: -1  Min: -1  Max: 2  Default: -1
Optimize a model with 42 rows, 423 columns and 3132 nonzeros
Coefficient statistics:
  Matrix range    [1e+00, 2e+01]
  Objective range [4e-01, 4e+03]
  Bounds range    [0e+00, 0e+00]
  RHS range       [1e+00, 2e+01]
Iteration    Objective       Primal Inf.    Dual Inf.      Time
       0    2.4446601e+04   4.818750e+01   0.000000e+00      0s
     125    5.8212356e+03   0.000000e+00   0.000000e+00      0s

Solved in 125 iterations and 0.00 seconds
Optimal objective  5.821235584e+03
Changed value of parameter FeasibilityTol to 0.001
   Prev: 1e-06  Min: 1e-09  Max: 0.01  Default: 1e-06
Changed value of parameter MIPFocus to 2
   Prev: 0  Min: 0  Max: 3  Default: 0
Changed value of parameter Presolve to 0
   Prev: -1  Min: -1  Max: 2  Default: -1
Optimize a model with 42 rows, 424 columns and 3148 nonzeros
Coefficient statistics:
  Matrix range    [1e+00, 2e+01]
  Objective range [4e-01, 4e+03]
  Bounds range    [0e+00, 0e+00]
  RHS range       [1e+00, 2e+01]
Iteration    Objective       Primal Inf.    Dual Inf.      Time
       0    2.4446601e+04   4.818750e+01   0.000000e+00      0s
     117    5.8212356e+03   0.000000e+00   0.000000e+00      0s

Solved in 117 iterations and 0.00 seconds
Optimal objective  5.821235584e+03
Changed value of parameter FeasibilityTol to 0.001
   Prev: 1e-06  Min: 1e-09  Max: 0.01  Default: 1e-06
Changed value of parameter MIPFocus to 2
   Prev: 0  Min: 0  Max: 3  Default: 0
Changed value of parameter Presolve to 0
   Prev: -1  Min: -1  Max: 2  Default: -1
Optimize a model with 42 rows, 425 columns and 3160 nonzeros
Coefficient statistics:
  Matrix range    [1e+00, 2e+01]
  Objective range [4e-01, 4e+03]
  Bounds range    [0e+00, 0e+00]
  RHS range       [1e+00, 2e+01]
Iteration    Objective       Primal Inf.    Dual Inf.      Time
       0    2.4446601e+04   4.818750e+01   0.000000e+00      0s
     127    5.8212558e+03   0.000000e+00   0.000000e+00      0s

Solved in 127 iterations and 0.01 seconds
Optimal objective  5.821255814e+03
Changed value of parameter FeasibilityTol to 0.001
   Prev: 1e-06  Min: 1e-09  Max: 0.01  Default: 1e-06
Changed value of parameter MIPFocus to 2
   Prev: 0  Min: 0  Max: 3  Default: 0
Changed value of parameter Presolve to 0
   Prev: -1  Min: -1  Max: 2  Default: -1
Optimize a model with 42 rows, 428 columns and 3185 nonzeros
Coefficient statistics:
  Matrix range    [1e+00, 2e+01]
  Objective range [4e-01, 4e+03]
  Bounds range    [0e+00, 0e+00]
  RHS range       [1e+00, 2e+01]
Iteration    Objective       Primal Inf.    Dual Inf.      Time
       0    2.4446601e+04   4.818750e+01   0.000000e+00      0s
     112    5.8214577e+03   0.000000e+00   0.000000e+00      0s

Solved in 112 iterations and 0.01 seconds
Optimal objective  5.821457700e+03
Changed value of parameter FeasibilityTol to 0.001
   Prev: 1e-06  Min: 1e-09  Max: 0.01  Default: 1e-06
Changed value of parameter MIPFocus to 2
   Prev: 0  Min: 0  Max: 3  Default: 0
Changed value of parameter Presolve to 0
   Prev: -1  Min: -1  Max: 2  Default: -1
Optimize a model with 42 rows, 430 columns and 3208 nonzeros
Coefficient statistics:
  Matrix range    [1e+00, 2e+01]
  Objective range [4e-01, 4e+03]
  Bounds range    [0e+00, 0e+00]
  RHS range       [1e+00, 2e+01]
Iteration    Objective       Primal Inf.    Dual Inf.      Time
       0    2.4446601e+04   4.818750e+01   0.000000e+00      0s
     125    5.8217615e+03   0.000000e+00   0.000000e+00      0s

Solved in 125 iterations and 0.01 seconds
Optimal objective  5.821761479e+03
Changed value of parameter FeasibilityTol to 0.001
   Prev: 1e-06  Min: 1e-09  Max: 0.01  Default: 1e-06
Changed value of parameter MIPFocus to 2
   Prev: 0  Min: 0  Max: 3  Default: 0
Changed value of parameter Presolve to 0
   Prev: -1  Min: -1  Max: 2  Default: -1
Optimize a model with 42 rows, 433 columns and 3230 nonzeros
Coefficient statistics:
  Matrix range    [1e+00, 2e+01]
  Objective range [4e-01, 4e+03]
  Bounds range    [0e+00, 0e+00]
  RHS range       [1e+00, 2e+01]
Iteration    Objective       Primal Inf.    Dual Inf.      Time
       0    2.4446601e+04   4.818750e+01   0.000000e+00      0s
     130    5.8217615e+03   0.000000e+00   0.000000e+00      0s

Solved in 130 iterations and 0.00 seconds
Optimal objective  5.821761479e+03
Changed value of parameter FeasibilityTol to 0.001
   Prev: 1e-06  Min: 1e-09  Max: 0.01  Default: 1e-06
Changed value of parameter MIPFocus to 2
   Prev: 0  Min: 0  Max: 3  Default: 0
Changed value of parameter Presolve to 0
   Prev: -1  Min: -1  Max: 2  Default: -1
Optimize a model with 42 rows, 435 columns and 3247 nonzeros
Coefficient statistics:
  Matrix range    [1e+00, 2e+01]
  Objective range [4e-01, 4e+03]
  Bounds range    [0e+00, 0e+00]
  RHS range       [1e+00, 2e+01]
Iteration    Objective       Primal Inf.    Dual Inf.      Time
       0    2.4446601e+04   4.818750e+01   0.000000e+00      0s
     122    5.8219331e+03   0.000000e+00   0.000000e+00      0s

Solved in 122 iterations and 0.00 seconds
Optimal objective  5.821933097e+03
Changed value of parameter FeasibilityTol to 0.001
   Prev: 1e-06  Min: 1e-09  Max: 0.01  Default: 1e-06
Changed value of parameter MIPFocus to 2
   Prev: 0  Min: 0  Max: 3  Default: 0
Changed value of parameter Presolve to 0
   Prev: -1  Min: -1  Max: 2  Default: -1
Optimize a model with 42 rows, 438 columns and 3276 nonzeros
Coefficient statistics:
  Matrix range    [1e+00, 2e+01]
  Objective range [4e-01, 4e+03]
  Bounds range    [0e+00, 0e+00]
  RHS range       [1e+00, 2e+01]
Iteration    Objective       Primal Inf.    Dual Inf.      Time
       0    2.4446601e+04   4.818750e+01   0.000000e+00      0s
     126    5.8222495e+03   0.000000e+00   0.000000e+00      0s

Solved in 126 iterations and 0.00 seconds
Optimal objective  5.822249464e+03
Changed value of parameter FeasibilityTol to 0.001
   Prev: 1e-06  Min: 1e-09  Max: 0.01  Default: 1e-06
Changed value of parameter MIPFocus to 2
   Prev: 0  Min: 0  Max: 3  Default: 0
Changed value of parameter Presolve to 0
   Prev: -1  Min: -1  Max: 2  Default: -1
Optimize a model with 42 rows, 439 columns and 3288 nonzeros
Coefficient statistics:
  Matrix range    [1e+00, 2e+01]
  Objective range [4e-01, 4e+03]
  Bounds range    [0e+00, 0e+00]
  RHS range       [1e+00, 2e+01]
Iteration    Objective       Primal Inf.    Dual Inf.      Time
       0    2.4446601e+04   4.818750e+01   0.000000e+00      0s
     137    5.8231648e+03   0.000000e+00   0.000000e+00      0s

Solved in 137 iterations and 0.01 seconds
Optimal objective  5.823164771e+03
Changed value of parameter FeasibilityTol to 0.001
   Prev: 1e-06  Min: 1e-09  Max: 0.01  Default: 1e-06
Changed value of parameter MIPFocus to 2
   Prev: 0  Min: 0  Max: 3  Default: 0
Changed value of parameter Presolve to 0
   Prev: -1  Min: -1  Max: 2  Default: -1
Optimize a model with 42 rows, 439 columns and 3288 nonzeros
Coefficient statistics:
  Matrix range    [1e+00, 2e+01]
  Objective range [4e-01, 4e+03]
  Bounds range    [0e+00, 0e+00]
  RHS range       [1e+00, 2e+01]
Iteration    Objective       Primal Inf.    Dual Inf.      Time
       0    2.4446601e+04   4.818750e+01   0.000000e+00      0s
     137    5.8231648e+03   0.000000e+00   0.000000e+00      0s

Solved in 137 iterations and 0.00 seconds
Optimal objective  5.823164771e+03
Optimize a model with 42 rows, 439 columns and 3288 nonzeros
Coefficient statistics:
  Matrix range    [1e+00, 2e+01]
  Objective range [4e-01, 4e+03]
  Bounds range    [0e+00, 0e+00]
  RHS range       [1e+00, 2e+01]
Found heuristic solution: objective -1495.59
Variable types: 0 continuous, 439 integer (0 binary)

Root relaxation: objective 5.823165e+03, 156 iterations, 0.01 seconds

    Nodes    |    Current Node    |     Objective Bounds      |     Work
 Expl Unexpl |  Obj  Depth IntInf | Incumbent    BestBd   Gap | It/Node Time

     0     0 5823.16477    0   21 -1495.5939 5823.16477   489%     -    0s
H    0     0                    5455.8413556 5823.16477  6.73%     -    0s
H    0     0                    5540.7284541 5823.16477  5.10%     -    0s
H    0     0                    5612.7162452 5823.16477  3.75%     -    0s
H    0     0                    5663.5682493 5823.16477  2.82%     -    0s
     0     0 5757.34017    0   29 5663.56825 5757.34017  1.66%     -    0s
     0     0 5715.46714    0   29 5663.56825 5715.46714  0.92%     -    0s
     0     0 5697.00588    0   26 5663.56825 5697.00588  0.59%     -    0s
H    0     0                    5687.9721115 5697.00588  0.16%     -    0s
     0     0 5694.96771    0    6 5687.97211 5694.96771  0.12%     -    0s
     0     0     cutoff    0      5687.97211 5687.97211  0.00%     -    0s

Cutting planes:
  Gomory: 9
  MIR: 13
  Zero half: 3

Explored 0 nodes (366 simplex iterations) in 0.09 seconds
Thread count was 4 (of 4 available processors)

Optimal solution found (tolerance 1.00e-04)
Best objective 5.687972111519e+03, best bound 5.687972111519e+03, gap 0.0%
