
Gurobi 6.5.0 (mac64) logging started Wed May  3 10:19:38 2017

Changed value of parameter FeasibilityTol to 0.001
   Prev: 1e-06  Min: 1e-09  Max: 0.01  Default: 1e-06
Changed value of parameter MIPFocus to 2
   Prev: 0  Min: 0  Max: 3  Default: 0
Changed value of parameter Presolve to 0
   Prev: -1  Min: -1  Max: 2  Default: -1
Optimize a model with 47 rows, 28 columns and 270 nonzeros
Coefficient statistics:
  Matrix range    [1e+00, 2e+01]
  Objective range [9e+00, 2e+05]
  Bounds range    [0e+00, 0e+00]
  RHS range       [1e+00, 2e+01]
Iteration    Objective       Primal Inf.    Dual Inf.      Time
       0    1.3076451e+36   8.587500e+31   1.307645e+06      0s
      13    4.7695039e+05   0.000000e+00   0.000000e+00      0s

Solved in 13 iterations and 0.00 seconds
Optimal objective  4.769503891e+05
Changed value of parameter FeasibilityTol to 0.001
   Prev: 1e-06  Min: 1e-09  Max: 0.01  Default: 1e-06
Changed value of parameter MIPFocus to 2
   Prev: 0  Min: 0  Max: 3  Default: 0
Changed value of parameter Presolve to 0
   Prev: -1  Min: -1  Max: 2  Default: -1
Optimize a model with 47 rows, 33 columns and 331 nonzeros
Coefficient statistics:
  Matrix range    [1e+00, 2e+01]
  Objective range [9e+00, 2e+05]
  Bounds range    [0e+00, 0e+00]
  RHS range       [1e+00, 2e+01]
Iteration    Objective       Primal Inf.    Dual Inf.      Time
       0    1.4104680e+36   9.475000e+31   1.410468e+06      0s
      14    4.7695039e+05   0.000000e+00   0.000000e+00      0s

Solved in 14 iterations and 0.00 seconds
Optimal objective  4.769503891e+05
Changed value of parameter FeasibilityTol to 0.001
   Prev: 1e-06  Min: 1e-09  Max: 0.01  Default: 1e-06
Changed value of parameter MIPFocus to 2
   Prev: 0  Min: 0  Max: 3  Default: 0
Changed value of parameter Presolve to 0
   Prev: -1  Min: -1  Max: 2  Default: -1
Optimize a model with 47 rows, 39 columns and 413 nonzeros
Coefficient statistics:
  Matrix range    [1e+00, 2e+01]
  Objective range [9e+00, 2e+05]
  Bounds range    [0e+00, 0e+00]
  RHS range       [1e+00, 2e+01]
Iteration    Objective       Primal Inf.    Dual Inf.      Time
       0    2.1123526e+36   1.480000e+32   2.112353e+06      0s
      18    4.7695039e+05   0.000000e+00   0.000000e+00      0s

Solved in 18 iterations and 0.00 seconds
Optimal objective  4.769503891e+05
Changed value of parameter FeasibilityTol to 0.001
   Prev: 1e-06  Min: 1e-09  Max: 0.01  Default: 1e-06
Changed value of parameter MIPFocus to 2
   Prev: 0  Min: 0  Max: 3  Default: 0
Changed value of parameter Presolve to 0
   Prev: -1  Min: -1  Max: 2  Default: -1
Optimize a model with 47 rows, 44 columns and 486 nonzeros
Coefficient statistics:
  Matrix range    [1e+00, 2e+01]
  Objective range [9e+00, 2e+05]
  Bounds range    [0e+00, 0e+00]
  RHS range       [1e+00, 2e+01]
Iteration    Objective       Primal Inf.    Dual Inf.      Time
       0    2.3107065e+36   1.685000e+32   2.310706e+06      0s
      17    4.7695039e+05   0.000000e+00   0.000000e+00      0s

Solved in 17 iterations and 0.00 seconds
Optimal objective  4.769503891e+05
Changed value of parameter FeasibilityTol to 0.001
   Prev: 1e-06  Min: 1e-09  Max: 0.01  Default: 1e-06
Changed value of parameter MIPFocus to 2
   Prev: 0  Min: 0  Max: 3  Default: 0
Changed value of parameter Presolve to 0
   Prev: -1  Min: -1  Max: 2  Default: -1
Optimize a model with 47 rows, 50 columns and 543 nonzeros
Coefficient statistics:
  Matrix range    [1e+00, 2e+01]
  Objective range [9e+00, 2e+05]
  Bounds range    [0e+00, 0e+00]
  RHS range       [1e+00, 2e+01]
Iteration    Objective       Primal Inf.    Dual Inf.      Time
       0    2.5391232e+36   1.848750e+32   2.539123e+06      0s
      26    4.7695039e+05   0.000000e+00   0.000000e+00      0s

Solved in 26 iterations and 0.00 seconds
Optimal objective  4.769503891e+05
Changed value of parameter FeasibilityTol to 0.001
   Prev: 1e-06  Min: 1e-09  Max: 0.01  Default: 1e-06
Changed value of parameter MIPFocus to 2
   Prev: 0  Min: 0  Max: 3  Default: 0
Changed value of parameter Presolve to 0
   Prev: -1  Min: -1  Max: 2  Default: -1
Optimize a model with 47 rows, 56 columns and 635 nonzeros
Coefficient statistics:
  Matrix range    [1e+00, 2e+01]
  Objective range [9e+00, 2e+05]
  Bounds range    [0e+00, 0e+00]
  RHS range       [1e+00, 2e+01]
Iteration    Objective       Primal Inf.    Dual Inf.      Time
       0    3.6009382e+36   2.610625e+32   3.600938e+06      0s
      35    4.7695039e+05   0.000000e+00   0.000000e+00      0s

Solved in 35 iterations and 0.00 seconds
Optimal objective  4.769503891e+05
Changed value of parameter FeasibilityTol to 0.001
   Prev: 1e-06  Min: 1e-09  Max: 0.01  Default: 1e-06
Changed value of parameter MIPFocus to 2
   Prev: 0  Min: 0  Max: 3  Default: 0
Changed value of parameter Presolve to 0
   Prev: -1  Min: -1  Max: 2  Default: -1
Optimize a model with 47 rows, 61 columns and 696 nonzeros
Coefficient statistics:
  Matrix range    [1e+00, 2e+01]
  Objective range [9e+00, 2e+05]
  Bounds range    [0e+00, 0e+00]
  RHS range       [1e+00, 2e+01]
Iteration    Objective       Primal Inf.    Dual Inf.      Time
       0    2.4410044e+36   1.768125e+32   2.441004e+06      0s
      25    4.7695039e+05   0.000000e+00   0.000000e+00      0s

Solved in 25 iterations and 0.00 seconds
Optimal objective  4.769503891e+05
Changed value of parameter FeasibilityTol to 0.001
   Prev: 1e-06  Min: 1e-09  Max: 0.01  Default: 1e-06
Changed value of parameter MIPFocus to 2
   Prev: 0  Min: 0  Max: 3  Default: 0
Changed value of parameter Presolve to 0
   Prev: -1  Min: -1  Max: 2  Default: -1
Optimize a model with 47 rows, 68 columns and 759 nonzeros
Coefficient statistics:
  Matrix range    [1e+00, 2e+01]
  Objective range [9e+00, 2e+05]
  Bounds range    [0e+00, 0e+00]
  RHS range       [1e+00, 2e+01]
Iteration    Objective       Primal Inf.    Dual Inf.      Time
       0    1.8750318e+36   1.356250e+32   1.875032e+06      0s
      51    4.7695039e+05   0.000000e+00   0.000000e+00      0s

Solved in 51 iterations and 0.00 seconds
Optimal objective  4.769503891e+05
Changed value of parameter FeasibilityTol to 0.001
   Prev: 1e-06  Min: 1e-09  Max: 0.01  Default: 1e-06
Changed value of parameter MIPFocus to 2
   Prev: 0  Min: 0  Max: 3  Default: 0
Changed value of parameter Presolve to 0
   Prev: -1  Min: -1  Max: 2  Default: -1
Optimize a model with 47 rows, 74 columns and 824 nonzeros
Coefficient statistics:
  Matrix range    [1e+00, 2e+01]
  Objective range [9e+00, 2e+05]
  Bounds range    [0e+00, 0e+00]
  RHS range       [1e+00, 2e+01]
Iteration    Objective       Primal Inf.    Dual Inf.      Time
       0    3.5133288e+36   2.547500e+32   3.513329e+06      0s
      43    4.7695039e+05   0.000000e+00   0.000000e+00      0s

Solved in 43 iterations and 0.00 seconds
Optimal objective  4.769503891e+05
Changed value of parameter FeasibilityTol to 0.001
   Prev: 1e-06  Min: 1e-09  Max: 0.01  Default: 1e-06
Changed value of parameter MIPFocus to 2
   Prev: 0  Min: 0  Max: 3  Default: 0
Changed value of parameter Presolve to 0
   Prev: -1  Min: -1  Max: 2  Default: -1
Optimize a model with 47 rows, 80 columns and 892 nonzeros
Coefficient statistics:
  Matrix range    [1e+00, 2e+01]
  Objective range [9e+00, 2e+05]
  Bounds range    [0e+00, 0e+00]
  RHS range       [1e+00, 2e+01]
Iteration    Objective       Primal Inf.    Dual Inf.      Time
       0    6.5762259e+36   4.793750e+32   6.576226e+06      0s
      49    4.7695039e+05   0.000000e+00   0.000000e+00      0s

Solved in 49 iterations and 0.00 seconds
Optimal objective  4.769503891e+05
Changed value of parameter FeasibilityTol to 0.001
   Prev: 1e-06  Min: 1e-09  Max: 0.01  Default: 1e-06
Changed value of parameter MIPFocus to 2
   Prev: 0  Min: 0  Max: 3  Default: 0
Changed value of parameter Presolve to 0
   Prev: -1  Min: -1  Max: 2  Default: -1
Optimize a model with 47 rows, 86 columns and 949 nonzeros
Coefficient statistics:
  Matrix range    [1e+00, 2e+01]
  Objective range [9e+00, 2e+05]
  Bounds range    [0e+00, 0e+00]
  RHS range       [1e+00, 2e+01]
Iteration    Objective       Primal Inf.    Dual Inf.      Time
       0    7.0145142e+36   5.024375e+32   7.014514e+06      0s
      47    4.7695039e+05   0.000000e+00   0.000000e+00      0s

Solved in 47 iterations and 0.00 seconds
Optimal objective  4.769503891e+05
Changed value of parameter FeasibilityTol to 0.001
   Prev: 1e-06  Min: 1e-09  Max: 0.01  Default: 1e-06
Changed value of parameter MIPFocus to 2
   Prev: 0  Min: 0  Max: 3  Default: 0
Changed value of parameter Presolve to 0
   Prev: -1  Min: -1  Max: 2  Default: -1
Optimize a model with 47 rows, 93 columns and 1030 nonzeros
Coefficient statistics:
  Matrix range    [1e+00, 2e+01]
  Objective range [9e+00, 2e+05]
  Bounds range    [0e+00, 0e+00]
  RHS range       [1e+00, 2e+01]
Iteration    Objective       Primal Inf.    Dual Inf.      Time
       0    6.7326888e+36   4.926875e+32   6.732689e+06      0s
      89    4.7695039e+05   0.000000e+00   0.000000e+00      0s

Solved in 89 iterations and 0.00 seconds
Optimal objective  4.769503891e+05
Changed value of parameter FeasibilityTol to 0.001
   Prev: 1e-06  Min: 1e-09  Max: 0.01  Default: 1e-06
Changed value of parameter MIPFocus to 2
   Prev: 0  Min: 0  Max: 3  Default: 0
Changed value of parameter Presolve to 0
   Prev: -1  Min: -1  Max: 2  Default: -1
Optimize a model with 47 rows, 99 columns and 1085 nonzeros
Coefficient statistics:
  Matrix range    [1e+00, 2e+01]
  Objective range [9e+00, 2e+05]
  Bounds range    [0e+00, 0e+00]
  RHS range       [1e+00, 2e+01]
Iteration    Objective       Primal Inf.    Dual Inf.      Time
       0    7.6420722e+36   5.555000e+32   7.642072e+06      0s
      58    4.7695039e+05   0.000000e+00   0.000000e+00      0s

Solved in 58 iterations and 0.00 seconds
Optimal objective  4.769503891e+05
Changed value of parameter FeasibilityTol to 0.001
   Prev: 1e-06  Min: 1e-09  Max: 0.01  Default: 1e-06
Changed value of parameter MIPFocus to 2
   Prev: 0  Min: 0  Max: 3  Default: 0
Changed value of parameter Presolve to 0
   Prev: -1  Min: -1  Max: 2  Default: -1
Optimize a model with 47 rows, 105 columns and 1143 nonzeros
Coefficient statistics:
  Matrix range    [1e+00, 2e+01]
  Objective range [9e+00, 2e+05]
  Bounds range    [0e+00, 0e+00]
  RHS range       [1e+00, 2e+01]
Iteration    Objective       Primal Inf.    Dual Inf.      Time
       0    8.0876592e+36   5.903750e+32   8.087659e+06      0s
      83    4.7695093e+05   0.000000e+00   0.000000e+00      0s

Solved in 83 iterations and 0.00 seconds
Optimal objective  4.769509299e+05
Changed value of parameter FeasibilityTol to 0.001
   Prev: 1e-06  Min: 1e-09  Max: 0.01  Default: 1e-06
Changed value of parameter MIPFocus to 2
   Prev: 0  Min: 0  Max: 3  Default: 0
Changed value of parameter Presolve to 0
   Prev: -1  Min: -1  Max: 2  Default: -1
Optimize a model with 47 rows, 112 columns and 1201 nonzeros
Coefficient statistics:
  Matrix range    [1e+00, 2e+01]
  Objective range [9e+00, 2e+05]
  Bounds range    [0e+00, 0e+00]
  RHS range       [1e+00, 2e+01]
Iteration    Objective       Primal Inf.    Dual Inf.      Time
       0    7.6058113e+36   5.663750e+32   7.605811e+06      0s
     120    4.7697525e+05   0.000000e+00   0.000000e+00      0s

Solved in 120 iterations and 0.00 seconds
Optimal objective  4.769752515e+05
Changed value of parameter FeasibilityTol to 0.001
   Prev: 1e-06  Min: 1e-09  Max: 0.01  Default: 1e-06
Changed value of parameter MIPFocus to 2
   Prev: 0  Min: 0  Max: 3  Default: 0
Changed value of parameter Presolve to 0
   Prev: -1  Min: -1  Max: 2  Default: -1
Optimize a model with 47 rows, 118 columns and 1247 nonzeros
Coefficient statistics:
  Matrix range    [1e+00, 2e+01]
  Objective range [9e+00, 2e+05]
  Bounds range    [0e+00, 0e+00]
  RHS range       [1e+00, 2e+01]
Iteration    Objective       Primal Inf.    Dual Inf.      Time
       0    8.5407243e+36   6.253125e+32   8.540724e+06      0s
     137    4.7701454e+05   0.000000e+00   0.000000e+00      0s

Solved in 137 iterations and 0.01 seconds
Optimal objective  4.770145375e+05
Changed value of parameter FeasibilityTol to 0.001
   Prev: 1e-06  Min: 1e-09  Max: 0.01  Default: 1e-06
Changed value of parameter MIPFocus to 2
   Prev: 0  Min: 0  Max: 3  Default: 0
Changed value of parameter Presolve to 0
   Prev: -1  Min: -1  Max: 2  Default: -1
Optimize a model with 47 rows, 123 columns and 1312 nonzeros
Coefficient statistics:
  Matrix range    [1e+00, 2e+01]
  Objective range [9e+00, 2e+05]
  Bounds range    [0e+00, 0e+00]
  RHS range       [1e+00, 2e+01]
Iteration    Objective       Primal Inf.    Dual Inf.      Time
       0    9.0909582e+36   6.666250e+32   9.090958e+06      0s
     139    4.7704136e+05   0.000000e+00   0.000000e+00      0s

Solved in 139 iterations and 0.00 seconds
Optimal objective  4.770413591e+05
Changed value of parameter FeasibilityTol to 0.001
   Prev: 1e-06  Min: 1e-09  Max: 0.01  Default: 1e-06
Changed value of parameter MIPFocus to 2
   Prev: 0  Min: 0  Max: 3  Default: 0
Changed value of parameter Presolve to 0
   Prev: -1  Min: -1  Max: 2  Default: -1
Optimize a model with 47 rows, 129 columns and 1370 nonzeros
Coefficient statistics:
  Matrix range    [1e+00, 2e+01]
  Objective range [9e+00, 2e+05]
  Bounds range    [0e+00, 0e+00]
  RHS range       [1e+00, 2e+01]
Iteration    Objective       Primal Inf.    Dual Inf.      Time
       0    9.5765647e+36   7.032500e+32   9.576565e+06      0s
     139    4.7706767e+05   0.000000e+00   0.000000e+00      0s

Solved in 139 iterations and 0.00 seconds
Optimal objective  4.770676746e+05
Changed value of parameter FeasibilityTol to 0.001
   Prev: 1e-06  Min: 1e-09  Max: 0.01  Default: 1e-06
Changed value of parameter MIPFocus to 2
   Prev: 0  Min: 0  Max: 3  Default: 0
Changed value of parameter Presolve to 0
   Prev: -1  Min: -1  Max: 2  Default: -1
Optimize a model with 47 rows, 136 columns and 1447 nonzeros
Coefficient statistics:
  Matrix range    [1e+00, 2e+01]
  Objective range [9e+00, 2e+05]
  Bounds range    [0e+00, 0e+00]
  RHS range       [1e+00, 2e+01]
Iteration    Objective       Primal Inf.    Dual Inf.      Time
       0    9.8730388e+36   7.278125e+32   9.873039e+06      0s
     130    4.7709607e+05   0.000000e+00   0.000000e+00      0s

Solved in 130 iterations and 0.01 seconds
Optimal objective  4.770960727e+05
Changed value of parameter FeasibilityTol to 0.001
   Prev: 1e-06  Min: 1e-09  Max: 0.01  Default: 1e-06
Changed value of parameter MIPFocus to 2
   Prev: 0  Min: 0  Max: 3  Default: 0
Changed value of parameter Presolve to 0
   Prev: -1  Min: -1  Max: 2  Default: -1
Optimize a model with 47 rows, 143 columns and 1516 nonzeros
Coefficient statistics:
  Matrix range    [1e+00, 2e+01]
  Objective range [9e+00, 2e+05]
  Bounds range    [0e+00, 0e+00]
  RHS range       [1e+00, 2e+01]
Iteration    Objective       Primal Inf.    Dual Inf.      Time
       0    1.1841138e+37   8.801875e+32   1.184114e+07      0s
     148    4.7711653e+05   0.000000e+00   0.000000e+00      0s

Solved in 148 iterations and 0.01 seconds
Optimal objective  4.771165256e+05
Changed value of parameter FeasibilityTol to 0.001
   Prev: 1e-06  Min: 1e-09  Max: 0.01  Default: 1e-06
Changed value of parameter MIPFocus to 2
   Prev: 0  Min: 0  Max: 3  Default: 0
Changed value of parameter Presolve to 0
   Prev: -1  Min: -1  Max: 2  Default: -1
Optimize a model with 47 rows, 149 columns and 1568 nonzeros
Coefficient statistics:
  Matrix range    [1e+00, 2e+01]
  Objective range [9e+00, 2e+05]
  Bounds range    [0e+00, 0e+00]
  RHS range       [1e+00, 2e+01]
Iteration    Objective       Primal Inf.    Dual Inf.      Time
       0    1.2349511e+37   9.194375e+32   1.234951e+07      0s
     136    4.7713446e+05   0.000000e+00   0.000000e+00      0s

Solved in 136 iterations and 0.01 seconds
Optimal objective  4.771344646e+05
Changed value of parameter FeasibilityTol to 0.001
   Prev: 1e-06  Min: 1e-09  Max: 0.01  Default: 1e-06
Changed value of parameter MIPFocus to 2
   Prev: 0  Min: 0  Max: 3  Default: 0
Changed value of parameter Presolve to 0
   Prev: -1  Min: -1  Max: 2  Default: -1
Optimize a model with 47 rows, 156 columns and 1634 nonzeros
Coefficient statistics:
  Matrix range    [1e+00, 2e+01]
  Objective range [9e+00, 2e+05]
  Bounds range    [0e+00, 0e+00]
  RHS range       [1e+00, 2e+01]
Iteration    Objective       Primal Inf.    Dual Inf.      Time
       0    1.1099784e+37   8.348125e+32   1.109978e+07      0s
     150    4.7714757e+05   0.000000e+00   0.000000e+00      0s

Solved in 150 iterations and 0.01 seconds
Optimal objective  4.771475706e+05
Changed value of parameter FeasibilityTol to 0.001
   Prev: 1e-06  Min: 1e-09  Max: 0.01  Default: 1e-06
Changed value of parameter MIPFocus to 2
   Prev: 0  Min: 0  Max: 3  Default: 0
Changed value of parameter Presolve to 0
   Prev: -1  Min: -1  Max: 2  Default: -1
Optimize a model with 47 rows, 163 columns and 1690 nonzeros
Coefficient statistics:
  Matrix range    [1e+00, 2e+01]
  Objective range [9e+00, 2e+05]
  Bounds range    [0e+00, 0e+00]
  RHS range       [1e+00, 2e+01]
Iteration    Objective       Primal Inf.    Dual Inf.      Time
       0    1.1448964e+37   8.635625e+32   1.144896e+07      0s
     160    4.7716313e+05   0.000000e+00   0.000000e+00      0s

Solved in 160 iterations and 0.00 seconds
Optimal objective  4.771631267e+05
Changed value of parameter FeasibilityTol to 0.001
   Prev: 1e-06  Min: 1e-09  Max: 0.01  Default: 1e-06
Changed value of parameter MIPFocus to 2
   Prev: 0  Min: 0  Max: 3  Default: 0
Changed value of parameter Presolve to 0
   Prev: -1  Min: -1  Max: 2  Default: -1
Optimize a model with 47 rows, 170 columns and 1746 nonzeros
Coefficient statistics:
  Matrix range    [1e+00, 2e+01]
  Objective range [9e+00, 2e+05]
  Bounds range    [0e+00, 0e+00]
  RHS range       [1e+00, 2e+01]
Iteration    Objective       Primal Inf.    Dual Inf.      Time
       0    9.3608118e+36   7.242500e+32   9.360812e+06      0s
     147    4.7718626e+05   0.000000e+00   0.000000e+00      0s

Solved in 147 iterations and 0.00 seconds
Optimal objective  4.771862639e+05
Changed value of parameter FeasibilityTol to 0.001
   Prev: 1e-06  Min: 1e-09  Max: 0.01  Default: 1e-06
Changed value of parameter MIPFocus to 2
   Prev: 0  Min: 0  Max: 3  Default: 0
Changed value of parameter Presolve to 0
   Prev: -1  Min: -1  Max: 2  Default: -1
Optimize a model with 47 rows, 177 columns and 1810 nonzeros
Coefficient statistics:
  Matrix range    [1e+00, 2e+01]
  Objective range [9e+00, 2e+05]
  Bounds range    [0e+00, 0e+00]
  RHS range       [1e+00, 2e+01]
Iteration    Objective       Primal Inf.    Dual Inf.      Time
       0    9.6035167e+36   7.440000e+32   9.603517e+06      0s
     162    4.7720467e+05   0.000000e+00   0.000000e+00      0s

Solved in 162 iterations and 0.01 seconds
Optimal objective  4.772046750e+05
Changed value of parameter FeasibilityTol to 0.001
   Prev: 1e-06  Min: 1e-09  Max: 0.01  Default: 1e-06
Changed value of parameter MIPFocus to 2
   Prev: 0  Min: 0  Max: 3  Default: 0
Changed value of parameter Presolve to 0
   Prev: -1  Min: -1  Max: 2  Default: -1
Optimize a model with 47 rows, 184 columns and 1850 nonzeros
Coefficient statistics:
  Matrix range    [1e+00, 2e+01]
  Objective range [9e+00, 2e+05]
  Bounds range    [0e+00, 0e+00]
  RHS range       [1e+00, 2e+01]
Iteration    Objective       Primal Inf.    Dual Inf.      Time
       0    9.7003715e+36   7.543750e+32   9.700372e+06      0s
     161    4.7721630e+05   0.000000e+00   0.000000e+00      0s

Solved in 161 iterations and 0.00 seconds
Optimal objective  4.772163027e+05
Changed value of parameter FeasibilityTol to 0.001
   Prev: 1e-06  Min: 1e-09  Max: 0.01  Default: 1e-06
Changed value of parameter MIPFocus to 2
   Prev: 0  Min: 0  Max: 3  Default: 0
Changed value of parameter Presolve to 0
   Prev: -1  Min: -1  Max: 2  Default: -1
Optimize a model with 47 rows, 190 columns and 1911 nonzeros
Coefficient statistics:
  Matrix range    [1e+00, 2e+01]
  Objective range [9e+00, 2e+05]
  Bounds range    [0e+00, 0e+00]
  RHS range       [1e+00, 2e+01]
Iteration    Objective       Primal Inf.    Dual Inf.      Time
       0    1.0212341e+37   7.953750e+32   1.021234e+07      0s
     163    4.7722714e+05   0.000000e+00   0.000000e+00      0s

Solved in 163 iterations and 0.01 seconds
Optimal objective  4.772271390e+05
Changed value of parameter FeasibilityTol to 0.001
   Prev: 1e-06  Min: 1e-09  Max: 0.01  Default: 1e-06
Changed value of parameter MIPFocus to 2
   Prev: 0  Min: 0  Max: 3  Default: 0
Changed value of parameter Presolve to 0
   Prev: -1  Min: -1  Max: 2  Default: -1
Optimize a model with 47 rows, 196 columns and 1967 nonzeros
Coefficient statistics:
  Matrix range    [1e+00, 2e+01]
  Objective range [9e+00, 2e+05]
  Bounds range    [0e+00, 0e+00]
  RHS range       [1e+00, 2e+01]
Iteration    Objective       Primal Inf.    Dual Inf.      Time
       0    1.0752862e+37   8.396875e+32   1.075286e+07      0s
     138    4.7724416e+05   0.000000e+00   0.000000e+00      0s

Solved in 138 iterations and 0.00 seconds
Optimal objective  4.772441590e+05
Changed value of parameter FeasibilityTol to 0.001
   Prev: 1e-06  Min: 1e-09  Max: 0.01  Default: 1e-06
Changed value of parameter MIPFocus to 2
   Prev: 0  Min: 0  Max: 3  Default: 0
Changed value of parameter Presolve to 0
   Prev: -1  Min: -1  Max: 2  Default: -1
Optimize a model with 47 rows, 203 columns and 2024 nonzeros
Coefficient statistics:
  Matrix range    [1e+00, 2e+01]
  Objective range [9e+00, 2e+05]
  Bounds range    [0e+00, 0e+00]
  RHS range       [1e+00, 2e+01]
Iteration    Objective       Primal Inf.    Dual Inf.      Time
       0    1.0974115e+37   8.577500e+32   1.097411e+07      0s
     142    4.7727493e+05   0.000000e+00   0.000000e+00      0s

Solved in 142 iterations and 0.00 seconds
Optimal objective  4.772749305e+05
Changed value of parameter FeasibilityTol to 0.001
   Prev: 1e-06  Min: 1e-09  Max: 0.01  Default: 1e-06
Changed value of parameter MIPFocus to 2
   Prev: 0  Min: 0  Max: 3  Default: 0
Changed value of parameter Presolve to 0
   Prev: -1  Min: -1  Max: 2  Default: -1
Optimize a model with 47 rows, 209 columns and 2073 nonzeros
Coefficient statistics:
  Matrix range    [1e+00, 2e+01]
  Objective range [9e+00, 2e+05]
  Bounds range    [0e+00, 0e+00]
  RHS range       [1e+00, 2e+01]
Iteration    Objective       Primal Inf.    Dual Inf.      Time
       0    1.1308975e+37   8.852500e+32   1.130897e+07      0s
     214    4.7728021e+05   0.000000e+00   0.000000e+00      0s

Solved in 214 iterations and 0.01 seconds
Optimal objective  4.772802147e+05
Changed value of parameter FeasibilityTol to 0.001
   Prev: 1e-06  Min: 1e-09  Max: 0.01  Default: 1e-06
Changed value of parameter MIPFocus to 2
   Prev: 0  Min: 0  Max: 3  Default: 0
Changed value of parameter Presolve to 0
   Prev: -1  Min: -1  Max: 2  Default: -1
Optimize a model with 47 rows, 216 columns and 2123 nonzeros
Coefficient statistics:
  Matrix range    [1e+00, 2e+01]
  Objective range [9e+00, 2e+05]
  Bounds range    [0e+00, 0e+00]
  RHS range       [1e+00, 2e+01]
Iteration    Objective       Primal Inf.    Dual Inf.      Time
       0    1.1705910e+37   9.171250e+32   1.170591e+07      0s
     240    4.7729260e+05   0.000000e+00   0.000000e+00      0s

Solved in 240 iterations and 0.01 seconds
Optimal objective  4.772925998e+05
Changed value of parameter FeasibilityTol to 0.001
   Prev: 1e-06  Min: 1e-09  Max: 0.01  Default: 1e-06
Changed value of parameter MIPFocus to 2
   Prev: 0  Min: 0  Max: 3  Default: 0
Changed value of parameter Presolve to 0
   Prev: -1  Min: -1  Max: 2  Default: -1
Optimize a model with 47 rows, 221 columns and 2153 nonzeros
Coefficient statistics:
  Matrix range    [1e+00, 2e+01]
  Objective range [9e+00, 2e+05]
  Bounds range    [0e+00, 0e+00]
  RHS range       [1e+00, 2e+01]
Iteration    Objective       Primal Inf.    Dual Inf.      Time
       0    1.1881726e+37   9.329375e+32   1.188173e+07      0s
     209    4.7729961e+05   0.000000e+00   0.000000e+00      0s

Solved in 209 iterations and 0.00 seconds
Optimal objective  4.772996118e+05
Changed value of parameter FeasibilityTol to 0.001
   Prev: 1e-06  Min: 1e-09  Max: 0.01  Default: 1e-06
Changed value of parameter MIPFocus to 2
   Prev: 0  Min: 0  Max: 3  Default: 0
Changed value of parameter Presolve to 0
   Prev: -1  Min: -1  Max: 2  Default: -1
Optimize a model with 47 rows, 225 columns and 2185 nonzeros
Coefficient statistics:
  Matrix range    [1e+00, 2e+01]
  Objective range [9e+00, 2e+05]
  Bounds range    [0e+00, 0e+00]
  RHS range       [1e+00, 2e+01]
Iteration    Objective       Primal Inf.    Dual Inf.      Time
       0    1.6912378e+37   1.280437e+33   1.691238e+07      0s
     156    4.7731005e+05   0.000000e+00   0.000000e+00      0s

Solved in 156 iterations and 0.00 seconds
Optimal objective  4.773100534e+05
Changed value of parameter FeasibilityTol to 0.001
   Prev: 1e-06  Min: 1e-09  Max: 0.01  Default: 1e-06
Changed value of parameter MIPFocus to 2
   Prev: 0  Min: 0  Max: 3  Default: 0
Changed value of parameter Presolve to 0
   Prev: -1  Min: -1  Max: 2  Default: -1
Optimize a model with 47 rows, 231 columns and 2236 nonzeros
Coefficient statistics:
  Matrix range    [1e+00, 2e+01]
  Objective range [9e+00, 2e+05]
  Bounds range    [0e+00, 0e+00]
  RHS range       [1e+00, 2e+01]
Iteration    Objective       Primal Inf.    Dual Inf.      Time
       0    1.7328695e+37   1.314625e+33   1.732870e+07      0s
     181    4.7731134e+05   0.000000e+00   0.000000e+00      0s

Solved in 181 iterations and 0.01 seconds
Optimal objective  4.773113400e+05
Changed value of parameter FeasibilityTol to 0.001
   Prev: 1e-06  Min: 1e-09  Max: 0.01  Default: 1e-06
Changed value of parameter MIPFocus to 2
   Prev: 0  Min: 0  Max: 3  Default: 0
Changed value of parameter Presolve to 0
   Prev: -1  Min: -1  Max: 2  Default: -1
Optimize a model with 47 rows, 236 columns and 2268 nonzeros
Coefficient statistics:
  Matrix range    [1e+00, 2e+01]
  Objective range [9e+00, 2e+05]
  Bounds range    [0e+00, 0e+00]
  RHS range       [1e+00, 2e+01]
Iteration    Objective       Primal Inf.    Dual Inf.      Time
       0    1.7450731e+37   1.326500e+33   1.745073e+07      0s
     172    4.7731959e+05   0.000000e+00   0.000000e+00      0s

Solved in 172 iterations and 0.01 seconds
Optimal objective  4.773195868e+05
Changed value of parameter FeasibilityTol to 0.001
   Prev: 1e-06  Min: 1e-09  Max: 0.01  Default: 1e-06
Changed value of parameter MIPFocus to 2
   Prev: 0  Min: 0  Max: 3  Default: 0
Changed value of parameter Presolve to 0
   Prev: -1  Min: -1  Max: 2  Default: -1
Optimize a model with 47 rows, 243 columns and 2312 nonzeros
Coefficient statistics:
  Matrix range    [1e+00, 2e+01]
  Objective range [9e+00, 2e+05]
  Bounds range    [0e+00, 0e+00]
  RHS range       [1e+00, 2e+01]
Iteration    Objective       Primal Inf.    Dual Inf.      Time
       0    1.7725812e+37   1.350312e+33   1.772581e+07      0s
     172    4.7732331e+05   0.000000e+00   0.000000e+00      0s

Solved in 172 iterations and 0.01 seconds
Optimal objective  4.773233091e+05
Changed value of parameter FeasibilityTol to 0.001
   Prev: 1e-06  Min: 1e-09  Max: 0.01  Default: 1e-06
Changed value of parameter MIPFocus to 2
   Prev: 0  Min: 0  Max: 3  Default: 0
Changed value of parameter Presolve to 0
   Prev: -1  Min: -1  Max: 2  Default: -1
Optimize a model with 47 rows, 249 columns and 2349 nonzeros
Coefficient statistics:
  Matrix range    [1e+00, 2e+01]
  Objective range [9e+00, 2e+05]
  Bounds range    [0e+00, 0e+00]
  RHS range       [1e+00, 2e+01]
Iteration    Objective       Primal Inf.    Dual Inf.      Time
       0    1.8037046e+37   1.374750e+33   1.803705e+07      0s
     191    4.7732577e+05   0.000000e+00   0.000000e+00      0s

Solved in 191 iterations and 0.01 seconds
Optimal objective  4.773257682e+05
Changed value of parameter FeasibilityTol to 0.001
   Prev: 1e-06  Min: 1e-09  Max: 0.01  Default: 1e-06
Changed value of parameter MIPFocus to 2
   Prev: 0  Min: 0  Max: 3  Default: 0
Changed value of parameter Presolve to 0
   Prev: -1  Min: -1  Max: 2  Default: -1
Optimize a model with 47 rows, 255 columns and 2388 nonzeros
Coefficient statistics:
  Matrix range    [1e+00, 2e+01]
  Objective range [9e+00, 2e+05]
  Bounds range    [0e+00, 0e+00]
  RHS range       [1e+00, 2e+01]
Iteration    Objective       Primal Inf.    Dual Inf.      Time
       0    1.8398244e+37   1.402937e+33   1.839824e+07      0s
     182    4.7732697e+05   0.000000e+00   0.000000e+00      0s

Solved in 182 iterations and 0.01 seconds
Optimal objective  4.773269721e+05
Changed value of parameter FeasibilityTol to 0.001
   Prev: 1e-06  Min: 1e-09  Max: 0.01  Default: 1e-06
Changed value of parameter MIPFocus to 2
   Prev: 0  Min: 0  Max: 3  Default: 0
Changed value of parameter Presolve to 0
   Prev: -1  Min: -1  Max: 2  Default: -1
Optimize a model with 47 rows, 262 columns and 2436 nonzeros
Coefficient statistics:
  Matrix range    [1e+00, 2e+01]
  Objective range [9e+00, 2e+05]
  Bounds range    [0e+00, 0e+00]
  RHS range       [1e+00, 2e+01]
Iteration    Objective       Primal Inf.    Dual Inf.      Time
       0    1.8844476e+37   1.439187e+33   1.884448e+07      0s
     175    4.7732931e+05   0.000000e+00   0.000000e+00      0s

Solved in 175 iterations and 0.00 seconds
Optimal objective  4.773293055e+05
Changed value of parameter FeasibilityTol to 0.001
   Prev: 1e-06  Min: 1e-09  Max: 0.01  Default: 1e-06
Changed value of parameter MIPFocus to 2
   Prev: 0  Min: 0  Max: 3  Default: 0
Changed value of parameter Presolve to 0
   Prev: -1  Min: -1  Max: 2  Default: -1
Optimize a model with 47 rows, 265 columns and 2463 nonzeros
Coefficient statistics:
  Matrix range    [1e+00, 2e+01]
  Objective range [9e+00, 2e+05]
  Bounds range    [0e+00, 0e+00]
  RHS range       [1e+00, 2e+01]
Iteration    Objective       Primal Inf.    Dual Inf.      Time
       0    1.9110095e+37   1.459312e+33   1.911009e+07      0s
     166    4.7733558e+05   0.000000e+00   0.000000e+00      0s

Solved in 166 iterations and 0.01 seconds
Optimal objective  4.773355785e+05
Changed value of parameter FeasibilityTol to 0.001
   Prev: 1e-06  Min: 1e-09  Max: 0.01  Default: 1e-06
Changed value of parameter MIPFocus to 2
   Prev: 0  Min: 0  Max: 3  Default: 0
Changed value of parameter Presolve to 0
   Prev: -1  Min: -1  Max: 2  Default: -1
Optimize a model with 47 rows, 271 columns and 2509 nonzeros
Coefficient statistics:
  Matrix range    [1e+00, 2e+01]
  Objective range [9e+00, 2e+05]
  Bounds range    [0e+00, 0e+00]
  RHS range       [1e+00, 2e+01]
Iteration    Objective       Primal Inf.    Dual Inf.      Time
       0    1.9512057e+37   1.489625e+33   1.951206e+07      0s
     179    4.7734017e+05   0.000000e+00   0.000000e+00      0s

Solved in 179 iterations and 0.01 seconds
Optimal objective  4.773401675e+05
Changed value of parameter FeasibilityTol to 0.001
   Prev: 1e-06  Min: 1e-09  Max: 0.01  Default: 1e-06
Changed value of parameter MIPFocus to 2
   Prev: 0  Min: 0  Max: 3  Default: 0
Changed value of parameter Presolve to 0
   Prev: -1  Min: -1  Max: 2  Default: -1
Optimize a model with 47 rows, 275 columns and 2539 nonzeros
Coefficient statistics:
  Matrix range    [1e+00, 2e+01]
  Objective range [9e+00, 2e+05]
  Bounds range    [0e+00, 0e+00]
  RHS range       [1e+00, 2e+01]
Iteration    Objective       Primal Inf.    Dual Inf.      Time
       0    1.9829154e+37   1.514375e+33   1.982915e+07      0s
     199    4.7734054e+05   0.000000e+00   0.000000e+00      0s

Solved in 199 iterations and 0.01 seconds
Optimal objective  4.773405364e+05
Changed value of parameter FeasibilityTol to 0.001
   Prev: 1e-06  Min: 1e-09  Max: 0.01  Default: 1e-06
Changed value of parameter MIPFocus to 2
   Prev: 0  Min: 0  Max: 3  Default: 0
Changed value of parameter Presolve to 0
   Prev: -1  Min: -1  Max: 2  Default: -1
Optimize a model with 47 rows, 280 columns and 2568 nonzeros
Coefficient statistics:
  Matrix range    [1e+00, 2e+01]
  Objective range [9e+00, 2e+05]
  Bounds range    [0e+00, 0e+00]
  RHS range       [1e+00, 2e+01]
Iteration    Objective       Primal Inf.    Dual Inf.      Time
       0    1.9956039e+37   1.524687e+33   1.995604e+07      0s
     193    4.7734475e+05   0.000000e+00   0.000000e+00      0s

Solved in 193 iterations and 0.01 seconds
Optimal objective  4.773447528e+05
Changed value of parameter FeasibilityTol to 0.001
   Prev: 1e-06  Min: 1e-09  Max: 0.01  Default: 1e-06
Changed value of parameter MIPFocus to 2
   Prev: 0  Min: 0  Max: 3  Default: 0
Changed value of parameter Presolve to 0
   Prev: -1  Min: -1  Max: 2  Default: -1
Optimize a model with 47 rows, 283 columns and 2591 nonzeros
Coefficient statistics:
  Matrix range    [1e+00, 2e+01]
  Objective range [9e+00, 2e+05]
  Bounds range    [0e+00, 0e+00]
  RHS range       [1e+00, 2e+01]
Iteration    Objective       Primal Inf.    Dual Inf.      Time
       0    2.0198926e+37   1.543375e+33   2.019893e+07      0s
     200    4.7734633e+05   0.000000e+00   0.000000e+00      0s

Solved in 200 iterations and 0.01 seconds
Optimal objective  4.773463336e+05
Changed value of parameter FeasibilityTol to 0.001
   Prev: 1e-06  Min: 1e-09  Max: 0.01  Default: 1e-06
Changed value of parameter MIPFocus to 2
   Prev: 0  Min: 0  Max: 3  Default: 0
Changed value of parameter Presolve to 0
   Prev: -1  Min: -1  Max: 2  Default: -1
Optimize a model with 47 rows, 289 columns and 2624 nonzeros
Coefficient statistics:
  Matrix range    [1e+00, 2e+01]
  Objective range [9e+00, 2e+05]
  Bounds range    [0e+00, 0e+00]
  RHS range       [1e+00, 2e+01]
Iteration    Objective       Primal Inf.    Dual Inf.      Time
       0    2.0318552e+37   1.556187e+33   2.031855e+07      0s
     211    4.7735591e+05   0.000000e+00   0.000000e+00      0s

Solved in 211 iterations and 0.01 seconds
Optimal objective  4.773559073e+05
Changed value of parameter FeasibilityTol to 0.001
   Prev: 1e-06  Min: 1e-09  Max: 0.01  Default: 1e-06
Changed value of parameter MIPFocus to 2
   Prev: 0  Min: 0  Max: 3  Default: 0
Changed value of parameter Presolve to 0
   Prev: -1  Min: -1  Max: 2  Default: -1
Optimize a model with 47 rows, 294 columns and 2664 nonzeros
Coefficient statistics:
  Matrix range    [1e+00, 2e+01]
  Objective range [9e+00, 2e+05]
  Bounds range    [0e+00, 0e+00]
  RHS range       [1e+00, 2e+01]
Iteration    Objective       Primal Inf.    Dual Inf.      Time
       0    2.0539858e+37   1.575000e+33   2.053986e+07      0s
     177    4.7735860e+05   0.000000e+00   0.000000e+00      0s

Solved in 177 iterations and 0.00 seconds
Optimal objective  4.773585980e+05
Changed value of parameter FeasibilityTol to 0.001
   Prev: 1e-06  Min: 1e-09  Max: 0.01  Default: 1e-06
Changed value of parameter MIPFocus to 2
   Prev: 0  Min: 0  Max: 3  Default: 0
Changed value of parameter Presolve to 0
   Prev: -1  Min: -1  Max: 2  Default: -1
Optimize a model with 47 rows, 298 columns and 2696 nonzeros
Coefficient statistics:
  Matrix range    [1e+00, 2e+01]
  Objective range [9e+00, 2e+05]
  Bounds range    [0e+00, 0e+00]
  RHS range       [1e+00, 2e+01]
Iteration    Objective       Primal Inf.    Dual Inf.      Time
       0    2.0753997e+37   1.593875e+33   2.075400e+07      0s
     208    4.7736118e+05   0.000000e+00   0.000000e+00      0s

Solved in 208 iterations and 0.01 seconds
Optimal objective  4.773611850e+05
Changed value of parameter FeasibilityTol to 0.001
   Prev: 1e-06  Min: 1e-09  Max: 0.01  Default: 1e-06
Changed value of parameter MIPFocus to 2
   Prev: 0  Min: 0  Max: 3  Default: 0
Changed value of parameter Presolve to 0
   Prev: -1  Min: -1  Max: 2  Default: -1
Optimize a model with 47 rows, 302 columns and 2720 nonzeros
Coefficient statistics:
  Matrix range    [1e+00, 2e+01]
  Objective range [9e+00, 2e+05]
  Bounds range    [0e+00, 0e+00]
  RHS range       [1e+00, 2e+01]
Iteration    Objective       Primal Inf.    Dual Inf.      Time
       0    2.0978928e+37   1.612562e+33   2.097893e+07      0s
     218    4.7736325e+05   0.000000e+00   0.000000e+00      0s

Solved in 218 iterations and 0.01 seconds
Optimal objective  4.773632479e+05
Changed value of parameter FeasibilityTol to 0.001
   Prev: 1e-06  Min: 1e-09  Max: 0.01  Default: 1e-06
Changed value of parameter MIPFocus to 2
   Prev: 0  Min: 0  Max: 3  Default: 0
Changed value of parameter Presolve to 0
   Prev: -1  Min: -1  Max: 2  Default: -1
Optimize a model with 47 rows, 307 columns and 2748 nonzeros
Coefficient statistics:
  Matrix range    [1e+00, 2e+01]
  Objective range [9e+00, 2e+05]
  Bounds range    [0e+00, 0e+00]
  RHS range       [1e+00, 2e+01]
Iteration    Objective       Primal Inf.    Dual Inf.      Time
       0    2.1233779e+37   1.634250e+33   2.123378e+07      0s
     215    4.7736681e+05   0.000000e+00   0.000000e+00      0s

Solved in 215 iterations and 0.01 seconds
Optimal objective  4.773668057e+05
Changed value of parameter FeasibilityTol to 0.001
   Prev: 1e-06  Min: 1e-09  Max: 0.01  Default: 1e-06
Changed value of parameter MIPFocus to 2
   Prev: 0  Min: 0  Max: 3  Default: 0
Changed value of parameter Presolve to 0
   Prev: -1  Min: -1  Max: 2  Default: -1
Optimize a model with 47 rows, 312 columns and 2781 nonzeros
Coefficient statistics:
  Matrix range    [1e+00, 2e+01]
  Objective range [9e+00, 2e+05]
  Bounds range    [0e+00, 0e+00]
  RHS range       [1e+00, 2e+01]
Iteration    Objective       Primal Inf.    Dual Inf.      Time
       0    2.1583194e+37   1.662687e+33   2.158319e+07      0s
     210    4.7737055e+05   0.000000e+00   0.000000e+00      0s

Solved in 210 iterations and 0.01 seconds
Optimal objective  4.773705465e+05
Changed value of parameter FeasibilityTol to 0.001
   Prev: 1e-06  Min: 1e-09  Max: 0.01  Default: 1e-06
Changed value of parameter MIPFocus to 2
   Prev: 0  Min: 0  Max: 3  Default: 0
Changed value of parameter Presolve to 0
   Prev: -1  Min: -1  Max: 2  Default: -1
Optimize a model with 47 rows, 318 columns and 2827 nonzeros
Coefficient statistics:
  Matrix range    [1e+00, 2e+01]
  Objective range [9e+00, 2e+05]
  Bounds range    [0e+00, 0e+00]
  RHS range       [1e+00, 2e+01]
Iteration    Objective       Primal Inf.    Dual Inf.      Time
       0    2.1933794e+37   1.693000e+33   2.193379e+07      0s
     207    4.7737203e+05   0.000000e+00   0.000000e+00      0s

Solved in 207 iterations and 0.01 seconds
Optimal objective  4.773720266e+05
Changed value of parameter FeasibilityTol to 0.001
   Prev: 1e-06  Min: 1e-09  Max: 0.01  Default: 1e-06
Changed value of parameter MIPFocus to 2
   Prev: 0  Min: 0  Max: 3  Default: 0
Changed value of parameter Presolve to 0
   Prev: -1  Min: -1  Max: 2  Default: -1
Optimize a model with 47 rows, 322 columns and 2865 nonzeros
Coefficient statistics:
  Matrix range    [1e+00, 2e+01]
  Objective range [9e+00, 2e+05]
  Bounds range    [0e+00, 0e+00]
  RHS range       [1e+00, 2e+01]
Iteration    Objective       Primal Inf.    Dual Inf.      Time
       0    2.2301137e+37   1.721437e+33   2.230114e+07      0s
     196    4.7737377e+05   0.000000e+00   0.000000e+00      0s

Solved in 196 iterations and 0.01 seconds
Optimal objective  4.773737734e+05
Changed value of parameter FeasibilityTol to 0.001
   Prev: 1e-06  Min: 1e-09  Max: 0.01  Default: 1e-06
Changed value of parameter MIPFocus to 2
   Prev: 0  Min: 0  Max: 3  Default: 0
Changed value of parameter Presolve to 0
   Prev: -1  Min: -1  Max: 2  Default: -1
Optimize a model with 47 rows, 327 columns and 2904 nonzeros
Coefficient statistics:
  Matrix range    [1e+00, 2e+01]
  Objective range [9e+00, 2e+05]
  Bounds range    [0e+00, 0e+00]
  RHS range       [1e+00, 2e+01]
Iteration    Objective       Primal Inf.    Dual Inf.      Time
       0    2.2581005e+37   1.743500e+33   2.258101e+07      0s
     223    4.7737462e+05   0.000000e+00   0.000000e+00      0s

Solved in 223 iterations and 0.01 seconds
Optimal objective  4.773746247e+05
Changed value of parameter FeasibilityTol to 0.001
   Prev: 1e-06  Min: 1e-09  Max: 0.01  Default: 1e-06
Changed value of parameter MIPFocus to 2
   Prev: 0  Min: 0  Max: 3  Default: 0
Changed value of parameter Presolve to 0
   Prev: -1  Min: -1  Max: 2  Default: -1
Optimize a model with 47 rows, 331 columns and 2939 nonzeros
Coefficient statistics:
  Matrix range    [1e+00, 2e+01]
  Objective range [9e+00, 2e+05]
  Bounds range    [0e+00, 0e+00]
  RHS range       [1e+00, 2e+01]
Iteration    Objective       Primal Inf.    Dual Inf.      Time
       0    2.2859813e+37   1.764125e+33   2.285981e+07      0s
     242    4.7737574e+05   0.000000e+00   0.000000e+00      0s

Solved in 242 iterations and 0.01 seconds
Optimal objective  4.773757384e+05
Changed value of parameter FeasibilityTol to 0.001
   Prev: 1e-06  Min: 1e-09  Max: 0.01  Default: 1e-06
Changed value of parameter MIPFocus to 2
   Prev: 0  Min: 0  Max: 3  Default: 0
Changed value of parameter Presolve to 0
   Prev: -1  Min: -1  Max: 2  Default: -1
Optimize a model with 47 rows, 334 columns and 2967 nonzeros
Coefficient statistics:
  Matrix range    [1e+00, 2e+01]
  Objective range [9e+00, 2e+05]
  Bounds range    [0e+00, 0e+00]
  RHS range       [1e+00, 2e+01]
Iteration    Objective       Primal Inf.    Dual Inf.      Time
       0    2.3034485e+37   1.777000e+33   2.303449e+07      0s
     238    4.7737750e+05   0.000000e+00   0.000000e+00      0s

Solved in 238 iterations and 0.01 seconds
Optimal objective  4.773775029e+05
Changed value of parameter FeasibilityTol to 0.001
   Prev: 1e-06  Min: 1e-09  Max: 0.01  Default: 1e-06
Changed value of parameter MIPFocus to 2
   Prev: 0  Min: 0  Max: 3  Default: 0
Changed value of parameter Presolve to 0
   Prev: -1  Min: -1  Max: 2  Default: -1
Optimize a model with 47 rows, 334 columns and 2967 nonzeros
Coefficient statistics:
  Matrix range    [1e+00, 2e+01]
  Objective range [9e+00, 2e+05]
  Bounds range    [0e+00, 0e+00]
  RHS range       [1e+00, 2e+01]
Iteration    Objective       Primal Inf.    Dual Inf.      Time
       0    2.3034485e+37   1.777000e+33   2.303449e+07      0s
     238    4.7737750e+05   0.000000e+00   0.000000e+00      0s

Solved in 238 iterations and 0.01 seconds
Optimal objective  4.773775029e+05
Optimize a model with 47 rows, 334 columns and 2967 nonzeros
Coefficient statistics:
  Matrix range    [1e+00, 2e+01]
  Objective range [9e+00, 2e+05]
  Bounds range    [0e+00, 0e+00]
  RHS range       [1e+00, 2e+01]
Variable types: 0 continuous, 334 integer (0 binary)

Root relaxation: objective 4.773775e+05, 249 iterations, 0.01 seconds

    Nodes    |    Current Node    |     Objective Bounds      |     Work
 Expl Unexpl |  Obj  Depth IntInf | Incumbent    BestBd   Gap | It/Node Time

     0     0 477377.503    0   47          - 477377.503      -     -    0s
     0     0 477351.316    0   51          - 477351.316      -     -    0s
     0     0 477301.196    0   56          - 477301.196      -     -    0s
     0     0 477154.276    0   53          - 477154.276      -     -    0s
     0     0 477153.338    0   54          - 477153.338      -     -    0s
     0     0 477121.269    0   57          - 477121.269      -     -    0s
H    0     0                    476950.38912 477121.269  0.04%     -    0s
     0     0 477034.079    0   58 476950.389 477034.079  0.02%     -    0s
     0     0     cutoff    0      476950.389 476950.389  0.00%     -    0s

Cutting planes:
  Gomory: 89
  MIR: 83
  Zero half: 16

Explored 0 nodes (980 simplex iterations) in 0.52 seconds
Thread count was 4 (of 4 available processors)

Optimal solution found (tolerance 1.00e-04)
Best objective 4.769503891232e+05, best bound 4.769503891232e+05, gap 0.0%
