Changed value of parameter FeasibilityTol to 0.001
   Prev: 1e-06  Min: 1e-09  Max: 0.01  Default: 1e-06
Changed value of parameter MIPFocus to 2
   Prev: 0  Min: 0  Max: 3  Default: 0
Changed value of parameter Presolve to 0
   Prev: -1  Min: -1  Max: 2  Default: -1
Optimize a model with 52 rows, 27 columns and 254 nonzeros
Coefficient statistics:
  Matrix range    [1e+00, 2e+01]
  Objective range [8e+01, 4e+03]
  Bounds range    [0e+00, 0e+00]
  RHS range       [1e+00, 2e+01]
Iteration    Objective       Primal Inf.    Dual Inf.      Time
       0    2.3766672e+04   5.518750e+01   0.000000e+00      0s
      11    5.4111424e+03   0.000000e+00   0.000000e+00      0s

Solved in 11 iterations and 0.00 seconds
Optimal objective  5.411142357e+03
Changed value of parameter FeasibilityTol to 0.001
   Prev: 1e-06  Min: 1e-09  Max: 0.01  Default: 1e-06
Changed value of parameter MIPFocus to 2
   Prev: 0  Min: 0  Max: 3  Default: 0
Changed value of parameter Presolve to 0
   Prev: -1  Min: -1  Max: 2  Default: -1
Optimize a model with 52 rows, 33 columns and 341 nonzeros
Coefficient statistics:
  Matrix range    [1e+00, 2e+01]
  Objective range [8e+01, 4e+03]
  Bounds range    [0e+00, 0e+00]
  RHS range       [1e+00, 2e+01]
Iteration    Objective       Primal Inf.    Dual Inf.      Time
       0    2.3766672e+04   5.518750e+01   0.000000e+00      0s
      23    5.4111424e+03   0.000000e+00   0.000000e+00      0s

Solved in 23 iterations and 0.00 seconds
Optimal objective  5.411142357e+03
Changed value of parameter FeasibilityTol to 0.001
   Prev: 1e-06  Min: 1e-09  Max: 0.01  Default: 1e-06
Changed value of parameter MIPFocus to 2
   Prev: 0  Min: 0  Max: 3  Default: 0
Changed value of parameter Presolve to 0
   Prev: -1  Min: -1  Max: 2  Default: -1
Optimize a model with 52 rows, 39 columns and 423 nonzeros
Coefficient statistics:
  Matrix range    [1e+00, 2e+01]
  Objective range [8e+01, 4e+03]
  Bounds range    [0e+00, 0e+00]
  RHS range       [1e+00, 2e+01]
Iteration    Objective       Primal Inf.    Dual Inf.      Time
       0    2.3766672e+04   5.518750e+01   0.000000e+00      0s
      23    5.4111424e+03   0.000000e+00   0.000000e+00      0s

Solved in 23 iterations and 0.00 seconds
Optimal objective  5.411142357e+03
Changed value of parameter FeasibilityTol to 0.001
   Prev: 1e-06  Min: 1e-09  Max: 0.01  Default: 1e-06
Changed value of parameter MIPFocus to 2
   Prev: 0  Min: 0  Max: 3  Default: 0
Changed value of parameter Presolve to 0
   Prev: -1  Min: -1  Max: 2  Default: -1
Optimize a model with 52 rows, 46 columns and 519 nonzeros
Coefficient statistics:
  Matrix range    [1e+00, 2e+01]
  Objective range [8e+01, 4e+03]
  Bounds range    [0e+00, 0e+00]
  RHS range       [1e+00, 2e+01]
Iteration    Objective       Primal Inf.    Dual Inf.      Time
       0    2.3766672e+04   5.518750e+01   0.000000e+00      0s
      29    5.4111424e+03   0.000000e+00   0.000000e+00      0s

Solved in 29 iterations and 0.00 seconds
Optimal objective  5.411142357e+03
Changed value of parameter FeasibilityTol to 0.001
   Prev: 1e-06  Min: 1e-09  Max: 0.01  Default: 1e-06
Changed value of parameter MIPFocus to 2
   Prev: 0  Min: 0  Max: 3  Default: 0
Changed value of parameter Presolve to 0
   Prev: -1  Min: -1  Max: 2  Default: -1
Optimize a model with 52 rows, 52 columns and 605 nonzeros
Coefficient statistics:
  Matrix range    [1e+00, 2e+01]
  Objective range [8e+01, 4e+03]
  Bounds range    [0e+00, 0e+00]
  RHS range       [1e+00, 2e+01]
Iteration    Objective       Primal Inf.    Dual Inf.      Time
       0    2.3766672e+04   5.518750e+01   0.000000e+00      0s
      31    5.4111424e+03   0.000000e+00   0.000000e+00      0s

Solved in 31 iterations and 0.00 seconds
Optimal objective  5.411142357e+03
Changed value of parameter FeasibilityTol to 0.001
   Prev: 1e-06  Min: 1e-09  Max: 0.01  Default: 1e-06
Changed value of parameter MIPFocus to 2
   Prev: 0  Min: 0  Max: 3  Default: 0
Changed value of parameter Presolve to 0
   Prev: -1  Min: -1  Max: 2  Default: -1
Optimize a model with 52 rows, 57 columns and 665 nonzeros
Coefficient statistics:
  Matrix range    [1e+00, 2e+01]
  Objective range [8e+01, 4e+03]
  Bounds range    [0e+00, 0e+00]
  RHS range       [1e+00, 2e+01]
Iteration    Objective       Primal Inf.    Dual Inf.      Time
       0    2.3766672e+04   5.518750e+01   0.000000e+00      0s
      38    5.4111424e+03   0.000000e+00   0.000000e+00      0s

Solved in 38 iterations and 0.00 seconds
Optimal objective  5.411142357e+03
Changed value of parameter FeasibilityTol to 0.001
   Prev: 1e-06  Min: 1e-09  Max: 0.01  Default: 1e-06
Changed value of parameter MIPFocus to 2
   Prev: 0  Min: 0  Max: 3  Default: 0
Changed value of parameter Presolve to 0
   Prev: -1  Min: -1  Max: 2  Default: -1
Optimize a model with 52 rows, 64 columns and 747 nonzeros
Coefficient statistics:
  Matrix range    [1e+00, 2e+01]
  Objective range [8e+01, 4e+03]
  Bounds range    [0e+00, 0e+00]
  RHS range       [1e+00, 2e+01]
Iteration    Objective       Primal Inf.    Dual Inf.      Time
       0    2.3766672e+04   5.518750e+01   0.000000e+00      0s
      55    5.4111424e+03   0.000000e+00   0.000000e+00      0s

Solved in 55 iterations and 0.00 seconds
Optimal objective  5.411142357e+03
Changed value of parameter FeasibilityTol to 0.001
   Prev: 1e-06  Min: 1e-09  Max: 0.01  Default: 1e-06
Changed value of parameter MIPFocus to 2
   Prev: 0  Min: 0  Max: 3  Default: 0
Changed value of parameter Presolve to 0
   Prev: -1  Min: -1  Max: 2  Default: -1
Optimize a model with 52 rows, 71 columns and 824 nonzeros
Coefficient statistics:
  Matrix range    [1e+00, 2e+01]
  Objective range [8e+01, 4e+03]
  Bounds range    [0e+00, 0e+00]
  RHS range       [1e+00, 2e+01]
Iteration    Objective       Primal Inf.    Dual Inf.      Time
       0    2.3766672e+04   5.518750e+01   0.000000e+00      0s
      56    5.4111424e+03   0.000000e+00   0.000000e+00      0s

Solved in 56 iterations and 0.00 seconds
Optimal objective  5.411142357e+03
Changed value of parameter FeasibilityTol to 0.001
   Prev: 1e-06  Min: 1e-09  Max: 0.01  Default: 1e-06
Changed value of parameter MIPFocus to 2
   Prev: 0  Min: 0  Max: 3  Default: 0
Changed value of parameter Presolve to 0
   Prev: -1  Min: -1  Max: 2  Default: -1
Optimize a model with 52 rows, 77 columns and 884 nonzeros
Coefficient statistics:
  Matrix range    [1e+00, 2e+01]
  Objective range [8e+01, 4e+03]
  Bounds range    [0e+00, 0e+00]
  RHS range       [1e+00, 2e+01]
Iteration    Objective       Primal Inf.    Dual Inf.      Time
       0    2.3766672e+04   5.518750e+01   0.000000e+00      0s
      54    5.4111424e+03   0.000000e+00   0.000000e+00      0s

Solved in 54 iterations and 0.00 seconds
Optimal objective  5.411142357e+03
Changed value of parameter FeasibilityTol to 0.001
   Prev: 1e-06  Min: 1e-09  Max: 0.01  Default: 1e-06
Changed value of parameter MIPFocus to 2
   Prev: 0  Min: 0  Max: 3  Default: 0
Changed value of parameter Presolve to 0
   Prev: -1  Min: -1  Max: 2  Default: -1
Optimize a model with 52 rows, 84 columns and 969 nonzeros
Coefficient statistics:
  Matrix range    [1e+00, 2e+01]
  Objective range [8e+01, 4e+03]
  Bounds range    [0e+00, 0e+00]
  RHS range       [1e+00, 2e+01]
Iteration    Objective       Primal Inf.    Dual Inf.      Time
       0    2.3766672e+04   5.518750e+01   0.000000e+00      0s
      67    5.4111424e+03   0.000000e+00   0.000000e+00      0s

Solved in 67 iterations and 0.00 seconds
Optimal objective  5.411142357e+03
Changed value of parameter FeasibilityTol to 0.001
   Prev: 1e-06  Min: 1e-09  Max: 0.01  Default: 1e-06
Changed value of parameter MIPFocus to 2
   Prev: 0  Min: 0  Max: 3  Default: 0
Changed value of parameter Presolve to 0
   Prev: -1  Min: -1  Max: 2  Default: -1
Optimize a model with 52 rows, 91 columns and 1038 nonzeros
Coefficient statistics:
  Matrix range    [1e+00, 2e+01]
  Objective range [8e+01, 4e+03]
  Bounds range    [0e+00, 0e+00]
  RHS range       [1e+00, 2e+01]
Iteration    Objective       Primal Inf.    Dual Inf.      Time
       0    2.3766672e+04   5.518750e+01   0.000000e+00      0s
      82    5.4111424e+03   0.000000e+00   0.000000e+00      0s

Solved in 82 iterations and 0.00 seconds
Optimal objective  5.411142357e+03
Changed value of parameter FeasibilityTol to 0.001
   Prev: 1e-06  Min: 1e-09  Max: 0.01  Default: 1e-06
Changed value of parameter MIPFocus to 2
   Prev: 0  Min: 0  Max: 3  Default: 0
Changed value of parameter Presolve to 0
   Prev: -1  Min: -1  Max: 2  Default: -1
Optimize a model with 52 rows, 98 columns and 1103 nonzeros
Coefficient statistics:
  Matrix range    [1e+00, 2e+01]
  Objective range [8e+01, 4e+03]
  Bounds range    [0e+00, 0e+00]
  RHS range       [1e+00, 2e+01]
Iteration    Objective       Primal Inf.    Dual Inf.      Time
       0    2.3766672e+04   5.518750e+01   0.000000e+00      0s
      87    5.4111424e+03   0.000000e+00   0.000000e+00      0s

Solved in 87 iterations and 0.00 seconds
Optimal objective  5.411142357e+03
Changed value of parameter FeasibilityTol to 0.001
   Prev: 1e-06  Min: 1e-09  Max: 0.01  Default: 1e-06
Changed value of parameter MIPFocus to 2
   Prev: 0  Min: 0  Max: 3  Default: 0
Changed value of parameter Presolve to 0
   Prev: -1  Min: -1  Max: 2  Default: -1
Optimize a model with 52 rows, 105 columns and 1173 nonzeros
Coefficient statistics:
  Matrix range    [1e+00, 2e+01]
  Objective range [8e+01, 4e+03]
  Bounds range    [0e+00, 0e+00]
  RHS range       [1e+00, 2e+01]
Iteration    Objective       Primal Inf.    Dual Inf.      Time
       0    2.3766672e+04   5.518750e+01   0.000000e+00      0s
     112    5.4152504e+03   0.000000e+00   0.000000e+00      0s

Solved in 112 iterations and 0.00 seconds
Optimal objective  5.415250433e+03
Changed value of parameter FeasibilityTol to 0.001
   Prev: 1e-06  Min: 1e-09  Max: 0.01  Default: 1e-06
Changed value of parameter MIPFocus to 2
   Prev: 0  Min: 0  Max: 3  Default: 0
Changed value of parameter Presolve to 0
   Prev: -1  Min: -1  Max: 2  Default: -1
Optimize a model with 52 rows, 111 columns and 1234 nonzeros
Coefficient statistics:
  Matrix range    [1e+00, 2e+01]
  Objective range [8e+01, 4e+03]
  Bounds range    [0e+00, 0e+00]
  RHS range       [1e+00, 2e+01]
Iteration    Objective       Primal Inf.    Dual Inf.      Time
       0    2.3766672e+04   5.518750e+01   0.000000e+00      0s
     122    5.4543461e+03   0.000000e+00   0.000000e+00      0s

Solved in 122 iterations and 0.00 seconds
Optimal objective  5.454346074e+03
Changed value of parameter FeasibilityTol to 0.001
   Prev: 1e-06  Min: 1e-09  Max: 0.01  Default: 1e-06
Changed value of parameter MIPFocus to 2
   Prev: 0  Min: 0  Max: 3  Default: 0
Changed value of parameter Presolve to 0
   Prev: -1  Min: -1  Max: 2  Default: -1
Optimize a model with 52 rows, 118 columns and 1304 nonzeros
Coefficient statistics:
  Matrix range    [1e+00, 2e+01]
  Objective range [8e+01, 4e+03]
  Bounds range    [0e+00, 0e+00]
  RHS range       [1e+00, 2e+01]
Iteration    Objective       Primal Inf.    Dual Inf.      Time
       0    2.3766672e+04   5.518750e+01   0.000000e+00      0s
     104    5.4772625e+03   0.000000e+00   0.000000e+00      0s

Solved in 104 iterations and 0.00 seconds
Optimal objective  5.477262482e+03
Changed value of parameter FeasibilityTol to 0.001
   Prev: 1e-06  Min: 1e-09  Max: 0.01  Default: 1e-06
Changed value of parameter MIPFocus to 2
   Prev: 0  Min: 0  Max: 3  Default: 0
Changed value of parameter Presolve to 0
   Prev: -1  Min: -1  Max: 2  Default: -1
Optimize a model with 52 rows, 123 columns and 1354 nonzeros
Coefficient statistics:
  Matrix range    [1e+00, 2e+01]
  Objective range [8e+01, 4e+03]
  Bounds range    [0e+00, 0e+00]
  RHS range       [1e+00, 2e+01]
Iteration    Objective       Primal Inf.    Dual Inf.      Time
       0    2.3766672e+04   5.518750e+01   0.000000e+00      0s
     119    5.5097222e+03   0.000000e+00   0.000000e+00      0s

Solved in 119 iterations and 0.00 seconds
Optimal objective  5.509722157e+03
Changed value of parameter FeasibilityTol to 0.001
   Prev: 1e-06  Min: 1e-09  Max: 0.01  Default: 1e-06
Changed value of parameter MIPFocus to 2
   Prev: 0  Min: 0  Max: 3  Default: 0
Changed value of parameter Presolve to 0
   Prev: -1  Min: -1  Max: 2  Default: -1
Optimize a model with 52 rows, 129 columns and 1408 nonzeros
Coefficient statistics:
  Matrix range    [1e+00, 2e+01]
  Objective range [8e+01, 4e+03]
  Bounds range    [0e+00, 0e+00]
  RHS range       [1e+00, 2e+01]
Iteration    Objective       Primal Inf.    Dual Inf.      Time
       0    2.3766672e+04   5.518750e+01   0.000000e+00      0s
     117    5.5378139e+03   0.000000e+00   0.000000e+00      0s

Solved in 117 iterations and 0.00 seconds
Optimal objective  5.537813861e+03
Changed value of parameter FeasibilityTol to 0.001
   Prev: 1e-06  Min: 1e-09  Max: 0.01  Default: 1e-06
Changed value of parameter MIPFocus to 2
   Prev: 0  Min: 0  Max: 3  Default: 0
Changed value of parameter Presolve to 0
   Prev: -1  Min: -1  Max: 2  Default: -1
Optimize a model with 52 rows, 135 columns and 1453 nonzeros
Coefficient statistics:
  Matrix range    [1e+00, 2e+01]
  Objective range [7e+01, 4e+03]
  Bounds range    [0e+00, 0e+00]
  RHS range       [1e+00, 2e+01]
Iteration    Objective       Primal Inf.    Dual Inf.      Time
       0    2.3766672e+04   5.518750e+01   0.000000e+00      0s
     125    5.5612387e+03   0.000000e+00   0.000000e+00      0s

Solved in 125 iterations and 0.00 seconds
Optimal objective  5.561238699e+03
Changed value of parameter FeasibilityTol to 0.001
   Prev: 1e-06  Min: 1e-09  Max: 0.01  Default: 1e-06
Changed value of parameter MIPFocus to 2
   Prev: 0  Min: 0  Max: 3  Default: 0
Changed value of parameter Presolve to 0
   Prev: -1  Min: -1  Max: 2  Default: -1
Optimize a model with 52 rows, 142 columns and 1519 nonzeros
Coefficient statistics:
  Matrix range    [1e+00, 2e+01]
  Objective range [7e+01, 4e+03]
  Bounds range    [0e+00, 0e+00]
  RHS range       [1e+00, 2e+01]
Iteration    Objective       Primal Inf.    Dual Inf.      Time
       0    2.3766672e+04   5.518750e+01   0.000000e+00      0s
     122    5.5725268e+03   0.000000e+00   0.000000e+00      0s

Solved in 122 iterations and 0.00 seconds
Optimal objective  5.572526827e+03
Changed value of parameter FeasibilityTol to 0.001
   Prev: 1e-06  Min: 1e-09  Max: 0.01  Default: 1e-06
Changed value of parameter MIPFocus to 2
   Prev: 0  Min: 0  Max: 3  Default: 0
Changed value of parameter Presolve to 0
   Prev: -1  Min: -1  Max: 2  Default: -1
Optimize a model with 52 rows, 148 columns and 1572 nonzeros
Coefficient statistics:
  Matrix range    [1e+00, 2e+01]
  Objective range [4e+01, 4e+03]
  Bounds range    [0e+00, 0e+00]
  RHS range       [1e+00, 2e+01]
Iteration    Objective       Primal Inf.    Dual Inf.      Time
       0    2.3766672e+04   5.518750e+01   0.000000e+00      0s
     136    5.5890377e+03   0.000000e+00   0.000000e+00      0s

Solved in 136 iterations and 0.00 seconds
Optimal objective  5.589037652e+03
Changed value of parameter FeasibilityTol to 0.001
   Prev: 1e-06  Min: 1e-09  Max: 0.01  Default: 1e-06
Changed value of parameter MIPFocus to 2
   Prev: 0  Min: 0  Max: 3  Default: 0
Changed value of parameter Presolve to 0
   Prev: -1  Min: -1  Max: 2  Default: -1
Optimize a model with 52 rows, 154 columns and 1615 nonzeros
Coefficient statistics:
  Matrix range    [1e+00, 2e+01]
  Objective range [4e+01, 4e+03]
  Bounds range    [0e+00, 0e+00]
  RHS range       [1e+00, 2e+01]
Iteration    Objective       Primal Inf.    Dual Inf.      Time
       0    2.3766672e+04   5.518750e+01   0.000000e+00      0s
     129    5.6038755e+03   0.000000e+00   0.000000e+00      0s

Solved in 129 iterations and 0.00 seconds
Optimal objective  5.603875530e+03
Changed value of parameter FeasibilityTol to 0.001
   Prev: 1e-06  Min: 1e-09  Max: 0.01  Default: 1e-06
Changed value of parameter MIPFocus to 2
   Prev: 0  Min: 0  Max: 3  Default: 0
Changed value of parameter Presolve to 0
   Prev: -1  Min: -1  Max: 2  Default: -1
Optimize a model with 52 rows, 161 columns and 1680 nonzeros
Coefficient statistics:
  Matrix range    [1e+00, 2e+01]
  Objective range [4e+01, 4e+03]
  Bounds range    [0e+00, 0e+00]
  RHS range       [1e+00, 2e+01]
Iteration    Objective       Primal Inf.    Dual Inf.      Time
       0    2.3766672e+04   5.518750e+01   0.000000e+00      0s
     136    5.6148710e+03   0.000000e+00   0.000000e+00      0s

Solved in 136 iterations and 0.00 seconds
Optimal objective  5.614871001e+03
Changed value of parameter FeasibilityTol to 0.001
   Prev: 1e-06  Min: 1e-09  Max: 0.01  Default: 1e-06
Changed value of parameter MIPFocus to 2
   Prev: 0  Min: 0  Max: 3  Default: 0
Changed value of parameter Presolve to 0
   Prev: -1  Min: -1  Max: 2  Default: -1
Optimize a model with 52 rows, 168 columns and 1748 nonzeros
Coefficient statistics:
  Matrix range    [1e+00, 2e+01]
  Objective range [4e+01, 4e+03]
  Bounds range    [0e+00, 0e+00]
  RHS range       [1e+00, 2e+01]
Iteration    Objective       Primal Inf.    Dual Inf.      Time
       0    2.3766672e+04   5.518750e+01   0.000000e+00      0s
     130    5.6333557e+03   0.000000e+00   0.000000e+00      0s

Solved in 130 iterations and 0.00 seconds
Optimal objective  5.633355705e+03
Changed value of parameter FeasibilityTol to 0.001
   Prev: 1e-06  Min: 1e-09  Max: 0.01  Default: 1e-06
Changed value of parameter MIPFocus to 2
   Prev: 0  Min: 0  Max: 3  Default: 0
Changed value of parameter Presolve to 0
   Prev: -1  Min: -1  Max: 2  Default: -1
Optimize a model with 52 rows, 174 columns and 1798 nonzeros
Coefficient statistics:
  Matrix range    [1e+00, 2e+01]
  Objective range [4e+01, 4e+03]
  Bounds range    [0e+00, 0e+00]
  RHS range       [1e+00, 2e+01]
Iteration    Objective       Primal Inf.    Dual Inf.      Time
       0    2.3766672e+04   5.518750e+01   0.000000e+00      0s
     143    5.6437479e+03   0.000000e+00   0.000000e+00      0s

Solved in 143 iterations and 0.00 seconds
Optimal objective  5.643747892e+03
Changed value of parameter FeasibilityTol to 0.001
   Prev: 1e-06  Min: 1e-09  Max: 0.01  Default: 1e-06
Changed value of parameter MIPFocus to 2
   Prev: 0  Min: 0  Max: 3  Default: 0
Changed value of parameter Presolve to 0
   Prev: -1  Min: -1  Max: 2  Default: -1
Optimize a model with 52 rows, 180 columns and 1847 nonzeros
Coefficient statistics:
  Matrix range    [1e+00, 2e+01]
  Objective range [4e+01, 4e+03]
  Bounds range    [0e+00, 0e+00]
  RHS range       [1e+00, 2e+01]
Iteration    Objective       Primal Inf.    Dual Inf.      Time
       0    2.3766672e+04   5.518750e+01   0.000000e+00      0s
     145    5.6506338e+03   0.000000e+00   0.000000e+00      0s

Solved in 145 iterations and 0.00 seconds
Optimal objective  5.650633764e+03
Changed value of parameter FeasibilityTol to 0.001
   Prev: 1e-06  Min: 1e-09  Max: 0.01  Default: 1e-06
Changed value of parameter MIPFocus to 2
   Prev: 0  Min: 0  Max: 3  Default: 0
Changed value of parameter Presolve to 0
   Prev: -1  Min: -1  Max: 2  Default: -1
Optimize a model with 52 rows, 187 columns and 1896 nonzeros
Coefficient statistics:
  Matrix range    [1e+00, 2e+01]
  Objective range [4e+01, 4e+03]
  Bounds range    [0e+00, 0e+00]
  RHS range       [1e+00, 2e+01]
Iteration    Objective       Primal Inf.    Dual Inf.      Time
       0    2.3766672e+04   5.518750e+01   0.000000e+00      0s
     145    5.6635146e+03   0.000000e+00   0.000000e+00      0s

Solved in 145 iterations and 0.00 seconds
Optimal objective  5.663514571e+03
Changed value of parameter FeasibilityTol to 0.001
   Prev: 1e-06  Min: 1e-09  Max: 0.01  Default: 1e-06
Changed value of parameter MIPFocus to 2
   Prev: 0  Min: 0  Max: 3  Default: 0
Changed value of parameter Presolve to 0
   Prev: -1  Min: -1  Max: 2  Default: -1
Optimize a model with 52 rows, 194 columns and 1952 nonzeros
Coefficient statistics:
  Matrix range    [1e+00, 2e+01]
  Objective range [4e+01, 4e+03]
  Bounds range    [0e+00, 0e+00]
  RHS range       [1e+00, 2e+01]
Iteration    Objective       Primal Inf.    Dual Inf.      Time
       0    2.3766672e+04   5.518750e+01   0.000000e+00      0s
     149    5.6689773e+03   0.000000e+00   0.000000e+00      0s

Solved in 149 iterations and 0.00 seconds
Optimal objective  5.668977312e+03
Changed value of parameter FeasibilityTol to 0.001
   Prev: 1e-06  Min: 1e-09  Max: 0.01  Default: 1e-06
Changed value of parameter MIPFocus to 2
   Prev: 0  Min: 0  Max: 3  Default: 0
Changed value of parameter Presolve to 0
   Prev: -1  Min: -1  Max: 2  Default: -1
Optimize a model with 52 rows, 199 columns and 1978 nonzeros
Coefficient statistics:
  Matrix range    [1e+00, 2e+01]
  Objective range [4e+01, 4e+03]
  Bounds range    [0e+00, 0e+00]
  RHS range       [1e+00, 2e+01]
Iteration    Objective       Primal Inf.    Dual Inf.      Time
       0    2.3766672e+04   5.518750e+01   0.000000e+00      0s
     143    5.6764119e+03   0.000000e+00   0.000000e+00      0s

Solved in 143 iterations and 0.01 seconds
Optimal objective  5.676411862e+03
Changed value of parameter FeasibilityTol to 0.001
   Prev: 1e-06  Min: 1e-09  Max: 0.01  Default: 1e-06
Changed value of parameter MIPFocus to 2
   Prev: 0  Min: 0  Max: 3  Default: 0
Changed value of parameter Presolve to 0
   Prev: -1  Min: -1  Max: 2  Default: -1
Optimize a model with 52 rows, 205 columns and 2031 nonzeros
Coefficient statistics:
  Matrix range    [1e+00, 2e+01]
  Objective range [4e+01, 4e+03]
  Bounds range    [0e+00, 0e+00]
  RHS range       [1e+00, 2e+01]
Iteration    Objective       Primal Inf.    Dual Inf.      Time
       0    2.3766672e+04   5.518750e+01   0.000000e+00      0s
     142    5.6825030e+03   0.000000e+00   0.000000e+00      0s

Solved in 142 iterations and 0.00 seconds
Optimal objective  5.682502964e+03
Changed value of parameter FeasibilityTol to 0.001
   Prev: 1e-06  Min: 1e-09  Max: 0.01  Default: 1e-06
Changed value of parameter MIPFocus to 2
   Prev: 0  Min: 0  Max: 3  Default: 0
Changed value of parameter Presolve to 0
   Prev: -1  Min: -1  Max: 2  Default: -1
Optimize a model with 52 rows, 210 columns and 2079 nonzeros
Coefficient statistics:
  Matrix range    [1e+00, 2e+01]
  Objective range [4e+01, 4e+03]
  Bounds range    [0e+00, 0e+00]
  RHS range       [1e+00, 2e+01]
Iteration    Objective       Primal Inf.    Dual Inf.      Time
       0    2.3766672e+04   5.518750e+01   0.000000e+00      0s
     153    5.7008172e+03   0.000000e+00   0.000000e+00      0s

Solved in 153 iterations and 0.00 seconds
Optimal objective  5.700817233e+03
Changed value of parameter FeasibilityTol to 0.001
   Prev: 1e-06  Min: 1e-09  Max: 0.01  Default: 1e-06
Changed value of parameter MIPFocus to 2
   Prev: 0  Min: 0  Max: 3  Default: 0
Changed value of parameter Presolve to 0
   Prev: -1  Min: -1  Max: 2  Default: -1
Optimize a model with 52 rows, 217 columns and 2126 nonzeros
Coefficient statistics:
  Matrix range    [1e+00, 2e+01]
  Objective range [4e+01, 4e+03]
  Bounds range    [0e+00, 0e+00]
  RHS range       [1e+00, 2e+01]
Iteration    Objective       Primal Inf.    Dual Inf.      Time
       0    2.3766672e+04   5.518750e+01   0.000000e+00      0s
     151    5.7157981e+03   0.000000e+00   0.000000e+00      0s

Solved in 151 iterations and 0.00 seconds
Optimal objective  5.715798121e+03
Changed value of parameter FeasibilityTol to 0.001
   Prev: 1e-06  Min: 1e-09  Max: 0.01  Default: 1e-06
Changed value of parameter MIPFocus to 2
   Prev: 0  Min: 0  Max: 3  Default: 0
Changed value of parameter Presolve to 0
   Prev: -1  Min: -1  Max: 2  Default: -1
Optimize a model with 52 rows, 222 columns and 2154 nonzeros
Coefficient statistics:
  Matrix range    [1e+00, 2e+01]
  Objective range [4e+01, 4e+03]
  Bounds range    [0e+00, 0e+00]
  RHS range       [1e+00, 2e+01]
Iteration    Objective       Primal Inf.    Dual Inf.      Time
       0    2.3766672e+04   5.518750e+01   0.000000e+00      0s
     155    5.7225540e+03   0.000000e+00   0.000000e+00      0s

Solved in 155 iterations and 0.00 seconds
Optimal objective  5.722553974e+03
Changed value of parameter FeasibilityTol to 0.001
   Prev: 1e-06  Min: 1e-09  Max: 0.01  Default: 1e-06
Changed value of parameter MIPFocus to 2
   Prev: 0  Min: 0  Max: 3  Default: 0
Changed value of parameter Presolve to 0
   Prev: -1  Min: -1  Max: 2  Default: -1
Optimize a model with 52 rows, 228 columns and 2205 nonzeros
Coefficient statistics:
  Matrix range    [1e+00, 2e+01]
  Objective range [4e+00, 4e+03]
  Bounds range    [0e+00, 0e+00]
  RHS range       [1e+00, 2e+01]
Iteration    Objective       Primal Inf.    Dual Inf.      Time
       0    2.3766672e+04   5.518750e+01   0.000000e+00      0s
     148    5.7352592e+03   0.000000e+00   0.000000e+00      0s

Solved in 148 iterations and 0.00 seconds
Optimal objective  5.735259154e+03
Changed value of parameter FeasibilityTol to 0.001
   Prev: 1e-06  Min: 1e-09  Max: 0.01  Default: 1e-06
Changed value of parameter MIPFocus to 2
   Prev: 0  Min: 0  Max: 3  Default: 0
Changed value of parameter Presolve to 0
   Prev: -1  Min: -1  Max: 2  Default: -1
Optimize a model with 52 rows, 235 columns and 2253 nonzeros
Coefficient statistics:
  Matrix range    [1e+00, 2e+01]
  Objective range [4e+00, 4e+03]
  Bounds range    [0e+00, 0e+00]
  RHS range       [1e+00, 2e+01]
Iteration    Objective       Primal Inf.    Dual Inf.      Time
       0    2.3766672e+04   5.518750e+01   0.000000e+00      0s
     152    5.7393357e+03   0.000000e+00   0.000000e+00      0s

Solved in 152 iterations and 0.00 seconds
Optimal objective  5.739335663e+03
Changed value of parameter FeasibilityTol to 0.001
   Prev: 1e-06  Min: 1e-09  Max: 0.01  Default: 1e-06
Changed value of parameter MIPFocus to 2
   Prev: 0  Min: 0  Max: 3  Default: 0
Changed value of parameter Presolve to 0
   Prev: -1  Min: -1  Max: 2  Default: -1
Optimize a model with 52 rows, 239 columns and 2275 nonzeros
Coefficient statistics:
  Matrix range    [1e+00, 2e+01]
  Objective range [4e+00, 4e+03]
  Bounds range    [0e+00, 0e+00]
  RHS range       [1e+00, 2e+01]
Iteration    Objective       Primal Inf.    Dual Inf.      Time
       0    2.3766672e+04   5.518750e+01   0.000000e+00      0s
     158    5.7456722e+03   0.000000e+00   0.000000e+00      0s

Solved in 158 iterations and 0.01 seconds
Optimal objective  5.745672230e+03
Changed value of parameter FeasibilityTol to 0.001
   Prev: 1e-06  Min: 1e-09  Max: 0.01  Default: 1e-06
Changed value of parameter MIPFocus to 2
   Prev: 0  Min: 0  Max: 3  Default: 0
Changed value of parameter Presolve to 0
   Prev: -1  Min: -1  Max: 2  Default: -1
Optimize a model with 52 rows, 246 columns and 2332 nonzeros
Coefficient statistics:
  Matrix range    [1e+00, 2e+01]
  Objective range [4e+00, 4e+03]
  Bounds range    [0e+00, 0e+00]
  RHS range       [1e+00, 2e+01]
Iteration    Objective       Primal Inf.    Dual Inf.      Time
       0    2.3766672e+04   5.518750e+01   0.000000e+00      0s
     157    5.7630293e+03   0.000000e+00   0.000000e+00      0s

Solved in 157 iterations and 0.01 seconds
Optimal objective  5.763029315e+03
Changed value of parameter FeasibilityTol to 0.001
   Prev: 1e-06  Min: 1e-09  Max: 0.01  Default: 1e-06
Changed value of parameter MIPFocus to 2
   Prev: 0  Min: 0  Max: 3  Default: 0
Changed value of parameter Presolve to 0
   Prev: -1  Min: -1  Max: 2  Default: -1
Optimize a model with 52 rows, 251 columns and 2374 nonzeros
Coefficient statistics:
  Matrix range    [1e+00, 2e+01]
  Objective range [4e+00, 4e+03]
  Bounds range    [0e+00, 0e+00]
  RHS range       [1e+00, 2e+01]
Iteration    Objective       Primal Inf.    Dual Inf.      Time
       0    2.3766672e+04   5.518750e+01   0.000000e+00      0s
     165    5.7659460e+03   0.000000e+00   0.000000e+00      0s

Solved in 165 iterations and 0.01 seconds
Optimal objective  5.765946014e+03
Changed value of parameter FeasibilityTol to 0.001
   Prev: 1e-06  Min: 1e-09  Max: 0.01  Default: 1e-06
Changed value of parameter MIPFocus to 2
   Prev: 0  Min: 0  Max: 3  Default: 0
Changed value of parameter Presolve to 0
   Prev: -1  Min: -1  Max: 2  Default: -1
Optimize a model with 52 rows, 257 columns and 2430 nonzeros
Coefficient statistics:
  Matrix range    [1e+00, 2e+01]
  Objective range [4e+00, 4e+03]
  Bounds range    [0e+00, 0e+00]
  RHS range       [1e+00, 2e+01]
Iteration    Objective       Primal Inf.    Dual Inf.      Time
       0    2.3766672e+04   5.518750e+01   0.000000e+00      0s
     166    5.7684466e+03   0.000000e+00   0.000000e+00      0s

Solved in 166 iterations and 0.00 seconds
Optimal objective  5.768446599e+03
Changed value of parameter FeasibilityTol to 0.001
   Prev: 1e-06  Min: 1e-09  Max: 0.01  Default: 1e-06
Changed value of parameter MIPFocus to 2
   Prev: 0  Min: 0  Max: 3  Default: 0
Changed value of parameter Presolve to 0
   Prev: -1  Min: -1  Max: 2  Default: -1
Optimize a model with 52 rows, 264 columns and 2489 nonzeros
Coefficient statistics:
  Matrix range    [1e+00, 2e+01]
  Objective range [4e+00, 4e+03]
  Bounds range    [0e+00, 0e+00]
  RHS range       [1e+00, 2e+01]
Iteration    Objective       Primal Inf.    Dual Inf.      Time
       0    2.3766672e+04   5.518750e+01   0.000000e+00      0s
     172    5.7723369e+03   0.000000e+00   0.000000e+00      0s

Solved in 172 iterations and 0.01 seconds
Optimal objective  5.772336923e+03
Changed value of parameter FeasibilityTol to 0.001
   Prev: 1e-06  Min: 1e-09  Max: 0.01  Default: 1e-06
Changed value of parameter MIPFocus to 2
   Prev: 0  Min: 0  Max: 3  Default: 0
Changed value of parameter Presolve to 0
   Prev: -1  Min: -1  Max: 2  Default: -1
Optimize a model with 52 rows, 267 columns and 2505 nonzeros
Coefficient statistics:
  Matrix range    [1e+00, 2e+01]
  Objective range [4e+00, 4e+03]
  Bounds range    [0e+00, 0e+00]
  RHS range       [1e+00, 2e+01]
Iteration    Objective       Primal Inf.    Dual Inf.      Time
       0    2.3766672e+04   5.518750e+01   0.000000e+00      0s
     182    5.8001487e+03   0.000000e+00   0.000000e+00      0s

Solved in 182 iterations and 0.00 seconds
Optimal objective  5.800148672e+03
Changed value of parameter FeasibilityTol to 0.001
   Prev: 1e-06  Min: 1e-09  Max: 0.01  Default: 1e-06
Changed value of parameter MIPFocus to 2
   Prev: 0  Min: 0  Max: 3  Default: 0
Changed value of parameter Presolve to 0
   Prev: -1  Min: -1  Max: 2  Default: -1
Optimize a model with 52 rows, 271 columns and 2538 nonzeros
Coefficient statistics:
  Matrix range    [1e+00, 2e+01]
  Objective range [4e+00, 4e+03]
  Bounds range    [0e+00, 0e+00]
  RHS range       [1e+00, 2e+01]
Iteration    Objective       Primal Inf.    Dual Inf.      Time
       0    2.3766672e+04   5.518750e+01   0.000000e+00      0s
     164    5.8070789e+03   0.000000e+00   0.000000e+00      0s

Solved in 164 iterations and 0.00 seconds
Optimal objective  5.807078917e+03
Changed value of parameter FeasibilityTol to 0.001
   Prev: 1e-06  Min: 1e-09  Max: 0.01  Default: 1e-06
Changed value of parameter MIPFocus to 2
   Prev: 0  Min: 0  Max: 3  Default: 0
Changed value of parameter Presolve to 0
   Prev: -1  Min: -1  Max: 2  Default: -1
Optimize a model with 52 rows, 276 columns and 2562 nonzeros
Coefficient statistics:
  Matrix range    [1e+00, 2e+01]
  Objective range [4e+00, 4e+03]
  Bounds range    [0e+00, 0e+00]
  RHS range       [1e+00, 2e+01]
Iteration    Objective       Primal Inf.    Dual Inf.      Time
       0    2.3766672e+04   5.518750e+01   0.000000e+00      0s
     170    5.8129327e+03   0.000000e+00   0.000000e+00      0s

Solved in 170 iterations and 0.00 seconds
Optimal objective  5.812932662e+03
Changed value of parameter FeasibilityTol to 0.001
   Prev: 1e-06  Min: 1e-09  Max: 0.01  Default: 1e-06
Changed value of parameter MIPFocus to 2
   Prev: 0  Min: 0  Max: 3  Default: 0
Changed value of parameter Presolve to 0
   Prev: -1  Min: -1  Max: 2  Default: -1
Optimize a model with 52 rows, 281 columns and 2603 nonzeros
Coefficient statistics:
  Matrix range    [1e+00, 2e+01]
  Objective range [4e+00, 4e+03]
  Bounds range    [0e+00, 0e+00]
  RHS range       [1e+00, 2e+01]
Iteration    Objective       Primal Inf.    Dual Inf.      Time
       0    2.3766672e+04   5.518750e+01   0.000000e+00      0s
     167    5.8219672e+03   0.000000e+00   0.000000e+00      0s

Solved in 167 iterations and 0.00 seconds
Optimal objective  5.821967168e+03
Changed value of parameter FeasibilityTol to 0.001
   Prev: 1e-06  Min: 1e-09  Max: 0.01  Default: 1e-06
Changed value of parameter MIPFocus to 2
   Prev: 0  Min: 0  Max: 3  Default: 0
Changed value of parameter Presolve to 0
   Prev: -1  Min: -1  Max: 2  Default: -1
Optimize a model with 52 rows, 285 columns and 2631 nonzeros
Coefficient statistics:
  Matrix range    [1e+00, 2e+01]
  Objective range [4e+00, 4e+03]
  Bounds range    [0e+00, 0e+00]
  RHS range       [1e+00, 2e+01]
Iteration    Objective       Primal Inf.    Dual Inf.      Time
       0    2.3766672e+04   5.518750e+01   0.000000e+00      0s
     164    5.8229388e+03   0.000000e+00   0.000000e+00      0s

Solved in 164 iterations and 0.00 seconds
Optimal objective  5.822938814e+03
Changed value of parameter FeasibilityTol to 0.001
   Prev: 1e-06  Min: 1e-09  Max: 0.01  Default: 1e-06
Changed value of parameter MIPFocus to 2
   Prev: 0  Min: 0  Max: 3  Default: 0
Changed value of parameter Presolve to 0
   Prev: -1  Min: -1  Max: 2  Default: -1
Optimize a model with 52 rows, 290 columns and 2663 nonzeros
Coefficient statistics:
  Matrix range    [1e+00, 2e+01]
  Objective range [4e+00, 4e+03]
  Bounds range    [0e+00, 0e+00]
  RHS range       [1e+00, 2e+01]
Iteration    Objective       Primal Inf.    Dual Inf.      Time
       0    2.3766672e+04   5.518750e+01   0.000000e+00      0s
     163    5.8260912e+03   0.000000e+00   0.000000e+00      0s

Solved in 163 iterations and 0.00 seconds
Optimal objective  5.826091239e+03
Changed value of parameter FeasibilityTol to 0.001
   Prev: 1e-06  Min: 1e-09  Max: 0.01  Default: 1e-06
Changed value of parameter MIPFocus to 2
   Prev: 0  Min: 0  Max: 3  Default: 0
Changed value of parameter Presolve to 0
   Prev: -1  Min: -1  Max: 2  Default: -1
Optimize a model with 52 rows, 292 columns and 2677 nonzeros
Coefficient statistics:
  Matrix range    [1e+00, 2e+01]
  Objective range [4e+00, 4e+03]
  Bounds range    [0e+00, 0e+00]
  RHS range       [1e+00, 2e+01]
Iteration    Objective       Primal Inf.    Dual Inf.      Time
       0    2.3766672e+04   5.518750e+01   0.000000e+00      0s
     174    5.8264991e+03   0.000000e+00   0.000000e+00      0s

Solved in 174 iterations and 0.01 seconds
Optimal objective  5.826499060e+03
Changed value of parameter FeasibilityTol to 0.001
   Prev: 1e-06  Min: 1e-09  Max: 0.01  Default: 1e-06
Changed value of parameter MIPFocus to 2
   Prev: 0  Min: 0  Max: 3  Default: 0
Changed value of parameter Presolve to 0
   Prev: -1  Min: -1  Max: 2  Default: -1
Optimize a model with 52 rows, 295 columns and 2698 nonzeros
Coefficient statistics:
  Matrix range    [1e+00, 2e+01]
  Objective range [4e+00, 4e+03]
  Bounds range    [0e+00, 0e+00]
  RHS range       [1e+00, 2e+01]
Iteration    Objective       Primal Inf.    Dual Inf.      Time
       0    2.3766672e+04   5.518750e+01   0.000000e+00      0s
     183    5.8315113e+03   0.000000e+00   0.000000e+00      0s

Solved in 183 iterations and 0.01 seconds
Optimal objective  5.831511270e+03
Changed value of parameter FeasibilityTol to 0.001
   Prev: 1e-06  Min: 1e-09  Max: 0.01  Default: 1e-06
Changed value of parameter MIPFocus to 2
   Prev: 0  Min: 0  Max: 3  Default: 0
Changed value of parameter Presolve to 0
   Prev: -1  Min: -1  Max: 2  Default: -1
Optimize a model with 52 rows, 298 columns and 2733 nonzeros
Coefficient statistics:
  Matrix range    [1e+00, 2e+01]
  Objective range [4e+00, 4e+03]
  Bounds range    [0e+00, 0e+00]
  RHS range       [1e+00, 2e+01]
Iteration    Objective       Primal Inf.    Dual Inf.      Time
       0    2.3766672e+04   5.518750e+01   0.000000e+00      0s
     159    5.8317107e+03   0.000000e+00   0.000000e+00      0s

Solved in 159 iterations and 0.00 seconds
Optimal objective  5.831710725e+03
Changed value of parameter FeasibilityTol to 0.001
   Prev: 1e-06  Min: 1e-09  Max: 0.01  Default: 1e-06
Changed value of parameter MIPFocus to 2
   Prev: 0  Min: 0  Max: 3  Default: 0
Changed value of parameter Presolve to 0
   Prev: -1  Min: -1  Max: 2  Default: -1
Optimize a model with 52 rows, 300 columns and 2745 nonzeros
Coefficient statistics:
  Matrix range    [1e+00, 2e+01]
  Objective range [4e+00, 4e+03]
  Bounds range    [0e+00, 0e+00]
  RHS range       [1e+00, 2e+01]
Iteration    Objective       Primal Inf.    Dual Inf.      Time
       0    2.3766672e+04   5.518750e+01   0.000000e+00      0s
     172    5.8321935e+03   0.000000e+00   0.000000e+00      0s

Solved in 172 iterations and 0.01 seconds
Optimal objective  5.832193547e+03
Changed value of parameter FeasibilityTol to 0.001
   Prev: 1e-06  Min: 1e-09  Max: 0.01  Default: 1e-06
Changed value of parameter MIPFocus to 2
   Prev: 0  Min: 0  Max: 3  Default: 0
Changed value of parameter Presolve to 0
   Prev: -1  Min: -1  Max: 2  Default: -1
Optimize a model with 52 rows, 302 columns and 2760 nonzeros
Coefficient statistics:
  Matrix range    [1e+00, 2e+01]
  Objective range [4e+00, 4e+03]
  Bounds range    [0e+00, 0e+00]
  RHS range       [1e+00, 2e+01]
Iteration    Objective       Primal Inf.    Dual Inf.      Time
       0    2.3766672e+04   5.518750e+01   0.000000e+00      0s
     166    5.8364374e+03   0.000000e+00   0.000000e+00      0s

Solved in 166 iterations and 0.00 seconds
Optimal objective  5.836437421e+03
Changed value of parameter FeasibilityTol to 0.001
   Prev: 1e-06  Min: 1e-09  Max: 0.01  Default: 1e-06
Changed value of parameter MIPFocus to 2
   Prev: 0  Min: 0  Max: 3  Default: 0
Changed value of parameter Presolve to 0
   Prev: -1  Min: -1  Max: 2  Default: -1
Optimize a model with 52 rows, 306 columns and 2780 nonzeros
Coefficient statistics:
  Matrix range    [1e+00, 2e+01]
  Objective range [4e+00, 4e+03]
  Bounds range    [0e+00, 0e+00]
  RHS range       [1e+00, 2e+01]
Iteration    Objective       Primal Inf.    Dual Inf.      Time
       0    2.3766672e+04   5.518750e+01   0.000000e+00      0s
     176    5.8389629e+03   0.000000e+00   0.000000e+00      0s

Solved in 176 iterations and 0.01 seconds
Optimal objective  5.838962863e+03
Changed value of parameter FeasibilityTol to 0.001
   Prev: 1e-06  Min: 1e-09  Max: 0.01  Default: 1e-06
Changed value of parameter MIPFocus to 2
   Prev: 0  Min: 0  Max: 3  Default: 0
Changed value of parameter Presolve to 0
   Prev: -1  Min: -1  Max: 2  Default: -1
Optimize a model with 52 rows, 309 columns and 2804 nonzeros
Coefficient statistics:
  Matrix range    [1e+00, 2e+01]
  Objective range [4e+00, 4e+03]
  Bounds range    [0e+00, 0e+00]
  RHS range       [1e+00, 2e+01]
Iteration    Objective       Primal Inf.    Dual Inf.      Time
       0    2.3766672e+04   5.518750e+01   0.000000e+00      0s
     165    5.8407690e+03   0.000000e+00   0.000000e+00      0s

Solved in 165 iterations and 0.00 seconds
Optimal objective  5.840768976e+03
Changed value of parameter FeasibilityTol to 0.001
   Prev: 1e-06  Min: 1e-09  Max: 0.01  Default: 1e-06
Changed value of parameter MIPFocus to 2
   Prev: 0  Min: 0  Max: 3  Default: 0
Changed value of parameter Presolve to 0
   Prev: -1  Min: -1  Max: 2  Default: -1
Optimize a model with 52 rows, 312 columns and 2823 nonzeros
Coefficient statistics:
  Matrix range    [1e+00, 2e+01]
  Objective range [4e+00, 4e+03]
  Bounds range    [0e+00, 0e+00]
  RHS range       [1e+00, 2e+01]
Iteration    Objective       Primal Inf.    Dual Inf.      Time
       0    2.3766672e+04   5.518750e+01   0.000000e+00      0s
     178    5.8411027e+03   0.000000e+00   0.000000e+00      0s

Solved in 178 iterations and 0.00 seconds
Optimal objective  5.841102667e+03
Changed value of parameter FeasibilityTol to 0.001
   Prev: 1e-06  Min: 1e-09  Max: 0.01  Default: 1e-06
Changed value of parameter MIPFocus to 2
   Prev: 0  Min: 0  Max: 3  Default: 0
Changed value of parameter Presolve to 0
   Prev: -1  Min: -1  Max: 2  Default: -1
Optimize a model with 52 rows, 316 columns and 2851 nonzeros
Coefficient statistics:
  Matrix range    [1e+00, 2e+01]
  Objective range [4e+00, 4e+03]
  Bounds range    [0e+00, 0e+00]
  RHS range       [1e+00, 2e+01]
Iteration    Objective       Primal Inf.    Dual Inf.      Time
       0    2.3766672e+04   5.518750e+01   0.000000e+00      0s
     176    5.8411279e+03   0.000000e+00   0.000000e+00      0s

Solved in 176 iterations and 0.01 seconds
Optimal objective  5.841127925e+03
Changed value of parameter FeasibilityTol to 0.001
   Prev: 1e-06  Min: 1e-09  Max: 0.01  Default: 1e-06
Changed value of parameter MIPFocus to 2
   Prev: 0  Min: 0  Max: 3  Default: 0
Changed value of parameter Presolve to 0
   Prev: -1  Min: -1  Max: 2  Default: -1
Optimize a model with 52 rows, 317 columns and 2853 nonzeros
Coefficient statistics:
  Matrix range    [1e+00, 2e+01]
  Objective range [4e+00, 4e+03]
  Bounds range    [0e+00, 0e+00]
  RHS range       [1e+00, 2e+01]
Iteration    Objective       Primal Inf.    Dual Inf.      Time
       0    2.3766672e+04   5.518750e+01   0.000000e+00      0s
     178    5.8455333e+03   0.000000e+00   0.000000e+00      0s

Solved in 178 iterations and 0.01 seconds
Optimal objective  5.845533262e+03
Changed value of parameter FeasibilityTol to 0.001
   Prev: 1e-06  Min: 1e-09  Max: 0.01  Default: 1e-06
Changed value of parameter MIPFocus to 2
   Prev: 0  Min: 0  Max: 3  Default: 0
Changed value of parameter Presolve to 0
   Prev: -1  Min: -1  Max: 2  Default: -1
Optimize a model with 52 rows, 320 columns and 2871 nonzeros
Coefficient statistics:
  Matrix range    [1e+00, 2e+01]
  Objective range [4e+00, 4e+03]
  Bounds range    [0e+00, 0e+00]
  RHS range       [1e+00, 2e+01]
Iteration    Objective       Primal Inf.    Dual Inf.      Time
       0    2.3766672e+04   5.518750e+01   0.000000e+00      0s
     176    5.8483603e+03   0.000000e+00   0.000000e+00      0s

Solved in 176 iterations and 0.01 seconds
Optimal objective  5.848360260e+03
Changed value of parameter FeasibilityTol to 0.001
   Prev: 1e-06  Min: 1e-09  Max: 0.01  Default: 1e-06
Changed value of parameter MIPFocus to 2
   Prev: 0  Min: 0  Max: 3  Default: 0
Changed value of parameter Presolve to 0
   Prev: -1  Min: -1  Max: 2  Default: -1
Optimize a model with 52 rows, 326 columns and 2933 nonzeros
Coefficient statistics:
  Matrix range    [1e+00, 2e+01]
  Objective range [4e+00, 4e+03]
  Bounds range    [0e+00, 0e+00]
  RHS range       [1e+00, 2e+01]
Iteration    Objective       Primal Inf.    Dual Inf.      Time
       0    2.3766672e+04   5.518750e+01   0.000000e+00      0s
     172    5.8492900e+03   0.000000e+00   0.000000e+00      0s

Solved in 172 iterations and 0.01 seconds
Optimal objective  5.849290007e+03
Changed value of parameter FeasibilityTol to 0.001
   Prev: 1e-06  Min: 1e-09  Max: 0.01  Default: 1e-06
Changed value of parameter MIPFocus to 2
   Prev: 0  Min: 0  Max: 3  Default: 0
Changed value of parameter Presolve to 0
   Prev: -1  Min: -1  Max: 2  Default: -1
Optimize a model with 52 rows, 329 columns and 2948 nonzeros
Coefficient statistics:
  Matrix range    [1e+00, 2e+01]
  Objective range [4e+00, 4e+03]
  Bounds range    [0e+00, 0e+00]
  RHS range       [1e+00, 2e+01]
Iteration    Objective       Primal Inf.    Dual Inf.      Time
       0    2.3766672e+04   5.518750e+01   0.000000e+00      0s
     177    5.8506910e+03   0.000000e+00   0.000000e+00      0s

Solved in 177 iterations and 0.01 seconds
Optimal objective  5.850691032e+03
Changed value of parameter FeasibilityTol to 0.001
   Prev: 1e-06  Min: 1e-09  Max: 0.01  Default: 1e-06
Changed value of parameter MIPFocus to 2
   Prev: 0  Min: 0  Max: 3  Default: 0
Changed value of parameter Presolve to 0
   Prev: -1  Min: -1  Max: 2  Default: -1
Optimize a model with 52 rows, 332 columns and 2981 nonzeros
Coefficient statistics:
  Matrix range    [1e+00, 2e+01]
  Objective range [4e+00, 4e+03]
  Bounds range    [0e+00, 0e+00]
  RHS range       [1e+00, 2e+01]
Iteration    Objective       Primal Inf.    Dual Inf.      Time
       0    2.3766672e+04   5.518750e+01   0.000000e+00      0s
     178    5.8508704e+03   0.000000e+00   0.000000e+00      0s

Solved in 178 iterations and 0.00 seconds
Optimal objective  5.850870380e+03
Changed value of parameter FeasibilityTol to 0.001
   Prev: 1e-06  Min: 1e-09  Max: 0.01  Default: 1e-06
Changed value of parameter MIPFocus to 2
   Prev: 0  Min: 0  Max: 3  Default: 0
Changed value of parameter Presolve to 0
   Prev: -1  Min: -1  Max: 2  Default: -1
Optimize a model with 52 rows, 337 columns and 3016 nonzeros
Coefficient statistics:
  Matrix range    [1e+00, 2e+01]
  Objective range [4e+00, 4e+03]
  Bounds range    [0e+00, 0e+00]
  RHS range       [1e+00, 2e+01]
Iteration    Objective       Primal Inf.    Dual Inf.      Time
       0    2.3766672e+04   5.518750e+01   0.000000e+00      0s
     179    5.8512451e+03   0.000000e+00   0.000000e+00      0s

Solved in 179 iterations and 0.01 seconds
Optimal objective  5.851245081e+03
Changed value of parameter FeasibilityTol to 0.001
   Prev: 1e-06  Min: 1e-09  Max: 0.01  Default: 1e-06
Changed value of parameter MIPFocus to 2
   Prev: 0  Min: 0  Max: 3  Default: 0
Changed value of parameter Presolve to 0
   Prev: -1  Min: -1  Max: 2  Default: -1
Optimize a model with 52 rows, 340 columns and 3048 nonzeros
Coefficient statistics:
  Matrix range    [1e+00, 2e+01]
  Objective range [4e+00, 4e+03]
  Bounds range    [0e+00, 0e+00]
  RHS range       [1e+00, 2e+01]
Iteration    Objective       Primal Inf.    Dual Inf.      Time
       0    2.3766672e+04   5.518750e+01   0.000000e+00      0s
     173    5.8513521e+03   0.000000e+00   0.000000e+00      0s

Solved in 173 iterations and 0.01 seconds
Optimal objective  5.851352146e+03
Changed value of parameter FeasibilityTol to 0.001
   Prev: 1e-06  Min: 1e-09  Max: 0.01  Default: 1e-06
Changed value of parameter MIPFocus to 2
   Prev: 0  Min: 0  Max: 3  Default: 0
Changed value of parameter Presolve to 0
   Prev: -1  Min: -1  Max: 2  Default: -1
Optimize a model with 52 rows, 342 columns and 3069 nonzeros
Coefficient statistics:
  Matrix range    [1e+00, 2e+01]
  Objective range [4e+00, 4e+03]
  Bounds range    [0e+00, 0e+00]
  RHS range       [1e+00, 2e+01]
Iteration    Objective       Primal Inf.    Dual Inf.      Time
       0    2.3766672e+04   5.518750e+01   0.000000e+00      0s
     182    5.8610714e+03   0.000000e+00   0.000000e+00      0s

Solved in 182 iterations and 0.01 seconds
Optimal objective  5.861071360e+03
Changed value of parameter FeasibilityTol to 0.001
   Prev: 1e-06  Min: 1e-09  Max: 0.01  Default: 1e-06
Changed value of parameter MIPFocus to 2
   Prev: 0  Min: 0  Max: 3  Default: 0
Changed value of parameter Presolve to 0
   Prev: -1  Min: -1  Max: 2  Default: -1
Optimize a model with 52 rows, 348 columns and 3113 nonzeros
Coefficient statistics:
  Matrix range    [1e+00, 2e+01]
  Objective range [4e+00, 4e+03]
  Bounds range    [0e+00, 0e+00]
  RHS range       [1e+00, 2e+01]
Iteration    Objective       Primal Inf.    Dual Inf.      Time
       0    2.3766672e+04   5.518750e+01   0.000000e+00      0s
     182    5.8663338e+03   0.000000e+00   0.000000e+00      0s

Solved in 182 iterations and 0.01 seconds
Optimal objective  5.866333786e+03
Changed value of parameter FeasibilityTol to 0.001
   Prev: 1e-06  Min: 1e-09  Max: 0.01  Default: 1e-06
Changed value of parameter MIPFocus to 2
   Prev: 0  Min: 0  Max: 3  Default: 0
Changed value of parameter Presolve to 0
   Prev: -1  Min: -1  Max: 2  Default: -1
Optimize a model with 52 rows, 349 columns and 3119 nonzeros
Coefficient statistics:
  Matrix range    [1e+00, 2e+01]
  Objective range [4e+00, 4e+03]
  Bounds range    [0e+00, 0e+00]
  RHS range       [1e+00, 2e+01]
Iteration    Objective       Primal Inf.    Dual Inf.      Time
       0    2.3766672e+04   5.518750e+01   0.000000e+00      0s
     187    5.8663338e+03   0.000000e+00   0.000000e+00      0s

Solved in 187 iterations and 0.01 seconds
Optimal objective  5.866333786e+03
Changed value of parameter FeasibilityTol to 0.001
   Prev: 1e-06  Min: 1e-09  Max: 0.01  Default: 1e-06
Changed value of parameter MIPFocus to 2
   Prev: 0  Min: 0  Max: 3  Default: 0
Changed value of parameter Presolve to 0
   Prev: -1  Min: -1  Max: 2  Default: -1
Optimize a model with 52 rows, 353 columns and 3153 nonzeros
Coefficient statistics:
  Matrix range    [1e+00, 2e+01]
  Objective range [4e+00, 4e+03]
  Bounds range    [0e+00, 0e+00]
  RHS range       [1e+00, 2e+01]
Iteration    Objective       Primal Inf.    Dual Inf.      Time
       0    2.3766672e+04   5.518750e+01   0.000000e+00      0s
     189    5.8664259e+03   0.000000e+00   0.000000e+00      0s

Solved in 189 iterations and 0.01 seconds
Optimal objective  5.866425947e+03
Changed value of parameter FeasibilityTol to 0.001
   Prev: 1e-06  Min: 1e-09  Max: 0.01  Default: 1e-06
Changed value of parameter MIPFocus to 2
   Prev: 0  Min: 0  Max: 3  Default: 0
Changed value of parameter Presolve to 0
   Prev: -1  Min: -1  Max: 2  Default: -1
Optimize a model with 52 rows, 354 columns and 3159 nonzeros
Coefficient statistics:
  Matrix range    [1e+00, 2e+01]
  Objective range [4e+00, 4e+03]
  Bounds range    [0e+00, 0e+00]
  RHS range       [1e+00, 2e+01]
Iteration    Objective       Primal Inf.    Dual Inf.      Time
       0    2.3766672e+04   5.518750e+01   0.000000e+00      0s
     200    5.8665596e+03   0.000000e+00   0.000000e+00      0s

Solved in 200 iterations and 0.01 seconds
Optimal objective  5.866559565e+03
Changed value of parameter FeasibilityTol to 0.001
   Prev: 1e-06  Min: 1e-09  Max: 0.01  Default: 1e-06
Changed value of parameter MIPFocus to 2
   Prev: 0  Min: 0  Max: 3  Default: 0
Changed value of parameter Presolve to 0
   Prev: -1  Min: -1  Max: 2  Default: -1
Optimize a model with 52 rows, 357 columns and 3185 nonzeros
Coefficient statistics:
  Matrix range    [1e+00, 2e+01]
  Objective range [4e+00, 4e+03]
  Bounds range    [0e+00, 0e+00]
  RHS range       [1e+00, 2e+01]
Iteration    Objective       Primal Inf.    Dual Inf.      Time
       0    2.3766672e+04   5.518750e+01   0.000000e+00      0s
     169    5.8680086e+03   0.000000e+00   0.000000e+00      0s

Solved in 169 iterations and 0.00 seconds
Optimal objective  5.868008557e+03
Changed value of parameter FeasibilityTol to 0.001
   Prev: 1e-06  Min: 1e-09  Max: 0.01  Default: 1e-06
Changed value of parameter MIPFocus to 2
   Prev: 0  Min: 0  Max: 3  Default: 0
Changed value of parameter Presolve to 0
   Prev: -1  Min: -1  Max: 2  Default: -1
Optimize a model with 52 rows, 359 columns and 3200 nonzeros
Coefficient statistics:
  Matrix range    [1e+00, 2e+01]
  Objective range [4e+00, 4e+03]
  Bounds range    [0e+00, 0e+00]
  RHS range       [1e+00, 2e+01]
Iteration    Objective       Primal Inf.    Dual Inf.      Time
       0    2.3766672e+04   5.518750e+01   0.000000e+00      0s
     170    5.8680533e+03   0.000000e+00   0.000000e+00      0s

Solved in 170 iterations and 0.01 seconds
Optimal objective  5.868053342e+03
Changed value of parameter FeasibilityTol to 0.001
   Prev: 1e-06  Min: 1e-09  Max: 0.01  Default: 1e-06
Changed value of parameter MIPFocus to 2
   Prev: 0  Min: 0  Max: 3  Default: 0
Changed value of parameter Presolve to 0
   Prev: -1  Min: -1  Max: 2  Default: -1
Optimize a model with 52 rows, 362 columns and 3219 nonzeros
Coefficient statistics:
  Matrix range    [1e+00, 2e+01]
  Objective range [4e+00, 4e+03]
  Bounds range    [0e+00, 0e+00]
  RHS range       [1e+00, 2e+01]
Iteration    Objective       Primal Inf.    Dual Inf.      Time
       0    2.3766672e+04   5.518750e+01   0.000000e+00      0s
     174    5.8683091e+03   0.000000e+00   0.000000e+00      0s

Solved in 174 iterations and 0.00 seconds
Optimal objective  5.868309084e+03
Changed value of parameter FeasibilityTol to 0.001
   Prev: 1e-06  Min: 1e-09  Max: 0.01  Default: 1e-06
Changed value of parameter MIPFocus to 2
   Prev: 0  Min: 0  Max: 3  Default: 0
Changed value of parameter Presolve to 0
   Prev: -1  Min: -1  Max: 2  Default: -1
Optimize a model with 52 rows, 363 columns and 3224 nonzeros
Coefficient statistics:
  Matrix range    [1e+00, 2e+01]
  Objective range [4e+00, 4e+03]
  Bounds range    [0e+00, 0e+00]
  RHS range       [1e+00, 2e+01]
Iteration    Objective       Primal Inf.    Dual Inf.      Time
       0    2.3766672e+04   5.518750e+01   0.000000e+00      0s
     177    5.8757380e+03   0.000000e+00   0.000000e+00      0s

Solved in 177 iterations and 0.00 seconds
Optimal objective  5.875738036e+03
Changed value of parameter FeasibilityTol to 0.001
   Prev: 1e-06  Min: 1e-09  Max: 0.01  Default: 1e-06
Changed value of parameter MIPFocus to 2
   Prev: 0  Min: 0  Max: 3  Default: 0
Changed value of parameter Presolve to 0
   Prev: -1  Min: -1  Max: 2  Default: -1
Optimize a model with 52 rows, 363 columns and 3224 nonzeros
Coefficient statistics:
  Matrix range    [1e+00, 2e+01]
  Objective range [4e+00, 4e+03]
  Bounds range    [0e+00, 0e+00]
  RHS range       [1e+00, 2e+01]
Iteration    Objective       Primal Inf.    Dual Inf.      Time
       0    2.3766672e+04   5.518750e+01   0.000000e+00      0s
     177    5.8757380e+03   0.000000e+00   0.000000e+00      0s

Solved in 177 iterations and 0.01 seconds
Optimal objective  5.875738036e+03
Optimize a model with 52 rows, 363 columns and 3224 nonzeros
Coefficient statistics:
  Matrix range    [1e+00, 2e+01]
  Objective range [4e+00, 4e+03]
  Bounds range    [0e+00, 0e+00]
  RHS range       [1e+00, 2e+01]
Found heuristic solution: objective -1031
Variable types: 0 continuous, 363 integer (0 binary)

Root relaxation: objective 5.875738e+03, 229 iterations, 0.01 seconds

    Nodes    |    Current Node    |     Objective Bounds      |     Work
 Expl Unexpl |  Obj  Depth IntInf | Incumbent    BestBd   Gap | It/Node Time

     0     0 5875.73814    0   38 -1030.9962 5875.73814   670%     -    0s
H    0     0                    3041.6302623 5875.73814  93.2%     -    0s
H    0     0                    3986.6709620 5875.73814  47.4%     -    0s
H    0     0                    4308.5796392 5875.73814  36.4%     -    0s
     0     0 5817.65077    0   46 4308.57964 5817.65077  35.0%     -    0s
H    0     0                    4788.2859178 5817.65077  21.5%     -    0s
H    0     0                    5137.1436430 5817.65077  13.2%     -    0s
     0     0 5815.12709    0   45 5137.14364 5815.12709  13.2%     -    0s
     0     0 5778.16112    0   50 5137.14364 5778.16112  12.5%     -    0s
     0     0 5775.05687    0   50 5137.14364 5775.05687  12.4%     -    0s
     0     0 5758.55523    0   54 5137.14364 5758.55523  12.1%     -    0s
     0     0 5755.50425    0   55 5137.14364 5755.50425  12.0%     -    0s
     0     0 5744.63208    0   54 5137.14364 5744.63208  11.8%     -    0s
H    0     0                    5411.1423572 5744.63208  6.16%     -    0s
     0     0 5743.02938    0   53 5411.14236 5743.02938  6.13%     -    0s
     0     0 5739.66949    0   59 5411.14236 5739.66949  6.07%     -    0s
     0     2 5739.66949    0   59 5411.14236 5739.66949  6.07%     -    0s
H  740   380                    5601.1940919 5647.56573  0.83%  12.9    2s

Cutting planes:
  Gomory: 4
  Cover: 8
  Implied bound: 7
  Clique: 27
  MIR: 20
  Flow cover: 16

Explored 878 nodes (14561 simplex iterations) in 3.22 seconds
Thread count was 4 (of 4 available processors)

Optimal solution found (tolerance 1.00e-04)
Best objective 5.601194091880e+03, best bound 5.601194091880e+03, gap 0.0%
