Changed value of parameter FeasibilityTol to 0.001
   Prev: 1e-06  Min: 1e-09  Max: 0.01  Default: 1e-06
Changed value of parameter MIPFocus to 2
   Prev: 0  Min: 0  Max: 3  Default: 0
Changed value of parameter Presolve to 0
   Prev: -1  Min: -1  Max: 2  Default: -1
Optimize a model with 47 rows, 27 columns and 253 nonzeros
Coefficient statistics:
  Matrix range    [1e+00, 2e+01]
  Objective range [9e+00, 2e+05]
  Bounds range    [0e+00, 0e+00]
  RHS range       [1e+00, 2e+01]
Iteration    Objective       Primal Inf.    Dual Inf.      Time
       0    1.1437364e+36   7.437500e+31   1.143736e+06      0s
      15    4.7668288e+05   0.000000e+00   0.000000e+00      0s

Solved in 15 iterations and 0.00 seconds
Optimal objective  4.766828838e+05
Changed value of parameter FeasibilityTol to 0.001
   Prev: 1e-06  Min: 1e-09  Max: 0.01  Default: 1e-06
Changed value of parameter MIPFocus to 2
   Prev: 0  Min: 0  Max: 3  Default: 0
Changed value of parameter Presolve to 0
   Prev: -1  Min: -1  Max: 2  Default: -1
Optimize a model with 47 rows, 33 columns and 342 nonzeros
Coefficient statistics:
  Matrix range    [1e+00, 2e+01]
  Objective range [9e+00, 2e+05]
  Bounds range    [0e+00, 0e+00]
  RHS range       [1e+00, 2e+01]
Iteration    Objective       Primal Inf.    Dual Inf.      Time
       0    1.6004234e+36   1.113125e+32   1.600423e+06      0s
      18    4.7668288e+05   0.000000e+00   0.000000e+00      0s

Solved in 18 iterations and 0.00 seconds
Optimal objective  4.766828838e+05
Changed value of parameter FeasibilityTol to 0.001
   Prev: 1e-06  Min: 1e-09  Max: 0.01  Default: 1e-06
Changed value of parameter MIPFocus to 2
   Prev: 0  Min: 0  Max: 3  Default: 0
Changed value of parameter Presolve to 0
   Prev: -1  Min: -1  Max: 2  Default: -1
Optimize a model with 47 rows, 38 columns and 412 nonzeros
Coefficient statistics:
  Matrix range    [1e+00, 2e+01]
  Objective range [9e+00, 2e+05]
  Bounds range    [0e+00, 0e+00]
  RHS range       [1e+00, 2e+01]
Iteration    Objective       Primal Inf.    Dual Inf.      Time
       0    2.1743812e+36   1.545000e+32   2.174381e+06      0s
      19    4.7668288e+05   0.000000e+00   0.000000e+00      0s

Solved in 19 iterations and 0.00 seconds
Optimal objective  4.766828838e+05
Changed value of parameter FeasibilityTol to 0.001
   Prev: 1e-06  Min: 1e-09  Max: 0.01  Default: 1e-06
Changed value of parameter MIPFocus to 2
   Prev: 0  Min: 0  Max: 3  Default: 0
Changed value of parameter Presolve to 0
   Prev: -1  Min: -1  Max: 2  Default: -1
Optimize a model with 47 rows, 43 columns and 472 nonzeros
Coefficient statistics:
  Matrix range    [1e+00, 2e+01]
  Objective range [9e+00, 2e+05]
  Bounds range    [0e+00, 0e+00]
  RHS range       [1e+00, 2e+01]
Iteration    Objective       Primal Inf.    Dual Inf.      Time
       0    1.4543450e+36   1.025000e+32   1.454345e+06      0s
      19    4.7668288e+05   0.000000e+00   0.000000e+00      0s

Solved in 19 iterations and 0.00 seconds
Optimal objective  4.766828838e+05
Changed value of parameter FeasibilityTol to 0.001
   Prev: 1e-06  Min: 1e-09  Max: 0.01  Default: 1e-06
Changed value of parameter MIPFocus to 2
   Prev: 0  Min: 0  Max: 3  Default: 0
Changed value of parameter Presolve to 0
   Prev: -1  Min: -1  Max: 2  Default: -1
Optimize a model with 47 rows, 49 columns and 568 nonzeros
Coefficient statistics:
  Matrix range    [1e+00, 2e+01]
  Objective range [9e+00, 2e+05]
  Bounds range    [0e+00, 0e+00]
  RHS range       [1e+00, 2e+01]
Iteration    Objective       Primal Inf.    Dual Inf.      Time
       0    1.7568641e+36   1.242500e+32   1.756864e+06      0s
      21    4.7668288e+05   0.000000e+00   0.000000e+00      0s

Solved in 21 iterations and 0.00 seconds
Optimal objective  4.766828838e+05
Changed value of parameter FeasibilityTol to 0.001
   Prev: 1e-06  Min: 1e-09  Max: 0.01  Default: 1e-06
Changed value of parameter MIPFocus to 2
   Prev: 0  Min: 0  Max: 3  Default: 0
Changed value of parameter Presolve to 0
   Prev: -1  Min: -1  Max: 2  Default: -1
Optimize a model with 47 rows, 56 columns and 651 nonzeros
Coefficient statistics:
  Matrix range    [1e+00, 2e+01]
  Objective range [9e+00, 2e+05]
  Bounds range    [0e+00, 0e+00]
  RHS range       [1e+00, 2e+01]
Iteration    Objective       Primal Inf.    Dual Inf.      Time
       0    4.6032071e+36   3.312500e+32   4.603207e+06      0s
      32    4.7668288e+05   0.000000e+00   0.000000e+00      0s

Solved in 32 iterations and 0.00 seconds
Optimal objective  4.766828838e+05
Changed value of parameter FeasibilityTol to 0.001
   Prev: 1e-06  Min: 1e-09  Max: 0.01  Default: 1e-06
Changed value of parameter MIPFocus to 2
   Prev: 0  Min: 0  Max: 3  Default: 0
Changed value of parameter Presolve to 0
   Prev: -1  Min: -1  Max: 2  Default: -1
Optimize a model with 47 rows, 62 columns and 732 nonzeros
Coefficient statistics:
  Matrix range    [1e+00, 2e+01]
  Objective range [9e+00, 2e+05]
  Bounds range    [0e+00, 0e+00]
  RHS range       [1e+00, 2e+01]
Iteration    Objective       Primal Inf.    Dual Inf.      Time
       0    5.1186335e+36   3.685000e+32   5.118634e+06      0s
      51    4.7668288e+05   0.000000e+00   0.000000e+00      0s

Solved in 51 iterations and 0.00 seconds
Optimal objective  4.766828838e+05
Changed value of parameter FeasibilityTol to 0.001
   Prev: 1e-06  Min: 1e-09  Max: 0.01  Default: 1e-06
Changed value of parameter MIPFocus to 2
   Prev: 0  Min: 0  Max: 3  Default: 0
Changed value of parameter Presolve to 0
   Prev: -1  Min: -1  Max: 2  Default: -1
Optimize a model with 47 rows, 69 columns and 822 nonzeros
Coefficient statistics:
  Matrix range    [1e+00, 2e+01]
  Objective range [9e+00, 2e+05]
  Bounds range    [0e+00, 0e+00]
  RHS range       [1e+00, 2e+01]
Iteration    Objective       Primal Inf.    Dual Inf.      Time
       0    6.0642901e+36   4.398125e+32   6.064290e+06      0s
      34    4.7668288e+05   0.000000e+00   0.000000e+00      0s

Solved in 34 iterations and 0.00 seconds
Optimal objective  4.766828838e+05
Changed value of parameter FeasibilityTol to 0.001
   Prev: 1e-06  Min: 1e-09  Max: 0.01  Default: 1e-06
Changed value of parameter MIPFocus to 2
   Prev: 0  Min: 0  Max: 3  Default: 0
Changed value of parameter Presolve to 0
   Prev: -1  Min: -1  Max: 2  Default: -1
Optimize a model with 47 rows, 74 columns and 880 nonzeros
Coefficient statistics:
  Matrix range    [1e+00, 2e+01]
  Objective range [9e+00, 2e+05]
  Bounds range    [0e+00, 0e+00]
  RHS range       [1e+00, 2e+01]
Iteration    Objective       Primal Inf.    Dual Inf.      Time
       0    5.8251471e+36   4.228750e+32   5.825147e+06      0s
      46    4.7668288e+05   0.000000e+00   0.000000e+00      0s

Solved in 46 iterations and 0.00 seconds
Optimal objective  4.766828838e+05
Changed value of parameter FeasibilityTol to 0.001
   Prev: 1e-06  Min: 1e-09  Max: 0.01  Default: 1e-06
Changed value of parameter MIPFocus to 2
   Prev: 0  Min: 0  Max: 3  Default: 0
Changed value of parameter Presolve to 0
   Prev: -1  Min: -1  Max: 2  Default: -1
Optimize a model with 47 rows, 80 columns and 956 nonzeros
Coefficient statistics:
  Matrix range    [1e+00, 2e+01]
  Objective range [9e+00, 2e+05]
  Bounds range    [0e+00, 0e+00]
  RHS range       [1e+00, 2e+01]
Iteration    Objective       Primal Inf.    Dual Inf.      Time
       0    6.1623487e+36   4.441875e+32   6.162349e+06      0s
      50    4.7668288e+05   0.000000e+00   0.000000e+00      0s

Solved in 50 iterations and 0.00 seconds
Optimal objective  4.766828838e+05
Changed value of parameter FeasibilityTol to 0.001
   Prev: 1e-06  Min: 1e-09  Max: 0.01  Default: 1e-06
Changed value of parameter MIPFocus to 2
   Prev: 0  Min: 0  Max: 3  Default: 0
Changed value of parameter Presolve to 0
   Prev: -1  Min: -1  Max: 2  Default: -1
Optimize a model with 47 rows, 86 columns and 1035 nonzeros
Coefficient statistics:
  Matrix range    [1e+00, 2e+01]
  Objective range [9e+00, 2e+05]
  Bounds range    [0e+00, 0e+00]
  RHS range       [1e+00, 2e+01]
Iteration    Objective       Primal Inf.    Dual Inf.      Time
       0    4.6259966e+36   3.439375e+32   4.625997e+06      0s
      80    4.7668288e+05   0.000000e+00   0.000000e+00      0s

Solved in 80 iterations and 0.00 seconds
Optimal objective  4.766828838e+05
Changed value of parameter FeasibilityTol to 0.001
   Prev: 1e-06  Min: 1e-09  Max: 0.01  Default: 1e-06
Changed value of parameter MIPFocus to 2
   Prev: 0  Min: 0  Max: 3  Default: 0
Changed value of parameter Presolve to 0
   Prev: -1  Min: -1  Max: 2  Default: -1
Optimize a model with 47 rows, 93 columns and 1099 nonzeros
Coefficient statistics:
  Matrix range    [1e+00, 2e+01]
  Objective range [9e+00, 2e+05]
  Bounds range    [0e+00, 0e+00]
  RHS range       [1e+00, 2e+01]
Iteration    Objective       Primal Inf.    Dual Inf.      Time
       0    7.6219153e+36   5.601250e+32   7.621915e+06      0s
      82    4.7668288e+05   0.000000e+00   0.000000e+00      0s

Solved in 82 iterations and 0.00 seconds
Optimal objective  4.766828838e+05
Changed value of parameter FeasibilityTol to 0.001
   Prev: 1e-06  Min: 1e-09  Max: 0.01  Default: 1e-06
Changed value of parameter MIPFocus to 2
   Prev: 0  Min: 0  Max: 3  Default: 0
Changed value of parameter Presolve to 0
   Prev: -1  Min: -1  Max: 2  Default: -1
Optimize a model with 47 rows, 100 columns and 1174 nonzeros
Coefficient statistics:
  Matrix range    [1e+00, 2e+01]
  Objective range [9e+00, 2e+05]
  Bounds range    [0e+00, 0e+00]
  RHS range       [1e+00, 2e+01]
Iteration    Objective       Primal Inf.    Dual Inf.      Time
       0    8.5025006e+36   6.250625e+32   8.502501e+06      0s
      99    4.7691340e+05   0.000000e+00   0.000000e+00      0s

Solved in 99 iterations and 0.00 seconds
Optimal objective  4.769133999e+05
Changed value of parameter FeasibilityTol to 0.001
   Prev: 1e-06  Min: 1e-09  Max: 0.01  Default: 1e-06
Changed value of parameter MIPFocus to 2
   Prev: 0  Min: 0  Max: 3  Default: 0
Changed value of parameter Presolve to 0
   Prev: -1  Min: -1  Max: 2  Default: -1
Optimize a model with 47 rows, 106 columns and 1231 nonzeros
Coefficient statistics:
  Matrix range    [1e+00, 2e+01]
  Objective range [9e+00, 2e+05]
  Bounds range    [0e+00, 0e+00]
  RHS range       [1e+00, 2e+01]
Iteration    Objective       Primal Inf.    Dual Inf.      Time
       0    6.6132041e+36   4.910000e+32   6.613204e+06      0s
      94    4.7696024e+05   0.000000e+00   0.000000e+00      0s

Solved in 94 iterations and 0.00 seconds
Optimal objective  4.769602402e+05
Changed value of parameter FeasibilityTol to 0.001
   Prev: 1e-06  Min: 1e-09  Max: 0.01  Default: 1e-06
Changed value of parameter MIPFocus to 2
   Prev: 0  Min: 0  Max: 3  Default: 0
Changed value of parameter Presolve to 0
   Prev: -1  Min: -1  Max: 2  Default: -1
Optimize a model with 47 rows, 112 columns and 1284 nonzeros
Coefficient statistics:
  Matrix range    [1e+00, 2e+01]
  Objective range [9e+00, 2e+05]
  Bounds range    [0e+00, 0e+00]
  RHS range       [1e+00, 2e+01]
Iteration    Objective       Primal Inf.    Dual Inf.      Time
       0    6.8916210e+36   5.143750e+32   6.891621e+06      0s
     122    4.7699957e+05   0.000000e+00   0.000000e+00      0s

Solved in 122 iterations and 0.00 seconds
Optimal objective  4.769995746e+05
Changed value of parameter FeasibilityTol to 0.001
   Prev: 1e-06  Min: 1e-09  Max: 0.01  Default: 1e-06
Changed value of parameter MIPFocus to 2
   Prev: 0  Min: 0  Max: 3  Default: 0
Changed value of parameter Presolve to 0
   Prev: -1  Min: -1  Max: 2  Default: -1
Optimize a model with 47 rows, 118 columns and 1344 nonzeros
Coefficient statistics:
  Matrix range    [1e+00, 2e+01]
  Objective range [9e+00, 2e+05]
  Bounds range    [0e+00, 0e+00]
  RHS range       [1e+00, 2e+01]
Iteration    Objective       Primal Inf.    Dual Inf.      Time
       0    7.2098464e+36   5.376875e+32   7.209846e+06      0s
     116    4.7704003e+05   0.000000e+00   0.000000e+00      0s

Solved in 116 iterations and 0.00 seconds
Optimal objective  4.770400334e+05
Changed value of parameter FeasibilityTol to 0.001
   Prev: 1e-06  Min: 1e-09  Max: 0.01  Default: 1e-06
Changed value of parameter MIPFocus to 2
   Prev: 0  Min: 0  Max: 3  Default: 0
Changed value of parameter Presolve to 0
   Prev: -1  Min: -1  Max: 2  Default: -1
Optimize a model with 47 rows, 124 columns and 1411 nonzeros
Coefficient statistics:
  Matrix range    [1e+00, 2e+01]
  Objective range [9e+00, 2e+05]
  Bounds range    [0e+00, 0e+00]
  RHS range       [1e+00, 2e+01]
Iteration    Objective       Primal Inf.    Dual Inf.      Time
       0    7.6619197e+36   5.732500e+32   7.661920e+06      0s
     119    4.7707466e+05   0.000000e+00   0.000000e+00      0s

Solved in 119 iterations and 0.00 seconds
Optimal objective  4.770746612e+05
Changed value of parameter FeasibilityTol to 0.001
   Prev: 1e-06  Min: 1e-09  Max: 0.01  Default: 1e-06
Changed value of parameter MIPFocus to 2
   Prev: 0  Min: 0  Max: 3  Default: 0
Changed value of parameter Presolve to 0
   Prev: -1  Min: -1  Max: 2  Default: -1
Optimize a model with 47 rows, 131 columns and 1478 nonzeros
Coefficient statistics:
  Matrix range    [1e+00, 2e+01]
  Objective range [9e+00, 2e+05]
  Bounds range    [0e+00, 0e+00]
  RHS range       [1e+00, 2e+01]
Iteration    Objective       Primal Inf.    Dual Inf.      Time
       0    8.0745915e+36   6.028750e+32   8.074592e+06      0s
     138    4.7709724e+05   0.000000e+00   0.000000e+00      0s

Solved in 138 iterations and 0.00 seconds
Optimal objective  4.770972398e+05
Changed value of parameter FeasibilityTol to 0.001
   Prev: 1e-06  Min: 1e-09  Max: 0.01  Default: 1e-06
Changed value of parameter MIPFocus to 2
   Prev: 0  Min: 0  Max: 3  Default: 0
Changed value of parameter Presolve to 0
   Prev: -1  Min: -1  Max: 2  Default: -1
Optimize a model with 47 rows, 137 columns and 1546 nonzeros
Coefficient statistics:
  Matrix range    [1e+00, 2e+01]
  Objective range [9e+00, 2e+05]
  Bounds range    [0e+00, 0e+00]
  RHS range       [1e+00, 2e+01]
Iteration    Objective       Primal Inf.    Dual Inf.      Time
       0    8.3869081e+36   6.263750e+32   8.386908e+06      0s
     131    4.7710581e+05   0.000000e+00   0.000000e+00      0s

Solved in 131 iterations and 0.00 seconds
Optimal objective  4.771058073e+05
Changed value of parameter FeasibilityTol to 0.001
   Prev: 1e-06  Min: 1e-09  Max: 0.01  Default: 1e-06
Changed value of parameter MIPFocus to 2
   Prev: 0  Min: 0  Max: 3  Default: 0
Changed value of parameter Presolve to 0
   Prev: -1  Min: -1  Max: 2  Default: -1
Optimize a model with 47 rows, 144 columns and 1601 nonzeros
Coefficient statistics:
  Matrix range    [1e+00, 2e+01]
  Objective range [9e+00, 2e+05]
  Bounds range    [0e+00, 0e+00]
  RHS range       [1e+00, 2e+01]
Iteration    Objective       Primal Inf.    Dual Inf.      Time
       0    8.6080845e+36   6.446875e+32   8.608085e+06      0s
     139    4.7712466e+05   0.000000e+00   0.000000e+00      0s

Solved in 139 iterations and 0.00 seconds
Optimal objective  4.771246589e+05
Changed value of parameter FeasibilityTol to 0.001
   Prev: 1e-06  Min: 1e-09  Max: 0.01  Default: 1e-06
Changed value of parameter MIPFocus to 2
   Prev: 0  Min: 0  Max: 3  Default: 0
Changed value of parameter Presolve to 0
   Prev: -1  Min: -1  Max: 2  Default: -1
Optimize a model with 47 rows, 150 columns and 1639 nonzeros
Coefficient statistics:
  Matrix range    [1e+00, 2e+01]
  Objective range [9e+00, 2e+05]
  Bounds range    [0e+00, 0e+00]
  RHS range       [1e+00, 2e+01]
Iteration    Objective       Primal Inf.    Dual Inf.      Time
       0    8.7874570e+36   6.595625e+32   8.787457e+06      0s
     134    4.7714682e+05   0.000000e+00   0.000000e+00      0s

Solved in 134 iterations and 0.00 seconds
Optimal objective  4.771468174e+05
Changed value of parameter FeasibilityTol to 0.001
   Prev: 1e-06  Min: 1e-09  Max: 0.01  Default: 1e-06
Changed value of parameter MIPFocus to 2
   Prev: 0  Min: 0  Max: 3  Default: 0
Changed value of parameter Presolve to 0
   Prev: -1  Min: -1  Max: 2  Default: -1
Optimize a model with 47 rows, 157 columns and 1688 nonzeros
Coefficient statistics:
  Matrix range    [1e+00, 2e+01]
  Objective range [9e+00, 2e+05]
  Bounds range    [0e+00, 0e+00]
  RHS range       [1e+00, 2e+01]
Iteration    Objective       Primal Inf.    Dual Inf.      Time
       0    1.1874971e+37   8.864375e+32   1.187497e+07      0s
     142    4.7716579e+05   0.000000e+00   0.000000e+00      0s

Solved in 142 iterations and 0.00 seconds
Optimal objective  4.771657852e+05
Changed value of parameter FeasibilityTol to 0.001
   Prev: 1e-06  Min: 1e-09  Max: 0.01  Default: 1e-06
Changed value of parameter MIPFocus to 2
   Prev: 0  Min: 0  Max: 3  Default: 0
Changed value of parameter Presolve to 0
   Prev: -1  Min: -1  Max: 2  Default: -1
Optimize a model with 47 rows, 164 columns and 1740 nonzeros
Coefficient statistics:
  Matrix range    [1e+00, 2e+01]
  Objective range [9e+00, 2e+05]
  Bounds range    [0e+00, 0e+00]
  RHS range       [1e+00, 2e+01]
Iteration    Objective       Primal Inf.    Dual Inf.      Time
       0    1.2313904e+37   9.228750e+32   1.231390e+07      0s
     133    4.7718238e+05   0.000000e+00   0.000000e+00      0s

Solved in 133 iterations and 0.00 seconds
Optimal objective  4.771823752e+05
Changed value of parameter FeasibilityTol to 0.001
   Prev: 1e-06  Min: 1e-09  Max: 0.01  Default: 1e-06
Changed value of parameter MIPFocus to 2
   Prev: 0  Min: 0  Max: 3  Default: 0
Changed value of parameter Presolve to 0
   Prev: -1  Min: -1  Max: 2  Default: -1
Optimize a model with 47 rows, 171 columns and 1792 nonzeros
Coefficient statistics:
  Matrix range    [1e+00, 2e+01]
  Objective range [9e+00, 2e+05]
  Bounds range    [0e+00, 0e+00]
  RHS range       [1e+00, 2e+01]
Iteration    Objective       Primal Inf.    Dual Inf.      Time
       0    1.2590272e+37   9.442500e+32   1.259027e+07      0s
     160    4.7720346e+05   0.000000e+00   0.000000e+00      0s

Solved in 160 iterations and 0.00 seconds
Optimal objective  4.772034560e+05
Changed value of parameter FeasibilityTol to 0.001
   Prev: 1e-06  Min: 1e-09  Max: 0.01  Default: 1e-06
Changed value of parameter MIPFocus to 2
   Prev: 0  Min: 0  Max: 3  Default: 0
Changed value of parameter Presolve to 0
   Prev: -1  Min: -1  Max: 2  Default: -1
Optimize a model with 47 rows, 178 columns and 1839 nonzeros
Coefficient statistics:
  Matrix range    [1e+00, 2e+01]
  Objective range [9e+00, 2e+05]
  Bounds range    [0e+00, 0e+00]
  RHS range       [1e+00, 2e+01]
Iteration    Objective       Primal Inf.    Dual Inf.      Time
       0    1.2970778e+37   9.719375e+32   1.297078e+07      0s
     150    4.7721369e+05   0.000000e+00   0.000000e+00      0s

Solved in 150 iterations and 0.00 seconds
Optimal objective  4.772136920e+05
Changed value of parameter FeasibilityTol to 0.001
   Prev: 1e-06  Min: 1e-09  Max: 0.01  Default: 1e-06
Changed value of parameter MIPFocus to 2
   Prev: 0  Min: 0  Max: 3  Default: 0
Changed value of parameter Presolve to 0
   Prev: -1  Min: -1  Max: 2  Default: -1
Optimize a model with 47 rows, 185 columns and 1897 nonzeros
Coefficient statistics:
  Matrix range    [1e+00, 2e+01]
  Objective range [9e+00, 2e+05]
  Bounds range    [0e+00, 0e+00]
  RHS range       [1e+00, 2e+01]
Iteration    Objective       Primal Inf.    Dual Inf.      Time
       0    1.3216084e+37   9.902500e+32   1.321608e+07      0s
     165    4.7724397e+05   0.000000e+00   0.000000e+00      0s

Solved in 165 iterations and 0.00 seconds
Optimal objective  4.772439654e+05
Changed value of parameter FeasibilityTol to 0.001
   Prev: 1e-06  Min: 1e-09  Max: 0.01  Default: 1e-06
Changed value of parameter MIPFocus to 2
   Prev: 0  Min: 0  Max: 3  Default: 0
Changed value of parameter Presolve to 0
   Prev: -1  Min: -1  Max: 2  Default: -1
Optimize a model with 47 rows, 190 columns and 1940 nonzeros
Coefficient statistics:
  Matrix range    [1e+00, 2e+01]
  Objective range [9e+00, 2e+05]
  Bounds range    [0e+00, 0e+00]
  RHS range       [1e+00, 2e+01]
Iteration    Objective       Primal Inf.    Dual Inf.      Time
       0    1.3637125e+37   1.024313e+33   1.363712e+07      0s
     139    4.7724948e+05   0.000000e+00   0.000000e+00      0s

Solved in 139 iterations and 0.00 seconds
Optimal objective  4.772494756e+05
Changed value of parameter FeasibilityTol to 0.001
   Prev: 1e-06  Min: 1e-09  Max: 0.01  Default: 1e-06
Changed value of parameter MIPFocus to 2
   Prev: 0  Min: 0  Max: 3  Default: 0
Changed value of parameter Presolve to 0
   Prev: -1  Min: -1  Max: 2  Default: -1
Optimize a model with 47 rows, 195 columns and 1976 nonzeros
Coefficient statistics:
  Matrix range    [1e+00, 2e+01]
  Objective range [9e+00, 2e+05]
  Bounds range    [0e+00, 0e+00]
  RHS range       [1e+00, 2e+01]
Iteration    Objective       Primal Inf.    Dual Inf.      Time
       0    1.3938395e+37   1.049625e+33   1.393839e+07      0s
     162    4.7725225e+05   0.000000e+00   0.000000e+00      0s

Solved in 162 iterations and 0.01 seconds
Optimal objective  4.772522537e+05
Changed value of parameter FeasibilityTol to 0.001
   Prev: 1e-06  Min: 1e-09  Max: 0.01  Default: 1e-06
Changed value of parameter MIPFocus to 2
   Prev: 0  Min: 0  Max: 3  Default: 0
Changed value of parameter Presolve to 0
   Prev: -1  Min: -1  Max: 2  Default: -1
Optimize a model with 47 rows, 200 columns and 2000 nonzeros
Coefficient statistics:
  Matrix range    [1e+00, 2e+01]
  Objective range [9e+00, 2e+05]
  Bounds range    [0e+00, 0e+00]
  RHS range       [1e+00, 2e+01]
Iteration    Objective       Primal Inf.    Dual Inf.      Time
       0    1.6495897e+37   1.249938e+33   1.649590e+07      0s
     158    4.7726612e+05   0.000000e+00   0.000000e+00      0s

Solved in 158 iterations and 0.00 seconds
Optimal objective  4.772661192e+05
Changed value of parameter FeasibilityTol to 0.001
   Prev: 1e-06  Min: 1e-09  Max: 0.01  Default: 1e-06
Changed value of parameter MIPFocus to 2
   Prev: 0  Min: 0  Max: 3  Default: 0
Changed value of parameter Presolve to 0
   Prev: -1  Min: -1  Max: 2  Default: -1
Optimize a model with 47 rows, 206 columns and 2053 nonzeros
Coefficient statistics:
  Matrix range    [1e+00, 2e+01]
  Objective range [9e+00, 2e+05]
  Bounds range    [0e+00, 0e+00]
  RHS range       [1e+00, 2e+01]
Iteration    Objective       Primal Inf.    Dual Inf.      Time
       0    1.6828217e+37   1.279438e+33   1.682822e+07      0s
     172    4.7727538e+05   0.000000e+00   0.000000e+00      0s

Solved in 172 iterations and 0.01 seconds
Optimal objective  4.772753780e+05
Changed value of parameter FeasibilityTol to 0.001
   Prev: 1e-06  Min: 1e-09  Max: 0.01  Default: 1e-06
Changed value of parameter MIPFocus to 2
   Prev: 0  Min: 0  Max: 3  Default: 0
Changed value of parameter Presolve to 0
   Prev: -1  Min: -1  Max: 2  Default: -1
Optimize a model with 47 rows, 212 columns and 2098 nonzeros
Coefficient statistics:
  Matrix range    [1e+00, 2e+01]
  Objective range [9e+00, 2e+05]
  Bounds range    [0e+00, 0e+00]
  RHS range       [1e+00, 2e+01]
Iteration    Objective       Primal Inf.    Dual Inf.      Time
       0    1.7263750e+37   1.310937e+33   1.726375e+07      0s
     164    4.7728389e+05   0.000000e+00   0.000000e+00      0s

Solved in 164 iterations and 0.00 seconds
Optimal objective  4.772838885e+05
Changed value of parameter FeasibilityTol to 0.001
   Prev: 1e-06  Min: 1e-09  Max: 0.01  Default: 1e-06
Changed value of parameter MIPFocus to 2
   Prev: 0  Min: 0  Max: 3  Default: 0
Changed value of parameter Presolve to 0
   Prev: -1  Min: -1  Max: 2  Default: -1
Optimize a model with 47 rows, 219 columns and 2156 nonzeros
Coefficient statistics:
  Matrix range    [1e+00, 2e+01]
  Objective range [9e+00, 2e+05]
  Bounds range    [0e+00, 0e+00]
  RHS range       [1e+00, 2e+01]
Iteration    Objective       Primal Inf.    Dual Inf.      Time
       0    1.7800800e+37   1.355313e+33   1.780080e+07      0s
     186    4.7728675e+05   0.000000e+00   0.000000e+00      0s

Solved in 186 iterations and 0.00 seconds
Optimal objective  4.772867484e+05
Changed value of parameter FeasibilityTol to 0.001
   Prev: 1e-06  Min: 1e-09  Max: 0.01  Default: 1e-06
Changed value of parameter MIPFocus to 2
   Prev: 0  Min: 0  Max: 3  Default: 0
Changed value of parameter Presolve to 0
   Prev: -1  Min: -1  Max: 2  Default: -1
Optimize a model with 47 rows, 226 columns and 2214 nonzeros
Coefficient statistics:
  Matrix range    [1e+00, 2e+01]
  Objective range [9e+00, 2e+05]
  Bounds range    [0e+00, 0e+00]
  RHS range       [1e+00, 2e+01]
Iteration    Objective       Primal Inf.    Dual Inf.      Time
       0    1.8274399e+37   1.393313e+33   1.827440e+07      0s
     185    4.7729640e+05   0.000000e+00   0.000000e+00      0s

Solved in 185 iterations and 0.00 seconds
Optimal objective  4.772964000e+05
Changed value of parameter FeasibilityTol to 0.001
   Prev: 1e-06  Min: 1e-09  Max: 0.01  Default: 1e-06
Changed value of parameter MIPFocus to 2
   Prev: 0  Min: 0  Max: 3  Default: 0
Changed value of parameter Presolve to 0
   Prev: -1  Min: -1  Max: 2  Default: -1
Optimize a model with 47 rows, 233 columns and 2260 nonzeros
Coefficient statistics:
  Matrix range    [1e+00, 2e+01]
  Objective range [9e+00, 2e+05]
  Bounds range    [0e+00, 0e+00]
  RHS range       [1e+00, 2e+01]
Iteration    Objective       Primal Inf.    Dual Inf.      Time
       0    1.8636859e+37   1.425062e+33   1.863686e+07      0s
     166    4.7730480e+05   0.000000e+00   0.000000e+00      0s

Solved in 166 iterations and 0.00 seconds
Optimal objective  4.773048013e+05
Changed value of parameter FeasibilityTol to 0.001
   Prev: 1e-06  Min: 1e-09  Max: 0.01  Default: 1e-06
Changed value of parameter MIPFocus to 2
   Prev: 0  Min: 0  Max: 3  Default: 0
Changed value of parameter Presolve to 0
   Prev: -1  Min: -1  Max: 2  Default: -1
Optimize a model with 47 rows, 239 columns and 2301 nonzeros
Coefficient statistics:
  Matrix range    [1e+00, 2e+01]
  Objective range [9e+00, 2e+05]
  Bounds range    [0e+00, 0e+00]
  RHS range       [1e+00, 2e+01]
Iteration    Objective       Primal Inf.    Dual Inf.      Time
       0    1.8933471e+37   1.450063e+33   1.893347e+07      0s
     186    4.7730902e+05   0.000000e+00   0.000000e+00      0s

Solved in 186 iterations and 0.01 seconds
Optimal objective  4.773090195e+05
Changed value of parameter FeasibilityTol to 0.001
   Prev: 1e-06  Min: 1e-09  Max: 0.01  Default: 1e-06
Changed value of parameter MIPFocus to 2
   Prev: 0  Min: 0  Max: 3  Default: 0
Changed value of parameter Presolve to 0
   Prev: -1  Min: -1  Max: 2  Default: -1
Optimize a model with 47 rows, 245 columns and 2343 nonzeros
Coefficient statistics:
  Matrix range    [1e+00, 2e+01]
  Objective range [9e+00, 2e+05]
  Bounds range    [0e+00, 0e+00]
  RHS range       [1e+00, 2e+01]
Iteration    Objective       Primal Inf.    Dual Inf.      Time
       0    1.9117617e+37   1.466125e+33   1.911762e+07      0s
     203    4.7731274e+05   0.000000e+00   0.000000e+00      0s

Solved in 203 iterations and 0.01 seconds
Optimal objective  4.773127404e+05
Changed value of parameter FeasibilityTol to 0.001
   Prev: 1e-06  Min: 1e-09  Max: 0.01  Default: 1e-06
Changed value of parameter MIPFocus to 2
   Prev: 0  Min: 0  Max: 3  Default: 0
Changed value of parameter Presolve to 0
   Prev: -1  Min: -1  Max: 2  Default: -1
Optimize a model with 47 rows, 248 columns and 2364 nonzeros
Coefficient statistics:
  Matrix range    [1e+00, 2e+01]
  Objective range [9e+00, 2e+05]
  Bounds range    [0e+00, 0e+00]
  RHS range       [1e+00, 2e+01]
Iteration    Objective       Primal Inf.    Dual Inf.      Time
       0    1.9221656e+37   1.475750e+33   1.922166e+07      0s
     184    4.7732384e+05   0.000000e+00   0.000000e+00      0s

Solved in 184 iterations and 0.01 seconds
Optimal objective  4.773238416e+05
Changed value of parameter FeasibilityTol to 0.001
   Prev: 1e-06  Min: 1e-09  Max: 0.01  Default: 1e-06
Changed value of parameter MIPFocus to 2
   Prev: 0  Min: 0  Max: 3  Default: 0
Changed value of parameter Presolve to 0
   Prev: -1  Min: -1  Max: 2  Default: -1
Optimize a model with 47 rows, 254 columns and 2400 nonzeros
Coefficient statistics:
  Matrix range    [1e+00, 2e+01]
  Objective range [9e+00, 2e+05]
  Bounds range    [0e+00, 0e+00]
  RHS range       [1e+00, 2e+01]
Iteration    Objective       Primal Inf.    Dual Inf.      Time
       0    1.9560150e+37   1.504625e+33   1.956015e+07      0s
     197    4.7732909e+05   0.000000e+00   0.000000e+00      0s

Solved in 197 iterations and 0.01 seconds
Optimal objective  4.773290917e+05
Changed value of parameter FeasibilityTol to 0.001
   Prev: 1e-06  Min: 1e-09  Max: 0.01  Default: 1e-06
Changed value of parameter MIPFocus to 2
   Prev: 0  Min: 0  Max: 3  Default: 0
Changed value of parameter Presolve to 0
   Prev: -1  Min: -1  Max: 2  Default: -1
Optimize a model with 47 rows, 259 columns and 2431 nonzeros
Coefficient statistics:
  Matrix range    [1e+00, 2e+01]
  Objective range [9e+00, 2e+05]
  Bounds range    [0e+00, 0e+00]
  RHS range       [1e+00, 2e+01]
Iteration    Objective       Primal Inf.    Dual Inf.      Time
       0    1.9756335e+37   1.519875e+33   1.975634e+07      0s
     191    4.7733511e+05   0.000000e+00   0.000000e+00      0s

Solved in 191 iterations and 0.01 seconds
Optimal objective  4.773351066e+05
Changed value of parameter FeasibilityTol to 0.001
   Prev: 1e-06  Min: 1e-09  Max: 0.01  Default: 1e-06
Changed value of parameter MIPFocus to 2
   Prev: 0  Min: 0  Max: 3  Default: 0
Changed value of parameter Presolve to 0
   Prev: -1  Min: -1  Max: 2  Default: -1
Optimize a model with 47 rows, 266 columns and 2484 nonzeros
Coefficient statistics:
  Matrix range    [1e+00, 2e+01]
  Objective range [9e+00, 2e+05]
  Bounds range    [0e+00, 0e+00]
  RHS range       [1e+00, 2e+01]
Iteration    Objective       Primal Inf.    Dual Inf.      Time
       0    2.0096092e+37   1.549063e+33   2.009609e+07      0s
     180    4.7734059e+05   0.000000e+00   0.000000e+00      0s

Solved in 180 iterations and 0.00 seconds
Optimal objective  4.773405937e+05
Changed value of parameter FeasibilityTol to 0.001
   Prev: 1e-06  Min: 1e-09  Max: 0.01  Default: 1e-06
Changed value of parameter MIPFocus to 2
   Prev: 0  Min: 0  Max: 3  Default: 0
Changed value of parameter Presolve to 0
   Prev: -1  Min: -1  Max: 2  Default: -1
Optimize a model with 47 rows, 273 columns and 2533 nonzeros
Coefficient statistics:
  Matrix range    [1e+00, 2e+01]
  Objective range [9e+00, 2e+05]
  Bounds range    [0e+00, 0e+00]
  RHS range       [1e+00, 2e+01]
Iteration    Objective       Primal Inf.    Dual Inf.      Time
       0    2.0502640e+37   1.581938e+33   2.050264e+07      0s
     179    4.7734683e+05   0.000000e+00   0.000000e+00      0s

Solved in 179 iterations and 0.00 seconds
Optimal objective  4.773468349e+05
Changed value of parameter FeasibilityTol to 0.001
   Prev: 1e-06  Min: 1e-09  Max: 0.01  Default: 1e-06
Changed value of parameter MIPFocus to 2
   Prev: 0  Min: 0  Max: 3  Default: 0
Changed value of parameter Presolve to 0
   Prev: -1  Min: -1  Max: 2  Default: -1
Optimize a model with 47 rows, 279 columns and 2568 nonzeros
Coefficient statistics:
  Matrix range    [1e+00, 2e+01]
  Objective range [9e+00, 2e+05]
  Bounds range    [0e+00, 0e+00]
  RHS range       [1e+00, 2e+01]
Iteration    Objective       Primal Inf.    Dual Inf.      Time
       0    2.0815879e+37   1.610063e+33   2.081588e+07      0s
     186    4.7734897e+05   0.000000e+00   0.000000e+00      0s

Solved in 186 iterations and 0.01 seconds
Optimal objective  4.773489680e+05
Changed value of parameter FeasibilityTol to 0.001
   Prev: 1e-06  Min: 1e-09  Max: 0.01  Default: 1e-06
Changed value of parameter MIPFocus to 2
   Prev: 0  Min: 0  Max: 3  Default: 0
Changed value of parameter Presolve to 0
   Prev: -1  Min: -1  Max: 2  Default: -1
Optimize a model with 47 rows, 283 columns and 2598 nonzeros
Coefficient statistics:
  Matrix range    [1e+00, 2e+01]
  Objective range [9e+00, 2e+05]
  Bounds range    [0e+00, 0e+00]
  RHS range       [1e+00, 2e+01]
Iteration    Objective       Primal Inf.    Dual Inf.      Time
       0    2.1074204e+37   1.630938e+33   2.107420e+07      0s
     178    4.7735273e+05   0.000000e+00   0.000000e+00      0s

Solved in 178 iterations and 0.00 seconds
Optimal objective  4.773527272e+05
Changed value of parameter FeasibilityTol to 0.001
   Prev: 1e-06  Min: 1e-09  Max: 0.01  Default: 1e-06
Changed value of parameter MIPFocus to 2
   Prev: 0  Min: 0  Max: 3  Default: 0
Changed value of parameter Presolve to 0
   Prev: -1  Min: -1  Max: 2  Default: -1
Optimize a model with 47 rows, 287 columns and 2638 nonzeros
Coefficient statistics:
  Matrix range    [1e+00, 2e+01]
  Objective range [9e+00, 2e+05]
  Bounds range    [0e+00, 0e+00]
  RHS range       [1e+00, 2e+01]
Iteration    Objective       Primal Inf.    Dual Inf.      Time
       0    2.1465448e+37   1.659875e+33   2.146545e+07      0s
     208    4.7736037e+05   0.000000e+00   0.000000e+00      0s

Solved in 208 iterations and 0.01 seconds
Optimal objective  4.773603674e+05
Changed value of parameter FeasibilityTol to 0.001
   Prev: 1e-06  Min: 1e-09  Max: 0.01  Default: 1e-06
Changed value of parameter MIPFocus to 2
   Prev: 0  Min: 0  Max: 3  Default: 0
Changed value of parameter Presolve to 0
   Prev: -1  Min: -1  Max: 2  Default: -1
Optimize a model with 47 rows, 293 columns and 2691 nonzeros
Coefficient statistics:
  Matrix range    [1e+00, 2e+01]
  Objective range [9e+00, 2e+05]
  Bounds range    [0e+00, 0e+00]
  RHS range       [1e+00, 2e+01]
Iteration    Objective       Primal Inf.    Dual Inf.      Time
       0    2.1610244e+37   1.669938e+33   2.161024e+07      0s
     197    4.7736812e+05   0.000000e+00   0.000000e+00      0s

Solved in 197 iterations and 0.01 seconds
Optimal objective  4.773681243e+05
Changed value of parameter FeasibilityTol to 0.001
   Prev: 1e-06  Min: 1e-09  Max: 0.01  Default: 1e-06
Changed value of parameter MIPFocus to 2
   Prev: 0  Min: 0  Max: 3  Default: 0
Changed value of parameter Presolve to 0
   Prev: -1  Min: -1  Max: 2  Default: -1
Optimize a model with 47 rows, 300 columns and 2755 nonzeros
Coefficient statistics:
  Matrix range    [1e+00, 2e+01]
  Objective range [9e+00, 2e+05]
  Bounds range    [0e+00, 0e+00]
  RHS range       [1e+00, 2e+01]
Iteration    Objective       Primal Inf.    Dual Inf.      Time
       0    2.2094839e+37   1.707000e+33   2.209484e+07      0s
     234    4.7737294e+05   0.000000e+00   0.000000e+00      0s

Solved in 234 iterations and 0.01 seconds
Optimal objective  4.773729379e+05
Changed value of parameter FeasibilityTol to 0.001
   Prev: 1e-06  Min: 1e-09  Max: 0.01  Default: 1e-06
Changed value of parameter MIPFocus to 2
   Prev: 0  Min: 0  Max: 3  Default: 0
Changed value of parameter Presolve to 0
   Prev: -1  Min: -1  Max: 2  Default: -1
Optimize a model with 47 rows, 306 columns and 2796 nonzeros
Coefficient statistics:
  Matrix range    [1e+00, 2e+01]
  Objective range [9e+00, 2e+05]
  Bounds range    [0e+00, 0e+00]
  RHS range       [1e+00, 2e+01]
Iteration    Objective       Primal Inf.    Dual Inf.      Time
       0    2.2408192e+37   1.732125e+33   2.240819e+07      0s
     247    4.7737464e+05   0.000000e+00   0.000000e+00      0s

Solved in 247 iterations and 0.01 seconds
Optimal objective  4.773746366e+05
Changed value of parameter FeasibilityTol to 0.001
   Prev: 1e-06  Min: 1e-09  Max: 0.01  Default: 1e-06
Changed value of parameter MIPFocus to 2
   Prev: 0  Min: 0  Max: 3  Default: 0
Changed value of parameter Presolve to 0
   Prev: -1  Min: -1  Max: 2  Default: -1
Optimize a model with 47 rows, 310 columns and 2822 nonzeros
Coefficient statistics:
  Matrix range    [1e+00, 2e+01]
  Objective range [9e+00, 2e+05]
  Bounds range    [0e+00, 0e+00]
  RHS range       [1e+00, 2e+01]
Iteration    Objective       Primal Inf.    Dual Inf.      Time
       0    2.2600844e+37   1.747688e+33   2.260084e+07      0s
     224    4.7737816e+05   0.000000e+00   0.000000e+00      0s

Solved in 224 iterations and 0.01 seconds
Optimal objective  4.773781626e+05
Changed value of parameter FeasibilityTol to 0.001
   Prev: 1e-06  Min: 1e-09  Max: 0.01  Default: 1e-06
Changed value of parameter MIPFocus to 2
   Prev: 0  Min: 0  Max: 3  Default: 0
Changed value of parameter Presolve to 0
   Prev: -1  Min: -1  Max: 2  Default: -1
Optimize a model with 47 rows, 314 columns and 2849 nonzeros
Coefficient statistics:
  Matrix range    [1e+00, 2e+01]
  Objective range [9e+00, 2e+05]
  Bounds range    [0e+00, 0e+00]
  RHS range       [1e+00, 2e+01]
Iteration    Objective       Primal Inf.    Dual Inf.      Time
       0    2.2837769e+37   1.768063e+33   2.283777e+07      0s
     269    4.7737880e+05   0.000000e+00   0.000000e+00      0s

Solved in 269 iterations and 0.01 seconds
Optimal objective  4.773788030e+05
Changed value of parameter FeasibilityTol to 0.001
   Prev: 1e-06  Min: 1e-09  Max: 0.01  Default: 1e-06
Changed value of parameter MIPFocus to 2
   Prev: 0  Min: 0  Max: 3  Default: 0
Changed value of parameter Presolve to 0
   Prev: -1  Min: -1  Max: 2  Default: -1
Optimize a model with 47 rows, 319 columns and 2898 nonzeros
Coefficient statistics:
  Matrix range    [1e+00, 2e+01]
  Objective range [9e+00, 2e+05]
  Bounds range    [0e+00, 0e+00]
  RHS range       [1e+00, 2e+01]
Iteration    Objective       Primal Inf.    Dual Inf.      Time
       0    2.3267221e+37   1.801750e+33   2.326722e+07      0s
     221    4.7737980e+05   0.000000e+00   0.000000e+00      0s

Solved in 221 iterations and 0.01 seconds
Optimal objective  4.773798000e+05
Changed value of parameter FeasibilityTol to 0.001
   Prev: 1e-06  Min: 1e-09  Max: 0.01  Default: 1e-06
Changed value of parameter MIPFocus to 2
   Prev: 0  Min: 0  Max: 3  Default: 0
Changed value of parameter Presolve to 0
   Prev: -1  Min: -1  Max: 2  Default: -1
Optimize a model with 47 rows, 325 columns and 2942 nonzeros
Coefficient statistics:
  Matrix range    [1e+00, 2e+01]
  Objective range [9e+00, 2e+05]
  Bounds range    [0e+00, 0e+00]
  RHS range       [1e+00, 2e+01]
Iteration    Objective       Primal Inf.    Dual Inf.      Time
       0    2.3538736e+37   1.823438e+33   2.353874e+07      0s
     240    4.7738774e+05   0.000000e+00   0.000000e+00      0s

Solved in 240 iterations and 0.01 seconds
Optimal objective  4.773877372e+05
Changed value of parameter FeasibilityTol to 0.001
   Prev: 1e-06  Min: 1e-09  Max: 0.01  Default: 1e-06
Changed value of parameter MIPFocus to 2
   Prev: 0  Min: 0  Max: 3  Default: 0
Changed value of parameter Presolve to 0
   Prev: -1  Min: -1  Max: 2  Default: -1
Optimize a model with 47 rows, 331 columns and 2986 nonzeros
Coefficient statistics:
  Matrix range    [1e+00, 2e+01]
  Objective range [9e+00, 2e+05]
  Bounds range    [0e+00, 0e+00]
  RHS range       [1e+00, 2e+01]
Iteration    Objective       Primal Inf.    Dual Inf.      Time
       0    2.3913221e+37   1.852000e+33   2.391322e+07      0s
     241    4.7738931e+05   0.000000e+00   0.000000e+00      0s

Solved in 241 iterations and 0.01 seconds
Optimal objective  4.773893091e+05
Changed value of parameter FeasibilityTol to 0.001
   Prev: 1e-06  Min: 1e-09  Max: 0.01  Default: 1e-06
Changed value of parameter MIPFocus to 2
   Prev: 0  Min: 0  Max: 3  Default: 0
Changed value of parameter Presolve to 0
   Prev: -1  Min: -1  Max: 2  Default: -1
Optimize a model with 47 rows, 335 columns and 3016 nonzeros
Coefficient statistics:
  Matrix range    [1e+00, 2e+01]
  Objective range [9e+00, 2e+05]
  Bounds range    [0e+00, 0e+00]
  RHS range       [1e+00, 2e+01]
Iteration    Objective       Primal Inf.    Dual Inf.      Time
       0    2.4158513e+37   1.871000e+33   2.415851e+07      0s
     232    4.7739108e+05   0.000000e+00   0.000000e+00      0s

Solved in 232 iterations and 0.01 seconds
Optimal objective  4.773910848e+05
Changed value of parameter FeasibilityTol to 0.001
   Prev: 1e-06  Min: 1e-09  Max: 0.01  Default: 1e-06
Changed value of parameter MIPFocus to 2
   Prev: 0  Min: 0  Max: 3  Default: 0
Changed value of parameter Presolve to 0
   Prev: -1  Min: -1  Max: 2  Default: -1
Optimize a model with 47 rows, 340 columns and 3056 nonzeros
Coefficient statistics:
  Matrix range    [1e+00, 2e+01]
  Objective range [9e+00, 2e+05]
  Bounds range    [0e+00, 0e+00]
  RHS range       [1e+00, 2e+01]
Iteration    Objective       Primal Inf.    Dual Inf.      Time
       0    2.4506683e+37   1.897875e+33   2.450668e+07      0s
     221    4.7739329e+05   0.000000e+00   0.000000e+00      0s

Solved in 221 iterations and 0.01 seconds
Optimal objective  4.773932856e+05
Changed value of parameter FeasibilityTol to 0.001
   Prev: 1e-06  Min: 1e-09  Max: 0.01  Default: 1e-06
Changed value of parameter MIPFocus to 2
   Prev: 0  Min: 0  Max: 3  Default: 0
Changed value of parameter Presolve to 0
   Prev: -1  Min: -1  Max: 2  Default: -1
Optimize a model with 47 rows, 344 columns and 3096 nonzeros
Coefficient statistics:
  Matrix range    [1e+00, 2e+01]
  Objective range [9e+00, 2e+05]
  Bounds range    [0e+00, 0e+00]
  RHS range       [1e+00, 2e+01]
Iteration    Objective       Primal Inf.    Dual Inf.      Time
       0    2.4876415e+37   1.926625e+33   2.487642e+07      0s
     223    4.7739580e+05   0.000000e+00   0.000000e+00      0s

Solved in 223 iterations and 0.01 seconds
Optimal objective  4.773958011e+05
Changed value of parameter FeasibilityTol to 0.001
   Prev: 1e-06  Min: 1e-09  Max: 0.01  Default: 1e-06
Changed value of parameter MIPFocus to 2
   Prev: 0  Min: 0  Max: 3  Default: 0
Changed value of parameter Presolve to 0
   Prev: -1  Min: -1  Max: 2  Default: -1
Optimize a model with 47 rows, 350 columns and 3150 nonzeros
Coefficient statistics:
  Matrix range    [1e+00, 2e+01]
  Objective range [9e+00, 2e+05]
  Bounds range    [0e+00, 0e+00]
  RHS range       [1e+00, 2e+01]
Iteration    Objective       Primal Inf.    Dual Inf.      Time
       0    2.5370518e+37   1.963563e+33   2.537052e+07      0s
     225    4.7739848e+05   0.000000e+00   0.000000e+00      0s

Solved in 225 iterations and 0.01 seconds
Optimal objective  4.773984806e+05
Changed value of parameter FeasibilityTol to 0.001
   Prev: 1e-06  Min: 1e-09  Max: 0.01  Default: 1e-06
Changed value of parameter MIPFocus to 2
   Prev: 0  Min: 0  Max: 3  Default: 0
Changed value of parameter Presolve to 0
   Prev: -1  Min: -1  Max: 2  Default: -1
Optimize a model with 47 rows, 352 columns and 3162 nonzeros
Coefficient statistics:
  Matrix range    [1e+00, 2e+01]
  Objective range [9e+00, 2e+05]
  Bounds range    [0e+00, 0e+00]
  RHS range       [1e+00, 2e+01]
Iteration    Objective       Primal Inf.    Dual Inf.      Time
       0    2.5399214e+37   1.966063e+33   2.539921e+07      0s
     229    4.7739932e+05   0.000000e+00   0.000000e+00      0s

Solved in 229 iterations and 0.01 seconds
Optimal objective  4.773993172e+05
Changed value of parameter FeasibilityTol to 0.001
   Prev: 1e-06  Min: 1e-09  Max: 0.01  Default: 1e-06
Changed value of parameter MIPFocus to 2
   Prev: 0  Min: 0  Max: 3  Default: 0
Changed value of parameter Presolve to 0
   Prev: -1  Min: -1  Max: 2  Default: -1
Optimize a model with 47 rows, 357 columns and 3205 nonzeros
Coefficient statistics:
  Matrix range    [1e+00, 2e+01]
  Objective range [9e+00, 2e+05]
  Bounds range    [0e+00, 0e+00]
  RHS range       [1e+00, 2e+01]
Iteration    Objective       Primal Inf.    Dual Inf.      Time
       0    2.5674398e+37   1.988250e+33   2.567440e+07      0s
     223    4.7740132e+05   0.000000e+00   0.000000e+00      0s

Solved in 223 iterations and 0.01 seconds
Optimal objective  4.774013199e+05
Changed value of parameter FeasibilityTol to 0.001
   Prev: 1e-06  Min: 1e-09  Max: 0.01  Default: 1e-06
Changed value of parameter MIPFocus to 2
   Prev: 0  Min: 0  Max: 3  Default: 0
Changed value of parameter Presolve to 0
   Prev: -1  Min: -1  Max: 2  Default: -1
Optimize a model with 47 rows, 359 columns and 3227 nonzeros
Coefficient statistics:
  Matrix range    [1e+00, 2e+01]
  Objective range [9e+00, 2e+05]
  Bounds range    [0e+00, 0e+00]
  RHS range       [1e+00, 2e+01]
Iteration    Objective       Primal Inf.    Dual Inf.      Time
       0    2.5902953e+37   2.005063e+33   2.590295e+07      0s
     231    4.7740157e+05   0.000000e+00   0.000000e+00      0s

Solved in 231 iterations and 0.01 seconds
Optimal objective  4.774015708e+05
Changed value of parameter FeasibilityTol to 0.001
   Prev: 1e-06  Min: 1e-09  Max: 0.01  Default: 1e-06
Changed value of parameter MIPFocus to 2
   Prev: 0  Min: 0  Max: 3  Default: 0
Changed value of parameter Presolve to 0
   Prev: -1  Min: -1  Max: 2  Default: -1
Optimize a model with 47 rows, 363 columns and 3263 nonzeros
Coefficient statistics:
  Matrix range    [1e+00, 2e+01]
  Objective range [9e+00, 2e+05]
  Bounds range    [0e+00, 0e+00]
  RHS range       [1e+00, 2e+01]
Iteration    Objective       Primal Inf.    Dual Inf.      Time
       0    2.6196029e+37   2.026750e+33   2.619603e+07      0s
     217    4.7740230e+05   0.000000e+00   0.000000e+00      0s

Solved in 217 iterations and 0.01 seconds
Optimal objective  4.774022955e+05
Changed value of parameter FeasibilityTol to 0.001
   Prev: 1e-06  Min: 1e-09  Max: 0.01  Default: 1e-06
Changed value of parameter MIPFocus to 2
   Prev: 0  Min: 0  Max: 3  Default: 0
Changed value of parameter Presolve to 0
   Prev: -1  Min: -1  Max: 2  Default: -1
Optimize a model with 47 rows, 368 columns and 3307 nonzeros
Coefficient statistics:
  Matrix range    [1e+00, 2e+01]
  Objective range [9e+00, 2e+05]
  Bounds range    [0e+00, 0e+00]
  RHS range       [1e+00, 2e+01]
Iteration    Objective       Primal Inf.    Dual Inf.      Time
       0    2.6618347e+37   2.061188e+33   2.661835e+07      0s
     213    4.7740301e+05   0.000000e+00   0.000000e+00      0s

Solved in 213 iterations and 0.01 seconds
Optimal objective  4.774030118e+05
Changed value of parameter FeasibilityTol to 0.001
   Prev: 1e-06  Min: 1e-09  Max: 0.01  Default: 1e-06
Changed value of parameter MIPFocus to 2
   Prev: 0  Min: 0  Max: 3  Default: 0
Changed value of parameter Presolve to 0
   Prev: -1  Min: -1  Max: 2  Default: -1
Optimize a model with 47 rows, 369 columns and 3315 nonzeros
Coefficient statistics:
  Matrix range    [1e+00, 2e+01]
  Objective range [9e+00, 2e+05]
  Bounds range    [0e+00, 0e+00]
  RHS range       [1e+00, 2e+01]
Iteration    Objective       Primal Inf.    Dual Inf.      Time
       0    2.6618347e+37   2.061188e+33   2.661835e+07      0s
     219    4.7740309e+05   0.000000e+00   0.000000e+00      0s

Solved in 219 iterations and 0.01 seconds
Optimal objective  4.774030880e+05
Changed value of parameter FeasibilityTol to 0.001
   Prev: 1e-06  Min: 1e-09  Max: 0.01  Default: 1e-06
Changed value of parameter MIPFocus to 2
   Prev: 0  Min: 0  Max: 3  Default: 0
Changed value of parameter Presolve to 0
   Prev: -1  Min: -1  Max: 2  Default: -1
Optimize a model with 47 rows, 371 columns and 3334 nonzeros
Coefficient statistics:
  Matrix range    [1e+00, 2e+01]
  Objective range [9e+00, 2e+05]
  Bounds range    [0e+00, 0e+00]
  RHS range       [1e+00, 2e+01]
Iteration    Objective       Primal Inf.    Dual Inf.      Time
       0    2.6758347e+37   2.070813e+33   2.675835e+07      0s
     215    4.7740393e+05   0.000000e+00   0.000000e+00      0s

Solved in 215 iterations and 0.01 seconds
Optimal objective  4.774039343e+05
Changed value of parameter FeasibilityTol to 0.001
   Prev: 1e-06  Min: 1e-09  Max: 0.01  Default: 1e-06
Changed value of parameter MIPFocus to 2
   Prev: 0  Min: 0  Max: 3  Default: 0
Changed value of parameter Presolve to 0
   Prev: -1  Min: -1  Max: 2  Default: -1
Optimize a model with 47 rows, 373 columns and 3351 nonzeros
Coefficient statistics:
  Matrix range    [1e+00, 2e+01]
  Objective range [9e+00, 2e+05]
  Bounds range    [0e+00, 0e+00]
  RHS range       [1e+00, 2e+01]
Iteration    Objective       Primal Inf.    Dual Inf.      Time
       0    2.6845671e+37   2.077000e+33   2.684567e+07      0s
     217    4.7740903e+05   0.000000e+00   0.000000e+00      0s

Solved in 217 iterations and 0.01 seconds
Optimal objective  4.774090264e+05
Changed value of parameter FeasibilityTol to 0.001
   Prev: 1e-06  Min: 1e-09  Max: 0.01  Default: 1e-06
Changed value of parameter MIPFocus to 2
   Prev: 0  Min: 0  Max: 3  Default: 0
Changed value of parameter Presolve to 0
   Prev: -1  Min: -1  Max: 2  Default: -1
Optimize a model with 47 rows, 375 columns and 3362 nonzeros
Coefficient statistics:
  Matrix range    [1e+00, 2e+01]
  Objective range [9e+00, 2e+05]
  Bounds range    [0e+00, 0e+00]
  RHS range       [1e+00, 2e+01]
Iteration    Objective       Primal Inf.    Dual Inf.      Time
       0    2.6953327e+37   2.085938e+33   2.695333e+07      0s
     216    4.7740913e+05   0.000000e+00   0.000000e+00      0s

Solved in 216 iterations and 0.01 seconds
Optimal objective  4.774091309e+05
Changed value of parameter FeasibilityTol to 0.001
   Prev: 1e-06  Min: 1e-09  Max: 0.01  Default: 1e-06
Changed value of parameter MIPFocus to 2
   Prev: 0  Min: 0  Max: 3  Default: 0
Changed value of parameter Presolve to 0
   Prev: -1  Min: -1  Max: 2  Default: -1
Optimize a model with 47 rows, 376 columns and 3368 nonzeros
Coefficient statistics:
  Matrix range    [1e+00, 2e+01]
  Objective range [9e+00, 2e+05]
  Bounds range    [0e+00, 0e+00]
  RHS range       [1e+00, 2e+01]
Iteration    Objective       Primal Inf.    Dual Inf.      Time
       0    2.7001172e+37   2.089750e+33   2.700117e+07      0s
     214    4.7740936e+05   0.000000e+00   0.000000e+00      0s

Solved in 214 iterations and 0.01 seconds
Optimal objective  4.774093643e+05
Changed value of parameter FeasibilityTol to 0.001
   Prev: 1e-06  Min: 1e-09  Max: 0.01  Default: 1e-06
Changed value of parameter MIPFocus to 2
   Prev: 0  Min: 0  Max: 3  Default: 0
Changed value of parameter Presolve to 0
   Prev: -1  Min: -1  Max: 2  Default: -1
Optimize a model with 47 rows, 380 columns and 3399 nonzeros
Coefficient statistics:
  Matrix range    [1e+00, 2e+01]
  Objective range [9e+00, 2e+05]
  Bounds range    [0e+00, 0e+00]
  RHS range       [1e+00, 2e+01]
Iteration    Objective       Primal Inf.    Dual Inf.      Time
       0    2.7290743e+37   2.113813e+33   2.729074e+07      0s
     228    4.7741191e+05   0.000000e+00   0.000000e+00      0s

Solved in 228 iterations and 0.01 seconds
Optimal objective  4.774119090e+05
Changed value of parameter FeasibilityTol to 0.001
   Prev: 1e-06  Min: 1e-09  Max: 0.01  Default: 1e-06
Changed value of parameter MIPFocus to 2
   Prev: 0  Min: 0  Max: 3  Default: 0
Changed value of parameter Presolve to 0
   Prev: -1  Min: -1  Max: 2  Default: -1
Optimize a model with 47 rows, 383 columns and 3414 nonzeros
Coefficient statistics:
  Matrix range    [1e+00, 2e+01]
  Objective range [9e+00, 2e+05]
  Bounds range    [0e+00, 0e+00]
  RHS range       [1e+00, 2e+01]
Iteration    Objective       Primal Inf.    Dual Inf.      Time
       0    2.7437908e+37   2.125813e+33   2.743791e+07      0s
     231    4.7741357e+05   0.000000e+00   0.000000e+00      0s

Solved in 231 iterations and 0.01 seconds
Optimal objective  4.774135670e+05
Changed value of parameter FeasibilityTol to 0.001
   Prev: 1e-06  Min: 1e-09  Max: 0.01  Default: 1e-06
Changed value of parameter MIPFocus to 2
   Prev: 0  Min: 0  Max: 3  Default: 0
Changed value of parameter Presolve to 0
   Prev: -1  Min: -1  Max: 2  Default: -1
Optimize a model with 47 rows, 387 columns and 3438 nonzeros
Coefficient statistics:
  Matrix range    [1e+00, 2e+01]
  Objective range [9e+00, 2e+05]
  Bounds range    [0e+00, 0e+00]
  RHS range       [1e+00, 2e+01]
Iteration    Objective       Primal Inf.    Dual Inf.      Time
       0    2.7597039e+37   2.138938e+33   2.759704e+07      0s
     243    4.7741563e+05   0.000000e+00   0.000000e+00      0s

Solved in 243 iterations and 0.01 seconds
Optimal objective  4.774156303e+05
Changed value of parameter FeasibilityTol to 0.001
   Prev: 1e-06  Min: 1e-09  Max: 0.01  Default: 1e-06
Changed value of parameter MIPFocus to 2
   Prev: 0  Min: 0  Max: 3  Default: 0
Changed value of parameter Presolve to 0
   Prev: -1  Min: -1  Max: 2  Default: -1
Optimize a model with 47 rows, 390 columns and 3453 nonzeros
Coefficient statistics:
  Matrix range    [1e+00, 2e+01]
  Objective range [9e+00, 2e+05]
  Bounds range    [0e+00, 0e+00]
  RHS range       [1e+00, 2e+01]
Iteration    Objective       Primal Inf.    Dual Inf.      Time
       0    2.7733423e+37   2.151375e+33   2.773342e+07      0s
     232    4.7741620e+05   0.000000e+00   0.000000e+00      0s

Solved in 232 iterations and 0.04 seconds
Optimal objective  4.774161973e+05
Changed value of parameter FeasibilityTol to 0.001
   Prev: 1e-06  Min: 1e-09  Max: 0.01  Default: 1e-06
Changed value of parameter MIPFocus to 2
   Prev: 0  Min: 0  Max: 3  Default: 0
Changed value of parameter Presolve to 0
   Prev: -1  Min: -1  Max: 2  Default: -1
Optimize a model with 47 rows, 393 columns and 3471 nonzeros
Coefficient statistics:
  Matrix range    [1e+00, 2e+01]
  Objective range [9e+00, 2e+05]
  Bounds range    [0e+00, 0e+00]
  RHS range       [1e+00, 2e+01]
Iteration    Objective       Primal Inf.    Dual Inf.      Time
       0    2.7857788e+37   2.162188e+33   2.785779e+07      0s
     246    4.7741644e+05   0.000000e+00   0.000000e+00      0s

Solved in 246 iterations and 0.01 seconds
Optimal objective  4.774164396e+05
Changed value of parameter FeasibilityTol to 0.001
   Prev: 1e-06  Min: 1e-09  Max: 0.01  Default: 1e-06
Changed value of parameter MIPFocus to 2
   Prev: 0  Min: 0  Max: 3  Default: 0
Changed value of parameter Presolve to 0
   Prev: -1  Min: -1  Max: 2  Default: -1
Optimize a model with 47 rows, 398 columns and 3503 nonzeros
Coefficient statistics:
  Matrix range    [1e+00, 2e+01]
  Objective range [9e+00, 2e+05]
  Bounds range    [0e+00, 0e+00]
  RHS range       [1e+00, 2e+01]
Iteration    Objective       Primal Inf.    Dual Inf.      Time
       0    2.8031265e+37   2.176000e+33   2.803127e+07      0s
     222    4.7741840e+05   0.000000e+00   0.000000e+00      0s

Solved in 222 iterations and 0.01 seconds
Optimal objective  4.774183969e+05
Changed value of parameter FeasibilityTol to 0.001
   Prev: 1e-06  Min: 1e-09  Max: 0.01  Default: 1e-06
Changed value of parameter MIPFocus to 2
   Prev: 0  Min: 0  Max: 3  Default: 0
Changed value of parameter Presolve to 0
   Prev: -1  Min: -1  Max: 2  Default: -1
Optimize a model with 47 rows, 399 columns and 3511 nonzeros
Coefficient statistics:
  Matrix range    [1e+00, 2e+01]
  Objective range [9e+00, 2e+05]
  Bounds range    [0e+00, 0e+00]
  RHS range       [1e+00, 2e+01]
Iteration    Objective       Primal Inf.    Dual Inf.      Time
       0    2.8031265e+37   2.176000e+33   2.803127e+07      0s
     249    4.7741943e+05   0.000000e+00   0.000000e+00      0s

Solved in 249 iterations and 0.01 seconds
Optimal objective  4.774194257e+05
Changed value of parameter FeasibilityTol to 0.001
   Prev: 1e-06  Min: 1e-09  Max: 0.01  Default: 1e-06
Changed value of parameter MIPFocus to 2
   Prev: 0  Min: 0  Max: 3  Default: 0
Changed value of parameter Presolve to 0
   Prev: -1  Min: -1  Max: 2  Default: -1
Optimize a model with 47 rows, 402 columns and 3533 nonzeros
Coefficient statistics:
  Matrix range    [1e+00, 2e+01]
  Objective range [9e+00, 2e+05]
  Bounds range    [0e+00, 0e+00]
  RHS range       [1e+00, 2e+01]
Iteration    Objective       Primal Inf.    Dual Inf.      Time
       0    2.8125776e+37   2.183813e+33   2.812578e+07      0s
     254    4.7742136e+05   0.000000e+00   0.000000e+00      0s

Solved in 254 iterations and 0.01 seconds
Optimal objective  4.774213643e+05
Changed value of parameter FeasibilityTol to 0.001
   Prev: 1e-06  Min: 1e-09  Max: 0.01  Default: 1e-06
Changed value of parameter MIPFocus to 2
   Prev: 0  Min: 0  Max: 3  Default: 0
Changed value of parameter Presolve to 0
   Prev: -1  Min: -1  Max: 2  Default: -1
Optimize a model with 47 rows, 404 columns and 3548 nonzeros
Coefficient statistics:
  Matrix range    [1e+00, 2e+01]
  Objective range [9e+00, 2e+05]
  Bounds range    [0e+00, 0e+00]
  RHS range       [1e+00, 2e+01]
Iteration    Objective       Primal Inf.    Dual Inf.      Time
       0    2.8205923e+37   2.190250e+33   2.820592e+07      0s
     240    4.7742144e+05   0.000000e+00   0.000000e+00      0s

Solved in 240 iterations and 0.01 seconds
Optimal objective  4.774214428e+05
Changed value of parameter FeasibilityTol to 0.001
   Prev: 1e-06  Min: 1e-09  Max: 0.01  Default: 1e-06
Changed value of parameter MIPFocus to 2
   Prev: 0  Min: 0  Max: 3  Default: 0
Changed value of parameter Presolve to 0
   Prev: -1  Min: -1  Max: 2  Default: -1
Optimize a model with 47 rows, 406 columns and 3566 nonzeros
Coefficient statistics:
  Matrix range    [1e+00, 2e+01]
  Objective range [9e+00, 2e+05]
  Bounds range    [0e+00, 0e+00]
  RHS range       [1e+00, 2e+01]
Iteration    Objective       Primal Inf.    Dual Inf.      Time
       0    2.8324336e+37   2.199188e+33   2.832434e+07      0s
     230    4.7742163e+05   0.000000e+00   0.000000e+00      0s

Solved in 230 iterations and 0.01 seconds
Optimal objective  4.774216329e+05
Changed value of parameter FeasibilityTol to 0.001
   Prev: 1e-06  Min: 1e-09  Max: 0.01  Default: 1e-06
Changed value of parameter MIPFocus to 2
   Prev: 0  Min: 0  Max: 3  Default: 0
Changed value of parameter Presolve to 0
   Prev: -1  Min: -1  Max: 2  Default: -1
Optimize a model with 47 rows, 408 columns and 3578 nonzeros
Coefficient statistics:
  Matrix range    [1e+00, 2e+01]
  Objective range [9e+00, 2e+05]
  Bounds range    [0e+00, 0e+00]
  RHS range       [1e+00, 2e+01]
Iteration    Objective       Primal Inf.    Dual Inf.      Time
       0    2.8449989e+37   2.209500e+33   2.844999e+07      0s
     253    4.7742173e+05   0.000000e+00   0.000000e+00      0s

Solved in 253 iterations and 0.01 seconds
Optimal objective  4.774217309e+05
Changed value of parameter FeasibilityTol to 0.001
   Prev: 1e-06  Min: 1e-09  Max: 0.01  Default: 1e-06
Changed value of parameter MIPFocus to 2
   Prev: 0  Min: 0  Max: 3  Default: 0
Changed value of parameter Presolve to 0
   Prev: -1  Min: -1  Max: 2  Default: -1
Optimize a model with 47 rows, 409 columns and 3587 nonzeros
Coefficient statistics:
  Matrix range    [1e+00, 2e+01]
  Objective range [9e+00, 2e+05]
  Bounds range    [0e+00, 0e+00]
  RHS range       [1e+00, 2e+01]
Iteration    Objective       Primal Inf.    Dual Inf.      Time
       0    2.8531323e+37   2.216438e+33   2.853132e+07      0s
     237    4.7742227e+05   0.000000e+00   0.000000e+00      0s

Solved in 237 iterations and 0.01 seconds
Optimal objective  4.774222699e+05
Changed value of parameter FeasibilityTol to 0.001
   Prev: 1e-06  Min: 1e-09  Max: 0.01  Default: 1e-06
Changed value of parameter MIPFocus to 2
   Prev: 0  Min: 0  Max: 3  Default: 0
Changed value of parameter Presolve to 0
   Prev: -1  Min: -1  Max: 2  Default: -1
Optimize a model with 47 rows, 409 columns and 3587 nonzeros
Coefficient statistics:
  Matrix range    [1e+00, 2e+01]
  Objective range [9e+00, 2e+05]
  Bounds range    [0e+00, 0e+00]
  RHS range       [1e+00, 2e+01]
Iteration    Objective       Primal Inf.    Dual Inf.      Time
       0    2.8531323e+37   2.216438e+33   2.853132e+07      0s
     237    4.7742227e+05   0.000000e+00   0.000000e+00      0s

Solved in 237 iterations and 0.01 seconds
Optimal objective  4.774222699e+05
Optimize a model with 47 rows, 409 columns and 3587 nonzeros
Coefficient statistics:
  Matrix range    [1e+00, 2e+01]
  Objective range [9e+00, 2e+05]
  Bounds range    [0e+00, 0e+00]
  RHS range       [1e+00, 2e+01]
Variable types: 0 continuous, 409 integer (0 binary)

Root relaxation: objective 4.774223e+05, 289 iterations, 0.01 seconds

    Nodes    |    Current Node    |     Objective Bounds      |     Work
 Expl Unexpl |  Obj  Depth IntInf | Incumbent    BestBd   Gap | It/Node Time

     0     0 477422.270    0   46          - 477422.270      -     -    0s
     0     0 477353.636    0   49          - 477353.636      -     -    0s
     0     0 477317.470    0   51          - 477317.470      -     -    0s
     0     0 477250.081    0   52          - 477250.081      -     -    0s
     0     0 477243.277    0   51          - 477243.277      -     -    0s
     0     0 477195.334    0   63          - 477195.334      -     -    0s
     0     0 477184.757    0   59          - 477184.757      -     -    0s
     0     0 477173.847    0   57          - 477173.847      -     -    0s
     0     0 477150.156    0   71          - 477150.156      -     -    0s
     0     0 477135.510    0   69          - 477135.510      -     -    1s
     0     0 477130.212    0   70          - 477130.212      -     -    1s
     0     0 477117.062    0   70          - 477117.062      -     -    1s
H    0     0                    476682.88384 477117.062  0.09%     -    1s
     0     2 477117.062    0   70 476682.884 477117.062  0.09%     -    1s

Cutting planes:
  Gomory: 7
  MIR: 71
  Zero half: 3

Explored 18 nodes (1479 simplex iterations) in 1.50 seconds
Thread count was 4 (of 4 available processors)

Optimal solution found (tolerance 1.00e-04)
Best objective 4.766828838432e+05, best bound 4.766828838432e+05, gap 0.0%
