Changed value of parameter FeasibilityTol to 0.001
   Prev: 1e-06  Min: 1e-09  Max: 0.01  Default: 1e-06
Changed value of parameter MIPFocus to 2
   Prev: 0  Min: 0  Max: 3  Default: 0
Changed value of parameter Presolve to 0
   Prev: -1  Min: -1  Max: 2  Default: -1
Optimize a model with 54 rows, 26 columns and 215 nonzeros
Coefficient statistics:
  Matrix range    [1e+00, 2e+01]
  Objective range [1e+02, 4e+03]
  Bounds range    [0e+00, 0e+00]
  RHS range       [1e+00, 2e+01]
Iteration    Objective       Primal Inf.    Dual Inf.      Time
       0    2.5542882e+04   4.225000e+01   0.000000e+00      0s
      11    6.8165972e+03   0.000000e+00   0.000000e+00      0s

Solved in 11 iterations and 0.00 seconds
Optimal objective  6.816597173e+03
Changed value of parameter FeasibilityTol to 0.001
   Prev: 1e-06  Min: 1e-09  Max: 0.01  Default: 1e-06
Changed value of parameter MIPFocus to 2
   Prev: 0  Min: 0  Max: 3  Default: 0
Changed value of parameter Presolve to 0
   Prev: -1  Min: -1  Max: 2  Default: -1
Optimize a model with 54 rows, 31 columns and 286 nonzeros
Coefficient statistics:
  Matrix range    [1e+00, 2e+01]
  Objective range [1e+02, 4e+03]
  Bounds range    [0e+00, 0e+00]
  RHS range       [1e+00, 2e+01]
Iteration    Objective       Primal Inf.    Dual Inf.      Time
       0    2.5542882e+04   4.225000e+01   0.000000e+00      0s
      15    6.8165972e+03   0.000000e+00   0.000000e+00      0s

Solved in 15 iterations and 0.00 seconds
Optimal objective  6.816597173e+03
Changed value of parameter FeasibilityTol to 0.001
   Prev: 1e-06  Min: 1e-09  Max: 0.01  Default: 1e-06
Changed value of parameter MIPFocus to 2
   Prev: 0  Min: 0  Max: 3  Default: 0
Changed value of parameter Presolve to 0
   Prev: -1  Min: -1  Max: 2  Default: -1
Optimize a model with 54 rows, 36 columns and 347 nonzeros
Coefficient statistics:
  Matrix range    [1e+00, 2e+01]
  Objective range [1e+02, 4e+03]
  Bounds range    [0e+00, 0e+00]
  RHS range       [1e+00, 2e+01]
Iteration    Objective       Primal Inf.    Dual Inf.      Time
       0    2.5553281e+04   4.206250e+01   0.000000e+00      0s
      22    6.8165972e+03   0.000000e+00   0.000000e+00      0s

Solved in 22 iterations and 0.00 seconds
Optimal objective  6.816597173e+03
Changed value of parameter FeasibilityTol to 0.001
   Prev: 1e-06  Min: 1e-09  Max: 0.01  Default: 1e-06
Changed value of parameter MIPFocus to 2
   Prev: 0  Min: 0  Max: 3  Default: 0
Changed value of parameter Presolve to 0
   Prev: -1  Min: -1  Max: 2  Default: -1
Optimize a model with 54 rows, 42 columns and 427 nonzeros
Coefficient statistics:
  Matrix range    [1e+00, 2e+01]
  Objective range [1e+02, 4e+03]
  Bounds range    [0e+00, 0e+00]
  RHS range       [1e+00, 2e+01]
Iteration    Objective       Primal Inf.    Dual Inf.      Time
       0    2.6338277e+04   4.393750e+01   0.000000e+00      0s
      30    6.8165972e+03   0.000000e+00   0.000000e+00      0s

Solved in 30 iterations and 0.00 seconds
Optimal objective  6.816597173e+03
Changed value of parameter FeasibilityTol to 0.001
   Prev: 1e-06  Min: 1e-09  Max: 0.01  Default: 1e-06
Changed value of parameter MIPFocus to 2
   Prev: 0  Min: 0  Max: 3  Default: 0
Changed value of parameter Presolve to 0
   Prev: -1  Min: -1  Max: 2  Default: -1
Optimize a model with 54 rows, 49 columns and 506 nonzeros
Coefficient statistics:
  Matrix range    [1e+00, 2e+01]
  Objective range [1e+02, 4e+03]
  Bounds range    [0e+00, 0e+00]
  RHS range       [1e+00, 2e+01]
Iteration    Objective       Primal Inf.    Dual Inf.      Time
       0    2.6338277e+04   4.393750e+01   0.000000e+00      0s
      30    6.8165972e+03   0.000000e+00   0.000000e+00      0s

Solved in 30 iterations and 0.00 seconds
Optimal objective  6.816597173e+03
Changed value of parameter FeasibilityTol to 0.001
   Prev: 1e-06  Min: 1e-09  Max: 0.01  Default: 1e-06
Changed value of parameter MIPFocus to 2
   Prev: 0  Min: 0  Max: 3  Default: 0
Changed value of parameter Presolve to 0
   Prev: -1  Min: -1  Max: 2  Default: -1
Optimize a model with 54 rows, 55 columns and 582 nonzeros
Coefficient statistics:
  Matrix range    [1e+00, 2e+01]
  Objective range [1e+02, 4e+03]
  Bounds range    [0e+00, 0e+00]
  RHS range       [1e+00, 2e+01]
Iteration    Objective       Primal Inf.    Dual Inf.      Time
       0    2.6338277e+04   4.393750e+01   0.000000e+00      0s
      43    6.8165972e+03   0.000000e+00   0.000000e+00      0s

Solved in 43 iterations and 0.00 seconds
Optimal objective  6.816597173e+03
Changed value of parameter FeasibilityTol to 0.001
   Prev: 1e-06  Min: 1e-09  Max: 0.01  Default: 1e-06
Changed value of parameter MIPFocus to 2
   Prev: 0  Min: 0  Max: 3  Default: 0
Changed value of parameter Presolve to 0
   Prev: -1  Min: -1  Max: 2  Default: -1
Optimize a model with 54 rows, 61 columns and 649 nonzeros
Coefficient statistics:
  Matrix range    [1e+00, 2e+01]
  Objective range [1e+02, 4e+03]
  Bounds range    [0e+00, 0e+00]
  RHS range       [1e+00, 2e+01]
Iteration    Objective       Primal Inf.    Dual Inf.      Time
       0    2.6338277e+04   4.393750e+01   0.000000e+00      0s
      54    6.8165972e+03   0.000000e+00   0.000000e+00      0s

Solved in 54 iterations and 0.00 seconds
Optimal objective  6.816597173e+03
Changed value of parameter FeasibilityTol to 0.001
   Prev: 1e-06  Min: 1e-09  Max: 0.01  Default: 1e-06
Changed value of parameter MIPFocus to 2
   Prev: 0  Min: 0  Max: 3  Default: 0
Changed value of parameter Presolve to 0
   Prev: -1  Min: -1  Max: 2  Default: -1
Optimize a model with 54 rows, 66 columns and 707 nonzeros
Coefficient statistics:
  Matrix range    [1e+00, 2e+01]
  Objective range [1e+02, 4e+03]
  Bounds range    [0e+00, 0e+00]
  RHS range       [1e+00, 2e+01]
Iteration    Objective       Primal Inf.    Dual Inf.      Time
       0    2.6338277e+04   4.393750e+01   0.000000e+00      0s
      60    6.8165972e+03   0.000000e+00   0.000000e+00      0s

Solved in 60 iterations and 0.00 seconds
Optimal objective  6.816597173e+03
Changed value of parameter FeasibilityTol to 0.001
   Prev: 1e-06  Min: 1e-09  Max: 0.01  Default: 1e-06
Changed value of parameter MIPFocus to 2
   Prev: 0  Min: 0  Max: 3  Default: 0
Changed value of parameter Presolve to 0
   Prev: -1  Min: -1  Max: 2  Default: -1
Optimize a model with 54 rows, 73 columns and 793 nonzeros
Coefficient statistics:
  Matrix range    [1e+00, 2e+01]
  Objective range [1e+02, 4e+03]
  Bounds range    [0e+00, 0e+00]
  RHS range       [1e+00, 2e+01]
Iteration    Objective       Primal Inf.    Dual Inf.      Time
       0    2.6338277e+04   4.393750e+01   0.000000e+00      0s
      63    6.8165972e+03   0.000000e+00   0.000000e+00      0s

Solved in 63 iterations and 0.00 seconds
Optimal objective  6.816597173e+03
Changed value of parameter FeasibilityTol to 0.001
   Prev: 1e-06  Min: 1e-09  Max: 0.01  Default: 1e-06
Changed value of parameter MIPFocus to 2
   Prev: 0  Min: 0  Max: 3  Default: 0
Changed value of parameter Presolve to 0
   Prev: -1  Min: -1  Max: 2  Default: -1
Optimize a model with 54 rows, 79 columns and 832 nonzeros
Coefficient statistics:
  Matrix range    [1e+00, 2e+01]
  Objective range [1e+02, 4e+03]
  Bounds range    [0e+00, 0e+00]
  RHS range       [1e+00, 2e+01]
Iteration    Objective       Primal Inf.    Dual Inf.      Time
       0    2.6338277e+04   4.393750e+01   0.000000e+00      0s
      95    6.8333069e+03   0.000000e+00   0.000000e+00      0s

Solved in 95 iterations and 0.00 seconds
Optimal objective  6.833306907e+03
Changed value of parameter FeasibilityTol to 0.001
   Prev: 1e-06  Min: 1e-09  Max: 0.01  Default: 1e-06
Changed value of parameter MIPFocus to 2
   Prev: 0  Min: 0  Max: 3  Default: 0
Changed value of parameter Presolve to 0
   Prev: -1  Min: -1  Max: 2  Default: -1
Optimize a model with 54 rows, 85 columns and 903 nonzeros
Coefficient statistics:
  Matrix range    [1e+00, 2e+01]
  Objective range [1e+02, 4e+03]
  Bounds range    [0e+00, 0e+00]
  RHS range       [1e+00, 2e+01]
Iteration    Objective       Primal Inf.    Dual Inf.      Time
       0    2.6338277e+04   4.393750e+01   0.000000e+00      0s
      99    6.8838213e+03   0.000000e+00   0.000000e+00      0s

Solved in 99 iterations and 0.00 seconds
Optimal objective  6.883821296e+03
Changed value of parameter FeasibilityTol to 0.001
   Prev: 1e-06  Min: 1e-09  Max: 0.01  Default: 1e-06
Changed value of parameter MIPFocus to 2
   Prev: 0  Min: 0  Max: 3  Default: 0
Changed value of parameter Presolve to 0
   Prev: -1  Min: -1  Max: 2  Default: -1
Optimize a model with 54 rows, 92 columns and 968 nonzeros
Coefficient statistics:
  Matrix range    [1e+00, 2e+01]
  Objective range [1e+02, 4e+03]
  Bounds range    [0e+00, 0e+00]
  RHS range       [1e+00, 2e+01]
Iteration    Objective       Primal Inf.    Dual Inf.      Time
       0    2.6338277e+04   4.393750e+01   0.000000e+00      0s
      96    6.9232616e+03   0.000000e+00   0.000000e+00      0s

Solved in 96 iterations and 0.00 seconds
Optimal objective  6.923261558e+03
Changed value of parameter FeasibilityTol to 0.001
   Prev: 1e-06  Min: 1e-09  Max: 0.01  Default: 1e-06
Changed value of parameter MIPFocus to 2
   Prev: 0  Min: 0  Max: 3  Default: 0
Changed value of parameter Presolve to 0
   Prev: -1  Min: -1  Max: 2  Default: -1
Optimize a model with 54 rows, 99 columns and 1020 nonzeros
Coefficient statistics:
  Matrix range    [1e+00, 2e+01]
  Objective range [1e+02, 4e+03]
  Bounds range    [0e+00, 0e+00]
  RHS range       [1e+00, 2e+01]
Iteration    Objective       Primal Inf.    Dual Inf.      Time
       0    2.6338277e+04   4.393750e+01   0.000000e+00      0s
     100    6.9687892e+03   0.000000e+00   0.000000e+00      0s

Solved in 100 iterations and 0.00 seconds
Optimal objective  6.968789177e+03
Changed value of parameter FeasibilityTol to 0.001
   Prev: 1e-06  Min: 1e-09  Max: 0.01  Default: 1e-06
Changed value of parameter MIPFocus to 2
   Prev: 0  Min: 0  Max: 3  Default: 0
Changed value of parameter Presolve to 0
   Prev: -1  Min: -1  Max: 2  Default: -1
Optimize a model with 54 rows, 106 columns and 1081 nonzeros
Coefficient statistics:
  Matrix range    [1e+00, 2e+01]
  Objective range [1e+02, 4e+03]
  Bounds range    [0e+00, 0e+00]
  RHS range       [1e+00, 2e+01]
Iteration    Objective       Primal Inf.    Dual Inf.      Time
       0    2.6338277e+04   4.393750e+01   0.000000e+00      0s
     119    7.0169679e+03   0.000000e+00   0.000000e+00      0s

Solved in 119 iterations and 0.00 seconds
Optimal objective  7.016967855e+03
Changed value of parameter FeasibilityTol to 0.001
   Prev: 1e-06  Min: 1e-09  Max: 0.01  Default: 1e-06
Changed value of parameter MIPFocus to 2
   Prev: 0  Min: 0  Max: 3  Default: 0
Changed value of parameter Presolve to 0
   Prev: -1  Min: -1  Max: 2  Default: -1
Optimize a model with 54 rows, 112 columns and 1123 nonzeros
Coefficient statistics:
  Matrix range    [1e+00, 2e+01]
  Objective range [5e+01, 4e+03]
  Bounds range    [0e+00, 0e+00]
  RHS range       [1e+00, 2e+01]
Iteration    Objective       Primal Inf.    Dual Inf.      Time
       0    2.6338277e+04   4.393750e+01   0.000000e+00      0s
     113    7.0339395e+03   0.000000e+00   0.000000e+00      0s

Solved in 113 iterations and 0.00 seconds
Optimal objective  7.033939505e+03
Changed value of parameter FeasibilityTol to 0.001
   Prev: 1e-06  Min: 1e-09  Max: 0.01  Default: 1e-06
Changed value of parameter MIPFocus to 2
   Prev: 0  Min: 0  Max: 3  Default: 0
Changed value of parameter Presolve to 0
   Prev: -1  Min: -1  Max: 2  Default: -1
Optimize a model with 54 rows, 117 columns and 1173 nonzeros
Coefficient statistics:
  Matrix range    [1e+00, 2e+01]
  Objective range [5e+01, 4e+03]
  Bounds range    [0e+00, 0e+00]
  RHS range       [1e+00, 2e+01]
Iteration    Objective       Primal Inf.    Dual Inf.      Time
       0    2.6338277e+04   4.393750e+01   0.000000e+00      0s
     117    7.0591668e+03   0.000000e+00   0.000000e+00      0s

Solved in 117 iterations and 0.00 seconds
Optimal objective  7.059166761e+03
Changed value of parameter FeasibilityTol to 0.001
   Prev: 1e-06  Min: 1e-09  Max: 0.01  Default: 1e-06
Changed value of parameter MIPFocus to 2
   Prev: 0  Min: 0  Max: 3  Default: 0
Changed value of parameter Presolve to 0
   Prev: -1  Min: -1  Max: 2  Default: -1
Optimize a model with 54 rows, 123 columns and 1224 nonzeros
Coefficient statistics:
  Matrix range    [1e+00, 2e+01]
  Objective range [5e+01, 4e+03]
  Bounds range    [0e+00, 0e+00]
  RHS range       [1e+00, 2e+01]
Iteration    Objective       Primal Inf.    Dual Inf.      Time
       0    2.6338277e+04   4.393750e+01   0.000000e+00      0s
     115    7.0898561e+03   0.000000e+00   0.000000e+00      0s

Solved in 115 iterations and 0.00 seconds
Optimal objective  7.089856120e+03
Changed value of parameter FeasibilityTol to 0.001
   Prev: 1e-06  Min: 1e-09  Max: 0.01  Default: 1e-06
Changed value of parameter MIPFocus to 2
   Prev: 0  Min: 0  Max: 3  Default: 0
Changed value of parameter Presolve to 0
   Prev: -1  Min: -1  Max: 2  Default: -1
Optimize a model with 54 rows, 130 columns and 1281 nonzeros
Coefficient statistics:
  Matrix range    [1e+00, 2e+01]
  Objective range [5e+01, 4e+03]
  Bounds range    [0e+00, 0e+00]
  RHS range       [1e+00, 2e+01]
Iteration    Objective       Primal Inf.    Dual Inf.      Time
       0    2.6338277e+04   4.393750e+01   0.000000e+00      0s
     127    7.1206158e+03   0.000000e+00   0.000000e+00      0s

Solved in 127 iterations and 0.00 seconds
Optimal objective  7.120615776e+03
Changed value of parameter FeasibilityTol to 0.001
   Prev: 1e-06  Min: 1e-09  Max: 0.01  Default: 1e-06
Changed value of parameter MIPFocus to 2
   Prev: 0  Min: 0  Max: 3  Default: 0
Changed value of parameter Presolve to 0
   Prev: -1  Min: -1  Max: 2  Default: -1
Optimize a model with 54 rows, 137 columns and 1337 nonzeros
Coefficient statistics:
  Matrix range    [1e+00, 2e+01]
  Objective range [5e+01, 4e+03]
  Bounds range    [0e+00, 0e+00]
  RHS range       [1e+00, 2e+01]
Iteration    Objective       Primal Inf.    Dual Inf.      Time
       0    2.6338277e+04   4.393750e+01   0.000000e+00      0s
     126    7.1350875e+03   0.000000e+00   0.000000e+00      0s

Solved in 126 iterations and 0.00 seconds
Optimal objective  7.135087473e+03
Changed value of parameter FeasibilityTol to 0.001
   Prev: 1e-06  Min: 1e-09  Max: 0.01  Default: 1e-06
Changed value of parameter MIPFocus to 2
   Prev: 0  Min: 0  Max: 3  Default: 0
Changed value of parameter Presolve to 0
   Prev: -1  Min: -1  Max: 2  Default: -1
Optimize a model with 54 rows, 143 columns and 1391 nonzeros
Coefficient statistics:
  Matrix range    [1e+00, 2e+01]
  Objective range [5e+01, 4e+03]
  Bounds range    [0e+00, 0e+00]
  RHS range       [1e+00, 2e+01]
Iteration    Objective       Primal Inf.    Dual Inf.      Time
       0    2.6338277e+04   4.393750e+01   0.000000e+00      0s
     137    7.1429252e+03   0.000000e+00   0.000000e+00      0s

Solved in 137 iterations and 0.01 seconds
Optimal objective  7.142925155e+03
Changed value of parameter FeasibilityTol to 0.001
   Prev: 1e-06  Min: 1e-09  Max: 0.01  Default: 1e-06
Changed value of parameter MIPFocus to 2
   Prev: 0  Min: 0  Max: 3  Default: 0
Changed value of parameter Presolve to 0
   Prev: -1  Min: -1  Max: 2  Default: -1
Optimize a model with 54 rows, 149 columns and 1425 nonzeros
Coefficient statistics:
  Matrix range    [1e+00, 2e+01]
  Objective range [5e+01, 4e+03]
  Bounds range    [0e+00, 0e+00]
  RHS range       [1e+00, 2e+01]
Iteration    Objective       Primal Inf.    Dual Inf.      Time
       0    2.6338277e+04   4.393750e+01   0.000000e+00      0s
     122    7.1651786e+03   0.000000e+00   0.000000e+00      0s

Solved in 122 iterations and 0.00 seconds
Optimal objective  7.165178590e+03
Changed value of parameter FeasibilityTol to 0.001
   Prev: 1e-06  Min: 1e-09  Max: 0.01  Default: 1e-06
Changed value of parameter MIPFocus to 2
   Prev: 0  Min: 0  Max: 3  Default: 0
Changed value of parameter Presolve to 0
   Prev: -1  Min: -1  Max: 2  Default: -1
Optimize a model with 54 rows, 156 columns and 1479 nonzeros
Coefficient statistics:
  Matrix range    [1e+00, 2e+01]
  Objective range [5e+01, 4e+03]
  Bounds range    [0e+00, 0e+00]
  RHS range       [1e+00, 2e+01]
Iteration    Objective       Primal Inf.    Dual Inf.      Time
       0    2.6338277e+04   4.393750e+01   0.000000e+00      0s
     135    7.1721536e+03   0.000000e+00   0.000000e+00      0s

Solved in 135 iterations and 0.00 seconds
Optimal objective  7.172153578e+03
Changed value of parameter FeasibilityTol to 0.001
   Prev: 1e-06  Min: 1e-09  Max: 0.01  Default: 1e-06
Changed value of parameter MIPFocus to 2
   Prev: 0  Min: 0  Max: 3  Default: 0
Changed value of parameter Presolve to 0
   Prev: -1  Min: -1  Max: 2  Default: -1
Optimize a model with 54 rows, 162 columns and 1523 nonzeros
Coefficient statistics:
  Matrix range    [1e+00, 2e+01]
  Objective range [5e+01, 4e+03]
  Bounds range    [0e+00, 0e+00]
  RHS range       [1e+00, 2e+01]
Iteration    Objective       Primal Inf.    Dual Inf.      Time
       0    2.6338277e+04   4.393750e+01   0.000000e+00      0s
     150    7.1822166e+03   0.000000e+00   0.000000e+00      0s

Solved in 150 iterations and 0.00 seconds
Optimal objective  7.182216585e+03
Changed value of parameter FeasibilityTol to 0.001
   Prev: 1e-06  Min: 1e-09  Max: 0.01  Default: 1e-06
Changed value of parameter MIPFocus to 2
   Prev: 0  Min: 0  Max: 3  Default: 0
Changed value of parameter Presolve to 0
   Prev: -1  Min: -1  Max: 2  Default: -1
Optimize a model with 54 rows, 169 columns and 1573 nonzeros
Coefficient statistics:
  Matrix range    [1e+00, 2e+01]
  Objective range [7e+00, 4e+03]
  Bounds range    [0e+00, 0e+00]
  RHS range       [1e+00, 2e+01]
Iteration    Objective       Primal Inf.    Dual Inf.      Time
       0    2.6338277e+04   4.393750e+01   0.000000e+00      0s
     135    7.1921052e+03   0.000000e+00   0.000000e+00      0s

Solved in 135 iterations and 0.00 seconds
Optimal objective  7.192105161e+03
Changed value of parameter FeasibilityTol to 0.001
   Prev: 1e-06  Min: 1e-09  Max: 0.01  Default: 1e-06
Changed value of parameter MIPFocus to 2
   Prev: 0  Min: 0  Max: 3  Default: 0
Changed value of parameter Presolve to 0
   Prev: -1  Min: -1  Max: 2  Default: -1
Optimize a model with 54 rows, 175 columns and 1608 nonzeros
Coefficient statistics:
  Matrix range    [1e+00, 2e+01]
  Objective range [7e+00, 4e+03]
  Bounds range    [0e+00, 0e+00]
  RHS range       [1e+00, 2e+01]
Iteration    Objective       Primal Inf.    Dual Inf.      Time
       0    2.6338277e+04   4.393750e+01   0.000000e+00      0s
     145    7.2097658e+03   0.000000e+00   0.000000e+00      0s

Solved in 145 iterations and 0.00 seconds
Optimal objective  7.209765823e+03
Changed value of parameter FeasibilityTol to 0.001
   Prev: 1e-06  Min: 1e-09  Max: 0.01  Default: 1e-06
Changed value of parameter MIPFocus to 2
   Prev: 0  Min: 0  Max: 3  Default: 0
Changed value of parameter Presolve to 0
   Prev: -1  Min: -1  Max: 2  Default: -1
Optimize a model with 54 rows, 181 columns and 1648 nonzeros
Coefficient statistics:
  Matrix range    [1e+00, 2e+01]
  Objective range [7e+00, 4e+03]
  Bounds range    [0e+00, 0e+00]
  RHS range       [1e+00, 2e+01]
Iteration    Objective       Primal Inf.    Dual Inf.      Time
       0    2.6338277e+04   4.393750e+01   0.000000e+00      0s
     137    7.2411761e+03   0.000000e+00   0.000000e+00      0s

Solved in 137 iterations and 0.00 seconds
Optimal objective  7.241176130e+03
Changed value of parameter FeasibilityTol to 0.001
   Prev: 1e-06  Min: 1e-09  Max: 0.01  Default: 1e-06
Changed value of parameter MIPFocus to 2
   Prev: 0  Min: 0  Max: 3  Default: 0
Changed value of parameter Presolve to 0
   Prev: -1  Min: -1  Max: 2  Default: -1
Optimize a model with 54 rows, 188 columns and 1687 nonzeros
Coefficient statistics:
  Matrix range    [1e+00, 2e+01]
  Objective range [7e+00, 4e+03]
  Bounds range    [0e+00, 0e+00]
  RHS range       [1e+00, 2e+01]
Iteration    Objective       Primal Inf.    Dual Inf.      Time
       0    2.6338277e+04   4.393750e+01   0.000000e+00      0s
     145    7.2478635e+03   0.000000e+00   0.000000e+00      0s

Solved in 145 iterations and 0.00 seconds
Optimal objective  7.247863510e+03
Changed value of parameter FeasibilityTol to 0.001
   Prev: 1e-06  Min: 1e-09  Max: 0.01  Default: 1e-06
Changed value of parameter MIPFocus to 2
   Prev: 0  Min: 0  Max: 3  Default: 0
Changed value of parameter Presolve to 0
   Prev: -1  Min: -1  Max: 2  Default: -1
Optimize a model with 54 rows, 194 columns and 1732 nonzeros
Coefficient statistics:
  Matrix range    [1e+00, 2e+01]
  Objective range [7e+00, 4e+03]
  Bounds range    [0e+00, 0e+00]
  RHS range       [1e+00, 2e+01]
Iteration    Objective       Primal Inf.    Dual Inf.      Time
       0    2.6338277e+04   4.393750e+01   0.000000e+00      0s
     169    7.2573532e+03   0.000000e+00   0.000000e+00      0s

Solved in 169 iterations and 0.01 seconds
Optimal objective  7.257353171e+03
Changed value of parameter FeasibilityTol to 0.001
   Prev: 1e-06  Min: 1e-09  Max: 0.01  Default: 1e-06
Changed value of parameter MIPFocus to 2
   Prev: 0  Min: 0  Max: 3  Default: 0
Changed value of parameter Presolve to 0
   Prev: -1  Min: -1  Max: 2  Default: -1
Optimize a model with 54 rows, 201 columns and 1764 nonzeros
Coefficient statistics:
  Matrix range    [1e+00, 2e+01]
  Objective range [7e+00, 4e+03]
  Bounds range    [0e+00, 0e+00]
  RHS range       [1e+00, 2e+01]
Iteration    Objective       Primal Inf.    Dual Inf.      Time
       0    2.6338277e+04   4.393750e+01   0.000000e+00      0s
     156    7.2918544e+03   0.000000e+00   0.000000e+00      0s

Solved in 156 iterations and 0.00 seconds
Optimal objective  7.291854357e+03
Changed value of parameter FeasibilityTol to 0.001
   Prev: 1e-06  Min: 1e-09  Max: 0.01  Default: 1e-06
Changed value of parameter MIPFocus to 2
   Prev: 0  Min: 0  Max: 3  Default: 0
Changed value of parameter Presolve to 0
   Prev: -1  Min: -1  Max: 2  Default: -1
Optimize a model with 54 rows, 208 columns and 1807 nonzeros
Coefficient statistics:
  Matrix range    [1e+00, 2e+01]
  Objective range [7e+00, 4e+03]
  Bounds range    [0e+00, 0e+00]
  RHS range       [1e+00, 2e+01]
Iteration    Objective       Primal Inf.    Dual Inf.      Time
       0    2.6338277e+04   4.393750e+01   0.000000e+00      0s
     158    7.3038879e+03   0.000000e+00   0.000000e+00      0s

Solved in 158 iterations and 0.00 seconds
Optimal objective  7.303887896e+03
Changed value of parameter FeasibilityTol to 0.001
   Prev: 1e-06  Min: 1e-09  Max: 0.01  Default: 1e-06
Changed value of parameter MIPFocus to 2
   Prev: 0  Min: 0  Max: 3  Default: 0
Changed value of parameter Presolve to 0
   Prev: -1  Min: -1  Max: 2  Default: -1
Optimize a model with 54 rows, 211 columns and 1832 nonzeros
Coefficient statistics:
  Matrix range    [1e+00, 2e+01]
  Objective range [7e+00, 4e+03]
  Bounds range    [0e+00, 0e+00]
  RHS range       [1e+00, 2e+01]
Iteration    Objective       Primal Inf.    Dual Inf.      Time
       0    2.6338277e+04   4.393750e+01   0.000000e+00      0s
     150    7.3124204e+03   0.000000e+00   0.000000e+00      0s

Solved in 150 iterations and 0.00 seconds
Optimal objective  7.312420379e+03
Changed value of parameter FeasibilityTol to 0.001
   Prev: 1e-06  Min: 1e-09  Max: 0.01  Default: 1e-06
Changed value of parameter MIPFocus to 2
   Prev: 0  Min: 0  Max: 3  Default: 0
Changed value of parameter Presolve to 0
   Prev: -1  Min: -1  Max: 2  Default: -1
Optimize a model with 54 rows, 218 columns and 1866 nonzeros
Coefficient statistics:
  Matrix range    [1e+00, 2e+01]
  Objective range [7e+00, 4e+03]
  Bounds range    [0e+00, 0e+00]
  RHS range       [1e+00, 2e+01]
Iteration    Objective       Primal Inf.    Dual Inf.      Time
       0    2.6338277e+04   4.393750e+01   0.000000e+00      0s
     146    7.3195397e+03   0.000000e+00   0.000000e+00      0s

Solved in 146 iterations and 0.00 seconds
Optimal objective  7.319539681e+03
Changed value of parameter FeasibilityTol to 0.001
   Prev: 1e-06  Min: 1e-09  Max: 0.01  Default: 1e-06
Changed value of parameter MIPFocus to 2
   Prev: 0  Min: 0  Max: 3  Default: 0
Changed value of parameter Presolve to 0
   Prev: -1  Min: -1  Max: 2  Default: -1
Optimize a model with 54 rows, 224 columns and 1911 nonzeros
Coefficient statistics:
  Matrix range    [1e+00, 2e+01]
  Objective range [7e+00, 4e+03]
  Bounds range    [0e+00, 0e+00]
  RHS range       [1e+00, 2e+01]
Iteration    Objective       Primal Inf.    Dual Inf.      Time
       0    2.6338277e+04   4.393750e+01   0.000000e+00      0s
     163    7.3297615e+03   0.000000e+00   0.000000e+00      0s

Solved in 163 iterations and 0.00 seconds
Optimal objective  7.329761500e+03
Changed value of parameter FeasibilityTol to 0.001
   Prev: 1e-06  Min: 1e-09  Max: 0.01  Default: 1e-06
Changed value of parameter MIPFocus to 2
   Prev: 0  Min: 0  Max: 3  Default: 0
Changed value of parameter Presolve to 0
   Prev: -1  Min: -1  Max: 2  Default: -1
Optimize a model with 54 rows, 231 columns and 1943 nonzeros
Coefficient statistics:
  Matrix range    [1e+00, 2e+01]
  Objective range [7e+00, 4e+03]
  Bounds range    [0e+00, 0e+00]
  RHS range       [1e+00, 2e+01]
Iteration    Objective       Primal Inf.    Dual Inf.      Time
       0    2.6338277e+04   4.393750e+01   0.000000e+00      0s
     177    7.3369897e+03   0.000000e+00   0.000000e+00      0s

Solved in 177 iterations and 0.00 seconds
Optimal objective  7.336989736e+03
Changed value of parameter FeasibilityTol to 0.001
   Prev: 1e-06  Min: 1e-09  Max: 0.01  Default: 1e-06
Changed value of parameter MIPFocus to 2
   Prev: 0  Min: 0  Max: 3  Default: 0
Changed value of parameter Presolve to 0
   Prev: -1  Min: -1  Max: 2  Default: -1
Optimize a model with 54 rows, 235 columns and 1976 nonzeros
Coefficient statistics:
  Matrix range    [1e+00, 2e+01]
  Objective range [7e+00, 4e+03]
  Bounds range    [0e+00, 0e+00]
  RHS range       [1e+00, 2e+01]
Iteration    Objective       Primal Inf.    Dual Inf.      Time
       0    2.6338277e+04   4.393750e+01   0.000000e+00      0s
     170    7.3431798e+03   0.000000e+00   0.000000e+00      0s

Solved in 170 iterations and 0.00 seconds
Optimal objective  7.343179786e+03
Changed value of parameter FeasibilityTol to 0.001
   Prev: 1e-06  Min: 1e-09  Max: 0.01  Default: 1e-06
Changed value of parameter MIPFocus to 2
   Prev: 0  Min: 0  Max: 3  Default: 0
Changed value of parameter Presolve to 0
   Prev: -1  Min: -1  Max: 2  Default: -1
Optimize a model with 54 rows, 239 columns and 2011 nonzeros
Coefficient statistics:
  Matrix range    [1e+00, 2e+01]
  Objective range [7e+00, 4e+03]
  Bounds range    [0e+00, 0e+00]
  RHS range       [1e+00, 2e+01]
Iteration    Objective       Primal Inf.    Dual Inf.      Time
       0    2.6338277e+04   4.393750e+01   0.000000e+00      0s
     161    7.3514954e+03   0.000000e+00   0.000000e+00      0s

Solved in 161 iterations and 0.00 seconds
Optimal objective  7.351495399e+03
Changed value of parameter FeasibilityTol to 0.001
   Prev: 1e-06  Min: 1e-09  Max: 0.01  Default: 1e-06
Changed value of parameter MIPFocus to 2
   Prev: 0  Min: 0  Max: 3  Default: 0
Changed value of parameter Presolve to 0
   Prev: -1  Min: -1  Max: 2  Default: -1
Optimize a model with 54 rows, 244 columns and 2045 nonzeros
Coefficient statistics:
  Matrix range    [1e+00, 2e+01]
  Objective range [7e+00, 4e+03]
  Bounds range    [0e+00, 0e+00]
  RHS range       [1e+00, 2e+01]
Iteration    Objective       Primal Inf.    Dual Inf.      Time
       0    2.6338277e+04   4.393750e+01   0.000000e+00      0s
     160    7.3588542e+03   0.000000e+00   0.000000e+00      0s

Solved in 160 iterations and 0.00 seconds
Optimal objective  7.358854203e+03
Changed value of parameter FeasibilityTol to 0.001
   Prev: 1e-06  Min: 1e-09  Max: 0.01  Default: 1e-06
Changed value of parameter MIPFocus to 2
   Prev: 0  Min: 0  Max: 3  Default: 0
Changed value of parameter Presolve to 0
   Prev: -1  Min: -1  Max: 2  Default: -1
Optimize a model with 54 rows, 250 columns and 2098 nonzeros
Coefficient statistics:
  Matrix range    [1e+00, 2e+01]
  Objective range [7e+00, 4e+03]
  Bounds range    [0e+00, 0e+00]
  RHS range       [1e+00, 2e+01]
Iteration    Objective       Primal Inf.    Dual Inf.      Time
       0    2.6338277e+04   4.393750e+01   0.000000e+00      0s
     170    7.3629162e+03   0.000000e+00   0.000000e+00      0s

Solved in 170 iterations and 0.00 seconds
Optimal objective  7.362916178e+03
Changed value of parameter FeasibilityTol to 0.001
   Prev: 1e-06  Min: 1e-09  Max: 0.01  Default: 1e-06
Changed value of parameter MIPFocus to 2
   Prev: 0  Min: 0  Max: 3  Default: 0
Changed value of parameter Presolve to 0
   Prev: -1  Min: -1  Max: 2  Default: -1
Optimize a model with 54 rows, 257 columns and 2155 nonzeros
Coefficient statistics:
  Matrix range    [1e+00, 2e+01]
  Objective range [7e+00, 4e+03]
  Bounds range    [0e+00, 0e+00]
  RHS range       [1e+00, 2e+01]
Iteration    Objective       Primal Inf.    Dual Inf.      Time
       0    2.6338277e+04   4.393750e+01   0.000000e+00      0s
     154    7.3655974e+03   0.000000e+00   0.000000e+00      0s

Solved in 154 iterations and 0.00 seconds
Optimal objective  7.365597388e+03
Changed value of parameter FeasibilityTol to 0.001
   Prev: 1e-06  Min: 1e-09  Max: 0.01  Default: 1e-06
Changed value of parameter MIPFocus to 2
   Prev: 0  Min: 0  Max: 3  Default: 0
Changed value of parameter Presolve to 0
   Prev: -1  Min: -1  Max: 2  Default: -1
Optimize a model with 54 rows, 260 columns and 2176 nonzeros
Coefficient statistics:
  Matrix range    [1e+00, 2e+01]
  Objective range [7e+00, 4e+03]
  Bounds range    [0e+00, 0e+00]
  RHS range       [1e+00, 2e+01]
Iteration    Objective       Primal Inf.    Dual Inf.      Time
       0    2.6338277e+04   4.393750e+01   0.000000e+00      0s
     172    7.3673506e+03   0.000000e+00   0.000000e+00      0s

Solved in 172 iterations and 0.00 seconds
Optimal objective  7.367350584e+03
Changed value of parameter FeasibilityTol to 0.001
   Prev: 1e-06  Min: 1e-09  Max: 0.01  Default: 1e-06
Changed value of parameter MIPFocus to 2
   Prev: 0  Min: 0  Max: 3  Default: 0
Changed value of parameter Presolve to 0
   Prev: -1  Min: -1  Max: 2  Default: -1
Optimize a model with 54 rows, 264 columns and 2211 nonzeros
Coefficient statistics:
  Matrix range    [1e+00, 2e+01]
  Objective range [7e+00, 4e+03]
  Bounds range    [0e+00, 0e+00]
  RHS range       [1e+00, 2e+01]
Iteration    Objective       Primal Inf.    Dual Inf.      Time
       0    2.6338277e+04   4.393750e+01   0.000000e+00      0s
     164    7.3686917e+03   0.000000e+00   0.000000e+00      0s

Solved in 164 iterations and 0.00 seconds
Optimal objective  7.368691712e+03
Changed value of parameter FeasibilityTol to 0.001
   Prev: 1e-06  Min: 1e-09  Max: 0.01  Default: 1e-06
Changed value of parameter MIPFocus to 2
   Prev: 0  Min: 0  Max: 3  Default: 0
Changed value of parameter Presolve to 0
   Prev: -1  Min: -1  Max: 2  Default: -1
Optimize a model with 54 rows, 271 columns and 2270 nonzeros
Coefficient statistics:
  Matrix range    [1e+00, 2e+01]
  Objective range [7e+00, 4e+03]
  Bounds range    [0e+00, 0e+00]
  RHS range       [1e+00, 2e+01]
Iteration    Objective       Primal Inf.    Dual Inf.      Time
       0    2.6338277e+04   4.393750e+01   0.000000e+00      0s
     140    7.3731636e+03   0.000000e+00   0.000000e+00      0s

Solved in 140 iterations and 0.00 seconds
Optimal objective  7.373163582e+03
Changed value of parameter FeasibilityTol to 0.001
   Prev: 1e-06  Min: 1e-09  Max: 0.01  Default: 1e-06
Changed value of parameter MIPFocus to 2
   Prev: 0  Min: 0  Max: 3  Default: 0
Changed value of parameter Presolve to 0
   Prev: -1  Min: -1  Max: 2  Default: -1
Optimize a model with 54 rows, 277 columns and 2320 nonzeros
Coefficient statistics:
  Matrix range    [1e+00, 2e+01]
  Objective range [7e+00, 4e+03]
  Bounds range    [0e+00, 0e+00]
  RHS range       [1e+00, 2e+01]
Iteration    Objective       Primal Inf.    Dual Inf.      Time
       0    2.6338277e+04   4.393750e+01   0.000000e+00      0s
     168    7.3740030e+03   0.000000e+00   0.000000e+00      0s

Solved in 168 iterations and 0.00 seconds
Optimal objective  7.374002969e+03
Changed value of parameter FeasibilityTol to 0.001
   Prev: 1e-06  Min: 1e-09  Max: 0.01  Default: 1e-06
Changed value of parameter MIPFocus to 2
   Prev: 0  Min: 0  Max: 3  Default: 0
Changed value of parameter Presolve to 0
   Prev: -1  Min: -1  Max: 2  Default: -1
Optimize a model with 54 rows, 282 columns and 2351 nonzeros
Coefficient statistics:
  Matrix range    [1e+00, 2e+01]
  Objective range [7e+00, 4e+03]
  Bounds range    [0e+00, 0e+00]
  RHS range       [1e+00, 2e+01]
Iteration    Objective       Primal Inf.    Dual Inf.      Time
       0    2.6338277e+04   4.393750e+01   0.000000e+00      0s
     164    7.3761287e+03   0.000000e+00   0.000000e+00      0s

Solved in 164 iterations and 0.00 seconds
Optimal objective  7.376128702e+03
Changed value of parameter FeasibilityTol to 0.001
   Prev: 1e-06  Min: 1e-09  Max: 0.01  Default: 1e-06
Changed value of parameter MIPFocus to 2
   Prev: 0  Min: 0  Max: 3  Default: 0
Changed value of parameter Presolve to 0
   Prev: -1  Min: -1  Max: 2  Default: -1
Optimize a model with 54 rows, 288 columns and 2393 nonzeros
Coefficient statistics:
  Matrix range    [1e+00, 2e+01]
  Objective range [7e+00, 4e+03]
  Bounds range    [0e+00, 0e+00]
  RHS range       [1e+00, 2e+01]
Iteration    Objective       Primal Inf.    Dual Inf.      Time
       0    2.6338277e+04   4.393750e+01   0.000000e+00      0s
     174    7.3811652e+03   0.000000e+00   0.000000e+00      0s

Solved in 174 iterations and 0.00 seconds
Optimal objective  7.381165177e+03
Changed value of parameter FeasibilityTol to 0.001
   Prev: 1e-06  Min: 1e-09  Max: 0.01  Default: 1e-06
Changed value of parameter MIPFocus to 2
   Prev: 0  Min: 0  Max: 3  Default: 0
Changed value of parameter Presolve to 0
   Prev: -1  Min: -1  Max: 2  Default: -1
Optimize a model with 54 rows, 294 columns and 2441 nonzeros
Coefficient statistics:
  Matrix range    [1e+00, 2e+01]
  Objective range [7e+00, 4e+03]
  Bounds range    [0e+00, 0e+00]
  RHS range       [1e+00, 2e+01]
Iteration    Objective       Primal Inf.    Dual Inf.      Time
       0    2.6338277e+04   4.393750e+01   0.000000e+00      0s
     163    7.3835882e+03   0.000000e+00   0.000000e+00      0s

Solved in 163 iterations and 0.00 seconds
Optimal objective  7.383588178e+03
Changed value of parameter FeasibilityTol to 0.001
   Prev: 1e-06  Min: 1e-09  Max: 0.01  Default: 1e-06
Changed value of parameter MIPFocus to 2
   Prev: 0  Min: 0  Max: 3  Default: 0
Changed value of parameter Presolve to 0
   Prev: -1  Min: -1  Max: 2  Default: -1
Optimize a model with 54 rows, 300 columns and 2492 nonzeros
Coefficient statistics:
  Matrix range    [1e+00, 2e+01]
  Objective range [7e+00, 4e+03]
  Bounds range    [0e+00, 0e+00]
  RHS range       [1e+00, 2e+01]
Iteration    Objective       Primal Inf.    Dual Inf.      Time
       0    2.6338277e+04   4.393750e+01   0.000000e+00      0s
     145    7.3862776e+03   0.000000e+00   0.000000e+00      0s

Solved in 145 iterations and 0.00 seconds
Optimal objective  7.386277553e+03
Changed value of parameter FeasibilityTol to 0.001
   Prev: 1e-06  Min: 1e-09  Max: 0.01  Default: 1e-06
Changed value of parameter MIPFocus to 2
   Prev: 0  Min: 0  Max: 3  Default: 0
Changed value of parameter Presolve to 0
   Prev: -1  Min: -1  Max: 2  Default: -1
Optimize a model with 54 rows, 304 columns and 2533 nonzeros
Coefficient statistics:
  Matrix range    [1e+00, 2e+01]
  Objective range [7e+00, 4e+03]
  Bounds range    [0e+00, 0e+00]
  RHS range       [1e+00, 2e+01]
Iteration    Objective       Primal Inf.    Dual Inf.      Time
       0    2.6338277e+04   4.393750e+01   0.000000e+00      0s
     152    7.3866038e+03   0.000000e+00   0.000000e+00      0s

Solved in 152 iterations and 0.00 seconds
Optimal objective  7.386603808e+03
Changed value of parameter FeasibilityTol to 0.001
   Prev: 1e-06  Min: 1e-09  Max: 0.01  Default: 1e-06
Changed value of parameter MIPFocus to 2
   Prev: 0  Min: 0  Max: 3  Default: 0
Changed value of parameter Presolve to 0
   Prev: -1  Min: -1  Max: 2  Default: -1
Optimize a model with 54 rows, 309 columns and 2570 nonzeros
Coefficient statistics:
  Matrix range    [1e+00, 2e+01]
  Objective range [7e+00, 4e+03]
  Bounds range    [0e+00, 0e+00]
  RHS range       [1e+00, 2e+01]
Iteration    Objective       Primal Inf.    Dual Inf.      Time
       0    2.6338277e+04   4.393750e+01   0.000000e+00      0s
     168    7.3931308e+03   0.000000e+00   0.000000e+00      0s

Solved in 168 iterations and 0.00 seconds
Optimal objective  7.393130820e+03
Changed value of parameter FeasibilityTol to 0.001
   Prev: 1e-06  Min: 1e-09  Max: 0.01  Default: 1e-06
Changed value of parameter MIPFocus to 2
   Prev: 0  Min: 0  Max: 3  Default: 0
Changed value of parameter Presolve to 0
   Prev: -1  Min: -1  Max: 2  Default: -1
Optimize a model with 54 rows, 316 columns and 2610 nonzeros
Coefficient statistics:
  Matrix range    [1e+00, 2e+01]
  Objective range [7e+00, 4e+03]
  Bounds range    [0e+00, 0e+00]
  RHS range       [1e+00, 2e+01]
Iteration    Objective       Primal Inf.    Dual Inf.      Time
       0    2.6338277e+04   4.393750e+01   0.000000e+00      0s
     177    7.3979964e+03   0.000000e+00   0.000000e+00      0s

Solved in 177 iterations and 0.01 seconds
Optimal objective  7.397996420e+03
Changed value of parameter FeasibilityTol to 0.001
   Prev: 1e-06  Min: 1e-09  Max: 0.01  Default: 1e-06
Changed value of parameter MIPFocus to 2
   Prev: 0  Min: 0  Max: 3  Default: 0
Changed value of parameter Presolve to 0
   Prev: -1  Min: -1  Max: 2  Default: -1
Optimize a model with 54 rows, 321 columns and 2641 nonzeros
Coefficient statistics:
  Matrix range    [1e+00, 2e+01]
  Objective range [7e+00, 4e+03]
  Bounds range    [0e+00, 0e+00]
  RHS range       [1e+00, 2e+01]
Iteration    Objective       Primal Inf.    Dual Inf.      Time
       0    2.6338277e+04   4.393750e+01   0.000000e+00      0s
     173    7.4076799e+03   0.000000e+00   0.000000e+00      0s

Solved in 173 iterations and 0.01 seconds
Optimal objective  7.407679902e+03
Changed value of parameter FeasibilityTol to 0.001
   Prev: 1e-06  Min: 1e-09  Max: 0.01  Default: 1e-06
Changed value of parameter MIPFocus to 2
   Prev: 0  Min: 0  Max: 3  Default: 0
Changed value of parameter Presolve to 0
   Prev: -1  Min: -1  Max: 2  Default: -1
Optimize a model with 54 rows, 326 columns and 2693 nonzeros
Coefficient statistics:
  Matrix range    [1e+00, 2e+01]
  Objective range [7e+00, 4e+03]
  Bounds range    [0e+00, 0e+00]
  RHS range       [1e+00, 2e+01]
Iteration    Objective       Primal Inf.    Dual Inf.      Time
       0    2.6338277e+04   4.393750e+01   0.000000e+00      0s
     165    7.4143863e+03   0.000000e+00   0.000000e+00      0s

Solved in 165 iterations and 0.00 seconds
Optimal objective  7.414386286e+03
Changed value of parameter FeasibilityTol to 0.001
   Prev: 1e-06  Min: 1e-09  Max: 0.01  Default: 1e-06
Changed value of parameter MIPFocus to 2
   Prev: 0  Min: 0  Max: 3  Default: 0
Changed value of parameter Presolve to 0
   Prev: -1  Min: -1  Max: 2  Default: -1
Optimize a model with 54 rows, 331 columns and 2735 nonzeros
Coefficient statistics:
  Matrix range    [1e+00, 2e+01]
  Objective range [7e+00, 4e+03]
  Bounds range    [0e+00, 0e+00]
  RHS range       [1e+00, 2e+01]
Iteration    Objective       Primal Inf.    Dual Inf.      Time
       0    2.6338277e+04   4.393750e+01   0.000000e+00      0s
     170    7.4190412e+03   0.000000e+00   0.000000e+00      0s

Solved in 170 iterations and 0.00 seconds
Optimal objective  7.419041215e+03
Changed value of parameter FeasibilityTol to 0.001
   Prev: 1e-06  Min: 1e-09  Max: 0.01  Default: 1e-06
Changed value of parameter MIPFocus to 2
   Prev: 0  Min: 0  Max: 3  Default: 0
Changed value of parameter Presolve to 0
   Prev: -1  Min: -1  Max: 2  Default: -1
Optimize a model with 54 rows, 336 columns and 2781 nonzeros
Coefficient statistics:
  Matrix range    [1e+00, 2e+01]
  Objective range [7e+00, 4e+03]
  Bounds range    [0e+00, 0e+00]
  RHS range       [1e+00, 2e+01]
Iteration    Objective       Primal Inf.    Dual Inf.      Time
       0    2.6338277e+04   4.393750e+01   0.000000e+00      0s
     178    7.4232930e+03   0.000000e+00   0.000000e+00      0s

Solved in 178 iterations and 0.00 seconds
Optimal objective  7.423293048e+03
Changed value of parameter FeasibilityTol to 0.001
   Prev: 1e-06  Min: 1e-09  Max: 0.01  Default: 1e-06
Changed value of parameter MIPFocus to 2
   Prev: 0  Min: 0  Max: 3  Default: 0
Changed value of parameter Presolve to 0
   Prev: -1  Min: -1  Max: 2  Default: -1
Optimize a model with 54 rows, 338 columns and 2794 nonzeros
Coefficient statistics:
  Matrix range    [1e+00, 2e+01]
  Objective range [7e+00, 4e+03]
  Bounds range    [0e+00, 0e+00]
  RHS range       [1e+00, 2e+01]
Iteration    Objective       Primal Inf.    Dual Inf.      Time
       0    2.6338277e+04   4.393750e+01   0.000000e+00      0s
     176    7.4234622e+03   0.000000e+00   0.000000e+00      0s

Solved in 176 iterations and 0.00 seconds
Optimal objective  7.423462242e+03
Changed value of parameter FeasibilityTol to 0.001
   Prev: 1e-06  Min: 1e-09  Max: 0.01  Default: 1e-06
Changed value of parameter MIPFocus to 2
   Prev: 0  Min: 0  Max: 3  Default: 0
Changed value of parameter Presolve to 0
   Prev: -1  Min: -1  Max: 2  Default: -1
Optimize a model with 54 rows, 344 columns and 2840 nonzeros
Coefficient statistics:
  Matrix range    [1e+00, 2e+01]
  Objective range [7e+00, 4e+03]
  Bounds range    [0e+00, 0e+00]
  RHS range       [1e+00, 2e+01]
Iteration    Objective       Primal Inf.    Dual Inf.      Time
       0    2.6338277e+04   4.393750e+01   0.000000e+00      0s
     191    7.4243138e+03   0.000000e+00   0.000000e+00      0s

Solved in 191 iterations and 0.01 seconds
Optimal objective  7.424313778e+03
Changed value of parameter FeasibilityTol to 0.001
   Prev: 1e-06  Min: 1e-09  Max: 0.01  Default: 1e-06
Changed value of parameter MIPFocus to 2
   Prev: 0  Min: 0  Max: 3  Default: 0
Changed value of parameter Presolve to 0
   Prev: -1  Min: -1  Max: 2  Default: -1
Optimize a model with 54 rows, 347 columns and 2868 nonzeros
Coefficient statistics:
  Matrix range    [1e+00, 2e+01]
  Objective range [7e+00, 4e+03]
  Bounds range    [0e+00, 0e+00]
  RHS range       [1e+00, 2e+01]
Iteration    Objective       Primal Inf.    Dual Inf.      Time
       0    2.6338277e+04   4.393750e+01   0.000000e+00      0s
     191    7.4282166e+03   0.000000e+00   0.000000e+00      0s

Solved in 191 iterations and 0.01 seconds
Optimal objective  7.428216649e+03
Changed value of parameter FeasibilityTol to 0.001
   Prev: 1e-06  Min: 1e-09  Max: 0.01  Default: 1e-06
Changed value of parameter MIPFocus to 2
   Prev: 0  Min: 0  Max: 3  Default: 0
Changed value of parameter Presolve to 0
   Prev: -1  Min: -1  Max: 2  Default: -1
Optimize a model with 54 rows, 350 columns and 2886 nonzeros
Coefficient statistics:
  Matrix range    [1e+00, 2e+01]
  Objective range [7e+00, 4e+03]
  Bounds range    [0e+00, 0e+00]
  RHS range       [1e+00, 2e+01]
Iteration    Objective       Primal Inf.    Dual Inf.      Time
       0    2.6338277e+04   4.393750e+01   0.000000e+00      0s
     192    7.4406713e+03   0.000000e+00   0.000000e+00      0s

Solved in 192 iterations and 0.01 seconds
Optimal objective  7.440671268e+03
Changed value of parameter FeasibilityTol to 0.001
   Prev: 1e-06  Min: 1e-09  Max: 0.01  Default: 1e-06
Changed value of parameter MIPFocus to 2
   Prev: 0  Min: 0  Max: 3  Default: 0
Changed value of parameter Presolve to 0
   Prev: -1  Min: -1  Max: 2  Default: -1
Optimize a model with 54 rows, 356 columns and 2950 nonzeros
Coefficient statistics:
  Matrix range    [1e+00, 2e+01]
  Objective range [7e+00, 4e+03]
  Bounds range    [0e+00, 0e+00]
  RHS range       [1e+00, 2e+01]
Iteration    Objective       Primal Inf.    Dual Inf.      Time
       0    2.6338277e+04   4.393750e+01   0.000000e+00      0s
     170    7.4448299e+03   0.000000e+00   0.000000e+00      0s

Solved in 170 iterations and 0.00 seconds
Optimal objective  7.444829900e+03
Changed value of parameter FeasibilityTol to 0.001
   Prev: 1e-06  Min: 1e-09  Max: 0.01  Default: 1e-06
Changed value of parameter MIPFocus to 2
   Prev: 0  Min: 0  Max: 3  Default: 0
Changed value of parameter Presolve to 0
   Prev: -1  Min: -1  Max: 2  Default: -1
Optimize a model with 54 rows, 358 columns and 2969 nonzeros
Coefficient statistics:
  Matrix range    [1e+00, 2e+01]
  Objective range [7e+00, 4e+03]
  Bounds range    [0e+00, 0e+00]
  RHS range       [1e+00, 2e+01]
Iteration    Objective       Primal Inf.    Dual Inf.      Time
       0    2.6338277e+04   4.393750e+01   0.000000e+00      0s
     189    7.4462827e+03   0.000000e+00   0.000000e+00      0s

Solved in 189 iterations and 0.00 seconds
Optimal objective  7.446282704e+03
Changed value of parameter FeasibilityTol to 0.001
   Prev: 1e-06  Min: 1e-09  Max: 0.01  Default: 1e-06
Changed value of parameter MIPFocus to 2
   Prev: 0  Min: 0  Max: 3  Default: 0
Changed value of parameter Presolve to 0
   Prev: -1  Min: -1  Max: 2  Default: -1
Optimize a model with 54 rows, 362 columns and 2999 nonzeros
Coefficient statistics:
  Matrix range    [1e+00, 2e+01]
  Objective range [7e+00, 4e+03]
  Bounds range    [0e+00, 0e+00]
  RHS range       [1e+00, 2e+01]
Iteration    Objective       Primal Inf.    Dual Inf.      Time
       0    2.6338277e+04   4.393750e+01   0.000000e+00      0s
     191    7.4462827e+03   0.000000e+00   0.000000e+00      0s

Solved in 191 iterations and 0.01 seconds
Optimal objective  7.446282683e+03
Changed value of parameter FeasibilityTol to 0.001
   Prev: 1e-06  Min: 1e-09  Max: 0.01  Default: 1e-06
Changed value of parameter MIPFocus to 2
   Prev: 0  Min: 0  Max: 3  Default: 0
Changed value of parameter Presolve to 0
   Prev: -1  Min: -1  Max: 2  Default: -1
Optimize a model with 54 rows, 367 columns and 3034 nonzeros
Coefficient statistics:
  Matrix range    [1e+00, 2e+01]
  Objective range [7e+00, 4e+03]
  Bounds range    [0e+00, 0e+00]
  RHS range       [1e+00, 2e+01]
Iteration    Objective       Primal Inf.    Dual Inf.      Time
       0    2.6338277e+04   4.393750e+01   0.000000e+00      0s
     177    7.4530646e+03   0.000000e+00   0.000000e+00      0s

Solved in 177 iterations and 0.01 seconds
Optimal objective  7.453064584e+03
Changed value of parameter FeasibilityTol to 0.001
   Prev: 1e-06  Min: 1e-09  Max: 0.01  Default: 1e-06
Changed value of parameter MIPFocus to 2
   Prev: 0  Min: 0  Max: 3  Default: 0
Changed value of parameter Presolve to 0
   Prev: -1  Min: -1  Max: 2  Default: -1
Optimize a model with 54 rows, 372 columns and 3068 nonzeros
Coefficient statistics:
  Matrix range    [1e+00, 2e+01]
  Objective range [7e+00, 4e+03]
  Bounds range    [0e+00, 0e+00]
  RHS range       [1e+00, 2e+01]
Iteration    Objective       Primal Inf.    Dual Inf.      Time
       0    2.6338277e+04   4.393750e+01   0.000000e+00      0s
     197    7.4561194e+03   0.000000e+00   0.000000e+00      0s

Solved in 197 iterations and 0.01 seconds
Optimal objective  7.456119387e+03
Changed value of parameter FeasibilityTol to 0.001
   Prev: 1e-06  Min: 1e-09  Max: 0.01  Default: 1e-06
Changed value of parameter MIPFocus to 2
   Prev: 0  Min: 0  Max: 3  Default: 0
Changed value of parameter Presolve to 0
   Prev: -1  Min: -1  Max: 2  Default: -1
Optimize a model with 54 rows, 379 columns and 3132 nonzeros
Coefficient statistics:
  Matrix range    [1e+00, 2e+01]
  Objective range [7e+00, 4e+03]
  Bounds range    [0e+00, 0e+00]
  RHS range       [1e+00, 2e+01]
Iteration    Objective       Primal Inf.    Dual Inf.      Time
       0    2.6338277e+04   4.393750e+01   0.000000e+00      0s
     181    7.4595552e+03   0.000000e+00   0.000000e+00      0s

Solved in 181 iterations and 0.00 seconds
Optimal objective  7.459555162e+03
Changed value of parameter FeasibilityTol to 0.001
   Prev: 1e-06  Min: 1e-09  Max: 0.01  Default: 1e-06
Changed value of parameter MIPFocus to 2
   Prev: 0  Min: 0  Max: 3  Default: 0
Changed value of parameter Presolve to 0
   Prev: -1  Min: -1  Max: 2  Default: -1
Optimize a model with 54 rows, 383 columns and 3156 nonzeros
Coefficient statistics:
  Matrix range    [1e+00, 2e+01]
  Objective range [7e+00, 4e+03]
  Bounds range    [0e+00, 0e+00]
  RHS range       [1e+00, 2e+01]
Iteration    Objective       Primal Inf.    Dual Inf.      Time
       0    2.6338277e+04   4.393750e+01   0.000000e+00      0s
     186    7.4604665e+03   0.000000e+00   0.000000e+00      0s

Solved in 186 iterations and 0.00 seconds
Optimal objective  7.460466521e+03
Changed value of parameter FeasibilityTol to 0.001
   Prev: 1e-06  Min: 1e-09  Max: 0.01  Default: 1e-06
Changed value of parameter MIPFocus to 2
   Prev: 0  Min: 0  Max: 3  Default: 0
Changed value of parameter Presolve to 0
   Prev: -1  Min: -1  Max: 2  Default: -1
Optimize a model with 54 rows, 388 columns and 3195 nonzeros
Coefficient statistics:
  Matrix range    [1e+00, 2e+01]
  Objective range [7e+00, 4e+03]
  Bounds range    [0e+00, 0e+00]
  RHS range       [1e+00, 2e+01]
Iteration    Objective       Primal Inf.    Dual Inf.      Time
       0    2.6338277e+04   4.393750e+01   0.000000e+00      0s
     181    7.4647618e+03   0.000000e+00   0.000000e+00      0s

Solved in 181 iterations and 0.01 seconds
Optimal objective  7.464761762e+03
Changed value of parameter FeasibilityTol to 0.001
   Prev: 1e-06  Min: 1e-09  Max: 0.01  Default: 1e-06
Changed value of parameter MIPFocus to 2
   Prev: 0  Min: 0  Max: 3  Default: 0
Changed value of parameter Presolve to 0
   Prev: -1  Min: -1  Max: 2  Default: -1
Optimize a model with 54 rows, 390 columns and 3212 nonzeros
Coefficient statistics:
  Matrix range    [1e+00, 2e+01]
  Objective range [7e+00, 4e+03]
  Bounds range    [0e+00, 0e+00]
  RHS range       [1e+00, 2e+01]
Iteration    Objective       Primal Inf.    Dual Inf.      Time
       0    2.6338277e+04   4.393750e+01   0.000000e+00      0s
     172    7.4654149e+03   0.000000e+00   0.000000e+00      0s

Solved in 172 iterations and 0.01 seconds
Optimal objective  7.465414895e+03
Changed value of parameter FeasibilityTol to 0.001
   Prev: 1e-06  Min: 1e-09  Max: 0.01  Default: 1e-06
Changed value of parameter MIPFocus to 2
   Prev: 0  Min: 0  Max: 3  Default: 0
Changed value of parameter Presolve to 0
   Prev: -1  Min: -1  Max: 2  Default: -1
Optimize a model with 54 rows, 394 columns and 3244 nonzeros
Coefficient statistics:
  Matrix range    [1e+00, 2e+01]
  Objective range [7e+00, 4e+03]
  Bounds range    [0e+00, 0e+00]
  RHS range       [1e+00, 2e+01]
Iteration    Objective       Primal Inf.    Dual Inf.      Time
       0    2.6338277e+04   4.393750e+01   0.000000e+00      0s
     178    7.4693713e+03   0.000000e+00   0.000000e+00      0s

Solved in 178 iterations and 0.00 seconds
Optimal objective  7.469371328e+03
Changed value of parameter FeasibilityTol to 0.001
   Prev: 1e-06  Min: 1e-09  Max: 0.01  Default: 1e-06
Changed value of parameter MIPFocus to 2
   Prev: 0  Min: 0  Max: 3  Default: 0
Changed value of parameter Presolve to 0
   Prev: -1  Min: -1  Max: 2  Default: -1
Optimize a model with 54 rows, 399 columns and 3289 nonzeros
Coefficient statistics:
  Matrix range    [1e+00, 2e+01]
  Objective range [7e+00, 4e+03]
  Bounds range    [0e+00, 0e+00]
  RHS range       [1e+00, 2e+01]
Iteration    Objective       Primal Inf.    Dual Inf.      Time
       0    2.6338277e+04   4.393750e+01   0.000000e+00      0s
     186    7.4738319e+03   0.000000e+00   0.000000e+00      0s

Solved in 186 iterations and 0.01 seconds
Optimal objective  7.473831895e+03
Changed value of parameter FeasibilityTol to 0.001
   Prev: 1e-06  Min: 1e-09  Max: 0.01  Default: 1e-06
Changed value of parameter MIPFocus to 2
   Prev: 0  Min: 0  Max: 3  Default: 0
Changed value of parameter Presolve to 0
   Prev: -1  Min: -1  Max: 2  Default: -1
Optimize a model with 54 rows, 403 columns and 3326 nonzeros
Coefficient statistics:
  Matrix range    [1e+00, 2e+01]
  Objective range [7e+00, 4e+03]
  Bounds range    [0e+00, 0e+00]
  RHS range       [1e+00, 2e+01]
Iteration    Objective       Primal Inf.    Dual Inf.      Time
       0    2.6338277e+04   4.393750e+01   0.000000e+00      0s
     214    7.4752072e+03   0.000000e+00   0.000000e+00      0s

Solved in 214 iterations and 0.01 seconds
Optimal objective  7.475207180e+03
Changed value of parameter FeasibilityTol to 0.001
   Prev: 1e-06  Min: 1e-09  Max: 0.01  Default: 1e-06
Changed value of parameter MIPFocus to 2
   Prev: 0  Min: 0  Max: 3  Default: 0
Changed value of parameter Presolve to 0
   Prev: -1  Min: -1  Max: 2  Default: -1
Optimize a model with 54 rows, 406 columns and 3362 nonzeros
Coefficient statistics:
  Matrix range    [1e+00, 2e+01]
  Objective range [7e+00, 4e+03]
  Bounds range    [0e+00, 0e+00]
  RHS range       [1e+00, 2e+01]
Iteration    Objective       Primal Inf.    Dual Inf.      Time
       0    2.6338277e+04   4.393750e+01   0.000000e+00      0s
     205    7.4763010e+03   0.000000e+00   0.000000e+00      0s

Solved in 205 iterations and 0.01 seconds
Optimal objective  7.476300995e+03
Changed value of parameter FeasibilityTol to 0.001
   Prev: 1e-06  Min: 1e-09  Max: 0.01  Default: 1e-06
Changed value of parameter MIPFocus to 2
   Prev: 0  Min: 0  Max: 3  Default: 0
Changed value of parameter Presolve to 0
   Prev: -1  Min: -1  Max: 2  Default: -1
Optimize a model with 54 rows, 411 columns and 3405 nonzeros
Coefficient statistics:
  Matrix range    [1e+00, 2e+01]
  Objective range [7e+00, 4e+03]
  Bounds range    [0e+00, 0e+00]
  RHS range       [1e+00, 2e+01]
Iteration    Objective       Primal Inf.    Dual Inf.      Time
       0    2.6338277e+04   4.393750e+01   0.000000e+00      0s
     214    7.4791982e+03   0.000000e+00   0.000000e+00      0s

Solved in 214 iterations and 0.01 seconds
Optimal objective  7.479198217e+03
Changed value of parameter FeasibilityTol to 0.001
   Prev: 1e-06  Min: 1e-09  Max: 0.01  Default: 1e-06
Changed value of parameter MIPFocus to 2
   Prev: 0  Min: 0  Max: 3  Default: 0
Changed value of parameter Presolve to 0
   Prev: -1  Min: -1  Max: 2  Default: -1
Optimize a model with 54 rows, 415 columns and 3430 nonzeros
Coefficient statistics:
  Matrix range    [1e+00, 2e+01]
  Objective range [7e+00, 4e+03]
  Bounds range    [0e+00, 0e+00]
  RHS range       [1e+00, 2e+01]
Iteration    Objective       Primal Inf.    Dual Inf.      Time
       0    2.6338277e+04   4.393750e+01   0.000000e+00      0s
     201    7.4792096e+03   0.000000e+00   0.000000e+00      0s

Solved in 201 iterations and 0.01 seconds
Optimal objective  7.479209563e+03
Changed value of parameter FeasibilityTol to 0.001
   Prev: 1e-06  Min: 1e-09  Max: 0.01  Default: 1e-06
Changed value of parameter MIPFocus to 2
   Prev: 0  Min: 0  Max: 3  Default: 0
Changed value of parameter Presolve to 0
   Prev: -1  Min: -1  Max: 2  Default: -1
Optimize a model with 54 rows, 418 columns and 3449 nonzeros
Coefficient statistics:
  Matrix range    [1e+00, 2e+01]
  Objective range [7e+00, 4e+03]
  Bounds range    [0e+00, 0e+00]
  RHS range       [1e+00, 2e+01]
Iteration    Objective       Primal Inf.    Dual Inf.      Time
       0    2.6338277e+04   4.393750e+01   0.000000e+00      0s
     199    7.4804208e+03   0.000000e+00   0.000000e+00      0s

Solved in 199 iterations and 0.01 seconds
Optimal objective  7.480420765e+03
Changed value of parameter FeasibilityTol to 0.001
   Prev: 1e-06  Min: 1e-09  Max: 0.01  Default: 1e-06
Changed value of parameter MIPFocus to 2
   Prev: 0  Min: 0  Max: 3  Default: 0
Changed value of parameter Presolve to 0
   Prev: -1  Min: -1  Max: 2  Default: -1
Optimize a model with 54 rows, 420 columns and 3458 nonzeros
Coefficient statistics:
  Matrix range    [1e+00, 2e+01]
  Objective range [7e+00, 4e+03]
  Bounds range    [0e+00, 0e+00]
  RHS range       [1e+00, 2e+01]
Iteration    Objective       Primal Inf.    Dual Inf.      Time
       0    2.6338277e+04   4.393750e+01   0.000000e+00      0s
     201    7.4808320e+03   0.000000e+00   0.000000e+00      0s

Solved in 201 iterations and 0.01 seconds
Optimal objective  7.480831995e+03
Changed value of parameter FeasibilityTol to 0.001
   Prev: 1e-06  Min: 1e-09  Max: 0.01  Default: 1e-06
Changed value of parameter MIPFocus to 2
   Prev: 0  Min: 0  Max: 3  Default: 0
Changed value of parameter Presolve to 0
   Prev: -1  Min: -1  Max: 2  Default: -1
Optimize a model with 54 rows, 421 columns and 3464 nonzeros
Coefficient statistics:
  Matrix range    [1e+00, 2e+01]
  Objective range [7e+00, 4e+03]
  Bounds range    [0e+00, 0e+00]
  RHS range       [1e+00, 2e+01]
Iteration    Objective       Primal Inf.    Dual Inf.      Time
       0    2.6338277e+04   4.393750e+01   0.000000e+00      0s
     202    7.4860205e+03   0.000000e+00   0.000000e+00      0s

Solved in 202 iterations and 0.01 seconds
Optimal objective  7.486020498e+03
Changed value of parameter FeasibilityTol to 0.001
   Prev: 1e-06  Min: 1e-09  Max: 0.01  Default: 1e-06
Changed value of parameter MIPFocus to 2
   Prev: 0  Min: 0  Max: 3  Default: 0
Changed value of parameter Presolve to 0
   Prev: -1  Min: -1  Max: 2  Default: -1
Optimize a model with 54 rows, 424 columns and 3485 nonzeros
Coefficient statistics:
  Matrix range    [1e+00, 2e+01]
  Objective range [7e+00, 4e+03]
  Bounds range    [0e+00, 0e+00]
  RHS range       [1e+00, 2e+01]
Iteration    Objective       Primal Inf.    Dual Inf.      Time
       0    2.6338277e+04   4.393750e+01   0.000000e+00      0s
     209    7.4860439e+03   0.000000e+00   0.000000e+00      0s

Solved in 209 iterations and 0.01 seconds
Optimal objective  7.486043923e+03
Changed value of parameter FeasibilityTol to 0.001
   Prev: 1e-06  Min: 1e-09  Max: 0.01  Default: 1e-06
Changed value of parameter MIPFocus to 2
   Prev: 0  Min: 0  Max: 3  Default: 0
Changed value of parameter Presolve to 0
   Prev: -1  Min: -1  Max: 2  Default: -1
Optimize a model with 54 rows, 426 columns and 3504 nonzeros
Coefficient statistics:
  Matrix range    [1e+00, 2e+01]
  Objective range [7e+00, 4e+03]
  Bounds range    [0e+00, 0e+00]
  RHS range       [1e+00, 2e+01]
Iteration    Objective       Primal Inf.    Dual Inf.      Time
       0    2.6338277e+04   4.393750e+01   0.000000e+00      0s
     195    7.4928211e+03   0.000000e+00   0.000000e+00      0s

Solved in 195 iterations and 0.01 seconds
Optimal objective  7.492821128e+03
Changed value of parameter FeasibilityTol to 0.001
   Prev: 1e-06  Min: 1e-09  Max: 0.01  Default: 1e-06
Changed value of parameter MIPFocus to 2
   Prev: 0  Min: 0  Max: 3  Default: 0
Changed value of parameter Presolve to 0
   Prev: -1  Min: -1  Max: 2  Default: -1
Optimize a model with 54 rows, 431 columns and 3550 nonzeros
Coefficient statistics:
  Matrix range    [1e+00, 2e+01]
  Objective range [7e+00, 4e+03]
  Bounds range    [0e+00, 0e+00]
  RHS range       [1e+00, 2e+01]
Iteration    Objective       Primal Inf.    Dual Inf.      Time
       0    2.6338277e+04   4.393750e+01   0.000000e+00      0s
     194    7.4939158e+03   0.000000e+00   0.000000e+00      0s

Solved in 194 iterations and 0.01 seconds
Optimal objective  7.493915755e+03
Changed value of parameter FeasibilityTol to 0.001
   Prev: 1e-06  Min: 1e-09  Max: 0.01  Default: 1e-06
Changed value of parameter MIPFocus to 2
   Prev: 0  Min: 0  Max: 3  Default: 0
Changed value of parameter Presolve to 0
   Prev: -1  Min: -1  Max: 2  Default: -1
Optimize a model with 54 rows, 433 columns and 3567 nonzeros
Coefficient statistics:
  Matrix range    [1e+00, 2e+01]
  Objective range [7e+00, 4e+03]
  Bounds range    [0e+00, 0e+00]
  RHS range       [1e+00, 2e+01]
Iteration    Objective       Primal Inf.    Dual Inf.      Time
       0    2.6338277e+04   4.393750e+01   0.000000e+00      0s
     191    7.4939151e+03   0.000000e+00   0.000000e+00      0s

Solved in 191 iterations and 0.01 seconds
Optimal objective  7.493915081e+03
Changed value of parameter FeasibilityTol to 0.001
   Prev: 1e-06  Min: 1e-09  Max: 0.01  Default: 1e-06
Changed value of parameter MIPFocus to 2
   Prev: 0  Min: 0  Max: 3  Default: 0
Changed value of parameter Presolve to 0
   Prev: -1  Min: -1  Max: 2  Default: -1
Optimize a model with 54 rows, 436 columns and 3598 nonzeros
Coefficient statistics:
  Matrix range    [1e+00, 2e+01]
  Objective range [7e+00, 4e+03]
  Bounds range    [0e+00, 0e+00]
  RHS range       [1e+00, 2e+01]
Iteration    Objective       Primal Inf.    Dual Inf.      Time
       0    2.6338277e+04   4.393750e+01   0.000000e+00      0s
     195    7.4952780e+03   0.000000e+00   0.000000e+00      0s

Solved in 195 iterations and 0.01 seconds
Optimal objective  7.495277978e+03
Changed value of parameter FeasibilityTol to 0.001
   Prev: 1e-06  Min: 1e-09  Max: 0.01  Default: 1e-06
Changed value of parameter MIPFocus to 2
   Prev: 0  Min: 0  Max: 3  Default: 0
Changed value of parameter Presolve to 0
   Prev: -1  Min: -1  Max: 2  Default: -1
Optimize a model with 54 rows, 440 columns and 3642 nonzeros
Coefficient statistics:
  Matrix range    [1e+00, 2e+01]
  Objective range [7e+00, 4e+03]
  Bounds range    [0e+00, 0e+00]
  RHS range       [1e+00, 2e+01]
Iteration    Objective       Primal Inf.    Dual Inf.      Time
       0    2.6338277e+04   4.393750e+01   0.000000e+00      0s
     187    7.4971306e+03   0.000000e+00   0.000000e+00      0s

Solved in 187 iterations and 0.01 seconds
Optimal objective  7.497130580e+03
Changed value of parameter FeasibilityTol to 0.001
   Prev: 1e-06  Min: 1e-09  Max: 0.01  Default: 1e-06
Changed value of parameter MIPFocus to 2
   Prev: 0  Min: 0  Max: 3  Default: 0
Changed value of parameter Presolve to 0
   Prev: -1  Min: -1  Max: 2  Default: -1
Optimize a model with 54 rows, 442 columns and 3655 nonzeros
Coefficient statistics:
  Matrix range    [1e+00, 2e+01]
  Objective range [7e+00, 4e+03]
  Bounds range    [0e+00, 0e+00]
  RHS range       [1e+00, 2e+01]
Iteration    Objective       Primal Inf.    Dual Inf.      Time
       0    2.6338277e+04   4.393750e+01   0.000000e+00      0s
     194    7.4986934e+03   0.000000e+00   0.000000e+00      0s

Solved in 194 iterations and 0.01 seconds
Optimal objective  7.498693352e+03
Changed value of parameter FeasibilityTol to 0.001
   Prev: 1e-06  Min: 1e-09  Max: 0.01  Default: 1e-06
Changed value of parameter MIPFocus to 2
   Prev: 0  Min: 0  Max: 3  Default: 0
Changed value of parameter Presolve to 0
   Prev: -1  Min: -1  Max: 2  Default: -1
Optimize a model with 54 rows, 446 columns and 3688 nonzeros
Coefficient statistics:
  Matrix range    [1e+00, 2e+01]
  Objective range [7e+00, 4e+03]
  Bounds range    [0e+00, 0e+00]
  RHS range       [1e+00, 2e+01]
Iteration    Objective       Primal Inf.    Dual Inf.      Time
       0    2.6338277e+04   4.393750e+01   0.000000e+00      0s
     185    7.5016655e+03   0.000000e+00   0.000000e+00      0s

Solved in 185 iterations and 0.01 seconds
Optimal objective  7.501665470e+03
Changed value of parameter FeasibilityTol to 0.001
   Prev: 1e-06  Min: 1e-09  Max: 0.01  Default: 1e-06
Changed value of parameter MIPFocus to 2
   Prev: 0  Min: 0  Max: 3  Default: 0
Changed value of parameter Presolve to 0
   Prev: -1  Min: -1  Max: 2  Default: -1
Optimize a model with 54 rows, 451 columns and 3742 nonzeros
Coefficient statistics:
  Matrix range    [1e+00, 2e+01]
  Objective range [7e+00, 4e+03]
  Bounds range    [0e+00, 0e+00]
  RHS range       [1e+00, 2e+01]
Iteration    Objective       Primal Inf.    Dual Inf.      Time
       0    2.6338277e+04   4.393750e+01   0.000000e+00      0s
     175    7.5032011e+03   0.000000e+00   0.000000e+00      0s

Solved in 175 iterations and 0.01 seconds
Optimal objective  7.503201050e+03
Changed value of parameter FeasibilityTol to 0.001
   Prev: 1e-06  Min: 1e-09  Max: 0.01  Default: 1e-06
Changed value of parameter MIPFocus to 2
   Prev: 0  Min: 0  Max: 3  Default: 0
Changed value of parameter Presolve to 0
   Prev: -1  Min: -1  Max: 2  Default: -1
Optimize a model with 54 rows, 456 columns and 3790 nonzeros
Coefficient statistics:
  Matrix range    [1e+00, 2e+01]
  Objective range [7e+00, 4e+03]
  Bounds range    [0e+00, 0e+00]
  RHS range       [1e+00, 2e+01]
Iteration    Objective       Primal Inf.    Dual Inf.      Time
       0    2.6338277e+04   4.393750e+01   0.000000e+00      0s
     174    7.5053282e+03   0.000000e+00   0.000000e+00      0s

Solved in 174 iterations and 0.01 seconds
Optimal objective  7.505328200e+03
Changed value of parameter FeasibilityTol to 0.001
   Prev: 1e-06  Min: 1e-09  Max: 0.01  Default: 1e-06
Changed value of parameter MIPFocus to 2
   Prev: 0  Min: 0  Max: 3  Default: 0
Changed value of parameter Presolve to 0
   Prev: -1  Min: -1  Max: 2  Default: -1
Optimize a model with 54 rows, 461 columns and 3843 nonzeros
Coefficient statistics:
  Matrix range    [1e+00, 2e+01]
  Objective range [7e+00, 4e+03]
  Bounds range    [0e+00, 0e+00]
  RHS range       [1e+00, 2e+01]
Iteration    Objective       Primal Inf.    Dual Inf.      Time
       0    2.6338277e+04   4.393750e+01   0.000000e+00      0s
     173    7.5067656e+03   0.000000e+00   0.000000e+00      0s

Solved in 173 iterations and 0.00 seconds
Optimal objective  7.506765593e+03
Changed value of parameter FeasibilityTol to 0.001
   Prev: 1e-06  Min: 1e-09  Max: 0.01  Default: 1e-06
Changed value of parameter MIPFocus to 2
   Prev: 0  Min: 0  Max: 3  Default: 0
Changed value of parameter Presolve to 0
   Prev: -1  Min: -1  Max: 2  Default: -1
Optimize a model with 54 rows, 463 columns and 3858 nonzeros
Coefficient statistics:
  Matrix range    [1e+00, 2e+01]
  Objective range [7e+00, 4e+03]
  Bounds range    [0e+00, 0e+00]
  RHS range       [1e+00, 2e+01]
Iteration    Objective       Primal Inf.    Dual Inf.      Time
       0    2.6338277e+04   4.393750e+01   0.000000e+00      0s
     212    7.5068312e+03   0.000000e+00   0.000000e+00      0s

Solved in 212 iterations and 0.01 seconds
Optimal objective  7.506831173e+03
Changed value of parameter FeasibilityTol to 0.001
   Prev: 1e-06  Min: 1e-09  Max: 0.01  Default: 1e-06
Changed value of parameter MIPFocus to 2
   Prev: 0  Min: 0  Max: 3  Default: 0
Changed value of parameter Presolve to 0
   Prev: -1  Min: -1  Max: 2  Default: -1
Optimize a model with 54 rows, 468 columns and 3899 nonzeros
Coefficient statistics:
  Matrix range    [1e+00, 2e+01]
  Objective range [7e+00, 4e+03]
  Bounds range    [0e+00, 0e+00]
  RHS range       [1e+00, 2e+01]
Iteration    Objective       Primal Inf.    Dual Inf.      Time
       0    2.6338277e+04   4.393750e+01   0.000000e+00      0s
     221    7.5133391e+03   0.000000e+00   0.000000e+00      0s

Solved in 221 iterations and 0.01 seconds
Optimal objective  7.513339098e+03
Changed value of parameter FeasibilityTol to 0.001
   Prev: 1e-06  Min: 1e-09  Max: 0.01  Default: 1e-06
Changed value of parameter MIPFocus to 2
   Prev: 0  Min: 0  Max: 3  Default: 0
Changed value of parameter Presolve to 0
   Prev: -1  Min: -1  Max: 2  Default: -1
Optimize a model with 54 rows, 473 columns and 3939 nonzeros
Coefficient statistics:
  Matrix range    [1e+00, 2e+01]
  Objective range [7e+00, 4e+03]
  Bounds range    [0e+00, 0e+00]
  RHS range       [1e+00, 2e+01]
Iteration    Objective       Primal Inf.    Dual Inf.      Time
       0    2.6338277e+04   4.393750e+01   0.000000e+00      0s
     217    7.5134446e+03   0.000000e+00   0.000000e+00      0s

Solved in 217 iterations and 0.01 seconds
Optimal objective  7.513444554e+03
Changed value of parameter FeasibilityTol to 0.001
   Prev: 1e-06  Min: 1e-09  Max: 0.01  Default: 1e-06
Changed value of parameter MIPFocus to 2
   Prev: 0  Min: 0  Max: 3  Default: 0
Changed value of parameter Presolve to 0
   Prev: -1  Min: -1  Max: 2  Default: -1
Optimize a model with 54 rows, 477 columns and 3979 nonzeros
Coefficient statistics:
  Matrix range    [1e+00, 2e+01]
  Objective range [7e+00, 4e+03]
  Bounds range    [0e+00, 0e+00]
  RHS range       [1e+00, 2e+01]
Iteration    Objective       Primal Inf.    Dual Inf.      Time
       0    2.6338277e+04   4.393750e+01   0.000000e+00      0s
     211    7.5152782e+03   0.000000e+00   0.000000e+00      0s

Solved in 211 iterations and 0.01 seconds
Optimal objective  7.515278157e+03
Changed value of parameter FeasibilityTol to 0.001
   Prev: 1e-06  Min: 1e-09  Max: 0.01  Default: 1e-06
Changed value of parameter MIPFocus to 2
   Prev: 0  Min: 0  Max: 3  Default: 0
Changed value of parameter Presolve to 0
   Prev: -1  Min: -1  Max: 2  Default: -1
Optimize a model with 54 rows, 481 columns and 4014 nonzeros
Coefficient statistics:
  Matrix range    [1e+00, 2e+01]
  Objective range [7e+00, 4e+03]
  Bounds range    [0e+00, 0e+00]
  RHS range       [1e+00, 2e+01]
Iteration    Objective       Primal Inf.    Dual Inf.      Time
       0    2.6338277e+04   4.393750e+01   0.000000e+00      0s
     231    7.5152785e+03   0.000000e+00   0.000000e+00      0s

Solved in 231 iterations and 0.01 seconds
Optimal objective  7.515278537e+03
Changed value of parameter FeasibilityTol to 0.001
   Prev: 1e-06  Min: 1e-09  Max: 0.01  Default: 1e-06
Changed value of parameter MIPFocus to 2
   Prev: 0  Min: 0  Max: 3  Default: 0
Changed value of parameter Presolve to 0
   Prev: -1  Min: -1  Max: 2  Default: -1
Optimize a model with 54 rows, 483 columns and 4033 nonzeros
Coefficient statistics:
  Matrix range    [1e+00, 2e+01]
  Objective range [7e+00, 4e+03]
  Bounds range    [0e+00, 0e+00]
  RHS range       [1e+00, 2e+01]
Iteration    Objective       Primal Inf.    Dual Inf.      Time
       0    2.6338277e+04   4.393750e+01   0.000000e+00      0s
     219    7.5152785e+03   0.000000e+00   0.000000e+00      0s

Solved in 219 iterations and 0.01 seconds
Optimal objective  7.515278537e+03
Changed value of parameter FeasibilityTol to 0.001
   Prev: 1e-06  Min: 1e-09  Max: 0.01  Default: 1e-06
Changed value of parameter MIPFocus to 2
   Prev: 0  Min: 0  Max: 3  Default: 0
Changed value of parameter Presolve to 0
   Prev: -1  Min: -1  Max: 2  Default: -1
Optimize a model with 54 rows, 486 columns and 4062 nonzeros
Coefficient statistics:
  Matrix range    [1e+00, 2e+01]
  Objective range [7e+00, 4e+03]
  Bounds range    [0e+00, 0e+00]
  RHS range       [1e+00, 2e+01]
Iteration    Objective       Primal Inf.    Dual Inf.      Time
       0    2.6338277e+04   4.393750e+01   0.000000e+00      0s
     211    7.5154039e+03   0.000000e+00   0.000000e+00      0s

Solved in 211 iterations and 0.01 seconds
Optimal objective  7.515403901e+03
Changed value of parameter FeasibilityTol to 0.001
   Prev: 1e-06  Min: 1e-09  Max: 0.01  Default: 1e-06
Changed value of parameter MIPFocus to 2
   Prev: 0  Min: 0  Max: 3  Default: 0
Changed value of parameter Presolve to 0
   Prev: -1  Min: -1  Max: 2  Default: -1
Optimize a model with 54 rows, 491 columns and 4112 nonzeros
Coefficient statistics:
  Matrix range    [1e+00, 2e+01]
  Objective range [7e+00, 4e+03]
  Bounds range    [0e+00, 0e+00]
  RHS range       [1e+00, 2e+01]
Iteration    Objective       Primal Inf.    Dual Inf.      Time
       0    2.6338277e+04   4.393750e+01   0.000000e+00      0s
     227    7.5165335e+03   0.000000e+00   0.000000e+00      0s

Solved in 227 iterations and 0.01 seconds
Optimal objective  7.516533466e+03
Changed value of parameter FeasibilityTol to 0.001
   Prev: 1e-06  Min: 1e-09  Max: 0.01  Default: 1e-06
Changed value of parameter MIPFocus to 2
   Prev: 0  Min: 0  Max: 3  Default: 0
Changed value of parameter Presolve to 0
   Prev: -1  Min: -1  Max: 2  Default: -1
Optimize a model with 54 rows, 497 columns and 4158 nonzeros
Coefficient statistics:
  Matrix range    [1e+00, 2e+01]
  Objective range [7e+00, 4e+03]
  Bounds range    [0e+00, 0e+00]
  RHS range       [1e+00, 2e+01]
Iteration    Objective       Primal Inf.    Dual Inf.      Time
       0    2.6338277e+04   4.393750e+01   0.000000e+00      0s
     230    7.5225303e+03   0.000000e+00   0.000000e+00      0s

Solved in 230 iterations and 0.01 seconds
Optimal objective  7.522530284e+03
Changed value of parameter FeasibilityTol to 0.001
   Prev: 1e-06  Min: 1e-09  Max: 0.01  Default: 1e-06
Changed value of parameter MIPFocus to 2
   Prev: 0  Min: 0  Max: 3  Default: 0
Changed value of parameter Presolve to 0
   Prev: -1  Min: -1  Max: 2  Default: -1
Optimize a model with 54 rows, 499 columns and 4173 nonzeros
Coefficient statistics:
  Matrix range    [1e+00, 2e+01]
  Objective range [7e+00, 4e+03]
  Bounds range    [0e+00, 0e+00]
  RHS range       [1e+00, 2e+01]
Iteration    Objective       Primal Inf.    Dual Inf.      Time
       0    2.6338277e+04   4.393750e+01   0.000000e+00      0s
     236    7.5225313e+03   0.000000e+00   0.000000e+00      0s

Solved in 236 iterations and 0.01 seconds
Optimal objective  7.522531297e+03
Changed value of parameter FeasibilityTol to 0.001
   Prev: 1e-06  Min: 1e-09  Max: 0.01  Default: 1e-06
Changed value of parameter MIPFocus to 2
   Prev: 0  Min: 0  Max: 3  Default: 0
Changed value of parameter Presolve to 0
   Prev: -1  Min: -1  Max: 2  Default: -1
Optimize a model with 54 rows, 501 columns and 4187 nonzeros
Coefficient statistics:
  Matrix range    [1e+00, 2e+01]
  Objective range [7e+00, 4e+03]
  Bounds range    [0e+00, 0e+00]
  RHS range       [1e+00, 2e+01]
Iteration    Objective       Primal Inf.    Dual Inf.      Time
       0    2.6338277e+04   4.393750e+01   0.000000e+00      0s
     227    7.5225308e+03   0.000000e+00   0.000000e+00      0s

Solved in 227 iterations and 0.01 seconds
Optimal objective  7.522530829e+03
Changed value of parameter FeasibilityTol to 0.001
   Prev: 1e-06  Min: 1e-09  Max: 0.01  Default: 1e-06
Changed value of parameter MIPFocus to 2
   Prev: 0  Min: 0  Max: 3  Default: 0
Changed value of parameter Presolve to 0
   Prev: -1  Min: -1  Max: 2  Default: -1
Optimize a model with 54 rows, 502 columns and 4198 nonzeros
Coefficient statistics:
  Matrix range    [1e+00, 2e+01]
  Objective range [7e+00, 4e+03]
  Bounds range    [0e+00, 0e+00]
  RHS range       [1e+00, 2e+01]
Iteration    Objective       Primal Inf.    Dual Inf.      Time
       0    2.6338277e+04   4.393750e+01   0.000000e+00      0s
     221    7.5226125e+03   0.000000e+00   0.000000e+00      0s

Solved in 221 iterations and 0.01 seconds
Optimal objective  7.522612534e+03
Changed value of parameter FeasibilityTol to 0.001
   Prev: 1e-06  Min: 1e-09  Max: 0.01  Default: 1e-06
Changed value of parameter MIPFocus to 2
   Prev: 0  Min: 0  Max: 3  Default: 0
Changed value of parameter Presolve to 0
   Prev: -1  Min: -1  Max: 2  Default: -1
Optimize a model with 54 rows, 504 columns and 4215 nonzeros
Coefficient statistics:
  Matrix range    [1e+00, 2e+01]
  Objective range [7e+00, 4e+03]
  Bounds range    [0e+00, 0e+00]
  RHS range       [1e+00, 2e+01]
Iteration    Objective       Primal Inf.    Dual Inf.      Time
       0    2.6338277e+04   4.393750e+01   0.000000e+00      0s
     224    7.5234325e+03   0.000000e+00   0.000000e+00      0s

Solved in 224 iterations and 0.01 seconds
Optimal objective  7.523432464e+03
Changed value of parameter FeasibilityTol to 0.001
   Prev: 1e-06  Min: 1e-09  Max: 0.01  Default: 1e-06
Changed value of parameter MIPFocus to 2
   Prev: 0  Min: 0  Max: 3  Default: 0
Changed value of parameter Presolve to 0
   Prev: -1  Min: -1  Max: 2  Default: -1
Optimize a model with 54 rows, 507 columns and 4241 nonzeros
Coefficient statistics:
  Matrix range    [1e+00, 2e+01]
  Objective range [7e+00, 4e+03]
  Bounds range    [0e+00, 0e+00]
  RHS range       [1e+00, 2e+01]
Iteration    Objective       Primal Inf.    Dual Inf.      Time
       0    2.6338277e+04   4.393750e+01   0.000000e+00      0s
     199    7.5235051e+03   0.000000e+00   0.000000e+00      0s

Solved in 199 iterations and 0.01 seconds
Optimal objective  7.523505149e+03
Changed value of parameter FeasibilityTol to 0.001
   Prev: 1e-06  Min: 1e-09  Max: 0.01  Default: 1e-06
Changed value of parameter MIPFocus to 2
   Prev: 0  Min: 0  Max: 3  Default: 0
Changed value of parameter Presolve to 0
   Prev: -1  Min: -1  Max: 2  Default: -1
Optimize a model with 54 rows, 513 columns and 4297 nonzeros
Coefficient statistics:
  Matrix range    [1e+00, 2e+01]
  Objective range [7e+00, 4e+03]
  Bounds range    [0e+00, 0e+00]
  RHS range       [1e+00, 2e+01]
Iteration    Objective       Primal Inf.    Dual Inf.      Time
       0    2.6338277e+04   4.393750e+01   0.000000e+00      0s
     225    7.5239908e+03   0.000000e+00   0.000000e+00      0s

Solved in 225 iterations and 0.01 seconds
Optimal objective  7.523990759e+03
Changed value of parameter FeasibilityTol to 0.001
   Prev: 1e-06  Min: 1e-09  Max: 0.01  Default: 1e-06
Changed value of parameter MIPFocus to 2
   Prev: 0  Min: 0  Max: 3  Default: 0
Changed value of parameter Presolve to 0
   Prev: -1  Min: -1  Max: 2  Default: -1
Optimize a model with 54 rows, 514 columns and 4302 nonzeros
Coefficient statistics:
  Matrix range    [1e+00, 2e+01]
  Objective range [7e+00, 4e+03]
  Bounds range    [0e+00, 0e+00]
  RHS range       [1e+00, 2e+01]
Iteration    Objective       Primal Inf.    Dual Inf.      Time
       0    2.6338277e+04   4.393750e+01   0.000000e+00      0s
     223    7.5239908e+03   0.000000e+00   0.000000e+00      0s

Solved in 223 iterations and 0.01 seconds
Optimal objective  7.523990759e+03
Changed value of parameter FeasibilityTol to 0.001
   Prev: 1e-06  Min: 1e-09  Max: 0.01  Default: 1e-06
Changed value of parameter MIPFocus to 2
   Prev: 0  Min: 0  Max: 3  Default: 0
Changed value of parameter Presolve to 0
   Prev: -1  Min: -1  Max: 2  Default: -1
Optimize a model with 54 rows, 516 columns and 4313 nonzeros
Coefficient statistics:
  Matrix range    [1e+00, 2e+01]
  Objective range [7e+00, 4e+03]
  Bounds range    [0e+00, 0e+00]
  RHS range       [1e+00, 2e+01]
Iteration    Objective       Primal Inf.    Dual Inf.      Time
       0    2.6338277e+04   4.393750e+01   0.000000e+00      0s
     219    7.5259167e+03   0.000000e+00   0.000000e+00      0s

Solved in 219 iterations and 0.01 seconds
Optimal objective  7.525916701e+03
Changed value of parameter FeasibilityTol to 0.001
   Prev: 1e-06  Min: 1e-09  Max: 0.01  Default: 1e-06
Changed value of parameter MIPFocus to 2
   Prev: 0  Min: 0  Max: 3  Default: 0
Changed value of parameter Presolve to 0
   Prev: -1  Min: -1  Max: 2  Default: -1
Optimize a model with 54 rows, 517 columns and 4318 nonzeros
Coefficient statistics:
  Matrix range    [1e+00, 2e+01]
  Objective range [7e+00, 4e+03]
  Bounds range    [0e+00, 0e+00]
  RHS range       [1e+00, 2e+01]
Iteration    Objective       Primal Inf.    Dual Inf.      Time
       0    2.6338277e+04   4.393750e+01   0.000000e+00      0s
     219    7.5259167e+03   0.000000e+00   0.000000e+00      0s

Solved in 219 iterations and 0.01 seconds
Optimal objective  7.525916701e+03
Changed value of parameter FeasibilityTol to 0.001
   Prev: 1e-06  Min: 1e-09  Max: 0.01  Default: 1e-06
Changed value of parameter MIPFocus to 2
   Prev: 0  Min: 0  Max: 3  Default: 0
Changed value of parameter Presolve to 0
   Prev: -1  Min: -1  Max: 2  Default: -1
Optimize a model with 54 rows, 519 columns and 4331 nonzeros
Coefficient statistics:
  Matrix range    [1e+00, 2e+01]
  Objective range [7e+00, 4e+03]
  Bounds range    [0e+00, 0e+00]
  RHS range       [1e+00, 2e+01]
Iteration    Objective       Primal Inf.    Dual Inf.      Time
       0    2.6338277e+04   4.393750e+01   0.000000e+00      0s
     216    7.5259167e+03   0.000000e+00   0.000000e+00      0s

Solved in 216 iterations and 0.01 seconds
Optimal objective  7.525916701e+03
Changed value of parameter FeasibilityTol to 0.001
   Prev: 1e-06  Min: 1e-09  Max: 0.01  Default: 1e-06
Changed value of parameter MIPFocus to 2
   Prev: 0  Min: 0  Max: 3  Default: 0
Changed value of parameter Presolve to 0
   Prev: -1  Min: -1  Max: 2  Default: -1
Optimize a model with 54 rows, 523 columns and 4367 nonzeros
Coefficient statistics:
  Matrix range    [1e+00, 2e+01]
  Objective range [7e+00, 4e+03]
  Bounds range    [0e+00, 0e+00]
  RHS range       [1e+00, 2e+01]
Iteration    Objective       Primal Inf.    Dual Inf.      Time
       0    2.6338277e+04   4.393750e+01   0.000000e+00      0s
     217    7.5262005e+03   0.000000e+00   0.000000e+00      0s

Solved in 217 iterations and 0.01 seconds
Optimal objective  7.526200477e+03
Changed value of parameter FeasibilityTol to 0.001
   Prev: 1e-06  Min: 1e-09  Max: 0.01  Default: 1e-06
Changed value of parameter MIPFocus to 2
   Prev: 0  Min: 0  Max: 3  Default: 0
Changed value of parameter Presolve to 0
   Prev: -1  Min: -1  Max: 2  Default: -1
Optimize a model with 54 rows, 528 columns and 4411 nonzeros
Coefficient statistics:
  Matrix range    [1e+00, 2e+01]
  Objective range [7e+00, 4e+03]
  Bounds range    [0e+00, 0e+00]
  RHS range       [1e+00, 2e+01]
Iteration    Objective       Primal Inf.    Dual Inf.      Time
       0    2.6338277e+04   4.393750e+01   0.000000e+00      0s
     191    7.5262005e+03   0.000000e+00   0.000000e+00      0s

Solved in 191 iterations and 0.01 seconds
Optimal objective  7.526200477e+03
Changed value of parameter FeasibilityTol to 0.001
   Prev: 1e-06  Min: 1e-09  Max: 0.01  Default: 1e-06
Changed value of parameter MIPFocus to 2
   Prev: 0  Min: 0  Max: 3  Default: 0
Changed value of parameter Presolve to 0
   Prev: -1  Min: -1  Max: 2  Default: -1
Optimize a model with 54 rows, 532 columns and 4443 nonzeros
Coefficient statistics:
  Matrix range    [1e+00, 2e+01]
  Objective range [7e+00, 4e+03]
  Bounds range    [0e+00, 0e+00]
  RHS range       [1e+00, 2e+01]
Iteration    Objective       Primal Inf.    Dual Inf.      Time
       0    2.6338277e+04   4.393750e+01   0.000000e+00      0s
     197    7.5264163e+03   0.000000e+00   0.000000e+00      0s

Solved in 197 iterations and 0.01 seconds
Optimal objective  7.526416278e+03
Changed value of parameter FeasibilityTol to 0.001
   Prev: 1e-06  Min: 1e-09  Max: 0.01  Default: 1e-06
Changed value of parameter MIPFocus to 2
   Prev: 0  Min: 0  Max: 3  Default: 0
Changed value of parameter Presolve to 0
   Prev: -1  Min: -1  Max: 2  Default: -1
Optimize a model with 54 rows, 534 columns and 4457 nonzeros
Coefficient statistics:
  Matrix range    [1e+00, 2e+01]
  Objective range [7e+00, 4e+03]
  Bounds range    [0e+00, 0e+00]
  RHS range       [1e+00, 2e+01]
Iteration    Objective       Primal Inf.    Dual Inf.      Time
       0    2.6338277e+04   4.393750e+01   0.000000e+00      0s
     200    7.5264163e+03   0.000000e+00   0.000000e+00      0s

Solved in 200 iterations and 0.01 seconds
Optimal objective  7.526416278e+03
Changed value of parameter FeasibilityTol to 0.001
   Prev: 1e-06  Min: 1e-09  Max: 0.01  Default: 1e-06
Changed value of parameter MIPFocus to 2
   Prev: 0  Min: 0  Max: 3  Default: 0
Changed value of parameter Presolve to 0
   Prev: -1  Min: -1  Max: 2  Default: -1
Optimize a model with 54 rows, 534 columns and 4457 nonzeros
Coefficient statistics:
  Matrix range    [1e+00, 2e+01]
  Objective range [7e+00, 4e+03]
  Bounds range    [0e+00, 0e+00]
  RHS range       [1e+00, 2e+01]
Iteration    Objective       Primal Inf.    Dual Inf.      Time
       0    2.6338277e+04   4.393750e+01   0.000000e+00      0s
     200    7.5264163e+03   0.000000e+00   0.000000e+00      0s

Solved in 200 iterations and 0.01 seconds
Optimal objective  7.526416278e+03
Optimize a model with 54 rows, 534 columns and 4457 nonzeros
Coefficient statistics:
  Matrix range    [1e+00, 2e+01]
  Objective range [7e+00, 4e+03]
  Bounds range    [0e+00, 0e+00]
  RHS range       [1e+00, 2e+01]
Found heuristic solution: objective -1102.49
Variable types: 0 continuous, 534 integer (0 binary)

Root relaxation: objective 7.526416e+03, 234 iterations, 0.01 seconds

    Nodes    |    Current Node    |     Objective Bounds      |     Work
 Expl Unexpl |  Obj  Depth IntInf | Incumbent    BestBd   Gap | It/Node Time

     0     0 7526.41628    0   27 -1102.4861 7526.41628   783%     -    0s
H    0     0                    5107.5304265 7526.41628  47.4%     -    0s
H    0     0                    6767.1134650 7526.41628  11.2%     -    0s
H    0     0                    7296.8846973 7526.41628  3.15%     -    0s
H    0     0                    7318.0932766 7526.41628  2.85%     -    0s
     0     0 7470.21287    0   39 7318.09328 7470.21287  2.08%     -    0s
     0     0 7468.78450    0   38 7318.09328 7468.78450  2.06%     -    0s
     0     0 7440.59012    0   47 7318.09328 7440.59012  1.67%     -    0s
     0     0 7429.49330    0   51 7318.09328 7429.49330  1.52%     -    0s
     0     0 7429.35322    0   50 7318.09328 7429.35322  1.52%     -    0s
     0     0 7424.21153    0   55 7318.09328 7424.21153  1.45%     -    0s
     0     0 7419.06363    0   51 7318.09328 7419.06363  1.38%     -    0s
     0     0 7418.71618    0   54 7318.09328 7418.71618  1.37%     -    0s
     0     0 7416.65046    0   57 7318.09328 7416.65046  1.35%     -    0s
H    0     0                    7416.5700388 7416.65046  0.00%     -    0s

Cutting planes:
  Gomory: 10
  MIR: 26
  Zero half: 1

Explored 0 nodes (845 simplex iterations) in 0.51 seconds
Thread count was 4 (of 4 available processors)

Optimal solution found (tolerance 1.00e-04)
Best objective 7.416570038839e+03, best bound 7.416650463583e+03, gap 0.0011%
