Changed value of parameter FeasibilityTol to 0.001
   Prev: 1e-06  Min: 1e-09  Max: 0.01  Default: 1e-06
Changed value of parameter MIPFocus to 2
   Prev: 0  Min: 0  Max: 3  Default: 0
Changed value of parameter Presolve to 0
   Prev: -1  Min: -1  Max: 2  Default: -1
Optimize a model with 42 rows, 25 columns and 207 nonzeros
Coefficient statistics:
  Matrix range    [1e+00, 2e+01]
  Objective range [1e+02, 4e+03]
  Bounds range    [0e+00, 0e+00]
  RHS range       [1e+00, 2e+01]
Iteration    Objective       Primal Inf.    Dual Inf.      Time
       0    2.4344323e+04   4.950000e+01   0.000000e+00      0s
      11    4.7263825e+03   0.000000e+00   0.000000e+00      0s

Solved in 11 iterations and 0.00 seconds
Optimal objective  4.726382521e+03
Changed value of parameter FeasibilityTol to 0.001
   Prev: 1e-06  Min: 1e-09  Max: 0.01  Default: 1e-06
Changed value of parameter MIPFocus to 2
   Prev: 0  Min: 0  Max: 3  Default: 0
Changed value of parameter Presolve to 0
   Prev: -1  Min: -1  Max: 2  Default: -1
Optimize a model with 42 rows, 31 columns and 283 nonzeros
Coefficient statistics:
  Matrix range    [1e+00, 2e+01]
  Objective range [1e+02, 4e+03]
  Bounds range    [0e+00, 0e+00]
  RHS range       [1e+00, 2e+01]
Iteration    Objective       Primal Inf.    Dual Inf.      Time
       0    2.4344323e+04   4.950000e+01   0.000000e+00      0s
      18    4.7263825e+03   0.000000e+00   0.000000e+00      0s

Solved in 18 iterations and 0.00 seconds
Optimal objective  4.726382521e+03
Changed value of parameter FeasibilityTol to 0.001
   Prev: 1e-06  Min: 1e-09  Max: 0.01  Default: 1e-06
Changed value of parameter MIPFocus to 2
   Prev: 0  Min: 0  Max: 3  Default: 0
Changed value of parameter Presolve to 0
   Prev: -1  Min: -1  Max: 2  Default: -1
Optimize a model with 42 rows, 34 columns and 320 nonzeros
Coefficient statistics:
  Matrix range    [1e+00, 2e+01]
  Objective range [1e+02, 4e+03]
  Bounds range    [0e+00, 0e+00]
  RHS range       [1e+00, 2e+01]
Iteration    Objective       Primal Inf.    Dual Inf.      Time
       0    2.4344323e+04   4.950000e+01   0.000000e+00      0s
      22    4.7263825e+03   0.000000e+00   0.000000e+00      0s

Solved in 22 iterations and 0.00 seconds
Optimal objective  4.726382521e+03
Changed value of parameter FeasibilityTol to 0.001
   Prev: 1e-06  Min: 1e-09  Max: 0.01  Default: 1e-06
Changed value of parameter MIPFocus to 2
   Prev: 0  Min: 0  Max: 3  Default: 0
Changed value of parameter Presolve to 0
   Prev: -1  Min: -1  Max: 2  Default: -1
Optimize a model with 42 rows, 41 columns and 384 nonzeros
Coefficient statistics:
  Matrix range    [1e+00, 2e+01]
  Objective range [1e+02, 4e+03]
  Bounds range    [0e+00, 0e+00]
  RHS range       [1e+00, 2e+01]
Iteration    Objective       Primal Inf.    Dual Inf.      Time
       0    2.4344323e+04   4.950000e+01   0.000000e+00      0s
      31    4.7263825e+03   0.000000e+00   0.000000e+00      0s

Solved in 31 iterations and 0.00 seconds
Optimal objective  4.726382521e+03
Changed value of parameter FeasibilityTol to 0.001
   Prev: 1e-06  Min: 1e-09  Max: 0.01  Default: 1e-06
Changed value of parameter MIPFocus to 2
   Prev: 0  Min: 0  Max: 3  Default: 0
Changed value of parameter Presolve to 0
   Prev: -1  Min: -1  Max: 2  Default: -1
Optimize a model with 42 rows, 46 columns and 423 nonzeros
Coefficient statistics:
  Matrix range    [1e+00, 2e+01]
  Objective range [1e+02, 4e+03]
  Bounds range    [0e+00, 0e+00]
  RHS range       [1e+00, 2e+01]
Iteration    Objective       Primal Inf.    Dual Inf.      Time
       0    2.4344323e+04   4.950000e+01   0.000000e+00      0s
      35    4.7263825e+03   0.000000e+00   0.000000e+00      0s

Solved in 35 iterations and 0.00 seconds
Optimal objective  4.726382521e+03
Changed value of parameter FeasibilityTol to 0.001
   Prev: 1e-06  Min: 1e-09  Max: 0.01  Default: 1e-06
Changed value of parameter MIPFocus to 2
   Prev: 0  Min: 0  Max: 3  Default: 0
Changed value of parameter Presolve to 0
   Prev: -1  Min: -1  Max: 2  Default: -1
Optimize a model with 42 rows, 53 columns and 503 nonzeros
Coefficient statistics:
  Matrix range    [1e+00, 2e+01]
  Objective range [1e+02, 4e+03]
  Bounds range    [0e+00, 0e+00]
  RHS range       [1e+00, 2e+01]
Iteration    Objective       Primal Inf.    Dual Inf.      Time
       0    2.4344323e+04   4.950000e+01   0.000000e+00      0s
      44    4.7263825e+03   0.000000e+00   0.000000e+00      0s

Solved in 44 iterations and 0.00 seconds
Optimal objective  4.726382521e+03
Changed value of parameter FeasibilityTol to 0.001
   Prev: 1e-06  Min: 1e-09  Max: 0.01  Default: 1e-06
Changed value of parameter MIPFocus to 2
   Prev: 0  Min: 0  Max: 3  Default: 0
Changed value of parameter Presolve to 0
   Prev: -1  Min: -1  Max: 2  Default: -1
Optimize a model with 42 rows, 60 columns and 570 nonzeros
Coefficient statistics:
  Matrix range    [1e+00, 2e+01]
  Objective range [1e+02, 4e+03]
  Bounds range    [0e+00, 0e+00]
  RHS range       [1e+00, 2e+01]
Iteration    Objective       Primal Inf.    Dual Inf.      Time
       0    2.4344323e+04   4.950000e+01   0.000000e+00      0s
      59    4.7263825e+03   0.000000e+00   0.000000e+00      0s

Solved in 59 iterations and 0.00 seconds
Optimal objective  4.726382521e+03
Changed value of parameter FeasibilityTol to 0.001
   Prev: 1e-06  Min: 1e-09  Max: 0.01  Default: 1e-06
Changed value of parameter MIPFocus to 2
   Prev: 0  Min: 0  Max: 3  Default: 0
Changed value of parameter Presolve to 0
   Prev: -1  Min: -1  Max: 2  Default: -1
Optimize a model with 42 rows, 65 columns and 608 nonzeros
Coefficient statistics:
  Matrix range    [1e+00, 2e+01]
  Objective range [1e+02, 4e+03]
  Bounds range    [0e+00, 0e+00]
  RHS range       [1e+00, 2e+01]
Iteration    Objective       Primal Inf.    Dual Inf.      Time
       0    2.4344323e+04   4.950000e+01   0.000000e+00      0s
      76    4.7527685e+03   0.000000e+00   0.000000e+00      0s

Solved in 76 iterations and 0.00 seconds
Optimal objective  4.752768492e+03
Changed value of parameter FeasibilityTol to 0.001
   Prev: 1e-06  Min: 1e-09  Max: 0.01  Default: 1e-06
Changed value of parameter MIPFocus to 2
   Prev: 0  Min: 0  Max: 3  Default: 0
Changed value of parameter Presolve to 0
   Prev: -1  Min: -1  Max: 2  Default: -1
Optimize a model with 42 rows, 70 columns and 652 nonzeros
Coefficient statistics:
  Matrix range    [1e+00, 2e+01]
  Objective range [6e+01, 4e+03]
  Bounds range    [0e+00, 0e+00]
  RHS range       [1e+00, 2e+01]
Iteration    Objective       Primal Inf.    Dual Inf.      Time
       0    2.4344323e+04   4.950000e+01   0.000000e+00      0s
      75    4.8233629e+03   0.000000e+00   0.000000e+00      0s

Solved in 75 iterations and 0.00 seconds
Optimal objective  4.823362880e+03
Changed value of parameter FeasibilityTol to 0.001
   Prev: 1e-06  Min: 1e-09  Max: 0.01  Default: 1e-06
Changed value of parameter MIPFocus to 2
   Prev: 0  Min: 0  Max: 3  Default: 0
Changed value of parameter Presolve to 0
   Prev: -1  Min: -1  Max: 2  Default: -1
Optimize a model with 42 rows, 77 columns and 703 nonzeros
Coefficient statistics:
  Matrix range    [1e+00, 2e+01]
  Objective range [4e+01, 4e+03]
  Bounds range    [0e+00, 0e+00]
  RHS range       [1e+00, 2e+01]
Iteration    Objective       Primal Inf.    Dual Inf.      Time
       0    2.4344323e+04   4.950000e+01   0.000000e+00      0s
      72    4.8917523e+03   0.000000e+00   0.000000e+00      0s

Solved in 72 iterations and 0.00 seconds
Optimal objective  4.891752337e+03
Changed value of parameter FeasibilityTol to 0.001
   Prev: 1e-06  Min: 1e-09  Max: 0.01  Default: 1e-06
Changed value of parameter MIPFocus to 2
   Prev: 0  Min: 0  Max: 3  Default: 0
Changed value of parameter Presolve to 0
   Prev: -1  Min: -1  Max: 2  Default: -1
Optimize a model with 42 rows, 83 columns and 736 nonzeros
Coefficient statistics:
  Matrix range    [1e+00, 2e+01]
  Objective range [4e-01, 4e+03]
  Bounds range    [0e+00, 0e+00]
  RHS range       [1e+00, 2e+01]
Iteration    Objective       Primal Inf.    Dual Inf.      Time
       0    2.4344323e+04   4.950000e+01   0.000000e+00      0s
      68    5.0143557e+03   0.000000e+00   0.000000e+00      0s

Solved in 68 iterations and 0.00 seconds
Optimal objective  5.014355719e+03
Changed value of parameter FeasibilityTol to 0.001
   Prev: 1e-06  Min: 1e-09  Max: 0.01  Default: 1e-06
Changed value of parameter MIPFocus to 2
   Prev: 0  Min: 0  Max: 3  Default: 0
Changed value of parameter Presolve to 0
   Prev: -1  Min: -1  Max: 2  Default: -1
Optimize a model with 42 rows, 89 columns and 773 nonzeros
Coefficient statistics:
  Matrix range    [1e+00, 2e+01]
  Objective range [4e-01, 4e+03]
  Bounds range    [0e+00, 0e+00]
  RHS range       [1e+00, 2e+01]
Iteration    Objective       Primal Inf.    Dual Inf.      Time
       0    2.4344323e+04   4.950000e+01   0.000000e+00      0s
      70    5.0368555e+03   0.000000e+00   0.000000e+00      0s

Solved in 70 iterations and 0.00 seconds
Optimal objective  5.036855536e+03
Changed value of parameter FeasibilityTol to 0.001
   Prev: 1e-06  Min: 1e-09  Max: 0.01  Default: 1e-06
Changed value of parameter MIPFocus to 2
   Prev: 0  Min: 0  Max: 3  Default: 0
Changed value of parameter Presolve to 0
   Prev: -1  Min: -1  Max: 2  Default: -1
Optimize a model with 42 rows, 96 columns and 823 nonzeros
Coefficient statistics:
  Matrix range    [1e+00, 2e+01]
  Objective range [4e-01, 4e+03]
  Bounds range    [0e+00, 0e+00]
  RHS range       [1e+00, 2e+01]
Iteration    Objective       Primal Inf.    Dual Inf.      Time
       0    2.4344323e+04   4.950000e+01   0.000000e+00      0s
      89    5.0685283e+03   0.000000e+00   0.000000e+00      0s

Solved in 89 iterations and 0.00 seconds
Optimal objective  5.068528325e+03
Changed value of parameter FeasibilityTol to 0.001
   Prev: 1e-06  Min: 1e-09  Max: 0.01  Default: 1e-06
Changed value of parameter MIPFocus to 2
   Prev: 0  Min: 0  Max: 3  Default: 0
Changed value of parameter Presolve to 0
   Prev: -1  Min: -1  Max: 2  Default: -1
Optimize a model with 42 rows, 103 columns and 876 nonzeros
Coefficient statistics:
  Matrix range    [1e+00, 2e+01]
  Objective range [4e-01, 4e+03]
  Bounds range    [0e+00, 0e+00]
  RHS range       [1e+00, 2e+01]
Iteration    Objective       Primal Inf.    Dual Inf.      Time
       0    2.4344323e+04   4.950000e+01   0.000000e+00      0s
      86    5.1089675e+03   0.000000e+00   0.000000e+00      0s

Solved in 86 iterations and 0.00 seconds
Optimal objective  5.108967543e+03
Changed value of parameter FeasibilityTol to 0.001
   Prev: 1e-06  Min: 1e-09  Max: 0.01  Default: 1e-06
Changed value of parameter MIPFocus to 2
   Prev: 0  Min: 0  Max: 3  Default: 0
Changed value of parameter Presolve to 0
   Prev: -1  Min: -1  Max: 2  Default: -1
Optimize a model with 42 rows, 109 columns and 919 nonzeros
Coefficient statistics:
  Matrix range    [1e+00, 2e+01]
  Objective range [4e-01, 4e+03]
  Bounds range    [0e+00, 0e+00]
  RHS range       [1e+00, 2e+01]
Iteration    Objective       Primal Inf.    Dual Inf.      Time
       0    2.4344323e+04   4.950000e+01   0.000000e+00      0s
      90    5.1612956e+03   0.000000e+00   0.000000e+00      0s

Solved in 90 iterations and 0.00 seconds
Optimal objective  5.161295627e+03
Changed value of parameter FeasibilityTol to 0.001
   Prev: 1e-06  Min: 1e-09  Max: 0.01  Default: 1e-06
Changed value of parameter MIPFocus to 2
   Prev: 0  Min: 0  Max: 3  Default: 0
Changed value of parameter Presolve to 0
   Prev: -1  Min: -1  Max: 2  Default: -1
Optimize a model with 42 rows, 113 columns and 943 nonzeros
Coefficient statistics:
  Matrix range    [1e+00, 2e+01]
  Objective range [4e-01, 4e+03]
  Bounds range    [0e+00, 0e+00]
  RHS range       [1e+00, 2e+01]
Iteration    Objective       Primal Inf.    Dual Inf.      Time
       0    2.4344323e+04   4.950000e+01   0.000000e+00      0s
      98    5.1823603e+03   0.000000e+00   0.000000e+00      0s

Solved in 98 iterations and 0.00 seconds
Optimal objective  5.182360272e+03
Changed value of parameter FeasibilityTol to 0.001
   Prev: 1e-06  Min: 1e-09  Max: 0.01  Default: 1e-06
Changed value of parameter MIPFocus to 2
   Prev: 0  Min: 0  Max: 3  Default: 0
Changed value of parameter Presolve to 0
   Prev: -1  Min: -1  Max: 2  Default: -1
Optimize a model with 42 rows, 120 columns and 992 nonzeros
Coefficient statistics:
  Matrix range    [1e+00, 2e+01]
  Objective range [4e-01, 4e+03]
  Bounds range    [0e+00, 0e+00]
  RHS range       [1e+00, 2e+01]
Iteration    Objective       Primal Inf.    Dual Inf.      Time
       0    2.4344323e+04   4.950000e+01   0.000000e+00      0s
      89    5.2317301e+03   0.000000e+00   0.000000e+00      0s

Solved in 89 iterations and 0.00 seconds
Optimal objective  5.231730064e+03
Changed value of parameter FeasibilityTol to 0.001
   Prev: 1e-06  Min: 1e-09  Max: 0.01  Default: 1e-06
Changed value of parameter MIPFocus to 2
   Prev: 0  Min: 0  Max: 3  Default: 0
Changed value of parameter Presolve to 0
   Prev: -1  Min: -1  Max: 2  Default: -1
Optimize a model with 42 rows, 127 columns and 1036 nonzeros
Coefficient statistics:
  Matrix range    [1e+00, 2e+01]
  Objective range [4e-01, 4e+03]
  Bounds range    [0e+00, 0e+00]
  RHS range       [1e+00, 2e+01]
Iteration    Objective       Primal Inf.    Dual Inf.      Time
       0    2.4344323e+04   4.950000e+01   0.000000e+00      0s
     106    5.3033485e+03   0.000000e+00   0.000000e+00      0s

Solved in 106 iterations and 0.00 seconds
Optimal objective  5.303348525e+03
Changed value of parameter FeasibilityTol to 0.001
   Prev: 1e-06  Min: 1e-09  Max: 0.01  Default: 1e-06
Changed value of parameter MIPFocus to 2
   Prev: 0  Min: 0  Max: 3  Default: 0
Changed value of parameter Presolve to 0
   Prev: -1  Min: -1  Max: 2  Default: -1
Optimize a model with 42 rows, 130 columns and 1058 nonzeros
Coefficient statistics:
  Matrix range    [1e+00, 2e+01]
  Objective range [4e-01, 4e+03]
  Bounds range    [0e+00, 0e+00]
  RHS range       [1e+00, 2e+01]
Iteration    Objective       Primal Inf.    Dual Inf.      Time
       0    2.4344323e+04   4.950000e+01   0.000000e+00      0s
      92    5.3140965e+03   0.000000e+00   0.000000e+00      0s

Solved in 92 iterations and 0.00 seconds
Optimal objective  5.314096533e+03
Changed value of parameter FeasibilityTol to 0.001
   Prev: 1e-06  Min: 1e-09  Max: 0.01  Default: 1e-06
Changed value of parameter MIPFocus to 2
   Prev: 0  Min: 0  Max: 3  Default: 0
Changed value of parameter Presolve to 0
   Prev: -1  Min: -1  Max: 2  Default: -1
Optimize a model with 42 rows, 135 columns and 1090 nonzeros
Coefficient statistics:
  Matrix range    [1e+00, 2e+01]
  Objective range [4e-01, 4e+03]
  Bounds range    [0e+00, 0e+00]
  RHS range       [1e+00, 2e+01]
Iteration    Objective       Primal Inf.    Dual Inf.      Time
       0    2.4344323e+04   4.950000e+01   0.000000e+00      0s
     103    5.3257176e+03   0.000000e+00   0.000000e+00      0s

Solved in 103 iterations and 0.00 seconds
Optimal objective  5.325717615e+03
Changed value of parameter FeasibilityTol to 0.001
   Prev: 1e-06  Min: 1e-09  Max: 0.01  Default: 1e-06
Changed value of parameter MIPFocus to 2
   Prev: 0  Min: 0  Max: 3  Default: 0
Changed value of parameter Presolve to 0
   Prev: -1  Min: -1  Max: 2  Default: -1
Optimize a model with 42 rows, 140 columns and 1119 nonzeros
Coefficient statistics:
  Matrix range    [1e+00, 2e+01]
  Objective range [4e-01, 4e+03]
  Bounds range    [0e+00, 0e+00]
  RHS range       [1e+00, 2e+01]
Iteration    Objective       Primal Inf.    Dual Inf.      Time
       0    2.4344323e+04   4.950000e+01   0.000000e+00      0s
     100    5.3405182e+03   0.000000e+00   0.000000e+00      0s

Solved in 100 iterations and 0.00 seconds
Optimal objective  5.340518161e+03
Changed value of parameter FeasibilityTol to 0.001
   Prev: 1e-06  Min: 1e-09  Max: 0.01  Default: 1e-06
Changed value of parameter MIPFocus to 2
   Prev: 0  Min: 0  Max: 3  Default: 0
Changed value of parameter Presolve to 0
   Prev: -1  Min: -1  Max: 2  Default: -1
Optimize a model with 42 rows, 147 columns and 1170 nonzeros
Coefficient statistics:
  Matrix range    [1e+00, 2e+01]
  Objective range [4e-01, 4e+03]
  Bounds range    [0e+00, 0e+00]
  RHS range       [1e+00, 2e+01]
Iteration    Objective       Primal Inf.    Dual Inf.      Time
       0    2.4344323e+04   4.950000e+01   0.000000e+00      0s
     117    5.3576916e+03   0.000000e+00   0.000000e+00      0s

Solved in 117 iterations and 0.00 seconds
Optimal objective  5.357691559e+03
Changed value of parameter FeasibilityTol to 0.001
   Prev: 1e-06  Min: 1e-09  Max: 0.01  Default: 1e-06
Changed value of parameter MIPFocus to 2
   Prev: 0  Min: 0  Max: 3  Default: 0
Changed value of parameter Presolve to 0
   Prev: -1  Min: -1  Max: 2  Default: -1
Optimize a model with 42 rows, 154 columns and 1214 nonzeros
Coefficient statistics:
  Matrix range    [1e+00, 2e+01]
  Objective range [4e-01, 4e+03]
  Bounds range    [0e+00, 0e+00]
  RHS range       [1e+00, 2e+01]
Iteration    Objective       Primal Inf.    Dual Inf.      Time
       0    2.4344323e+04   4.950000e+01   0.000000e+00      0s
     113    5.3726926e+03   0.000000e+00   0.000000e+00      0s

Solved in 113 iterations and 0.00 seconds
Optimal objective  5.372692566e+03
Changed value of parameter FeasibilityTol to 0.001
   Prev: 1e-06  Min: 1e-09  Max: 0.01  Default: 1e-06
Changed value of parameter MIPFocus to 2
   Prev: 0  Min: 0  Max: 3  Default: 0
Changed value of parameter Presolve to 0
   Prev: -1  Min: -1  Max: 2  Default: -1
Optimize a model with 42 rows, 159 columns and 1238 nonzeros
Coefficient statistics:
  Matrix range    [1e+00, 2e+01]
  Objective range [4e-01, 4e+03]
  Bounds range    [0e+00, 0e+00]
  RHS range       [1e+00, 2e+01]
Iteration    Objective       Primal Inf.    Dual Inf.      Time
       0    2.4344323e+04   4.950000e+01   0.000000e+00      0s
     113    5.3819759e+03   0.000000e+00   0.000000e+00      0s

Solved in 113 iterations and 0.00 seconds
Optimal objective  5.381975891e+03
Changed value of parameter FeasibilityTol to 0.001
   Prev: 1e-06  Min: 1e-09  Max: 0.01  Default: 1e-06
Changed value of parameter MIPFocus to 2
   Prev: 0  Min: 0  Max: 3  Default: 0
Changed value of parameter Presolve to 0
   Prev: -1  Min: -1  Max: 2  Default: -1
Optimize a model with 42 rows, 165 columns and 1268 nonzeros
Coefficient statistics:
  Matrix range    [1e+00, 2e+01]
  Objective range [4e-01, 4e+03]
  Bounds range    [0e+00, 0e+00]
  RHS range       [1e+00, 2e+01]
Iteration    Objective       Primal Inf.    Dual Inf.      Time
       0    2.4344323e+04   4.950000e+01   0.000000e+00      0s
     107    5.4224473e+03   0.000000e+00   0.000000e+00      0s

Solved in 107 iterations and 0.00 seconds
Optimal objective  5.422447265e+03
Changed value of parameter FeasibilityTol to 0.001
   Prev: 1e-06  Min: 1e-09  Max: 0.01  Default: 1e-06
Changed value of parameter MIPFocus to 2
   Prev: 0  Min: 0  Max: 3  Default: 0
Changed value of parameter Presolve to 0
   Prev: -1  Min: -1  Max: 2  Default: -1
Optimize a model with 42 rows, 171 columns and 1313 nonzeros
Coefficient statistics:
  Matrix range    [1e+00, 2e+01]
  Objective range [4e-01, 4e+03]
  Bounds range    [0e+00, 0e+00]
  RHS range       [1e+00, 2e+01]
Iteration    Objective       Primal Inf.    Dual Inf.      Time
       0    2.4344323e+04   4.950000e+01   0.000000e+00      0s
     105    5.4454647e+03   0.000000e+00   0.000000e+00      0s

Solved in 105 iterations and 0.00 seconds
Optimal objective  5.445464682e+03
Changed value of parameter FeasibilityTol to 0.001
   Prev: 1e-06  Min: 1e-09  Max: 0.01  Default: 1e-06
Changed value of parameter MIPFocus to 2
   Prev: 0  Min: 0  Max: 3  Default: 0
Changed value of parameter Presolve to 0
   Prev: -1  Min: -1  Max: 2  Default: -1
Optimize a model with 42 rows, 177 columns and 1358 nonzeros
Coefficient statistics:
  Matrix range    [1e+00, 2e+01]
  Objective range [4e-01, 4e+03]
  Bounds range    [0e+00, 0e+00]
  RHS range       [1e+00, 2e+01]
Iteration    Objective       Primal Inf.    Dual Inf.      Time
       0    2.4344323e+04   4.950000e+01   0.000000e+00      0s
     106    5.4548807e+03   0.000000e+00   0.000000e+00      0s

Solved in 106 iterations and 0.00 seconds
Optimal objective  5.454880709e+03
Changed value of parameter FeasibilityTol to 0.001
   Prev: 1e-06  Min: 1e-09  Max: 0.01  Default: 1e-06
Changed value of parameter MIPFocus to 2
   Prev: 0  Min: 0  Max: 3  Default: 0
Changed value of parameter Presolve to 0
   Prev: -1  Min: -1  Max: 2  Default: -1
Optimize a model with 42 rows, 183 columns and 1397 nonzeros
Coefficient statistics:
  Matrix range    [1e+00, 2e+01]
  Objective range [4e-01, 4e+03]
  Bounds range    [0e+00, 0e+00]
  RHS range       [1e+00, 2e+01]
Iteration    Objective       Primal Inf.    Dual Inf.      Time
       0    2.4344323e+04   4.950000e+01   0.000000e+00      0s
     123    5.4692015e+03   0.000000e+00   0.000000e+00      0s

Solved in 123 iterations and 0.00 seconds
Optimal objective  5.469201536e+03
Changed value of parameter FeasibilityTol to 0.001
   Prev: 1e-06  Min: 1e-09  Max: 0.01  Default: 1e-06
Changed value of parameter MIPFocus to 2
   Prev: 0  Min: 0  Max: 3  Default: 0
Changed value of parameter Presolve to 0
   Prev: -1  Min: -1  Max: 2  Default: -1
Optimize a model with 42 rows, 188 columns and 1430 nonzeros
Coefficient statistics:
  Matrix range    [1e+00, 2e+01]
  Objective range [4e-01, 4e+03]
  Bounds range    [0e+00, 0e+00]
  RHS range       [1e+00, 2e+01]
Iteration    Objective       Primal Inf.    Dual Inf.      Time
       0    2.4344323e+04   4.950000e+01   0.000000e+00      0s
     119    5.4783558e+03   0.000000e+00   0.000000e+00      0s

Solved in 119 iterations and 0.00 seconds
Optimal objective  5.478355837e+03
Changed value of parameter FeasibilityTol to 0.001
   Prev: 1e-06  Min: 1e-09  Max: 0.01  Default: 1e-06
Changed value of parameter MIPFocus to 2
   Prev: 0  Min: 0  Max: 3  Default: 0
Changed value of parameter Presolve to 0
   Prev: -1  Min: -1  Max: 2  Default: -1
Optimize a model with 42 rows, 194 columns and 1465 nonzeros
Coefficient statistics:
  Matrix range    [1e+00, 2e+01]
  Objective range [4e-01, 4e+03]
  Bounds range    [0e+00, 0e+00]
  RHS range       [1e+00, 2e+01]
Iteration    Objective       Primal Inf.    Dual Inf.      Time
       0    2.4344323e+04   4.950000e+01   0.000000e+00      0s
     111    5.5034008e+03   0.000000e+00   0.000000e+00      0s

Solved in 111 iterations and 0.00 seconds
Optimal objective  5.503400813e+03
Changed value of parameter FeasibilityTol to 0.001
   Prev: 1e-06  Min: 1e-09  Max: 0.01  Default: 1e-06
Changed value of parameter MIPFocus to 2
   Prev: 0  Min: 0  Max: 3  Default: 0
Changed value of parameter Presolve to 0
   Prev: -1  Min: -1  Max: 2  Default: -1
Optimize a model with 42 rows, 201 columns and 1517 nonzeros
Coefficient statistics:
  Matrix range    [1e+00, 2e+01]
  Objective range [4e-01, 4e+03]
  Bounds range    [0e+00, 0e+00]
  RHS range       [1e+00, 2e+01]
Iteration    Objective       Primal Inf.    Dual Inf.      Time
       0    2.4344323e+04   4.950000e+01   0.000000e+00      0s
     108    5.5443211e+03   0.000000e+00   0.000000e+00      0s

Solved in 108 iterations and 0.00 seconds
Optimal objective  5.544321120e+03
Changed value of parameter FeasibilityTol to 0.001
   Prev: 1e-06  Min: 1e-09  Max: 0.01  Default: 1e-06
Changed value of parameter MIPFocus to 2
   Prev: 0  Min: 0  Max: 3  Default: 0
Changed value of parameter Presolve to 0
   Prev: -1  Min: -1  Max: 2  Default: -1
Optimize a model with 42 rows, 207 columns and 1553 nonzeros
Coefficient statistics:
  Matrix range    [1e+00, 2e+01]
  Objective range [4e-01, 4e+03]
  Bounds range    [0e+00, 0e+00]
  RHS range       [1e+00, 2e+01]
Iteration    Objective       Primal Inf.    Dual Inf.      Time
       0    2.4344323e+04   4.950000e+01   0.000000e+00      0s
     126    5.5588866e+03   0.000000e+00   0.000000e+00      0s

Solved in 126 iterations and 0.00 seconds
Optimal objective  5.558886607e+03
Changed value of parameter FeasibilityTol to 0.001
   Prev: 1e-06  Min: 1e-09  Max: 0.01  Default: 1e-06
Changed value of parameter MIPFocus to 2
   Prev: 0  Min: 0  Max: 3  Default: 0
Changed value of parameter Presolve to 0
   Prev: -1  Min: -1  Max: 2  Default: -1
Optimize a model with 42 rows, 211 columns and 1583 nonzeros
Coefficient statistics:
  Matrix range    [1e+00, 2e+01]
  Objective range [4e-01, 4e+03]
  Bounds range    [0e+00, 0e+00]
  RHS range       [1e+00, 2e+01]
Iteration    Objective       Primal Inf.    Dual Inf.      Time
       0    2.4344323e+04   4.950000e+01   0.000000e+00      0s
     121    5.5631604e+03   0.000000e+00   0.000000e+00      0s

Solved in 121 iterations and 0.00 seconds
Optimal objective  5.563160414e+03
Changed value of parameter FeasibilityTol to 0.001
   Prev: 1e-06  Min: 1e-09  Max: 0.01  Default: 1e-06
Changed value of parameter MIPFocus to 2
   Prev: 0  Min: 0  Max: 3  Default: 0
Changed value of parameter Presolve to 0
   Prev: -1  Min: -1  Max: 2  Default: -1
Optimize a model with 42 rows, 216 columns and 1620 nonzeros
Coefficient statistics:
  Matrix range    [1e+00, 2e+01]
  Objective range [4e-01, 4e+03]
  Bounds range    [0e+00, 0e+00]
  RHS range       [1e+00, 2e+01]
Iteration    Objective       Primal Inf.    Dual Inf.      Time
       0    2.4344323e+04   4.950000e+01   0.000000e+00      0s
     131    5.5713844e+03   0.000000e+00   0.000000e+00      0s

Solved in 131 iterations and 0.01 seconds
Optimal objective  5.571384398e+03
Changed value of parameter FeasibilityTol to 0.001
   Prev: 1e-06  Min: 1e-09  Max: 0.01  Default: 1e-06
Changed value of parameter MIPFocus to 2
   Prev: 0  Min: 0  Max: 3  Default: 0
Changed value of parameter Presolve to 0
   Prev: -1  Min: -1  Max: 2  Default: -1
Optimize a model with 42 rows, 220 columns and 1653 nonzeros
Coefficient statistics:
  Matrix range    [1e+00, 2e+01]
  Objective range [4e-01, 4e+03]
  Bounds range    [0e+00, 0e+00]
  RHS range       [1e+00, 2e+01]
Iteration    Objective       Primal Inf.    Dual Inf.      Time
       0    2.4344323e+04   4.950000e+01   0.000000e+00      0s
     125    5.5784744e+03   0.000000e+00   0.000000e+00      0s

Solved in 125 iterations and 0.00 seconds
Optimal objective  5.578474380e+03
Changed value of parameter FeasibilityTol to 0.001
   Prev: 1e-06  Min: 1e-09  Max: 0.01  Default: 1e-06
Changed value of parameter MIPFocus to 2
   Prev: 0  Min: 0  Max: 3  Default: 0
Changed value of parameter Presolve to 0
   Prev: -1  Min: -1  Max: 2  Default: -1
Optimize a model with 42 rows, 224 columns and 1681 nonzeros
Coefficient statistics:
  Matrix range    [1e+00, 2e+01]
  Objective range [4e-01, 4e+03]
  Bounds range    [0e+00, 0e+00]
  RHS range       [1e+00, 2e+01]
Iteration    Objective       Primal Inf.    Dual Inf.      Time
       0    2.4344323e+04   4.950000e+01   0.000000e+00      0s
     128    5.5831072e+03   0.000000e+00   0.000000e+00      0s

Solved in 128 iterations and 0.00 seconds
Optimal objective  5.583107173e+03
Changed value of parameter FeasibilityTol to 0.001
   Prev: 1e-06  Min: 1e-09  Max: 0.01  Default: 1e-06
Changed value of parameter MIPFocus to 2
   Prev: 0  Min: 0  Max: 3  Default: 0
Changed value of parameter Presolve to 0
   Prev: -1  Min: -1  Max: 2  Default: -1
Optimize a model with 42 rows, 228 columns and 1712 nonzeros
Coefficient statistics:
  Matrix range    [1e+00, 2e+01]
  Objective range [4e-01, 4e+03]
  Bounds range    [0e+00, 0e+00]
  RHS range       [1e+00, 2e+01]
Iteration    Objective       Primal Inf.    Dual Inf.      Time
       0    2.4344323e+04   4.950000e+01   0.000000e+00      0s
     127    5.6036981e+03   0.000000e+00   0.000000e+00      0s

Solved in 127 iterations and 0.00 seconds
Optimal objective  5.603698104e+03
Changed value of parameter FeasibilityTol to 0.001
   Prev: 1e-06  Min: 1e-09  Max: 0.01  Default: 1e-06
Changed value of parameter MIPFocus to 2
   Prev: 0  Min: 0  Max: 3  Default: 0
Changed value of parameter Presolve to 0
   Prev: -1  Min: -1  Max: 2  Default: -1
Optimize a model with 42 rows, 233 columns and 1749 nonzeros
Coefficient statistics:
  Matrix range    [1e+00, 2e+01]
  Objective range [4e-01, 4e+03]
  Bounds range    [0e+00, 0e+00]
  RHS range       [1e+00, 2e+01]
Iteration    Objective       Primal Inf.    Dual Inf.      Time
       0    2.4344323e+04   4.950000e+01   0.000000e+00      0s
     125    5.6133144e+03   0.000000e+00   0.000000e+00      0s

Solved in 125 iterations and 0.03 seconds
Optimal objective  5.613314371e+03
Changed value of parameter FeasibilityTol to 0.001
   Prev: 1e-06  Min: 1e-09  Max: 0.01  Default: 1e-06
Changed value of parameter MIPFocus to 2
   Prev: 0  Min: 0  Max: 3  Default: 0
Changed value of parameter Presolve to 0
   Prev: -1  Min: -1  Max: 2  Default: -1
Optimize a model with 42 rows, 236 columns and 1773 nonzeros
Coefficient statistics:
  Matrix range    [1e+00, 2e+01]
  Objective range [4e-01, 4e+03]
  Bounds range    [0e+00, 0e+00]
  RHS range       [1e+00, 2e+01]
Iteration    Objective       Primal Inf.    Dual Inf.      Time
       0    2.4344323e+04   4.950000e+01   0.000000e+00      0s
     126    5.6133144e+03   0.000000e+00   0.000000e+00      0s

Solved in 126 iterations and 0.00 seconds
Optimal objective  5.613314371e+03
Changed value of parameter FeasibilityTol to 0.001
   Prev: 1e-06  Min: 1e-09  Max: 0.01  Default: 1e-06
Changed value of parameter MIPFocus to 2
   Prev: 0  Min: 0  Max: 3  Default: 0
Changed value of parameter Presolve to 0
   Prev: -1  Min: -1  Max: 2  Default: -1
Optimize a model with 42 rows, 241 columns and 1804 nonzeros
Coefficient statistics:
  Matrix range    [1e+00, 2e+01]
  Objective range [4e-01, 4e+03]
  Bounds range    [0e+00, 0e+00]
  RHS range       [1e+00, 2e+01]
Iteration    Objective       Primal Inf.    Dual Inf.      Time
       0    2.4344323e+04   4.950000e+01   0.000000e+00      0s
     116    5.6262761e+03   0.000000e+00   0.000000e+00      0s

Solved in 116 iterations and 0.00 seconds
Optimal objective  5.626276148e+03
Changed value of parameter FeasibilityTol to 0.001
   Prev: 1e-06  Min: 1e-09  Max: 0.01  Default: 1e-06
Changed value of parameter MIPFocus to 2
   Prev: 0  Min: 0  Max: 3  Default: 0
Changed value of parameter Presolve to 0
   Prev: -1  Min: -1  Max: 2  Default: -1
Optimize a model with 42 rows, 245 columns and 1837 nonzeros
Coefficient statistics:
  Matrix range    [1e+00, 2e+01]
  Objective range [4e-01, 4e+03]
  Bounds range    [0e+00, 0e+00]
  RHS range       [1e+00, 2e+01]
Iteration    Objective       Primal Inf.    Dual Inf.      Time
       0    2.4344323e+04   4.950000e+01   0.000000e+00      0s
     114    5.6301552e+03   0.000000e+00   0.000000e+00      0s

Solved in 114 iterations and 0.00 seconds
Optimal objective  5.630155166e+03
Changed value of parameter FeasibilityTol to 0.001
   Prev: 1e-06  Min: 1e-09  Max: 0.01  Default: 1e-06
Changed value of parameter MIPFocus to 2
   Prev: 0  Min: 0  Max: 3  Default: 0
Changed value of parameter Presolve to 0
   Prev: -1  Min: -1  Max: 2  Default: -1
Optimize a model with 42 rows, 250 columns and 1881 nonzeros
Coefficient statistics:
  Matrix range    [1e+00, 2e+01]
  Objective range [4e-01, 4e+03]
  Bounds range    [0e+00, 0e+00]
  RHS range       [1e+00, 2e+01]
Iteration    Objective       Primal Inf.    Dual Inf.      Time
       0    2.4344323e+04   4.950000e+01   0.000000e+00      0s
     134    5.6314729e+03   0.000000e+00   0.000000e+00      0s

Solved in 134 iterations and 0.00 seconds
Optimal objective  5.631472936e+03
Changed value of parameter FeasibilityTol to 0.001
   Prev: 1e-06  Min: 1e-09  Max: 0.01  Default: 1e-06
Changed value of parameter MIPFocus to 2
   Prev: 0  Min: 0  Max: 3  Default: 0
Changed value of parameter Presolve to 0
   Prev: -1  Min: -1  Max: 2  Default: -1
Optimize a model with 42 rows, 253 columns and 1905 nonzeros
Coefficient statistics:
  Matrix range    [1e+00, 2e+01]
  Objective range [4e-01, 4e+03]
  Bounds range    [0e+00, 0e+00]
  RHS range       [1e+00, 2e+01]
Iteration    Objective       Primal Inf.    Dual Inf.      Time
       0    2.4344323e+04   4.950000e+01   0.000000e+00      0s
     126    5.6382505e+03   0.000000e+00   0.000000e+00      0s

Solved in 126 iterations and 0.00 seconds
Optimal objective  5.638250480e+03
Changed value of parameter FeasibilityTol to 0.001
   Prev: 1e-06  Min: 1e-09  Max: 0.01  Default: 1e-06
Changed value of parameter MIPFocus to 2
   Prev: 0  Min: 0  Max: 3  Default: 0
Changed value of parameter Presolve to 0
   Prev: -1  Min: -1  Max: 2  Default: -1
Optimize a model with 42 rows, 255 columns and 1919 nonzeros
Coefficient statistics:
  Matrix range    [1e+00, 2e+01]
  Objective range [4e-01, 4e+03]
  Bounds range    [0e+00, 0e+00]
  RHS range       [1e+00, 2e+01]
Iteration    Objective       Primal Inf.    Dual Inf.      Time
       0    2.4344323e+04   4.950000e+01   0.000000e+00      0s
     132    5.6417683e+03   0.000000e+00   0.000000e+00      0s

Solved in 132 iterations and 0.01 seconds
Optimal objective  5.641768281e+03
Changed value of parameter FeasibilityTol to 0.001
   Prev: 1e-06  Min: 1e-09  Max: 0.01  Default: 1e-06
Changed value of parameter MIPFocus to 2
   Prev: 0  Min: 0  Max: 3  Default: 0
Changed value of parameter Presolve to 0
   Prev: -1  Min: -1  Max: 2  Default: -1
Optimize a model with 42 rows, 257 columns and 1937 nonzeros
Coefficient statistics:
  Matrix range    [1e+00, 2e+01]
  Objective range [4e-01, 4e+03]
  Bounds range    [0e+00, 0e+00]
  RHS range       [1e+00, 2e+01]
Iteration    Objective       Primal Inf.    Dual Inf.      Time
       0    2.4344323e+04   4.950000e+01   0.000000e+00      0s
     130    5.6429626e+03   0.000000e+00   0.000000e+00      0s

Solved in 130 iterations and 0.00 seconds
Optimal objective  5.642962604e+03
Changed value of parameter FeasibilityTol to 0.001
   Prev: 1e-06  Min: 1e-09  Max: 0.01  Default: 1e-06
Changed value of parameter MIPFocus to 2
   Prev: 0  Min: 0  Max: 3  Default: 0
Changed value of parameter Presolve to 0
   Prev: -1  Min: -1  Max: 2  Default: -1
Optimize a model with 42 rows, 260 columns and 1959 nonzeros
Coefficient statistics:
  Matrix range    [1e+00, 2e+01]
  Objective range [4e-01, 4e+03]
  Bounds range    [0e+00, 0e+00]
  RHS range       [1e+00, 2e+01]
Iteration    Objective       Primal Inf.    Dual Inf.      Time
       0    2.4344323e+04   4.950000e+01   0.000000e+00      0s
     133    5.6452582e+03   0.000000e+00   0.000000e+00      0s

Solved in 133 iterations and 0.00 seconds
Optimal objective  5.645258198e+03
Changed value of parameter FeasibilityTol to 0.001
   Prev: 1e-06  Min: 1e-09  Max: 0.01  Default: 1e-06
Changed value of parameter MIPFocus to 2
   Prev: 0  Min: 0  Max: 3  Default: 0
Changed value of parameter Presolve to 0
   Prev: -1  Min: -1  Max: 2  Default: -1
Optimize a model with 42 rows, 265 columns and 1994 nonzeros
Coefficient statistics:
  Matrix range    [1e+00, 2e+01]
  Objective range [4e-01, 4e+03]
  Bounds range    [0e+00, 0e+00]
  RHS range       [1e+00, 2e+01]
Iteration    Objective       Primal Inf.    Dual Inf.      Time
       0    2.4344323e+04   4.950000e+01   0.000000e+00      0s
     138    5.6480264e+03   0.000000e+00   0.000000e+00      0s

Solved in 138 iterations and 0.00 seconds
Optimal objective  5.648026384e+03
Changed value of parameter FeasibilityTol to 0.001
   Prev: 1e-06  Min: 1e-09  Max: 0.01  Default: 1e-06
Changed value of parameter MIPFocus to 2
   Prev: 0  Min: 0  Max: 3  Default: 0
Changed value of parameter Presolve to 0
   Prev: -1  Min: -1  Max: 2  Default: -1
Optimize a model with 42 rows, 269 columns and 2019 nonzeros
Coefficient statistics:
  Matrix range    [1e+00, 2e+01]
  Objective range [4e-01, 4e+03]
  Bounds range    [0e+00, 0e+00]
  RHS range       [1e+00, 2e+01]
Iteration    Objective       Primal Inf.    Dual Inf.      Time
       0    2.4344323e+04   4.950000e+01   0.000000e+00      0s
     125    5.6501489e+03   0.000000e+00   0.000000e+00      0s

Solved in 125 iterations and 0.00 seconds
Optimal objective  5.650148891e+03
Changed value of parameter FeasibilityTol to 0.001
   Prev: 1e-06  Min: 1e-09  Max: 0.01  Default: 1e-06
Changed value of parameter MIPFocus to 2
   Prev: 0  Min: 0  Max: 3  Default: 0
Changed value of parameter Presolve to 0
   Prev: -1  Min: -1  Max: 2  Default: -1
Optimize a model with 42 rows, 271 columns and 2031 nonzeros
Coefficient statistics:
  Matrix range    [1e+00, 2e+01]
  Objective range [4e-01, 4e+03]
  Bounds range    [0e+00, 0e+00]
  RHS range       [1e+00, 2e+01]
Iteration    Objective       Primal Inf.    Dual Inf.      Time
       0    2.4344323e+04   4.950000e+01   0.000000e+00      0s
     128    5.6505241e+03   0.000000e+00   0.000000e+00      0s

Solved in 128 iterations and 0.00 seconds
Optimal objective  5.650524107e+03
Changed value of parameter FeasibilityTol to 0.001
   Prev: 1e-06  Min: 1e-09  Max: 0.01  Default: 1e-06
Changed value of parameter MIPFocus to 2
   Prev: 0  Min: 0  Max: 3  Default: 0
Changed value of parameter Presolve to 0
   Prev: -1  Min: -1  Max: 2  Default: -1
Optimize a model with 42 rows, 273 columns and 2040 nonzeros
Coefficient statistics:
  Matrix range    [1e+00, 2e+01]
  Objective range [4e-01, 4e+03]
  Bounds range    [0e+00, 0e+00]
  RHS range       [1e+00, 2e+01]
Iteration    Objective       Primal Inf.    Dual Inf.      Time
       0    2.4344323e+04   4.950000e+01   0.000000e+00      0s
     116    5.6728869e+03   0.000000e+00   0.000000e+00      0s

Solved in 116 iterations and 0.00 seconds
Optimal objective  5.672886858e+03
Changed value of parameter FeasibilityTol to 0.001
   Prev: 1e-06  Min: 1e-09  Max: 0.01  Default: 1e-06
Changed value of parameter MIPFocus to 2
   Prev: 0  Min: 0  Max: 3  Default: 0
Changed value of parameter Presolve to 0
   Prev: -1  Min: -1  Max: 2  Default: -1
Optimize a model with 42 rows, 274 columns and 2044 nonzeros
Coefficient statistics:
  Matrix range    [1e+00, 2e+01]
  Objective range [4e-01, 4e+03]
  Bounds range    [0e+00, 0e+00]
  RHS range       [1e+00, 2e+01]
Iteration    Objective       Primal Inf.    Dual Inf.      Time
       0    2.4344323e+04   4.950000e+01   0.000000e+00      0s
     111    5.6728869e+03   0.000000e+00   0.000000e+00      0s

Solved in 111 iterations and 0.00 seconds
Optimal objective  5.672886858e+03
Changed value of parameter FeasibilityTol to 0.001
   Prev: 1e-06  Min: 1e-09  Max: 0.01  Default: 1e-06
Changed value of parameter MIPFocus to 2
   Prev: 0  Min: 0  Max: 3  Default: 0
Changed value of parameter Presolve to 0
   Prev: -1  Min: -1  Max: 2  Default: -1
Optimize a model with 42 rows, 277 columns and 2068 nonzeros
Coefficient statistics:
  Matrix range    [1e+00, 2e+01]
  Objective range [4e-01, 4e+03]
  Bounds range    [0e+00, 0e+00]
  RHS range       [1e+00, 2e+01]
Iteration    Objective       Primal Inf.    Dual Inf.      Time
       0    2.4344323e+04   4.950000e+01   0.000000e+00      0s
     131    5.7121179e+03   0.000000e+00   0.000000e+00      0s

Solved in 131 iterations and 0.00 seconds
Optimal objective  5.712117950e+03
Changed value of parameter FeasibilityTol to 0.001
   Prev: 1e-06  Min: 1e-09  Max: 0.01  Default: 1e-06
Changed value of parameter MIPFocus to 2
   Prev: 0  Min: 0  Max: 3  Default: 0
Changed value of parameter Presolve to 0
   Prev: -1  Min: -1  Max: 2  Default: -1
Optimize a model with 42 rows, 282 columns and 2101 nonzeros
Coefficient statistics:
  Matrix range    [1e+00, 2e+01]
  Objective range [4e-01, 4e+03]
  Bounds range    [0e+00, 0e+00]
  RHS range       [1e+00, 2e+01]
Iteration    Objective       Primal Inf.    Dual Inf.      Time
       0    2.4344323e+04   4.950000e+01   0.000000e+00      0s
     154    5.7207390e+03   0.000000e+00   0.000000e+00      0s

Solved in 154 iterations and 0.01 seconds
Optimal objective  5.720738972e+03
Changed value of parameter FeasibilityTol to 0.001
   Prev: 1e-06  Min: 1e-09  Max: 0.01  Default: 1e-06
Changed value of parameter MIPFocus to 2
   Prev: 0  Min: 0  Max: 3  Default: 0
Changed value of parameter Presolve to 0
   Prev: -1  Min: -1  Max: 2  Default: -1
Optimize a model with 42 rows, 287 columns and 2142 nonzeros
Coefficient statistics:
  Matrix range    [1e+00, 2e+01]
  Objective range [4e-01, 4e+03]
  Bounds range    [0e+00, 0e+00]
  RHS range       [1e+00, 2e+01]
Iteration    Objective       Primal Inf.    Dual Inf.      Time
       0    2.4344323e+04   4.950000e+01   0.000000e+00      0s
     162    5.7214408e+03   0.000000e+00   0.000000e+00      0s

Solved in 162 iterations and 0.01 seconds
Optimal objective  5.721440802e+03
Changed value of parameter FeasibilityTol to 0.001
   Prev: 1e-06  Min: 1e-09  Max: 0.01  Default: 1e-06
Changed value of parameter MIPFocus to 2
   Prev: 0  Min: 0  Max: 3  Default: 0
Changed value of parameter Presolve to 0
   Prev: -1  Min: -1  Max: 2  Default: -1
Optimize a model with 42 rows, 291 columns and 2169 nonzeros
Coefficient statistics:
  Matrix range    [1e+00, 2e+01]
  Objective range [4e-01, 4e+03]
  Bounds range    [0e+00, 0e+00]
  RHS range       [1e+00, 2e+01]
Iteration    Objective       Primal Inf.    Dual Inf.      Time
       0    2.4344323e+04   4.950000e+01   0.000000e+00      0s
     149    5.7220142e+03   0.000000e+00   0.000000e+00      0s

Solved in 149 iterations and 0.00 seconds
Optimal objective  5.722014235e+03
Changed value of parameter FeasibilityTol to 0.001
   Prev: 1e-06  Min: 1e-09  Max: 0.01  Default: 1e-06
Changed value of parameter MIPFocus to 2
   Prev: 0  Min: 0  Max: 3  Default: 0
Changed value of parameter Presolve to 0
   Prev: -1  Min: -1  Max: 2  Default: -1
Optimize a model with 42 rows, 295 columns and 2192 nonzeros
Coefficient statistics:
  Matrix range    [1e+00, 2e+01]
  Objective range [4e-01, 4e+03]
  Bounds range    [0e+00, 0e+00]
  RHS range       [1e+00, 2e+01]
Iteration    Objective       Primal Inf.    Dual Inf.      Time
       0    2.4344323e+04   4.950000e+01   0.000000e+00      0s
     149    5.7331993e+03   0.000000e+00   0.000000e+00      0s

Solved in 149 iterations and 0.00 seconds
Optimal objective  5.733199321e+03
Changed value of parameter FeasibilityTol to 0.001
   Prev: 1e-06  Min: 1e-09  Max: 0.01  Default: 1e-06
Changed value of parameter MIPFocus to 2
   Prev: 0  Min: 0  Max: 3  Default: 0
Changed value of parameter Presolve to 0
   Prev: -1  Min: -1  Max: 2  Default: -1
Optimize a model with 42 rows, 299 columns and 2215 nonzeros
Coefficient statistics:
  Matrix range    [1e+00, 2e+01]
  Objective range [4e-01, 4e+03]
  Bounds range    [0e+00, 0e+00]
  RHS range       [1e+00, 2e+01]
Iteration    Objective       Primal Inf.    Dual Inf.      Time
       0    2.4344323e+04   4.950000e+01   0.000000e+00      0s
     141    5.7390219e+03   0.000000e+00   0.000000e+00      0s

Solved in 141 iterations and 0.00 seconds
Optimal objective  5.739021900e+03
Changed value of parameter FeasibilityTol to 0.001
   Prev: 1e-06  Min: 1e-09  Max: 0.01  Default: 1e-06
Changed value of parameter MIPFocus to 2
   Prev: 0  Min: 0  Max: 3  Default: 0
Changed value of parameter Presolve to 0
   Prev: -1  Min: -1  Max: 2  Default: -1
Optimize a model with 42 rows, 304 columns and 2238 nonzeros
Coefficient statistics:
  Matrix range    [1e+00, 2e+01]
  Objective range [4e-01, 4e+03]
  Bounds range    [0e+00, 0e+00]
  RHS range       [1e+00, 2e+01]
Iteration    Objective       Primal Inf.    Dual Inf.      Time
       0    2.4344323e+04   4.950000e+01   0.000000e+00      0s
     140    5.7408344e+03   0.000000e+00   0.000000e+00      0s

Solved in 140 iterations and 0.00 seconds
Optimal objective  5.740834387e+03
Changed value of parameter FeasibilityTol to 0.001
   Prev: 1e-06  Min: 1e-09  Max: 0.01  Default: 1e-06
Changed value of parameter MIPFocus to 2
   Prev: 0  Min: 0  Max: 3  Default: 0
Changed value of parameter Presolve to 0
   Prev: -1  Min: -1  Max: 2  Default: -1
Optimize a model with 42 rows, 309 columns and 2285 nonzeros
Coefficient statistics:
  Matrix range    [1e+00, 2e+01]
  Objective range [4e-01, 4e+03]
  Bounds range    [0e+00, 0e+00]
  RHS range       [1e+00, 2e+01]
Iteration    Objective       Primal Inf.    Dual Inf.      Time
       0    2.4344323e+04   4.950000e+01   0.000000e+00      0s
     130    5.7584687e+03   0.000000e+00   0.000000e+00      0s

Solved in 130 iterations and 0.00 seconds
Optimal objective  5.758468686e+03
Changed value of parameter FeasibilityTol to 0.001
   Prev: 1e-06  Min: 1e-09  Max: 0.01  Default: 1e-06
Changed value of parameter MIPFocus to 2
   Prev: 0  Min: 0  Max: 3  Default: 0
Changed value of parameter Presolve to 0
   Prev: -1  Min: -1  Max: 2  Default: -1
Optimize a model with 42 rows, 312 columns and 2305 nonzeros
Coefficient statistics:
  Matrix range    [1e+00, 2e+01]
  Objective range [4e-01, 4e+03]
  Bounds range    [0e+00, 0e+00]
  RHS range       [1e+00, 2e+01]
Iteration    Objective       Primal Inf.    Dual Inf.      Time
       0    2.4344323e+04   4.950000e+01   0.000000e+00      0s
     132    5.7586833e+03   0.000000e+00   0.000000e+00      0s

Solved in 132 iterations and 0.00 seconds
Optimal objective  5.758683264e+03
Changed value of parameter FeasibilityTol to 0.001
   Prev: 1e-06  Min: 1e-09  Max: 0.01  Default: 1e-06
Changed value of parameter MIPFocus to 2
   Prev: 0  Min: 0  Max: 3  Default: 0
Changed value of parameter Presolve to 0
   Prev: -1  Min: -1  Max: 2  Default: -1
Optimize a model with 42 rows, 317 columns and 2340 nonzeros
Coefficient statistics:
  Matrix range    [1e+00, 2e+01]
  Objective range [4e-01, 4e+03]
  Bounds range    [0e+00, 0e+00]
  RHS range       [1e+00, 2e+01]
Iteration    Objective       Primal Inf.    Dual Inf.      Time
       0    2.4344323e+04   4.950000e+01   0.000000e+00      0s
     123    5.7586855e+03   0.000000e+00   0.000000e+00      0s

Solved in 123 iterations and 0.00 seconds
Optimal objective  5.758685511e+03
Changed value of parameter FeasibilityTol to 0.001
   Prev: 1e-06  Min: 1e-09  Max: 0.01  Default: 1e-06
Changed value of parameter MIPFocus to 2
   Prev: 0  Min: 0  Max: 3  Default: 0
Changed value of parameter Presolve to 0
   Prev: -1  Min: -1  Max: 2  Default: -1
Optimize a model with 42 rows, 320 columns and 2363 nonzeros
Coefficient statistics:
  Matrix range    [1e+00, 2e+01]
  Objective range [4e-01, 4e+03]
  Bounds range    [0e+00, 0e+00]
  RHS range       [1e+00, 2e+01]
Iteration    Objective       Primal Inf.    Dual Inf.      Time
       0    2.4344323e+04   4.950000e+01   0.000000e+00      0s
     140    5.7638237e+03   0.000000e+00   0.000000e+00      0s

Solved in 140 iterations and 0.00 seconds
Optimal objective  5.763823675e+03
Changed value of parameter FeasibilityTol to 0.001
   Prev: 1e-06  Min: 1e-09  Max: 0.01  Default: 1e-06
Changed value of parameter MIPFocus to 2
   Prev: 0  Min: 0  Max: 3  Default: 0
Changed value of parameter Presolve to 0
   Prev: -1  Min: -1  Max: 2  Default: -1
Optimize a model with 42 rows, 325 columns and 2416 nonzeros
Coefficient statistics:
  Matrix range    [1e+00, 2e+01]
  Objective range [4e-01, 4e+03]
  Bounds range    [0e+00, 0e+00]
  RHS range       [1e+00, 2e+01]
Iteration    Objective       Primal Inf.    Dual Inf.      Time
       0    2.4344323e+04   4.950000e+01   0.000000e+00      0s
     126    5.7640099e+03   0.000000e+00   0.000000e+00      0s

Solved in 126 iterations and 0.00 seconds
Optimal objective  5.764009906e+03
Changed value of parameter FeasibilityTol to 0.001
   Prev: 1e-06  Min: 1e-09  Max: 0.01  Default: 1e-06
Changed value of parameter MIPFocus to 2
   Prev: 0  Min: 0  Max: 3  Default: 0
Changed value of parameter Presolve to 0
   Prev: -1  Min: -1  Max: 2  Default: -1
Optimize a model with 42 rows, 329 columns and 2448 nonzeros
Coefficient statistics:
  Matrix range    [1e+00, 2e+01]
  Objective range [4e-01, 4e+03]
  Bounds range    [0e+00, 0e+00]
  RHS range       [1e+00, 2e+01]
Iteration    Objective       Primal Inf.    Dual Inf.      Time
       0    2.4344323e+04   4.950000e+01   0.000000e+00      0s
     131    5.7640099e+03   0.000000e+00   0.000000e+00      0s

Solved in 131 iterations and 0.00 seconds
Optimal objective  5.764009906e+03
Changed value of parameter FeasibilityTol to 0.001
   Prev: 1e-06  Min: 1e-09  Max: 0.01  Default: 1e-06
Changed value of parameter MIPFocus to 2
   Prev: 0  Min: 0  Max: 3  Default: 0
Changed value of parameter Presolve to 0
   Prev: -1  Min: -1  Max: 2  Default: -1
Optimize a model with 42 rows, 329 columns and 2448 nonzeros
Coefficient statistics:
  Matrix range    [1e+00, 2e+01]
  Objective range [4e-01, 4e+03]
  Bounds range    [0e+00, 0e+00]
  RHS range       [1e+00, 2e+01]
Iteration    Objective       Primal Inf.    Dual Inf.      Time
       0    2.4344323e+04   4.950000e+01   0.000000e+00      0s
     131    5.7640099e+03   0.000000e+00   0.000000e+00      0s

Solved in 131 iterations and 0.00 seconds
Optimal objective  5.764009906e+03
Optimize a model with 42 rows, 329 columns and 2448 nonzeros
Coefficient statistics:
  Matrix range    [1e+00, 2e+01]
  Objective range [4e-01, 4e+03]
  Bounds range    [0e+00, 0e+00]
  RHS range       [1e+00, 2e+01]
Found heuristic solution: objective -1495.59
Variable types: 0 continuous, 329 integer (0 binary)

Root relaxation: objective 5.764010e+03, 167 iterations, 0.00 seconds

    Nodes    |    Current Node    |     Objective Bounds      |     Work
 Expl Unexpl |  Obj  Depth IntInf | Incumbent    BestBd   Gap | It/Node Time

     0     0 5764.00991    0   19 -1495.5939 5764.00991   485%     -    0s
H    0     0                    3478.6419743 5764.00991  65.7%     -    0s
H    0     0                    4957.8089678 5764.00991  16.3%     -    0s
H    0     0                    5568.1404666 5764.00991  3.52%     -    0s
     0     0 5654.83764    0   39 5568.14047 5654.83764  1.56%     -    0s
H    0     0                    5642.6048615 5654.83764  0.22%     -    0s
     0     0     cutoff    0      5642.60486 5642.60486  0.00%     -    0s

Cutting planes:
  Gomory: 4
  MIR: 4
  Zero half: 2

Explored 0 nodes (254 simplex iterations) in 0.03 seconds
Thread count was 4 (of 4 available processors)

Optimal solution found (tolerance 1.00e-04)
Best objective 5.642604861517e+03, best bound 5.642604861517e+03, gap 0.0%
