Changed value of parameter FeasibilityTol to 0.001
   Prev: 1e-06  Min: 1e-09  Max: 0.01  Default: 1e-06
Changed value of parameter MIPFocus to 2
   Prev: 0  Min: 0  Max: 3  Default: 0
Changed value of parameter Presolve to 0
   Prev: -1  Min: -1  Max: 2  Default: -1
Optimize a model with 47 rows, 27 columns and 259 nonzeros
Coefficient statistics:
  Matrix range    [1e+00, 2e+01]
  Objective range [9e+00, 2e+05]
  Bounds range    [0e+00, 0e+00]
  RHS range       [1e+00, 2e+01]
Iteration    Objective       Primal Inf.    Dual Inf.      Time
       0    1.3266606e+36   8.825000e+31   1.326661e+06      0s
      11    4.7672171e+05   0.000000e+00   0.000000e+00      0s

Solved in 11 iterations and 0.00 seconds
Optimal objective  4.767217079e+05
Changed value of parameter FeasibilityTol to 0.001
   Prev: 1e-06  Min: 1e-09  Max: 0.01  Default: 1e-06
Changed value of parameter MIPFocus to 2
   Prev: 0  Min: 0  Max: 3  Default: 0
Changed value of parameter Presolve to 0
   Prev: -1  Min: -1  Max: 2  Default: -1
Optimize a model with 47 rows, 32 columns and 338 nonzeros
Coefficient statistics:
  Matrix range    [1e+00, 2e+01]
  Objective range [9e+00, 2e+05]
  Bounds range    [0e+00, 0e+00]
  RHS range       [1e+00, 2e+01]
Iteration    Objective       Primal Inf.    Dual Inf.      Time
       0    1.9818745e+36   1.345000e+32   1.981875e+06      0s
      12    4.7672171e+05   0.000000e+00   0.000000e+00      0s

Solved in 12 iterations and 0.00 seconds
Optimal objective  4.767217079e+05
Changed value of parameter FeasibilityTol to 0.001
   Prev: 1e-06  Min: 1e-09  Max: 0.01  Default: 1e-06
Changed value of parameter MIPFocus to 2
   Prev: 0  Min: 0  Max: 3  Default: 0
Changed value of parameter Presolve to 0
   Prev: -1  Min: -1  Max: 2  Default: -1
Optimize a model with 47 rows, 38 columns and 417 nonzeros
Coefficient statistics:
  Matrix range    [1e+00, 2e+01]
  Objective range [9e+00, 2e+05]
  Bounds range    [0e+00, 0e+00]
  RHS range       [1e+00, 2e+01]
Iteration    Objective       Primal Inf.    Dual Inf.      Time
       0    2.2067167e+36   1.497500e+32   2.206717e+06      0s
      17    4.7672171e+05   0.000000e+00   0.000000e+00      0s

Solved in 17 iterations and 0.00 seconds
Optimal objective  4.767217079e+05
Changed value of parameter FeasibilityTol to 0.001
   Prev: 1e-06  Min: 1e-09  Max: 0.01  Default: 1e-06
Changed value of parameter MIPFocus to 2
   Prev: 0  Min: 0  Max: 3  Default: 0
Changed value of parameter Presolve to 0
   Prev: -1  Min: -1  Max: 2  Default: -1
Optimize a model with 47 rows, 45 columns and 518 nonzeros
Coefficient statistics:
  Matrix range    [1e+00, 2e+01]
  Objective range [9e+00, 2e+05]
  Bounds range    [0e+00, 0e+00]
  RHS range       [1e+00, 2e+01]
Iteration    Objective       Primal Inf.    Dual Inf.      Time
       0    3.1130969e+36   2.108125e+32   3.113097e+06      0s
      30    4.7672171e+05   0.000000e+00   0.000000e+00      0s

Solved in 30 iterations and 0.00 seconds
Optimal objective  4.767217079e+05
Changed value of parameter FeasibilityTol to 0.001
   Prev: 1e-06  Min: 1e-09  Max: 0.01  Default: 1e-06
Changed value of parameter MIPFocus to 2
   Prev: 0  Min: 0  Max: 3  Default: 0
Changed value of parameter Presolve to 0
   Prev: -1  Min: -1  Max: 2  Default: -1
Optimize a model with 47 rows, 52 columns and 618 nonzeros
Coefficient statistics:
  Matrix range    [1e+00, 2e+01]
  Objective range [9e+00, 2e+05]
  Bounds range    [0e+00, 0e+00]
  RHS range       [1e+00, 2e+01]
Iteration    Objective       Primal Inf.    Dual Inf.      Time
       0    3.7169686e+36   2.531250e+32   3.716969e+06      0s
      37    4.7672171e+05   0.000000e+00   0.000000e+00      0s

Solved in 37 iterations and 0.00 seconds
Optimal objective  4.767217079e+05
Changed value of parameter FeasibilityTol to 0.001
   Prev: 1e-06  Min: 1e-09  Max: 0.01  Default: 1e-06
Changed value of parameter MIPFocus to 2
   Prev: 0  Min: 0  Max: 3  Default: 0
Changed value of parameter Presolve to 0
   Prev: -1  Min: -1  Max: 2  Default: -1
Optimize a model with 47 rows, 56 columns and 660 nonzeros
Coefficient statistics:
  Matrix range    [1e+00, 2e+01]
  Objective range [9e+00, 2e+05]
  Bounds range    [0e+00, 0e+00]
  RHS range       [1e+00, 2e+01]
Iteration    Objective       Primal Inf.    Dual Inf.      Time
       0    3.8244342e+36   2.643125e+32   3.824434e+06      0s
      34    4.7672171e+05   0.000000e+00   0.000000e+00      0s

Solved in 34 iterations and 0.00 seconds
Optimal objective  4.767217079e+05
Changed value of parameter FeasibilityTol to 0.001
   Prev: 1e-06  Min: 1e-09  Max: 0.01  Default: 1e-06
Changed value of parameter MIPFocus to 2
   Prev: 0  Min: 0  Max: 3  Default: 0
Changed value of parameter Presolve to 0
   Prev: -1  Min: -1  Max: 2  Default: -1
Optimize a model with 47 rows, 62 columns and 736 nonzeros
Coefficient statistics:
  Matrix range    [1e+00, 2e+01]
  Objective range [9e+00, 2e+05]
  Bounds range    [0e+00, 0e+00]
  RHS range       [1e+00, 2e+01]
Iteration    Objective       Primal Inf.    Dual Inf.      Time
       0    4.9650266e+36   3.451250e+32   4.965027e+06      0s
      30    4.7672171e+05   0.000000e+00   0.000000e+00      0s

Solved in 30 iterations and 0.00 seconds
Optimal objective  4.767217079e+05
Changed value of parameter FeasibilityTol to 0.001
   Prev: 1e-06  Min: 1e-09  Max: 0.01  Default: 1e-06
Changed value of parameter MIPFocus to 2
   Prev: 0  Min: 0  Max: 3  Default: 0
Changed value of parameter Presolve to 0
   Prev: -1  Min: -1  Max: 2  Default: -1
Optimize a model with 47 rows, 69 columns and 824 nonzeros
Coefficient statistics:
  Matrix range    [1e+00, 2e+01]
  Objective range [9e+00, 2e+05]
  Bounds range    [0e+00, 0e+00]
  RHS range       [1e+00, 2e+01]
Iteration    Objective       Primal Inf.    Dual Inf.      Time
       0    5.3536057e+36   3.760000e+32   5.353606e+06      0s
      46    4.7672171e+05   0.000000e+00   0.000000e+00      0s

Solved in 46 iterations and 0.00 seconds
Optimal objective  4.767217079e+05
Changed value of parameter FeasibilityTol to 0.001
   Prev: 1e-06  Min: 1e-09  Max: 0.01  Default: 1e-06
Changed value of parameter MIPFocus to 2
   Prev: 0  Min: 0  Max: 3  Default: 0
Changed value of parameter Presolve to 0
   Prev: -1  Min: -1  Max: 2  Default: -1
Optimize a model with 47 rows, 75 columns and 879 nonzeros
Coefficient statistics:
  Matrix range    [1e+00, 2e+01]
  Objective range [9e+00, 2e+05]
  Bounds range    [0e+00, 0e+00]
  RHS range       [1e+00, 2e+01]
Iteration    Objective       Primal Inf.    Dual Inf.      Time
       0    4.9173497e+36   3.444375e+32   4.917350e+06      0s
      62    4.7672171e+05   0.000000e+00   0.000000e+00      0s

Solved in 62 iterations and 0.00 seconds
Optimal objective  4.767217079e+05
Changed value of parameter FeasibilityTol to 0.001
   Prev: 1e-06  Min: 1e-09  Max: 0.01  Default: 1e-06
Changed value of parameter MIPFocus to 2
   Prev: 0  Min: 0  Max: 3  Default: 0
Changed value of parameter Presolve to 0
   Prev: -1  Min: -1  Max: 2  Default: -1
Optimize a model with 47 rows, 82 columns and 948 nonzeros
Coefficient statistics:
  Matrix range    [1e+00, 2e+01]
  Objective range [9e+00, 2e+05]
  Bounds range    [0e+00, 0e+00]
  RHS range       [1e+00, 2e+01]
Iteration    Objective       Primal Inf.    Dual Inf.      Time
       0    5.2336197e+36   3.731250e+32   5.233620e+06      0s
      68    4.7672171e+05   0.000000e+00   0.000000e+00      0s

Solved in 68 iterations and 0.00 seconds
Optimal objective  4.767217079e+05
Changed value of parameter FeasibilityTol to 0.001
   Prev: 1e-06  Min: 1e-09  Max: 0.01  Default: 1e-06
Changed value of parameter MIPFocus to 2
   Prev: 0  Min: 0  Max: 3  Default: 0
Changed value of parameter Presolve to 0
   Prev: -1  Min: -1  Max: 2  Default: -1
Optimize a model with 47 rows, 89 columns and 1025 nonzeros
Coefficient statistics:
  Matrix range    [1e+00, 2e+01]
  Objective range [9e+00, 2e+05]
  Bounds range    [0e+00, 0e+00]
  RHS range       [1e+00, 2e+01]
Iteration    Objective       Primal Inf.    Dual Inf.      Time
       0    5.8124450e+36   4.133125e+32   5.812445e+06      0s
      65    4.7672171e+05   0.000000e+00   0.000000e+00      0s

Solved in 65 iterations and 0.00 seconds
Optimal objective  4.767217079e+05
Changed value of parameter FeasibilityTol to 0.001
   Prev: 1e-06  Min: 1e-09  Max: 0.01  Default: 1e-06
Changed value of parameter MIPFocus to 2
   Prev: 0  Min: 0  Max: 3  Default: 0
Changed value of parameter Presolve to 0
   Prev: -1  Min: -1  Max: 2  Default: -1
Optimize a model with 47 rows, 96 columns and 1088 nonzeros
Coefficient statistics:
  Matrix range    [1e+00, 2e+01]
  Objective range [9e+00, 2e+05]
  Bounds range    [0e+00, 0e+00]
  RHS range       [1e+00, 2e+01]
Iteration    Objective       Primal Inf.    Dual Inf.      Time
       0    7.7908353e+36   5.548750e+32   7.790835e+06      0s
     103    4.7672171e+05   0.000000e+00   0.000000e+00      0s

Solved in 103 iterations and 0.00 seconds
Optimal objective  4.767217079e+05
Changed value of parameter FeasibilityTol to 0.001
   Prev: 1e-06  Min: 1e-09  Max: 0.01  Default: 1e-06
Changed value of parameter MIPFocus to 2
   Prev: 0  Min: 0  Max: 3  Default: 0
Changed value of parameter Presolve to 0
   Prev: -1  Min: -1  Max: 2  Default: -1
Optimize a model with 47 rows, 102 columns and 1131 nonzeros
Coefficient statistics:
  Matrix range    [1e+00, 2e+01]
  Objective range [9e+00, 2e+05]
  Bounds range    [0e+00, 0e+00]
  RHS range       [1e+00, 2e+01]
Iteration    Objective       Primal Inf.    Dual Inf.      Time
       0    6.1035318e+36   4.372500e+32   6.103532e+06      0s
     100    4.7685412e+05   0.000000e+00   0.000000e+00      0s

Solved in 100 iterations and 0.00 seconds
Optimal objective  4.768541167e+05
Changed value of parameter FeasibilityTol to 0.001
   Prev: 1e-06  Min: 1e-09  Max: 0.01  Default: 1e-06
Changed value of parameter MIPFocus to 2
   Prev: 0  Min: 0  Max: 3  Default: 0
Changed value of parameter Presolve to 0
   Prev: -1  Min: -1  Max: 2  Default: -1
Optimize a model with 47 rows, 109 columns and 1169 nonzeros
Coefficient statistics:
  Matrix range    [1e+00, 2e+01]
  Objective range [9e+00, 2e+05]
  Bounds range    [0e+00, 0e+00]
  RHS range       [1e+00, 2e+01]
Iteration    Objective       Primal Inf.    Dual Inf.      Time
       0    9.1945903e+36   6.675625e+32   9.194590e+06      0s
     102    4.7693038e+05   0.000000e+00   0.000000e+00      0s

Solved in 102 iterations and 0.00 seconds
Optimal objective  4.769303771e+05
Changed value of parameter FeasibilityTol to 0.001
   Prev: 1e-06  Min: 1e-09  Max: 0.01  Default: 1e-06
Changed value of parameter MIPFocus to 2
   Prev: 0  Min: 0  Max: 3  Default: 0
Changed value of parameter Presolve to 0
   Prev: -1  Min: -1  Max: 2  Default: -1
Optimize a model with 47 rows, 116 columns and 1219 nonzeros
Coefficient statistics:
  Matrix range    [1e+00, 2e+01]
  Objective range [9e+00, 2e+05]
  Bounds range    [0e+00, 0e+00]
  RHS range       [1e+00, 2e+01]
Iteration    Objective       Primal Inf.    Dual Inf.      Time
       0    9.6200897e+36   7.080625e+32   9.620090e+06      0s
     108    4.7696949e+05   0.000000e+00   0.000000e+00      0s

Solved in 108 iterations and 0.00 seconds
Optimal objective  4.769694865e+05
Changed value of parameter FeasibilityTol to 0.001
   Prev: 1e-06  Min: 1e-09  Max: 0.01  Default: 1e-06
Changed value of parameter MIPFocus to 2
   Prev: 0  Min: 0  Max: 3  Default: 0
Changed value of parameter Presolve to 0
   Prev: -1  Min: -1  Max: 2  Default: -1
Optimize a model with 47 rows, 123 columns and 1270 nonzeros
Coefficient statistics:
  Matrix range    [1e+00, 2e+01]
  Objective range [9e+00, 2e+05]
  Bounds range    [0e+00, 0e+00]
  RHS range       [1e+00, 2e+01]
Iteration    Objective       Primal Inf.    Dual Inf.      Time
       0    1.3638223e+06   6.237500e+01   0.000000e+00      0s
     126    4.7700464e+05   0.000000e+00   0.000000e+00      0s

Solved in 126 iterations and 0.00 seconds
Optimal objective  4.770046413e+05
Changed value of parameter FeasibilityTol to 0.001
   Prev: 1e-06  Min: 1e-09  Max: 0.01  Default: 1e-06
Changed value of parameter MIPFocus to 2
   Prev: 0  Min: 0  Max: 3  Default: 0
Changed value of parameter Presolve to 0
   Prev: -1  Min: -1  Max: 2  Default: -1
Optimize a model with 47 rows, 129 columns and 1321 nonzeros
Coefficient statistics:
  Matrix range    [1e+00, 2e+01]
  Objective range [9e+00, 2e+05]
  Bounds range    [0e+00, 0e+00]
  RHS range       [1e+00, 2e+01]
Iteration    Objective       Primal Inf.    Dual Inf.      Time
       0    1.0281157e+37   7.622500e+32   1.028116e+07      0s
     129    4.7704172e+05   0.000000e+00   0.000000e+00      0s

Solved in 129 iterations and 0.00 seconds
Optimal objective  4.770417176e+05
Changed value of parameter FeasibilityTol to 0.001
   Prev: 1e-06  Min: 1e-09  Max: 0.01  Default: 1e-06
Changed value of parameter MIPFocus to 2
   Prev: 0  Min: 0  Max: 3  Default: 0
Changed value of parameter Presolve to 0
   Prev: -1  Min: -1  Max: 2  Default: -1
Optimize a model with 47 rows, 136 columns and 1392 nonzeros
Coefficient statistics:
  Matrix range    [1e+00, 2e+01]
  Objective range [9e+00, 2e+05]
  Bounds range    [0e+00, 0e+00]
  RHS range       [1e+00, 2e+01]
Iteration    Objective       Primal Inf.    Dual Inf.      Time
       0    1.0795653e+37   7.995000e+32   1.079565e+07      0s
     131    4.7707522e+05   0.000000e+00   0.000000e+00      0s

Solved in 131 iterations and 0.00 seconds
Optimal objective  4.770752236e+05
Changed value of parameter FeasibilityTol to 0.001
   Prev: 1e-06  Min: 1e-09  Max: 0.01  Default: 1e-06
Changed value of parameter MIPFocus to 2
   Prev: 0  Min: 0  Max: 3  Default: 0
Changed value of parameter Presolve to 0
   Prev: -1  Min: -1  Max: 2  Default: -1
Optimize a model with 47 rows, 143 columns and 1453 nonzeros
Coefficient statistics:
  Matrix range    [1e+00, 2e+01]
  Objective range [9e+00, 2e+05]
  Bounds range    [0e+00, 0e+00]
  RHS range       [1e+00, 2e+01]
Iteration    Objective       Primal Inf.    Dual Inf.      Time
       0    1.1307329e+37   8.380625e+32   1.130733e+07      0s
     128    4.7711956e+05   0.000000e+00   0.000000e+00      0s

Solved in 128 iterations and 0.00 seconds
Optimal objective  4.771195596e+05
Changed value of parameter FeasibilityTol to 0.001
   Prev: 1e-06  Min: 1e-09  Max: 0.01  Default: 1e-06
Changed value of parameter MIPFocus to 2
   Prev: 0  Min: 0  Max: 3  Default: 0
Changed value of parameter Presolve to 0
   Prev: -1  Min: -1  Max: 2  Default: -1
Optimize a model with 47 rows, 150 columns and 1490 nonzeros
Coefficient statistics:
  Matrix range    [1e+00, 2e+01]
  Objective range [9e+00, 2e+05]
  Bounds range    [0e+00, 0e+00]
  RHS range       [1e+00, 2e+01]
Iteration    Objective       Primal Inf.    Dual Inf.      Time
       0    1.1601521e+37   8.621875e+32   1.160152e+07      0s
     132    4.7713713e+05   0.000000e+00   0.000000e+00      0s

Solved in 132 iterations and 0.01 seconds
Optimal objective  4.771371301e+05
Changed value of parameter FeasibilityTol to 0.001
   Prev: 1e-06  Min: 1e-09  Max: 0.01  Default: 1e-06
Changed value of parameter MIPFocus to 2
   Prev: 0  Min: 0  Max: 3  Default: 0
Changed value of parameter Presolve to 0
   Prev: -1  Min: -1  Max: 2  Default: -1
Optimize a model with 47 rows, 156 columns and 1537 nonzeros
Coefficient statistics:
  Matrix range    [1e+00, 2e+01]
  Objective range [9e+00, 2e+05]
  Bounds range    [0e+00, 0e+00]
  RHS range       [1e+00, 2e+01]
Iteration    Objective       Primal Inf.    Dual Inf.      Time
       0    1.1944797e+37   8.903125e+32   1.194480e+07      0s
     139    4.7716876e+05   0.000000e+00   0.000000e+00      0s

Solved in 139 iterations and 0.00 seconds
Optimal objective  4.771687578e+05
Changed value of parameter FeasibilityTol to 0.001
   Prev: 1e-06  Min: 1e-09  Max: 0.01  Default: 1e-06
Changed value of parameter MIPFocus to 2
   Prev: 0  Min: 0  Max: 3  Default: 0
Changed value of parameter Presolve to 0
   Prev: -1  Min: -1  Max: 2  Default: -1
Optimize a model with 47 rows, 163 columns and 1592 nonzeros
Coefficient statistics:
  Matrix range    [1e+00, 2e+01]
  Objective range [9e+00, 2e+05]
  Bounds range    [0e+00, 0e+00]
  RHS range       [1e+00, 2e+01]
Iteration    Objective       Primal Inf.    Dual Inf.      Time
       0    1.2231905e+37   9.137500e+32   1.223191e+07      0s
     145    4.7720290e+05   0.000000e+00   0.000000e+00      0s

Solved in 145 iterations and 0.01 seconds
Optimal objective  4.772028977e+05
Changed value of parameter FeasibilityTol to 0.001
   Prev: 1e-06  Min: 1e-09  Max: 0.01  Default: 1e-06
Changed value of parameter MIPFocus to 2
   Prev: 0  Min: 0  Max: 3  Default: 0
Changed value of parameter Presolve to 0
   Prev: -1  Min: -1  Max: 2  Default: -1
Optimize a model with 47 rows, 170 columns and 1649 nonzeros
Coefficient statistics:
  Matrix range    [1e+00, 2e+01]
  Objective range [9e+00, 2e+05]
  Bounds range    [0e+00, 0e+00]
  RHS range       [1e+00, 2e+01]
Iteration    Objective       Primal Inf.    Dual Inf.      Time
       0    1.2614728e+37   9.490625e+32   1.261473e+07      0s
     160    4.7722003e+05   0.000000e+00   0.000000e+00      0s

Solved in 160 iterations and 0.01 seconds
Optimal objective  4.772200303e+05
Changed value of parameter FeasibilityTol to 0.001
   Prev: 1e-06  Min: 1e-09  Max: 0.01  Default: 1e-06
Changed value of parameter MIPFocus to 2
   Prev: 0  Min: 0  Max: 3  Default: 0
Changed value of parameter Presolve to 0
   Prev: -1  Min: -1  Max: 2  Default: -1
Optimize a model with 47 rows, 177 columns and 1694 nonzeros
Coefficient statistics:
  Matrix range    [1e+00, 2e+01]
  Objective range [9e+00, 2e+05]
  Bounds range    [0e+00, 0e+00]
  RHS range       [1e+00, 2e+01]
Iteration    Objective       Primal Inf.    Dual Inf.      Time
       0    1.2768996e+37   9.616875e+32   1.276900e+07      0s
     163    4.7723010e+05   0.000000e+00   0.000000e+00      0s

Solved in 163 iterations and 0.00 seconds
Optimal objective  4.772300990e+05
Changed value of parameter FeasibilityTol to 0.001
   Prev: 1e-06  Min: 1e-09  Max: 0.01  Default: 1e-06
Changed value of parameter MIPFocus to 2
   Prev: 0  Min: 0  Max: 3  Default: 0
Changed value of parameter Presolve to 0
   Prev: -1  Min: -1  Max: 2  Default: -1
Optimize a model with 47 rows, 183 columns and 1732 nonzeros
Coefficient statistics:
  Matrix range    [1e+00, 2e+01]
  Objective range [9e+00, 2e+05]
  Bounds range    [0e+00, 0e+00]
  RHS range       [1e+00, 2e+01]
Iteration    Objective       Primal Inf.    Dual Inf.      Time
       0    1.3113445e+37   9.904375e+32   1.311345e+07      0s
     139    4.7724821e+05   0.000000e+00   0.000000e+00      0s

Solved in 139 iterations and 0.00 seconds
Optimal objective  4.772482140e+05
Changed value of parameter FeasibilityTol to 0.001
   Prev: 1e-06  Min: 1e-09  Max: 0.01  Default: 1e-06
Changed value of parameter MIPFocus to 2
   Prev: 0  Min: 0  Max: 3  Default: 0
Changed value of parameter Presolve to 0
   Prev: -1  Min: -1  Max: 2  Default: -1
Optimize a model with 47 rows, 189 columns and 1770 nonzeros
Coefficient statistics:
  Matrix range    [1e+00, 2e+01]
  Objective range [9e+00, 2e+05]
  Bounds range    [0e+00, 0e+00]
  RHS range       [1e+00, 2e+01]
Iteration    Objective       Primal Inf.    Dual Inf.      Time
       0    1.3376422e+37   1.017000e+33   1.337642e+07      0s
     150    4.7725346e+05   0.000000e+00   0.000000e+00      0s

Solved in 150 iterations and 0.00 seconds
Optimal objective  4.772534572e+05
Changed value of parameter FeasibilityTol to 0.001
   Prev: 1e-06  Min: 1e-09  Max: 0.01  Default: 1e-06
Changed value of parameter MIPFocus to 2
   Prev: 0  Min: 0  Max: 3  Default: 0
Changed value of parameter Presolve to 0
   Prev: -1  Min: -1  Max: 2  Default: -1
Optimize a model with 47 rows, 196 columns and 1813 nonzeros
Coefficient statistics:
  Matrix range    [1e+00, 2e+01]
  Objective range [9e+00, 2e+05]
  Bounds range    [0e+00, 0e+00]
  RHS range       [1e+00, 2e+01]
Iteration    Objective       Primal Inf.    Dual Inf.      Time
       0    1.3697947e+37   1.042188e+33   1.369795e+07      0s
     187    4.7725619e+05   0.000000e+00   0.000000e+00      0s

Solved in 187 iterations and 0.01 seconds
Optimal objective  4.772561893e+05
Changed value of parameter FeasibilityTol to 0.001
   Prev: 1e-06  Min: 1e-09  Max: 0.01  Default: 1e-06
Changed value of parameter MIPFocus to 2
   Prev: 0  Min: 0  Max: 3  Default: 0
Changed value of parameter Presolve to 0
   Prev: -1  Min: -1  Max: 2  Default: -1
Optimize a model with 47 rows, 203 columns and 1872 nonzeros
Coefficient statistics:
  Matrix range    [1e+00, 2e+01]
  Objective range [9e+00, 2e+05]
  Bounds range    [0e+00, 0e+00]
  RHS range       [1e+00, 2e+01]
Iteration    Objective       Primal Inf.    Dual Inf.      Time
       0    1.4005169e+37   1.070125e+33   1.400517e+07      0s
     156    4.7726189e+05   0.000000e+00   0.000000e+00      0s

Solved in 156 iterations and 0.01 seconds
Optimal objective  4.772618901e+05
Changed value of parameter FeasibilityTol to 0.001
   Prev: 1e-06  Min: 1e-09  Max: 0.01  Default: 1e-06
Changed value of parameter MIPFocus to 2
   Prev: 0  Min: 0  Max: 3  Default: 0
Changed value of parameter Presolve to 0
   Prev: -1  Min: -1  Max: 2  Default: -1
Optimize a model with 47 rows, 208 columns and 1902 nonzeros
Coefficient statistics:
  Matrix range    [1e+00, 2e+01]
  Objective range [9e+00, 2e+05]
  Bounds range    [0e+00, 0e+00]
  RHS range       [1e+00, 2e+01]
Iteration    Objective       Primal Inf.    Dual Inf.      Time
       0    1.4255145e+37   1.091125e+33   1.425515e+07      0s
     190    4.7727902e+05   0.000000e+00   0.000000e+00      0s

Solved in 190 iterations and 0.01 seconds
Optimal objective  4.772790183e+05
Changed value of parameter FeasibilityTol to 0.001
   Prev: 1e-06  Min: 1e-09  Max: 0.01  Default: 1e-06
Changed value of parameter MIPFocus to 2
   Prev: 0  Min: 0  Max: 3  Default: 0
Changed value of parameter Presolve to 0
   Prev: -1  Min: -1  Max: 2  Default: -1
Optimize a model with 47 rows, 215 columns and 1941 nonzeros
Coefficient statistics:
  Matrix range    [1e+00, 2e+01]
  Objective range [9e+00, 2e+05]
  Bounds range    [0e+00, 0e+00]
  RHS range       [1e+00, 2e+01]
Iteration    Objective       Primal Inf.    Dual Inf.      Time
       0    1.4587746e+37   1.117813e+33   1.458775e+07      0s
     163    4.7729402e+05   0.000000e+00   0.000000e+00      0s

Solved in 163 iterations and 0.01 seconds
Optimal objective  4.772940178e+05
Changed value of parameter FeasibilityTol to 0.001
   Prev: 1e-06  Min: 1e-09  Max: 0.01  Default: 1e-06
Changed value of parameter MIPFocus to 2
   Prev: 0  Min: 0  Max: 3  Default: 0
Changed value of parameter Presolve to 0
   Prev: -1  Min: -1  Max: 2  Default: -1
Optimize a model with 47 rows, 220 columns and 1966 nonzeros
Coefficient statistics:
  Matrix range    [1e+00, 2e+01]
  Objective range [9e+00, 2e+05]
  Bounds range    [0e+00, 0e+00]
  RHS range       [1e+00, 2e+01]
Iteration    Objective       Primal Inf.    Dual Inf.      Time
       0    1.4754092e+37   1.134125e+33   1.475409e+07      0s
     167    4.7729756e+05   0.000000e+00   0.000000e+00      0s

Solved in 167 iterations and 0.01 seconds
Optimal objective  4.772975644e+05
Changed value of parameter FeasibilityTol to 0.001
   Prev: 1e-06  Min: 1e-09  Max: 0.01  Default: 1e-06
Changed value of parameter MIPFocus to 2
   Prev: 0  Min: 0  Max: 3  Default: 0
Changed value of parameter Presolve to 0
   Prev: -1  Min: -1  Max: 2  Default: -1
Optimize a model with 47 rows, 226 columns and 1999 nonzeros
Coefficient statistics:
  Matrix range    [1e+00, 2e+01]
  Objective range [9e+00, 2e+05]
  Bounds range    [0e+00, 0e+00]
  RHS range       [1e+00, 2e+01]
Iteration    Objective       Primal Inf.    Dual Inf.      Time
       0    1.4946724e+37   1.152375e+33   1.494672e+07      0s
     173    4.7730442e+05   0.000000e+00   0.000000e+00      0s

Solved in 173 iterations and 0.00 seconds
Optimal objective  4.773044215e+05
Changed value of parameter FeasibilityTol to 0.001
   Prev: 1e-06  Min: 1e-09  Max: 0.01  Default: 1e-06
Changed value of parameter MIPFocus to 2
   Prev: 0  Min: 0  Max: 3  Default: 0
Changed value of parameter Presolve to 0
   Prev: -1  Min: -1  Max: 2  Default: -1
Optimize a model with 47 rows, 232 columns and 2047 nonzeros
Coefficient statistics:
  Matrix range    [1e+00, 2e+01]
  Objective range [9e+00, 2e+05]
  Bounds range    [0e+00, 0e+00]
  RHS range       [1e+00, 2e+01]
Iteration    Objective       Primal Inf.    Dual Inf.      Time
       0    1.8282379e+37   1.408813e+33   1.828238e+07      0s
     185    4.7731549e+05   0.000000e+00   0.000000e+00      0s

Solved in 185 iterations and 0.01 seconds
Optimal objective  4.773154877e+05
Changed value of parameter FeasibilityTol to 0.001
   Prev: 1e-06  Min: 1e-09  Max: 0.01  Default: 1e-06
Changed value of parameter MIPFocus to 2
   Prev: 0  Min: 0  Max: 3  Default: 0
Changed value of parameter Presolve to 0
   Prev: -1  Min: -1  Max: 2  Default: -1
Optimize a model with 47 rows, 237 columns and 2074 nonzeros
Coefficient statistics:
  Matrix range    [1e+00, 2e+01]
  Objective range [9e+00, 2e+05]
  Bounds range    [0e+00, 0e+00]
  RHS range       [1e+00, 2e+01]
Iteration    Objective       Primal Inf.    Dual Inf.      Time
       0    1.8467724e+37   1.425875e+33   1.846772e+07      0s
     160    4.7732109e+05   0.000000e+00   0.000000e+00      0s

Solved in 160 iterations and 0.01 seconds
Optimal objective  4.773210915e+05
Changed value of parameter FeasibilityTol to 0.001
   Prev: 1e-06  Min: 1e-09  Max: 0.01  Default: 1e-06
Changed value of parameter MIPFocus to 2
   Prev: 0  Min: 0  Max: 3  Default: 0
Changed value of parameter Presolve to 0
   Prev: -1  Min: -1  Max: 2  Default: -1
Optimize a model with 47 rows, 242 columns and 2109 nonzeros
Coefficient statistics:
  Matrix range    [1e+00, 2e+01]
  Objective range [9e+00, 2e+05]
  Bounds range    [0e+00, 0e+00]
  RHS range       [1e+00, 2e+01]
Iteration    Objective       Primal Inf.    Dual Inf.      Time
       0    1.8800211e+37   1.453812e+33   1.880021e+07      0s
     151    4.7732565e+05   0.000000e+00   0.000000e+00      0s

Solved in 151 iterations and 0.00 seconds
Optimal objective  4.773256518e+05
Changed value of parameter FeasibilityTol to 0.001
   Prev: 1e-06  Min: 1e-09  Max: 0.01  Default: 1e-06
Changed value of parameter MIPFocus to 2
   Prev: 0  Min: 0  Max: 3  Default: 0
Changed value of parameter Presolve to 0
   Prev: -1  Min: -1  Max: 2  Default: -1
Optimize a model with 47 rows, 247 columns and 2134 nonzeros
Coefficient statistics:
  Matrix range    [1e+00, 2e+01]
  Objective range [9e+00, 2e+05]
  Bounds range    [0e+00, 0e+00]
  RHS range       [1e+00, 2e+01]
Iteration    Objective       Primal Inf.    Dual Inf.      Time
       0    1.8980809e+37   1.469313e+33   1.898081e+07      0s
     204    4.7733559e+05   0.000000e+00   0.000000e+00      0s

Solved in 204 iterations and 0.01 seconds
Optimal objective  4.773355851e+05
Changed value of parameter FeasibilityTol to 0.001
   Prev: 1e-06  Min: 1e-09  Max: 0.01  Default: 1e-06
Changed value of parameter MIPFocus to 2
   Prev: 0  Min: 0  Max: 3  Default: 0
Changed value of parameter Presolve to 0
   Prev: -1  Min: -1  Max: 2  Default: -1
Optimize a model with 47 rows, 253 columns and 2184 nonzeros
Coefficient statistics:
  Matrix range    [1e+00, 2e+01]
  Objective range [9e+00, 2e+05]
  Bounds range    [0e+00, 0e+00]
  RHS range       [1e+00, 2e+01]
Iteration    Objective       Primal Inf.    Dual Inf.      Time
       0    1.9364969e+37   1.499813e+33   1.936497e+07      0s
     198    4.7733908e+05   0.000000e+00   0.000000e+00      0s

Solved in 198 iterations and 0.01 seconds
Optimal objective  4.773390805e+05
Changed value of parameter FeasibilityTol to 0.001
   Prev: 1e-06  Min: 1e-09  Max: 0.01  Default: 1e-06
Changed value of parameter MIPFocus to 2
   Prev: 0  Min: 0  Max: 3  Default: 0
Changed value of parameter Presolve to 0
   Prev: -1  Min: -1  Max: 2  Default: -1
Optimize a model with 47 rows, 258 columns and 2203 nonzeros
Coefficient statistics:
  Matrix range    [1e+00, 2e+01]
  Objective range [9e+00, 2e+05]
  Bounds range    [0e+00, 0e+00]
  RHS range       [1e+00, 2e+01]
Iteration    Objective       Primal Inf.    Dual Inf.      Time
       0    1.9545612e+37   1.515250e+33   1.954561e+07      0s
     183    4.7733980e+05   0.000000e+00   0.000000e+00      0s

Solved in 183 iterations and 0.01 seconds
Optimal objective  4.773397995e+05
Changed value of parameter FeasibilityTol to 0.001
   Prev: 1e-06  Min: 1e-09  Max: 0.01  Default: 1e-06
Changed value of parameter MIPFocus to 2
   Prev: 0  Min: 0  Max: 3  Default: 0
Changed value of parameter Presolve to 0
   Prev: -1  Min: -1  Max: 2  Default: -1
Optimize a model with 47 rows, 264 columns and 2243 nonzeros
Coefficient statistics:
  Matrix range    [1e+00, 2e+01]
  Objective range [9e+00, 2e+05]
  Bounds range    [0e+00, 0e+00]
  RHS range       [1e+00, 2e+01]
Iteration    Objective       Primal Inf.    Dual Inf.      Time
       0    1.9915218e+37   1.547750e+33   1.991522e+07      0s
     201    4.7734389e+05   0.000000e+00   0.000000e+00      0s

Solved in 201 iterations and 0.01 seconds
Optimal objective  4.773438927e+05
Changed value of parameter FeasibilityTol to 0.001
   Prev: 1e-06  Min: 1e-09  Max: 0.01  Default: 1e-06
Changed value of parameter MIPFocus to 2
   Prev: 0  Min: 0  Max: 3  Default: 0
Changed value of parameter Presolve to 0
   Prev: -1  Min: -1  Max: 2  Default: -1
Optimize a model with 47 rows, 268 columns and 2269 nonzeros
Coefficient statistics:
  Matrix range    [1e+00, 2e+01]
  Objective range [9e+00, 2e+05]
  Bounds range    [0e+00, 0e+00]
  RHS range       [1e+00, 2e+01]
Iteration    Objective       Primal Inf.    Dual Inf.      Time
       0    2.0179674e+37   1.568687e+33   2.017967e+07      0s
     200    4.7734453e+05   0.000000e+00   0.000000e+00      0s

Solved in 200 iterations and 0.01 seconds
Optimal objective  4.773445306e+05
Changed value of parameter FeasibilityTol to 0.001
   Prev: 1e-06  Min: 1e-09  Max: 0.01  Default: 1e-06
Changed value of parameter MIPFocus to 2
   Prev: 0  Min: 0  Max: 3  Default: 0
Changed value of parameter Presolve to 0
   Prev: -1  Min: -1  Max: 2  Default: -1
Optimize a model with 47 rows, 273 columns and 2295 nonzeros
Coefficient statistics:
  Matrix range    [1e+00, 2e+01]
  Objective range [9e+00, 2e+05]
  Bounds range    [0e+00, 0e+00]
  RHS range       [1e+00, 2e+01]
Iteration    Objective       Primal Inf.    Dual Inf.      Time
       0    2.0393784e+37   1.589437e+33   2.039378e+07      0s
     202    4.7734707e+05   0.000000e+00   0.000000e+00      0s

Solved in 202 iterations and 0.01 seconds
Optimal objective  4.773470729e+05
Changed value of parameter FeasibilityTol to 0.001
   Prev: 1e-06  Min: 1e-09  Max: 0.01  Default: 1e-06
Changed value of parameter MIPFocus to 2
   Prev: 0  Min: 0  Max: 3  Default: 0
Changed value of parameter Presolve to 0
   Prev: -1  Min: -1  Max: 2  Default: -1
Optimize a model with 47 rows, 278 columns and 2337 nonzeros
Coefficient statistics:
  Matrix range    [1e+00, 2e+01]
  Objective range [9e+00, 2e+05]
  Bounds range    [0e+00, 0e+00]
  RHS range       [1e+00, 2e+01]
Iteration    Objective       Primal Inf.    Dual Inf.      Time
       0    1.5810085e+37   1.263438e+33   1.581009e+07      0s
     238    4.7734850e+05   0.000000e+00   0.000000e+00      0s

Solved in 238 iterations and 0.01 seconds
Optimal objective  4.773485019e+05
Changed value of parameter FeasibilityTol to 0.001
   Prev: 1e-06  Min: 1e-09  Max: 0.01  Default: 1e-06
Changed value of parameter MIPFocus to 2
   Prev: 0  Min: 0  Max: 3  Default: 0
Changed value of parameter Presolve to 0
   Prev: -1  Min: -1  Max: 2  Default: -1
Optimize a model with 47 rows, 283 columns and 2377 nonzeros
Coefficient statistics:
  Matrix range    [1e+00, 2e+01]
  Objective range [9e+00, 2e+05]
  Bounds range    [0e+00, 0e+00]
  RHS range       [1e+00, 2e+01]
Iteration    Objective       Primal Inf.    Dual Inf.      Time
       0    1.6190564e+37   1.295687e+33   1.619056e+07      0s
     206    4.7735353e+05   0.000000e+00   0.000000e+00      0s

Solved in 206 iterations and 0.01 seconds
Optimal objective  4.773535269e+05
Changed value of parameter FeasibilityTol to 0.001
   Prev: 1e-06  Min: 1e-09  Max: 0.01  Default: 1e-06
Changed value of parameter MIPFocus to 2
   Prev: 0  Min: 0  Max: 3  Default: 0
Changed value of parameter Presolve to 0
   Prev: -1  Min: -1  Max: 2  Default: -1
Optimize a model with 47 rows, 288 columns and 2407 nonzeros
Coefficient statistics:
  Matrix range    [1e+00, 2e+01]
  Objective range [9e+00, 2e+05]
  Bounds range    [0e+00, 0e+00]
  RHS range       [1e+00, 2e+01]
Iteration    Objective       Primal Inf.    Dual Inf.      Time
       0    1.6482353e+37   1.319500e+33   1.648235e+07      0s
     240    4.7735516e+05   0.000000e+00   0.000000e+00      0s

Solved in 240 iterations and 0.01 seconds
Optimal objective  4.773551616e+05
Changed value of parameter FeasibilityTol to 0.001
   Prev: 1e-06  Min: 1e-09  Max: 0.01  Default: 1e-06
Changed value of parameter MIPFocus to 2
   Prev: 0  Min: 0  Max: 3  Default: 0
Changed value of parameter Presolve to 0
   Prev: -1  Min: -1  Max: 2  Default: -1
Optimize a model with 47 rows, 294 columns and 2443 nonzeros
Coefficient statistics:
  Matrix range    [1e+00, 2e+01]
  Objective range [9e+00, 2e+05]
  Bounds range    [0e+00, 0e+00]
  RHS range       [1e+00, 2e+01]
Iteration    Objective       Primal Inf.    Dual Inf.      Time
       0    1.6749045e+37   1.341875e+33   1.674905e+07      0s
     207    4.7735690e+05   0.000000e+00   0.000000e+00      0s

Solved in 207 iterations and 0.01 seconds
Optimal objective  4.773569018e+05
Changed value of parameter FeasibilityTol to 0.001
   Prev: 1e-06  Min: 1e-09  Max: 0.01  Default: 1e-06
Changed value of parameter MIPFocus to 2
   Prev: 0  Min: 0  Max: 3  Default: 0
Changed value of parameter Presolve to 0
   Prev: -1  Min: -1  Max: 2  Default: -1
Optimize a model with 47 rows, 296 columns and 2460 nonzeros
Coefficient statistics:
  Matrix range    [1e+00, 2e+01]
  Objective range [9e+00, 2e+05]
  Bounds range    [0e+00, 0e+00]
  RHS range       [1e+00, 2e+01]
Iteration    Objective       Primal Inf.    Dual Inf.      Time
       0    1.6840033e+37   1.348812e+33   1.684003e+07      0s
     204    4.7735843e+05   0.000000e+00   0.000000e+00      0s

Solved in 204 iterations and 0.01 seconds
Optimal objective  4.773584330e+05
Changed value of parameter FeasibilityTol to 0.001
   Prev: 1e-06  Min: 1e-09  Max: 0.01  Default: 1e-06
Changed value of parameter MIPFocus to 2
   Prev: 0  Min: 0  Max: 3  Default: 0
Changed value of parameter Presolve to 0
   Prev: -1  Min: -1  Max: 2  Default: -1
Optimize a model with 47 rows, 302 columns and 2516 nonzeros
Coefficient statistics:
  Matrix range    [1e+00, 2e+01]
  Objective range [9e+00, 2e+05]
  Bounds range    [0e+00, 0e+00]
  RHS range       [1e+00, 2e+01]
Iteration    Objective       Primal Inf.    Dual Inf.      Time
       0    1.7288778e+37   1.384563e+33   1.728878e+07      0s
     197    4.7736009e+05   0.000000e+00   0.000000e+00      0s

Solved in 197 iterations and 0.01 seconds
Optimal objective  4.773600932e+05
Changed value of parameter FeasibilityTol to 0.001
   Prev: 1e-06  Min: 1e-09  Max: 0.01  Default: 1e-06
Changed value of parameter MIPFocus to 2
   Prev: 0  Min: 0  Max: 3  Default: 0
Changed value of parameter Presolve to 0
   Prev: -1  Min: -1  Max: 2  Default: -1
Optimize a model with 47 rows, 307 columns and 2548 nonzeros
Coefficient statistics:
  Matrix range    [1e+00, 2e+01]
  Objective range [9e+00, 2e+05]
  Bounds range    [0e+00, 0e+00]
  RHS range       [1e+00, 2e+01]
Iteration    Objective       Primal Inf.    Dual Inf.      Time
       0    1.7415590e+37   1.395000e+33   1.741559e+07      0s
     250    4.7736320e+05   0.000000e+00   0.000000e+00      0s

Solved in 250 iterations and 0.01 seconds
Optimal objective  4.773631970e+05
Changed value of parameter FeasibilityTol to 0.001
   Prev: 1e-06  Min: 1e-09  Max: 0.01  Default: 1e-06
Changed value of parameter MIPFocus to 2
   Prev: 0  Min: 0  Max: 3  Default: 0
Changed value of parameter Presolve to 0
   Prev: -1  Min: -1  Max: 2  Default: -1
Optimize a model with 47 rows, 312 columns and 2599 nonzeros
Coefficient statistics:
  Matrix range    [1e+00, 2e+01]
  Objective range [9e+00, 2e+05]
  Bounds range    [0e+00, 0e+00]
  RHS range       [1e+00, 2e+01]
Iteration    Objective       Primal Inf.    Dual Inf.      Time
       0    1.7846251e+37   1.425250e+33   1.784625e+07      0s
     228    4.7736442e+05   0.000000e+00   0.000000e+00      0s

Solved in 228 iterations and 0.01 seconds
Optimal objective  4.773644170e+05
Changed value of parameter FeasibilityTol to 0.001
   Prev: 1e-06  Min: 1e-09  Max: 0.01  Default: 1e-06
Changed value of parameter MIPFocus to 2
   Prev: 0  Min: 0  Max: 3  Default: 0
Changed value of parameter Presolve to 0
   Prev: -1  Min: -1  Max: 2  Default: -1
Optimize a model with 47 rows, 317 columns and 2636 nonzeros
Coefficient statistics:
  Matrix range    [1e+00, 2e+01]
  Objective range [9e+00, 2e+05]
  Bounds range    [0e+00, 0e+00]
  RHS range       [1e+00, 2e+01]
Iteration    Objective       Primal Inf.    Dual Inf.      Time
       0    1.8148879e+37   1.450562e+33   1.814888e+07      0s
     253    4.7736929e+05   0.000000e+00   0.000000e+00      0s

Solved in 253 iterations and 0.01 seconds
Optimal objective  4.773692914e+05
Changed value of parameter FeasibilityTol to 0.001
   Prev: 1e-06  Min: 1e-09  Max: 0.01  Default: 1e-06
Changed value of parameter MIPFocus to 2
   Prev: 0  Min: 0  Max: 3  Default: 0
Changed value of parameter Presolve to 0
   Prev: -1  Min: -1  Max: 2  Default: -1
Optimize a model with 47 rows, 321 columns and 2660 nonzeros
Coefficient statistics:
  Matrix range    [1e+00, 2e+01]
  Objective range [9e+00, 2e+05]
  Bounds range    [0e+00, 0e+00]
  RHS range       [1e+00, 2e+01]
Iteration    Objective       Primal Inf.    Dual Inf.      Time
       0    1.8331855e+37   1.465562e+33   1.833185e+07      0s
     274    4.7737190e+05   0.000000e+00   0.000000e+00      0s

Solved in 274 iterations and 0.01 seconds
Optimal objective  4.773718952e+05
Changed value of parameter FeasibilityTol to 0.001
   Prev: 1e-06  Min: 1e-09  Max: 0.01  Default: 1e-06
Changed value of parameter MIPFocus to 2
   Prev: 0  Min: 0  Max: 3  Default: 0
Changed value of parameter Presolve to 0
   Prev: -1  Min: -1  Max: 2  Default: -1
Optimize a model with 47 rows, 325 columns and 2683 nonzeros
Coefficient statistics:
  Matrix range    [1e+00, 2e+01]
  Objective range [9e+00, 2e+05]
  Bounds range    [0e+00, 0e+00]
  RHS range       [1e+00, 2e+01]
Iteration    Objective       Primal Inf.    Dual Inf.      Time
       0    1.8535170e+37   1.482687e+33   1.853517e+07      0s
     253    4.7737261e+05   0.000000e+00   0.000000e+00      0s

Solved in 253 iterations and 0.01 seconds
Optimal objective  4.773726079e+05
Changed value of parameter FeasibilityTol to 0.001
   Prev: 1e-06  Min: 1e-09  Max: 0.01  Default: 1e-06
Changed value of parameter MIPFocus to 2
   Prev: 0  Min: 0  Max: 3  Default: 0
Changed value of parameter Presolve to 0
   Prev: -1  Min: -1  Max: 2  Default: -1
Optimize a model with 47 rows, 330 columns and 2723 nonzeros
Coefficient statistics:
  Matrix range    [1e+00, 2e+01]
  Objective range [9e+00, 2e+05]
  Bounds range    [0e+00, 0e+00]
  RHS range       [1e+00, 2e+01]
Iteration    Objective       Primal Inf.    Dual Inf.      Time
       0    1.8925085e+37   1.512250e+33   1.892509e+07      0s
     216    4.7737404e+05   0.000000e+00   0.000000e+00      0s

Solved in 216 iterations and 0.01 seconds
Optimal objective  4.773740376e+05
Changed value of parameter FeasibilityTol to 0.001
   Prev: 1e-06  Min: 1e-09  Max: 0.01  Default: 1e-06
Changed value of parameter MIPFocus to 2
   Prev: 0  Min: 0  Max: 3  Default: 0
Changed value of parameter Presolve to 0
   Prev: -1  Min: -1  Max: 2  Default: -1
Optimize a model with 47 rows, 334 columns and 2765 nonzeros
Coefficient statistics:
  Matrix range    [1e+00, 2e+01]
  Objective range [9e+00, 2e+05]
  Bounds range    [0e+00, 0e+00]
  RHS range       [1e+00, 2e+01]
Iteration    Objective       Primal Inf.    Dual Inf.      Time
       0    1.6829050e+37   1.325812e+33   1.682905e+07      0s
     213    4.7737446e+05   0.000000e+00   0.000000e+00      0s

Solved in 213 iterations and 0.01 seconds
Optimal objective  4.773744609e+05
Changed value of parameter FeasibilityTol to 0.001
   Prev: 1e-06  Min: 1e-09  Max: 0.01  Default: 1e-06
Changed value of parameter MIPFocus to 2
   Prev: 0  Min: 0  Max: 3  Default: 0
Changed value of parameter Presolve to 0
   Prev: -1  Min: -1  Max: 2  Default: -1
Optimize a model with 47 rows, 338 columns and 2800 nonzeros
Coefficient statistics:
  Matrix range    [1e+00, 2e+01]
  Objective range [9e+00, 2e+05]
  Bounds range    [0e+00, 0e+00]
  RHS range       [1e+00, 2e+01]
Iteration    Objective       Primal Inf.    Dual Inf.      Time
       0    1.6909224e+37   1.332625e+33   1.690922e+07      0s
     200    4.7737732e+05   0.000000e+00   0.000000e+00      0s

Solved in 200 iterations and 0.01 seconds
Optimal objective  4.773773246e+05
Changed value of parameter FeasibilityTol to 0.001
   Prev: 1e-06  Min: 1e-09  Max: 0.01  Default: 1e-06
Changed value of parameter MIPFocus to 2
   Prev: 0  Min: 0  Max: 3  Default: 0
Changed value of parameter Presolve to 0
   Prev: -1  Min: -1  Max: 2  Default: -1
Optimize a model with 47 rows, 343 columns and 2840 nonzeros
Coefficient statistics:
  Matrix range    [1e+00, 2e+01]
  Objective range [9e+00, 2e+05]
  Bounds range    [0e+00, 0e+00]
  RHS range       [1e+00, 2e+01]
Iteration    Objective       Primal Inf.    Dual Inf.      Time
       0    1.7306328e+37   1.364000e+33   1.730633e+07      0s
     225    4.7737835e+05   0.000000e+00   0.000000e+00      0s

Solved in 225 iterations and 0.01 seconds
Optimal objective  4.773783517e+05
Changed value of parameter FeasibilityTol to 0.001
   Prev: 1e-06  Min: 1e-09  Max: 0.01  Default: 1e-06
Changed value of parameter MIPFocus to 2
   Prev: 0  Min: 0  Max: 3  Default: 0
Changed value of parameter Presolve to 0
   Prev: -1  Min: -1  Max: 2  Default: -1
Optimize a model with 47 rows, 348 columns and 2869 nonzeros
Coefficient statistics:
  Matrix range    [1e+00, 2e+01]
  Objective range [9e+00, 2e+05]
  Bounds range    [0e+00, 0e+00]
  RHS range       [1e+00, 2e+01]
Iteration    Objective       Primal Inf.    Dual Inf.      Time
       0    1.7539521e+37   1.381375e+33   1.753952e+07      0s
     225    4.7738060e+05   0.000000e+00   0.000000e+00      0s

Solved in 225 iterations and 0.01 seconds
Optimal objective  4.773806007e+05
Changed value of parameter FeasibilityTol to 0.001
   Prev: 1e-06  Min: 1e-09  Max: 0.01  Default: 1e-06
Changed value of parameter MIPFocus to 2
   Prev: 0  Min: 0  Max: 3  Default: 0
Changed value of parameter Presolve to 0
   Prev: -1  Min: -1  Max: 2  Default: -1
Optimize a model with 47 rows, 352 columns and 2901 nonzeros
Coefficient statistics:
  Matrix range    [1e+00, 2e+01]
  Objective range [9e+00, 2e+05]
  Bounds range    [0e+00, 0e+00]
  RHS range       [1e+00, 2e+01]
Iteration    Objective       Primal Inf.    Dual Inf.      Time
       0    1.7732049e+37   1.396875e+33   1.773205e+07      0s
     209    4.7738204e+05   0.000000e+00   0.000000e+00      0s

Solved in 209 iterations and 0.01 seconds
Optimal objective  4.773820357e+05
Changed value of parameter FeasibilityTol to 0.001
   Prev: 1e-06  Min: 1e-09  Max: 0.01  Default: 1e-06
Changed value of parameter MIPFocus to 2
   Prev: 0  Min: 0  Max: 3  Default: 0
Changed value of parameter Presolve to 0
   Prev: -1  Min: -1  Max: 2  Default: -1
Optimize a model with 47 rows, 354 columns and 2917 nonzeros
Coefficient statistics:
  Matrix range    [1e+00, 2e+01]
  Objective range [9e+00, 2e+05]
  Bounds range    [0e+00, 0e+00]
  RHS range       [1e+00, 2e+01]
Iteration    Objective       Primal Inf.    Dual Inf.      Time
       0    1.7885120e+37   1.409375e+33   1.788512e+07      0s
     198    4.7738214e+05   0.000000e+00   0.000000e+00      0s

Solved in 198 iterations and 0.01 seconds
Optimal objective  4.773821440e+05
Changed value of parameter FeasibilityTol to 0.001
   Prev: 1e-06  Min: 1e-09  Max: 0.01  Default: 1e-06
Changed value of parameter MIPFocus to 2
   Prev: 0  Min: 0  Max: 3  Default: 0
Changed value of parameter Presolve to 0
   Prev: -1  Min: -1  Max: 2  Default: -1
Optimize a model with 47 rows, 356 columns and 2927 nonzeros
Coefficient statistics:
  Matrix range    [1e+00, 2e+01]
  Objective range [9e+00, 2e+05]
  Bounds range    [0e+00, 0e+00]
  RHS range       [1e+00, 2e+01]
Iteration    Objective       Primal Inf.    Dual Inf.      Time
       0    1.7936521e+37   1.413563e+33   1.793652e+07      0s
     238    4.7738217e+05   0.000000e+00   0.000000e+00      0s

Solved in 238 iterations and 0.01 seconds
Optimal objective  4.773821701e+05
Changed value of parameter FeasibilityTol to 0.001
   Prev: 1e-06  Min: 1e-09  Max: 0.01  Default: 1e-06
Changed value of parameter MIPFocus to 2
   Prev: 0  Min: 0  Max: 3  Default: 0
Changed value of parameter Presolve to 0
   Prev: -1  Min: -1  Max: 2  Default: -1
Optimize a model with 47 rows, 360 columns and 2959 nonzeros
Coefficient statistics:
  Matrix range    [1e+00, 2e+01]
  Objective range [9e+00, 2e+05]
  Bounds range    [0e+00, 0e+00]
  RHS range       [1e+00, 2e+01]
Iteration    Objective       Primal Inf.    Dual Inf.      Time
       0    1.8153110e+37   1.429250e+33   1.815311e+07      0s
     215    4.7738400e+05   0.000000e+00   0.000000e+00      0s

Solved in 215 iterations and 0.01 seconds
Optimal objective  4.773839959e+05
Changed value of parameter FeasibilityTol to 0.001
   Prev: 1e-06  Min: 1e-09  Max: 0.01  Default: 1e-06
Changed value of parameter MIPFocus to 2
   Prev: 0  Min: 0  Max: 3  Default: 0
Changed value of parameter Presolve to 0
   Prev: -1  Min: -1  Max: 2  Default: -1
Optimize a model with 47 rows, 363 columns and 2980 nonzeros
Coefficient statistics:
  Matrix range    [1e+00, 2e+01]
  Objective range [9e+00, 2e+05]
  Bounds range    [0e+00, 0e+00]
  RHS range       [1e+00, 2e+01]
Iteration    Objective       Primal Inf.    Dual Inf.      Time
       0    1.8358898e+37   1.445312e+33   1.835890e+07      0s
     212    4.7738448e+05   0.000000e+00   0.000000e+00      0s

Solved in 212 iterations and 0.01 seconds
Optimal objective  4.773844846e+05
Changed value of parameter FeasibilityTol to 0.001
   Prev: 1e-06  Min: 1e-09  Max: 0.01  Default: 1e-06
Changed value of parameter MIPFocus to 2
   Prev: 0  Min: 0  Max: 3  Default: 0
Changed value of parameter Presolve to 0
   Prev: -1  Min: -1  Max: 2  Default: -1
Optimize a model with 47 rows, 367 columns and 3008 nonzeros
Coefficient statistics:
  Matrix range    [1e+00, 2e+01]
  Objective range [9e+00, 2e+05]
  Bounds range    [0e+00, 0e+00]
  RHS range       [1e+00, 2e+01]
Iteration    Objective       Primal Inf.    Dual Inf.      Time
       0    1.8471267e+37   1.455000e+33   1.847127e+07      0s
     209    4.7738603e+05   0.000000e+00   0.000000e+00      0s

Solved in 209 iterations and 0.01 seconds
Optimal objective  4.773860348e+05
Changed value of parameter FeasibilityTol to 0.001
   Prev: 1e-06  Min: 1e-09  Max: 0.01  Default: 1e-06
Changed value of parameter MIPFocus to 2
   Prev: 0  Min: 0  Max: 3  Default: 0
Changed value of parameter Presolve to 0
   Prev: -1  Min: -1  Max: 2  Default: -1
Optimize a model with 47 rows, 367 columns and 3008 nonzeros
Coefficient statistics:
  Matrix range    [1e+00, 2e+01]
  Objective range [9e+00, 2e+05]
  Bounds range    [0e+00, 0e+00]
  RHS range       [1e+00, 2e+01]
Iteration    Objective       Primal Inf.    Dual Inf.      Time
       0    1.8471267e+37   1.455000e+33   1.847127e+07      0s
     209    4.7738603e+05   0.000000e+00   0.000000e+00      0s

Solved in 209 iterations and 0.01 seconds
Optimal objective  4.773860348e+05
Optimize a model with 47 rows, 367 columns and 3008 nonzeros
Coefficient statistics:
  Matrix range    [1e+00, 2e+01]
  Objective range [9e+00, 2e+05]
  Bounds range    [0e+00, 0e+00]
  RHS range       [1e+00, 2e+01]
Variable types: 0 continuous, 367 integer (0 binary)

Root relaxation: objective 4.773860e+05, 278 iterations, 0.01 seconds

    Nodes    |    Current Node    |     Objective Bounds      |     Work
 Expl Unexpl |  Obj  Depth IntInf | Incumbent    BestBd   Gap | It/Node Time

     0     0 477386.035    0   46          - 477386.035      -     -    0s
     0     0 477311.882    0   45          - 477311.882      -     -    0s
     0     0 477220.160    0   53          - 477220.160      -     -    0s
     0     0 477178.710    0   60          - 477178.710      -     -    0s
     0     0 477173.359    0   60          - 477173.359      -     -    0s
     0     0 477154.304    0   61          - 477154.304      -     -    0s
     0     0 477144.031    0   70          - 477144.031      -     -    0s
     0     0 477136.477    0   69          - 477136.477      -     -    0s
     0     2 477136.477    0   69          - 477136.477      -     -    0s
*   20     5              14    476721.70788 477090.629  0.08%  22.1    0s

Cutting planes:
  Gomory: 6
  MIR: 56
  Zero half: 1

Explored 33 nodes (1433 simplex iterations) in 0.68 seconds
Thread count was 4 (of 4 available processors)

Optimal solution found (tolerance 1.00e-04)
Best objective 4.767217078832e+05, best bound 4.767217078832e+05, gap 0.0%
